Copyright 1986-2022 Xilinx, Inc. All Rights Reserved. Copyright 2022-2023 Advanced Micro Devices, Inc. All Rights Reserved.
---------------------------------------------------------------------------------------------------------------------------------------------------------------------------------------------------------------------------------------------
| Tool Version : Vivado v.2023.2 (win64) Build 4029153 Fri Oct 13 20:14:34 MDT 2023
| Date         : Fri Mar 20 14:25:03 2026
| Host         : DESKTOP-66O4QSA running 64-bit major release  (build 9200)
| Command      : report_timing_summary -max_paths 10 -report_unconstrained -file code_transformer_timing_summary_routed.rpt -pb code_transformer_timing_summary_routed.pb -rpx code_transformer_timing_summary_routed.rpx -warn_on_violation
| Design       : code_transformer
| Device       : 7a35t-cpg236
| Speed File   : -1  PRODUCTION 1.23 2018-06-13
| Design State : Routed
---------------------------------------------------------------------------------------------------------------------------------------------------------------------------------------------------------------------------------------------

Timing Summary Report

------------------------------------------------------------------------------------------------
| Timer Settings
| --------------
------------------------------------------------------------------------------------------------

  Enable Multi Corner Analysis               :  Yes
  Enable Pessimism Removal                   :  Yes
  Pessimism Removal Resolution               :  Nearest Common Node
  Enable Input Delay Default Clock           :  No
  Enable Preset / Clear Arcs                 :  No
  Disable Flight Delays                      :  No
  Ignore I/O Paths                           :  No
  Timing Early Launch at Borrowing Latches   :  No
  Borrow Time for Max Delay Exceptions       :  Yes
  Merge Timing Exceptions                    :  Yes
  Inter-SLR Compensation                     :  Conservative

  Corner  Analyze    Analyze    
  Name    Max Paths  Min Paths  
  ------  ---------  ---------  
  Slow    Yes        Yes        
  Fast    Yes        Yes        


------------------------------------------------------------------------------------------------
| Report Methodology
| ------------------
------------------------------------------------------------------------------------------------

No report available as report_methodology has not been run prior. Run report_methodology on the current design for the summary of methodology violations.



check_timing report

Table of Contents
-----------------
1. checking no_clock (0)
2. checking constant_clock (0)
3. checking pulse_width_clock (0)
4. checking unconstrained_internal_endpoints (0)
5. checking no_input_delay (0)
6. checking no_output_delay (0)
7. checking multiple_clock (0)
8. checking generated_clocks (0)
9. checking loops (0)
10. checking partial_input_delay (0)
11. checking partial_output_delay (0)
12. checking latch_loops (0)

1. checking no_clock (0)
------------------------
 There are 0 register/latch pins with no clock.


2. checking constant_clock (0)
------------------------------
 There are 0 register/latch pins with constant_clock.


3. checking pulse_width_clock (0)
---------------------------------
 There are 0 register/latch pins which need pulse_width check


4. checking unconstrained_internal_endpoints (0)
------------------------------------------------
 There are 0 pins that are not constrained for maximum delay.

 There are 0 pins that are not constrained for maximum delay due to constant clock.


5. checking no_input_delay (0)
------------------------------
 There are 0 input ports with no input delay specified.

 There are 0 input ports with no input delay but user has a false path constraint.


6. checking no_output_delay (0)
-------------------------------
 There are 0 ports with no output delay specified.

 There are 0 ports with no output delay but user has a false path constraint

 There are 0 ports with no output delay but with a timing clock defined on it or propagating through it


7. checking multiple_clock (0)
------------------------------
 There are 0 register/latch pins with multiple clocks.


8. checking generated_clocks (0)
--------------------------------
 There are 0 generated clocks that are not connected to a clock source.


9. checking loops (0)
---------------------
 There are 0 combinational loops in the design.


10. checking partial_input_delay (0)
------------------------------------
 There are 0 input ports with partial input delay specified.


11. checking partial_output_delay (0)
-------------------------------------
 There are 0 ports with partial output delay specified.


12. checking latch_loops (0)
----------------------------
 There are 0 combinational latch loops in the design through latch input



------------------------------------------------------------------------------------------------
| Design Timing Summary
| ---------------------
------------------------------------------------------------------------------------------------

    WNS(ns)      TNS(ns)  TNS Failing Endpoints  TNS Total Endpoints      WHS(ns)      THS(ns)  THS Failing Endpoints  THS Total Endpoints     WPWS(ns)     TPWS(ns)  TPWS Failing Endpoints  TPWS Total Endpoints  
    -------      -------  ---------------------  -------------------      -------      -------  ---------------------  -------------------     --------     --------  ----------------------  --------------------  
        inf        0.000                      0                    4          inf        0.000                      0                    4           NA           NA                      NA                    NA  


There are no user specified timing constraints.


------------------------------------------------------------------------------------------------
| Clock Summary
| -------------
------------------------------------------------------------------------------------------------


------------------------------------------------------------------------------------------------
| Intra Clock Table
| -----------------
------------------------------------------------------------------------------------------------

Clock             WNS(ns)      TNS(ns)  TNS Failing Endpoints  TNS Total Endpoints      WHS(ns)      THS(ns)  THS Failing Endpoints  THS Total Endpoints     WPWS(ns)     TPWS(ns)  TPWS Failing Endpoints  TPWS Total Endpoints  
-----             -------      -------  ---------------------  -------------------      -------      -------  ---------------------  -------------------     --------     --------  ----------------------  --------------------  


------------------------------------------------------------------------------------------------
| Inter Clock Table
| -----------------
------------------------------------------------------------------------------------------------

From Clock    To Clock          WNS(ns)      TNS(ns)  TNS Failing Endpoints  TNS Total Endpoints      WHS(ns)      THS(ns)  THS Failing Endpoints  THS Total Endpoints  
----------    --------          -------      -------  ---------------------  -------------------      -------      -------  ---------------------  -------------------  


------------------------------------------------------------------------------------------------
| Other Path Groups Table
| -----------------------
------------------------------------------------------------------------------------------------

Path Group    From Clock    To Clock          WNS(ns)      TNS(ns)  TNS Failing Endpoints  TNS Total Endpoints      WHS(ns)      THS(ns)  THS Failing Endpoints  THS Total Endpoints  
----------    ----------    --------          -------      -------  ---------------------  -------------------      -------      -------  ---------------------  -------------------  


------------------------------------------------------------------------------------------------
| User Ignored Path Table
| -----------------------
------------------------------------------------------------------------------------------------

Path Group    From Clock    To Clock    
----------    ----------    --------    


------------------------------------------------------------------------------------------------
| Unconstrained Path Table
| ------------------------
------------------------------------------------------------------------------------------------

Path Group    From Clock    To Clock    
----------    ----------    --------    
(none)                                    


------------------------------------------------------------------------------------------------
| Timing Details
| --------------
------------------------------------------------------------------------------------------------


--------------------------------------------------------------------------------------
Path Group:  (none)
From Clock:  
  To Clock:  

Max Delay             4 Endpoints
Min Delay             4 Endpoints
--------------------------------------------------------------------------------------


Max Delay Paths
--------------------------------------------------------------------------------------
Slack:                    inf
  Source:                 SW[2]
                            (input port)
  Destination:            LED[1]
                            (output port)
  Path Group:             (none)
  Path Type:              Max at Slow Process Corner
  Data Path Delay:        9.120ns  (logic 5.118ns (56.113%)  route 4.003ns (43.887%))
  Logic Levels:           3  (IBUF=1 LUT4=1 OBUF=1)

    Location             Delay type                Incr(ns)  Path(ns)    Netlist Resource(s)
  -------------------------------------------------------------------    -------------------
    W16                                               0.000     0.000 r  SW[2] (IN)
                         net (fo=0)                   0.000     0.000    SW[2]
    W16                  IBUF (Prop_ibuf_I_O)         1.464     1.464 r  SW_IBUF[2]_inst/O
                         net (fo=4, routed)           1.572     3.035    SW_IBUF[2]
    SLICE_X0Y12          LUT4 (Prop_lut4_I1_O)        0.124     3.159 r  LED_OBUF[1]_inst_i_1/O
                         net (fo=1, routed)           2.431     5.590    LED_OBUF[1]
    E19                  OBUF (Prop_obuf_I_O)         3.530     9.120 r  LED_OBUF[1]_inst/O
                         net (fo=0)                   0.000     9.120    LED[1]
    E19                                                               r  LED[1] (OUT)
  -------------------------------------------------------------------    -------------------

Slack:                    inf
  Source:                 SW[2]
                            (input port)
  Destination:            LED[0]
                            (output port)
  Path Group:             (none)
  Path Type:              Max at Slow Process Corner
  Data Path Delay:        8.964ns  (logic 5.323ns (59.379%)  route 3.641ns (40.621%))
  Logic Levels:           3  (IBUF=1 LUT4=1 OBUF=1)

    Location             Delay type                Incr(ns)  Path(ns)    Netlist Resource(s)
  -------------------------------------------------------------------    -------------------
    W16                                               0.000     0.000 f  SW[2] (IN)
                         net (fo=0)                   0.000     0.000    SW[2]
    W16                  IBUF (Prop_ibuf_I_O)         1.464     1.464 f  SW_IBUF[2]_inst/O
                         net (fo=4, routed)           1.572     3.035    SW_IBUF[2]
    SLICE_X0Y12          LUT4 (Prop_lut4_I0_O)        0.152     3.187 r  LED_OBUF[0]_inst_i_1/O
                         net (fo=1, routed)           2.070     5.257    LED_OBUF[0]
    U16                  OBUF (Prop_obuf_I_O)         3.707     8.964 r  LED_OBUF[0]_inst/O
                         net (fo=0)                   0.000     8.964    LED[0]
    U16                                                               r  LED[0] (OUT)
  -------------------------------------------------------------------    -------------------

Slack:                    inf
  Source:                 SW[3]
                            (input port)
  Destination:            LED[3]
                            (output port)
  Path Group:             (none)
  Path Type:              Max at Slow Process Corner
  Data Path Delay:        8.570ns  (logic 5.316ns (62.024%)  route 3.255ns (37.976%))
  Logic Levels:           3  (IBUF=1 LUT4=1 OBUF=1)

    Location             Delay type                Incr(ns)  Path(ns)    Netlist Resource(s)
  -------------------------------------------------------------------    -------------------
    W17                                               0.000     0.000 r  SW[3] (IN)
                         net (fo=0)                   0.000     0.000    SW[3]
    W17                  IBUF (Prop_ibuf_I_O)         1.448     1.448 r  SW_IBUF[3]_inst/O
                         net (fo=4, routed)           1.382     2.831    SW_IBUF[3]
    SLICE_X0Y12          LUT4 (Prop_lut4_I2_O)        0.150     2.981 r  LED_OBUF[3]_inst_i_1/O
                         net (fo=1, routed)           1.872     4.853    LED_OBUF[3]
    V19                  OBUF (Prop_obuf_I_O)         3.717     8.570 r  LED_OBUF[3]_inst/O
                         net (fo=0)                   0.000     8.570    LED[3]
    V19                                                               r  LED[3] (OUT)
  -------------------------------------------------------------------    -------------------

Slack:                    inf
  Source:                 SW[3]
                            (input port)
  Destination:            LED[2]
                            (output port)
  Path Group:             (none)
  Path Type:              Max at Slow Process Corner
  Data Path Delay:        8.322ns  (logic 5.073ns (60.962%)  route 3.249ns (39.038%))
  Logic Levels:           3  (IBUF=1 LUT4=1 OBUF=1)

    Location             Delay type                Incr(ns)  Path(ns)    Netlist Resource(s)
  -------------------------------------------------------------------    -------------------
    W17                                               0.000     0.000 r  SW[3] (IN)
                         net (fo=0)                   0.000     0.000    SW[3]
    W17                  IBUF (Prop_ibuf_I_O)         1.448     1.448 r  SW_IBUF[3]_inst/O
                         net (fo=4, routed)           1.382     2.831    SW_IBUF[3]
    SLICE_X0Y12          LUT4 (Prop_lut4_I2_O)        0.124     2.955 r  LED_OBUF[2]_inst_i_1/O
                         net (fo=1, routed)           1.867     4.821    LED_OBUF[2]
    U19                  OBUF (Prop_obuf_I_O)         3.501     8.322 r  LED_OBUF[2]_inst/O
                         net (fo=0)                   0.000     8.322    LED[2]
    U19                                                               r  LED[2] (OUT)
  -------------------------------------------------------------------    -------------------





Min Delay Paths
--------------------------------------------------------------------------------------
Slack:                    inf
  Source:                 SW[1]
                            (input port)
  Destination:            LED[2]
                            (output port)
  Path Group:             (none)
  Path Type:              Min at Fast Process Corner
  Data Path Delay:        2.250ns  (logic 1.476ns (65.631%)  route 0.773ns (34.369%))
  Logic Levels:           3  (IBUF=1 LUT4=1 OBUF=1)

    Location             Delay type                Incr(ns)  Path(ns)    Netlist Resource(s)
  -------------------------------------------------------------------    -------------------
    V16                                               0.000     0.000 r  SW[1] (IN)
                         net (fo=0)                   0.000     0.000    SW[1]
    V16                  IBUF (Prop_ibuf_I_O)         0.229     0.229 r  SW_IBUF[1]_inst/O
                         net (fo=4, routed)           0.348     0.578    SW_IBUF[1]
    SLICE_X0Y12          LUT4 (Prop_lut4_I1_O)        0.045     0.623 r  LED_OBUF[2]_inst_i_1/O
                         net (fo=1, routed)           0.425     1.048    LED_OBUF[2]
    U19                  OBUF (Prop_obuf_I_O)         1.202     2.250 r  LED_OBUF[2]_inst/O
                         net (fo=0)                   0.000     2.250    LED[2]
    U19                                                               r  LED[2] (OUT)
  -------------------------------------------------------------------    -------------------

Slack:                    inf
  Source:                 SW[1]
                            (input port)
  Destination:            LED[3]
                            (output port)
  Path Group:             (none)
  Path Type:              Min at Fast Process Corner
  Data Path Delay:        2.326ns  (logic 1.555ns (66.865%)  route 0.771ns (33.135%))
  Logic Levels:           3  (IBUF=1 LUT4=1 OBUF=1)

    Location             Delay type                Incr(ns)  Path(ns)    Netlist Resource(s)
  -------------------------------------------------------------------    -------------------
    V16                                               0.000     0.000 r  SW[1] (IN)
                         net (fo=0)                   0.000     0.000    SW[1]
    V16                  IBUF (Prop_ibuf_I_O)         0.229     0.229 r  SW_IBUF[1]_inst/O
                         net (fo=4, routed)           0.348     0.578    SW_IBUF[1]
    SLICE_X0Y12          LUT4 (Prop_lut4_I0_O)        0.049     0.627 r  LED_OBUF[3]_inst_i_1/O
                         net (fo=1, routed)           0.422     1.049    LED_OBUF[3]
    V19                  OBUF (Prop_obuf_I_O)         1.277     2.326 r  LED_OBUF[3]_inst/O
                         net (fo=0)                   0.000     2.326    LED[3]
    V19                                                               r  LED[3] (OUT)
  -------------------------------------------------------------------    -------------------

Slack:                    inf
  Source:                 SW[1]
                            (input port)
  Destination:            LED[0]
                            (output port)
  Path Group:             (none)
  Path Type:              Min at Fast Process Corner
  Data Path Delay:        2.383ns  (logic 1.545ns (64.838%)  route 0.838ns (35.162%))
  Logic Levels:           3  (IBUF=1 LUT4=1 OBUF=1)

    Location             Delay type                Incr(ns)  Path(ns)    Netlist Resource(s)
  -------------------------------------------------------------------    -------------------
    V16                                               0.000     0.000 r  SW[1] (IN)
                         net (fo=0)                   0.000     0.000    SW[1]
    V16                  IBUF (Prop_ibuf_I_O)         0.229     0.229 r  SW_IBUF[1]_inst/O
                         net (fo=4, routed)           0.347     0.577    SW_IBUF[1]
    SLICE_X0Y12          LUT4 (Prop_lut4_I2_O)        0.048     0.625 r  LED_OBUF[0]_inst_i_1/O
                         net (fo=1, routed)           0.491     1.115    LED_OBUF[0]
    U16                  OBUF (Prop_obuf_I_O)         1.268     2.383 r  LED_OBUF[0]_inst/O
                         net (fo=0)                   0.000     2.383    LED[0]
    U16                                                               r  LED[0] (OUT)
  -------------------------------------------------------------------    -------------------

Slack:                    inf
  Source:                 SW[1]
                            (input port)
  Destination:            LED[1]
                            (output port)
  Path Group:             (none)
  Path Type:              Min at Fast Process Corner
  Data Path Delay:        2.486ns  (logic 1.505ns (60.530%)  route 0.981ns (39.470%))
  Logic Levels:           3  (IBUF=1 LUT4=1 OBUF=1)

    Location             Delay type                Incr(ns)  Path(ns)    Netlist Resource(s)
  -------------------------------------------------------------------    -------------------
    V16                                               0.000     0.000 r  SW[1] (IN)
                         net (fo=0)                   0.000     0.000    SW[1]
    V16                  IBUF (Prop_ibuf_I_O)         0.229     0.229 r  SW_IBUF[1]_inst/O
                         net (fo=4, routed)           0.347     0.577    SW_IBUF[1]
    SLICE_X0Y12          LUT4 (Prop_lut4_I3_O)        0.045     0.622 r  LED_OBUF[1]_inst_i_1/O
                         net (fo=1, routed)           0.634     1.256    LED_OBUF[1]
    E19                  OBUF (Prop_obuf_I_O)         1.231     2.486 r  LED_OBUF[1]_inst/O
                         net (fo=0)                   0.000     2.486    LED[1]
    E19                                                               r  LED[1] (OUT)
  -------------------------------------------------------------------    -------------------





