Copyright 1986-2022 Xilinx, Inc. All Rights Reserved. Copyright 2022-2023 Advanced Micro Devices, Inc. All Rights Reserved.
---------------------------------------------------------------------------------------------------------------------------------------------
| Tool Version : Vivado v.2023.2 (win64) Build 4029153 Fri Oct 13 20:14:34 MDT 2023
| Date         : Sun May 17 13:46:23 2026
| Host         : DESKTOP-66O4QSA running 64-bit major release  (build 9200)
| Command      : report_control_sets -verbose -file Reg_file2R1W_FDCE_reg_unit_module_control_sets_placed.rpt
| Design       : Reg_file2R1W_FDCE_reg_unit_module
| Device       : xc7a35t
---------------------------------------------------------------------------------------------------------------------------------------------

Control Set Information

Table of Contents
-----------------
1. Summary
2. Histogram
3. Flip-Flop Distribution
4. Detailed Control Set Information

1. Summary
----------

+----------------------------------------------------------+-------+
|                          Status                          | Count |
+----------------------------------------------------------+-------+
| Total control sets                                       |     8 |
|    Minimum number of control sets                        |     8 |
|    Addition due to synthesis replication                 |     0 |
|    Addition due to physical synthesis replication        |     0 |
| Unused register locations in slices containing registers |    32 |
+----------------------------------------------------------+-------+
* Control sets can be merged at opt_design using control_set_merge or merge_equivalent_drivers
** Run report_qor_suggestions for automated merging and remapping suggestions


2. Histogram
------------

+--------------------+-------+
|       Fanout       | Count |
+--------------------+-------+
| Total control sets |     8 |
| >= 0 to < 4        |     0 |
| >= 4 to < 6        |     8 |
| >= 6 to < 8        |     0 |
| >= 8 to < 10       |     0 |
| >= 10 to < 12      |     0 |
| >= 12 to < 14      |     0 |
| >= 14 to < 16      |     0 |
| >= 16              |     0 |
+--------------------+-------+
* Control sets can be remapped at either synth_design or opt_design


3. Flip-Flop Distribution
-------------------------

+--------------+-----------------------+------------------------+-----------------+--------------+
| Clock Enable | Synchronous Set/Reset | Asynchronous Set/Reset | Total Registers | Total Slices |
+--------------+-----------------------+------------------------+-----------------+--------------+
| No           | No                    | No                     |               0 |            0 |
| No           | No                    | Yes                    |               0 |            0 |
| No           | Yes                   | No                     |               0 |            0 |
| Yes          | No                    | No                     |               0 |            0 |
| Yes          | No                    | Yes                    |              32 |            8 |
| Yes          | Yes                   | No                     |               0 |            0 |
+--------------+-----------------------+------------------------+-----------------+--------------+


4. Detailed Control Set Information
-----------------------------------

+----------------+------------------------------------------------------------------------------------------------------------------------------+------------------+------------------+----------------+--------------+
|  Clock Signal  |                                                         Enable Signal                                                        | Set/Reset Signal | Slice Load Count | Bel Load Count | Bels / Slice |
+----------------+------------------------------------------------------------------------------------------------------------------------------+------------------+------------------+----------------+--------------+
|  CLK_IBUF_BUFG | Reg_file2R1W_FDCE_reg_unit_elem/REG_FILE2R1W_FDCE_reg_unit_elem[0].FDCE_reg_unit_elem/dffar_reg_unit_elem[0].DFFAR_elem/W_EN | CLR_IBUF         |                1 |              4 |         4.00 |
|  CLK_IBUF_BUFG | Reg_file2R1W_FDCE_reg_unit_elem/REG_FILE2R1W_FDCE_reg_unit_elem[1].FDCE_reg_unit_elem/dffar_reg_unit_elem[0].DFFAR_elem/W_EN | CLR_IBUF         |                1 |              4 |         4.00 |
|  CLK_IBUF_BUFG | Reg_file2R1W_FDCE_reg_unit_elem/REG_FILE2R1W_FDCE_reg_unit_elem[2].FDCE_reg_unit_elem/dffar_reg_unit_elem[0].DFFAR_elem/W_EN | CLR_IBUF         |                1 |              4 |         4.00 |
|  CLK_IBUF_BUFG | Reg_file2R1W_FDCE_reg_unit_elem/REG_FILE2R1W_FDCE_reg_unit_elem[3].FDCE_reg_unit_elem/dffar_reg_unit_elem[0].DFFAR_elem/W_EN | CLR_IBUF         |                1 |              4 |         4.00 |
|  CLK_IBUF_BUFG | Reg_file2R1W_FDCE_reg_unit_elem/REG_FILE2R1W_FDCE_reg_unit_elem[4].FDCE_reg_unit_elem/dffar_reg_unit_elem[0].DFFAR_elem/W_EN | CLR_IBUF         |                1 |              4 |         4.00 |
|  CLK_IBUF_BUFG | Reg_file2R1W_FDCE_reg_unit_elem/REG_FILE2R1W_FDCE_reg_unit_elem[5].FDCE_reg_unit_elem/dffar_reg_unit_elem[0].DFFAR_elem/W_EN | CLR_IBUF         |                1 |              4 |         4.00 |
|  CLK_IBUF_BUFG | Reg_file2R1W_FDCE_reg_unit_elem/REG_FILE2R1W_FDCE_reg_unit_elem[6].FDCE_reg_unit_elem/dffar_reg_unit_elem[0].DFFAR_elem/W_EN | CLR_IBUF         |                1 |              4 |         4.00 |
|  CLK_IBUF_BUFG | Reg_file2R1W_FDCE_reg_unit_elem/REG_FILE2R1W_FDCE_reg_unit_elem[7].FDCE_reg_unit_elem/dffar_reg_unit_elem[0].DFFAR_elem/W_EN | CLR_IBUF         |                1 |              4 |         4.00 |
+----------------+------------------------------------------------------------------------------------------------------------------------------+------------------+------------------+----------------+--------------+


