
*** Running vivado
    with args -log Reg_file2R1W_FDCE_reg_unit_module.vdi -applog -m64 -product Vivado -messageDb vivado.pb -mode batch -source Reg_file2R1W_FDCE_reg_unit_module.tcl -notrace


Режим вывода команд на экран (ECHO) отключен.
Режим вывода команд на экран (ECHO) отключен.

****** Vivado v2023.2 (64-bit)
  **** SW Build 4029153 on Fri Oct 13 20:14:34 MDT 2023
  **** IP Build 4028589 on Sat Oct 14 00:45:43 MDT 2023
  **** SharedData Build 4025554 on Tue Oct 10 17:18:54 MDT 2023
    ** Copyright 1986-2022 Xilinx, Inc. All Rights Reserved.
    ** Copyright 2022-2023 Advanced Micro Devices, Inc. All Rights Reserved.

source Reg_file2R1W_FDCE_reg_unit_module.tcl -notrace
create_project: Time (s): cpu = 00:00:13 ; elapsed = 00:00:14 . Memory (MB): peak = 474.754 ; gain = 177.566
Command: link_design -top Reg_file2R1W_FDCE_reg_unit_module -part xc7a35tcpg236-1
Design is defaulting to srcset: sources_1
Design is defaulting to constrset: constrs_1
INFO: [Device 21-403] Loading part xc7a35tcpg236-1
Netlist sorting complete. Time (s): cpu = 00:00:00 ; elapsed = 00:00:00.001 . Memory (MB): peak = 872.500 ; gain = 0.000
INFO: [Netlist 29-17] Analyzing 8 Unisim elements for replacement
INFO: [Netlist 29-28] Unisim Transformation completed in 0 CPU seconds
INFO: [Project 1-479] Netlist was created with Vivado 2023.2
INFO: [Project 1-570] Preparing netlist for logic optimization
Parsing XDC File [C:/Users/ASUS/Desktop/Vivado_tasks/Lab3/Task7/module/Reg_file2R1W_FDCE_reg_unit.srcs/constrs_1/imports/new/Master-Basys3.xdc]
Finished Parsing XDC File [C:/Users/ASUS/Desktop/Vivado_tasks/Lab3/Task7/module/Reg_file2R1W_FDCE_reg_unit.srcs/constrs_1/imports/new/Master-Basys3.xdc]
INFO: [Opt 31-138] Pushed 0 inverter(s) to 0 load pin(s).
Netlist sorting complete. Time (s): cpu = 00:00:00 ; elapsed = 00:00:00.001 . Memory (MB): peak = 1004.926 ; gain = 0.000
INFO: [Project 1-111] Unisim Transformation Summary:
No Unisim elements were transformed.

Системе не удается найти указанный путь.
7 Infos, 0 Warnings, 0 Critical Warnings and 0 Errors encountered.
link_design completed successfully
link_design: Time (s): cpu = 00:00:09 ; elapsed = 00:00:11 . Memory (MB): peak = 1010.945 ; gain = 536.191
Command: opt_design
Attempting to get a license for feature 'Implementation' and/or device 'xc7a35t'
INFO: [Common 17-349] Got license for feature 'Implementation' and/or device 'xc7a35t'
Running DRC as a precondition to command opt_design

Starting DRC Task
INFO: [DRC 23-27] Running DRC with 2 threads
INFO: [Project 1-461] DRC finished with 0 Errors
INFO: [Project 1-462] Please refer to the DRC report (report_drc) for more information.

Time (s): cpu = 00:00:02 ; elapsed = 00:00:01 . Memory (MB): peak = 1026.883 ; gain = 15.938

Starting Cache Timing Information Task
INFO: [Timing 38-35] Done setting XDC timing constraints.
Ending Cache Timing Information Task | Checksum: 11b773591

Time (s): cpu = 00:00:13 ; elapsed = 00:00:13 . Memory (MB): peak = 1578.250 ; gain = 551.367

Starting Logic Optimization Task

Phase 1 Initialization

Phase 1.1 Core Generation And Design Setup
Phase 1.1 Core Generation And Design Setup | Checksum: 11b773591

Time (s): cpu = 00:00:00 ; elapsed = 00:00:00.001 . Memory (MB): peak = 1944.098 ; gain = 0.000

Phase 1.2 Setup Constraints And Sort Netlist
Phase 1.2 Setup Constraints And Sort Netlist | Checksum: 11b773591

Time (s): cpu = 00:00:00 ; elapsed = 00:00:00.001 . Memory (MB): peak = 1944.098 ; gain = 0.000
Phase 1 Initialization | Checksum: 11b773591

Time (s): cpu = 00:00:00 ; elapsed = 00:00:00.002 . Memory (MB): peak = 1944.098 ; gain = 0.000

Phase 2 Timer Update And Timing Data Collection

Phase 2.1 Timer Update
Phase 2.1 Timer Update | Checksum: 11b773591

Time (s): cpu = 00:00:00 ; elapsed = 00:00:00.006 . Memory (MB): peak = 1944.098 ; gain = 0.000

Phase 2.2 Timing Data Collection
Phase 2.2 Timing Data Collection | Checksum: 11b773591

Time (s): cpu = 00:00:00 ; elapsed = 00:00:00.011 . Memory (MB): peak = 1944.098 ; gain = 0.000
Phase 2 Timer Update And Timing Data Collection | Checksum: 11b773591

Time (s): cpu = 00:00:00 ; elapsed = 00:00:00.012 . Memory (MB): peak = 1944.098 ; gain = 0.000

Phase 3 Retarget
INFO: [Opt 31-138] Pushed 0 inverter(s) to 0 load pin(s).
INFO: [Opt 31-49] Retargeted 0 cell(s).
Phase 3 Retarget | Checksum: 11b773591

Time (s): cpu = 00:00:00 ; elapsed = 00:00:00.018 . Memory (MB): peak = 1944.098 ; gain = 0.000
Retarget | Checksum: 11b773591
INFO: [Opt 31-389] Phase Retarget created 0 cells and removed 0 cells

Phase 4 Constant propagation
INFO: [Opt 31-138] Pushed 0 inverter(s) to 0 load pin(s).
Phase 4 Constant propagation | Checksum: 11b773591

Time (s): cpu = 00:00:00 ; elapsed = 00:00:00.020 . Memory (MB): peak = 1944.098 ; gain = 0.000
Constant propagation | Checksum: 11b773591
INFO: [Opt 31-389] Phase Constant propagation created 0 cells and removed 0 cells

Phase 5 Sweep
Phase 5 Sweep | Checksum: 11b773591

Time (s): cpu = 00:00:00 ; elapsed = 00:00:00.022 . Memory (MB): peak = 1944.098 ; gain = 0.000
Sweep | Checksum: 11b773591
INFO: [Opt 31-389] Phase Sweep created 0 cells and removed 0 cells

Phase 6 BUFG optimization
Phase 6 BUFG optimization | Checksum: 11b773591

Time (s): cpu = 00:00:00 ; elapsed = 00:00:00.166 . Memory (MB): peak = 1944.098 ; gain = 0.000
BUFG optimization | Checksum: 11b773591
INFO: [Opt 31-662] Phase BUFG optimization created 0 cells of which 0 are BUFGs and removed 0 cells.

Phase 7 Shift Register Optimization
INFO: [Opt 31-1064] SRL Remap converted 0 SRLs to 0 registers and converted 0 registers of register chains to 0 SRLs
Phase 7 Shift Register Optimization | Checksum: 11b773591

Time (s): cpu = 00:00:00 ; elapsed = 00:00:00.168 . Memory (MB): peak = 1944.098 ; gain = 0.000
Shift Register Optimization | Checksum: 11b773591
INFO: [Opt 31-389] Phase Shift Register Optimization created 0 cells and removed 0 cells

Phase 8 Post Processing Netlist
Phase 8 Post Processing Netlist | Checksum: 11b773591

Time (s): cpu = 00:00:00 ; elapsed = 00:00:00.170 . Memory (MB): peak = 1944.098 ; gain = 0.000
Post Processing Netlist | Checksum: 11b773591
INFO: [Opt 31-389] Phase Post Processing Netlist created 0 cells and removed 0 cells

Phase 9 Finalization

Phase 9.1 Finalizing Design Cores and Updating Shapes
Phase 9.1 Finalizing Design Cores and Updating Shapes | Checksum: 11b773591

Time (s): cpu = 00:00:00 ; elapsed = 00:00:00.171 . Memory (MB): peak = 1944.098 ; gain = 0.000

Phase 9.2 Verifying Netlist Connectivity

Starting Connectivity Check Task

Time (s): cpu = 00:00:00 ; elapsed = 00:00:00.001 . Memory (MB): peak = 1944.098 ; gain = 0.000
Phase 9.2 Verifying Netlist Connectivity | Checksum: 11b773591

Time (s): cpu = 00:00:00 ; elapsed = 00:00:00.172 . Memory (MB): peak = 1944.098 ; gain = 0.000
Phase 9 Finalization | Checksum: 11b773591

Time (s): cpu = 00:00:00 ; elapsed = 00:00:00.172 . Memory (MB): peak = 1944.098 ; gain = 0.000
Opt_design Change Summary
=========================


-------------------------------------------------------------------------------------------------------------------------
|  Phase                        |  #Cells created  |  #Cells Removed  |  #Constrained objects preventing optimizations  |
-------------------------------------------------------------------------------------------------------------------------
|  Retarget                     |               0  |               0  |                                              0  |
|  Constant propagation         |               0  |               0  |                                              0  |
|  Sweep                        |               0  |               0  |                                              0  |
|  BUFG optimization            |               0  |               0  |                                              0  |
|  Shift Register Optimization  |               0  |               0  |                                              0  |
|  Post Processing Netlist      |               0  |               0  |                                              0  |
-------------------------------------------------------------------------------------------------------------------------


Ending Logic Optimization Task | Checksum: 11b773591

Time (s): cpu = 00:00:00 ; elapsed = 00:00:00.174 . Memory (MB): peak = 1944.098 ; gain = 0.000
INFO: [Constraints 18-11670] Building netlist checker database with flags, 0x8
Done building netlist checker database: Time (s): cpu = 00:00:00 ; elapsed = 00:00:00 . Memory (MB): peak = 1944.098 ; gain = 0.000

Starting Power Optimization Task
INFO: [Pwropt 34-132] Skipping clock gating for clocks with a period < 2.00 ns.
Ending Power Optimization Task | Checksum: 11b773591

Time (s): cpu = 00:00:00 ; elapsed = 00:00:00.013 . Memory (MB): peak = 1944.098 ; gain = 0.000

Starting Final Cleanup Task
Ending Final Cleanup Task | Checksum: 11b773591

Time (s): cpu = 00:00:00 ; elapsed = 00:00:00 . Memory (MB): peak = 1944.098 ; gain = 0.000

Starting Netlist Obfuscation Task
Netlist sorting complete. Time (s): cpu = 00:00:00 ; elapsed = 00:00:00 . Memory (MB): peak = 1944.098 ; gain = 0.000
Ending Netlist Obfuscation Task | Checksum: 11b773591

Time (s): cpu = 00:00:00 ; elapsed = 00:00:00.001 . Memory (MB): peak = 1944.098 ; gain = 0.000
INFO: [Common 17-83] Releasing license: Implementation
25 Infos, 0 Warnings, 0 Critical Warnings and 0 Errors encountered.
opt_design completed successfully
opt_design: Time (s): cpu = 00:00:20 ; elapsed = 00:00:21 . Memory (MB): peak = 1944.098 ; gain = 933.152
INFO: [runtcl-4] Executing : report_drc -file Reg_file2R1W_FDCE_reg_unit_module_drc_opted.rpt -pb Reg_file2R1W_FDCE_reg_unit_module_drc_opted.pb -rpx Reg_file2R1W_FDCE_reg_unit_module_drc_opted.rpx
Command: report_drc -file Reg_file2R1W_FDCE_reg_unit_module_drc_opted.rpt -pb Reg_file2R1W_FDCE_reg_unit_module_drc_opted.pb -rpx Reg_file2R1W_FDCE_reg_unit_module_drc_opted.rpx
INFO: [IP_Flow 19-234] Refreshing IP repositories
INFO: [IP_Flow 19-1704] No user IP repositories specified
INFO: [IP_Flow 19-2313] Loaded Vivado IP repository 'C:/Xilinx/Vivado/2023.2/data/ip'.
INFO: [DRC 23-27] Running DRC with 2 threads
INFO: [Vivado_Tcl 2-168] The results of DRC are in file C:/Users/ASUS/Desktop/Vivado_tasks/Lab3/Task7/module/Reg_file2R1W_FDCE_reg_unit.runs/impl_1/Reg_file2R1W_FDCE_reg_unit_module_drc_opted.rpt.
report_drc completed successfully
INFO: [Timing 38-480] Writing timing data to binary archive.
Write ShapeDB Complete: Time (s): cpu = 00:00:00 ; elapsed = 00:00:00.001 . Memory (MB): peak = 1944.098 ; gain = 0.000
Wrote PlaceDB: Time (s): cpu = 00:00:00 ; elapsed = 00:00:00.002 . Memory (MB): peak = 1944.098 ; gain = 0.000
Wrote PulsedLatchDB: Time (s): cpu = 00:00:00 ; elapsed = 00:00:00 . Memory (MB): peak = 1944.098 ; gain = 0.000
Writing XDEF routing.
Writing XDEF routing logical nets.
Writing XDEF routing special nets.
Wrote RouteStorage: Time (s): cpu = 00:00:00 ; elapsed = 00:00:00.026 . Memory (MB): peak = 1944.098 ; gain = 0.000
Wrote Netlist Cache: Time (s): cpu = 00:00:00 ; elapsed = 00:00:00 . Memory (MB): peak = 1944.098 ; gain = 0.000
Wrote Device Cache: Time (s): cpu = 00:00:00 ; elapsed = 00:00:00.006 . Memory (MB): peak = 1944.098 ; gain = 0.000
Write Physdb Complete: Time (s): cpu = 00:00:00 ; elapsed = 00:00:00.041 . Memory (MB): peak = 1944.098 ; gain = 0.000
INFO: [Common 17-1381] The checkpoint 'C:/Users/ASUS/Desktop/Vivado_tasks/Lab3/Task7/module/Reg_file2R1W_FDCE_reg_unit.runs/impl_1/Reg_file2R1W_FDCE_reg_unit_module_opt.dcp' has been generated.
Command: place_design
Attempting to get a license for feature 'Implementation' and/or device 'xc7a35t'
INFO: [Common 17-349] Got license for feature 'Implementation' and/or device 'xc7a35t'
INFO: [Common 17-83] Releasing license: Implementation
INFO: [DRC 23-27] Running DRC with 2 threads
INFO: [Vivado_Tcl 4-198] DRC finished with 0 Errors
INFO: [Vivado_Tcl 4-199] Please refer to the DRC report (report_drc) for more information.
Running DRC as a precondition to command place_design
INFO: [DRC 23-27] Running DRC with 2 threads
INFO: [Vivado_Tcl 4-198] DRC finished with 0 Errors
INFO: [Vivado_Tcl 4-199] Please refer to the DRC report (report_drc) for more information.
INFO: [Place 30-611] Multithreading enabled for place_design using a maximum of 2 CPUs

Starting Placer Task

Phase 1 Placer Initialization

Phase 1.1 Placer Initialization Netlist Sorting
Netlist sorting complete. Time (s): cpu = 00:00:00 ; elapsed = 00:00:00 . Memory (MB): peak = 1944.098 ; gain = 0.000
Phase 1.1 Placer Initialization Netlist Sorting | Checksum: a3806376

Time (s): cpu = 00:00:00 ; elapsed = 00:00:00.002 . Memory (MB): peak = 1944.098 ; gain = 0.000
Netlist sorting complete. Time (s): cpu = 00:00:00 ; elapsed = 00:00:00 . Memory (MB): peak = 1944.098 ; gain = 0.000

Phase 1.2 IO Placement/ Clock Placement/ Build Placer Device
INFO: [Timing 38-35] Done setting XDC timing constraints.
Phase 1.2 IO Placement/ Clock Placement/ Build Placer Device | Checksum: c6bdb1df

Time (s): cpu = 00:00:00 ; elapsed = 00:00:00.229 . Memory (MB): peak = 1944.098 ; gain = 0.000

Phase 1.3 Build Placer Netlist Model
WARNING: [Place 30-2953] Timing driven mode will be turned off because no critical terminals were found.
Phase 1.3 Build Placer Netlist Model | Checksum: 1b87c2beb

Time (s): cpu = 00:00:00 ; elapsed = 00:00:00.402 . Memory (MB): peak = 1944.098 ; gain = 0.000

Phase 1.4 Constrain Clocks/Macros
Phase 1.4 Constrain Clocks/Macros | Checksum: 1b87c2beb

Time (s): cpu = 00:00:00 ; elapsed = 00:00:00.404 . Memory (MB): peak = 1944.098 ; gain = 0.000
Phase 1 Placer Initialization | Checksum: 1b87c2beb

Time (s): cpu = 00:00:00 ; elapsed = 00:00:00.406 . Memory (MB): peak = 1944.098 ; gain = 0.000

Phase 2 Global Placement

Phase 2.1 Floorplanning
Phase 2.1 Floorplanning | Checksum: 1b87c2beb

Time (s): cpu = 00:00:00 ; elapsed = 00:00:00.408 . Memory (MB): peak = 1944.098 ; gain = 0.000

Phase 2.2 Update Timing before SLR Path Opt
Phase 2.2 Update Timing before SLR Path Opt | Checksum: 1b87c2beb

Time (s): cpu = 00:00:00 ; elapsed = 00:00:00.408 . Memory (MB): peak = 1944.098 ; gain = 0.000

Phase 2.3 Post-Processing in Floorplanning
Phase 2.3 Post-Processing in Floorplanning | Checksum: 1b87c2beb

Time (s): cpu = 00:00:00 ; elapsed = 00:00:00.409 . Memory (MB): peak = 1944.098 ; gain = 0.000

Phase 2.4 Global Placement Core
WARNING: [Place 46-29] Timing had been disabled during Placer and, therefore, physical synthesis in Placer will be skipped.
Phase 2.4 Global Placement Core | Checksum: cc46c368

Time (s): cpu = 00:00:01 ; elapsed = 00:00:00.932 . Memory (MB): peak = 1944.098 ; gain = 0.000
Phase 2 Global Placement | Checksum: cc46c368

Time (s): cpu = 00:00:01 ; elapsed = 00:00:00.936 . Memory (MB): peak = 1944.098 ; gain = 0.000

Phase 3 Detail Placement

Phase 3.1 Commit Multi Column Macros
Phase 3.1 Commit Multi Column Macros | Checksum: cc46c368

Time (s): cpu = 00:00:01 ; elapsed = 00:00:00.938 . Memory (MB): peak = 1944.098 ; gain = 0.000

Phase 3.2 Commit Most Macros & LUTRAMs
Phase 3.2 Commit Most Macros & LUTRAMs | Checksum: 1c4f4d33b

Time (s): cpu = 00:00:01 ; elapsed = 00:00:00.942 . Memory (MB): peak = 1944.098 ; gain = 0.000

Phase 3.3 Area Swap Optimization
Phase 3.3 Area Swap Optimization | Checksum: 1af8ae78b

Time (s): cpu = 00:00:01 ; elapsed = 00:00:00.957 . Memory (MB): peak = 1944.098 ; gain = 0.000

Phase 3.4 Pipeline Register Optimization
Phase 3.4 Pipeline Register Optimization | Checksum: 1af8ae78b

Time (s): cpu = 00:00:01 ; elapsed = 00:00:00.959 . Memory (MB): peak = 1944.098 ; gain = 0.000

Phase 3.5 Small Shape Detail Placement
Phase 3.5 Small Shape Detail Placement | Checksum: 23032e29d

Time (s): cpu = 00:00:01 ; elapsed = 00:00:01 . Memory (MB): peak = 1944.098 ; gain = 0.000

Phase 3.6 Re-assign LUT pins
Phase 3.6 Re-assign LUT pins | Checksum: 23032e29d

Time (s): cpu = 00:00:01 ; elapsed = 00:00:01 . Memory (MB): peak = 1944.098 ; gain = 0.000

Phase 3.7 Pipeline Register Optimization
Phase 3.7 Pipeline Register Optimization | Checksum: 23032e29d

Time (s): cpu = 00:00:01 ; elapsed = 00:00:01 . Memory (MB): peak = 1944.098 ; gain = 0.000
Phase 3 Detail Placement | Checksum: 23032e29d

Time (s): cpu = 00:00:01 ; elapsed = 00:00:01 . Memory (MB): peak = 1944.098 ; gain = 0.000

Phase 4 Post Placement Optimization and Clean-Up

Phase 4.1 Post Commit Optimization
Phase 4.1 Post Commit Optimization | Checksum: 23032e29d

Time (s): cpu = 00:00:01 ; elapsed = 00:00:01 . Memory (MB): peak = 1944.098 ; gain = 0.000

Phase 4.2 Post Placement Cleanup
Phase 4.2 Post Placement Cleanup | Checksum: 23032e29d

Time (s): cpu = 00:00:01 ; elapsed = 00:00:01 . Memory (MB): peak = 1944.098 ; gain = 0.000

Phase 4.3 Placer Reporting

Phase 4.3.1 Print Estimated Congestion
INFO: [Place 30-612] Post-Placement Estimated Congestion 
 ____________________________________________________
|           | Global Congestion | Short Congestion  |
| Direction | Region Size       | Region Size       |
|___________|___________________|___________________|
|      North|                1x1|                1x1|
|___________|___________________|___________________|
|      South|                1x1|                1x1|
|___________|___________________|___________________|
|       East|                1x1|                1x1|
|___________|___________________|___________________|
|       West|                1x1|                1x1|
|___________|___________________|___________________|

Phase 4.3.1 Print Estimated Congestion | Checksum: 23032e29d

Time (s): cpu = 00:00:01 ; elapsed = 00:00:01 . Memory (MB): peak = 1944.098 ; gain = 0.000
Phase 4.3 Placer Reporting | Checksum: 23032e29d

Time (s): cpu = 00:00:01 ; elapsed = 00:00:01 . Memory (MB): peak = 1944.098 ; gain = 0.000

Phase 4.4 Final Placement Cleanup
Netlist sorting complete. Time (s): cpu = 00:00:00 ; elapsed = 00:00:00 . Memory (MB): peak = 1944.098 ; gain = 0.000

Time (s): cpu = 00:00:01 ; elapsed = 00:00:01 . Memory (MB): peak = 1944.098 ; gain = 0.000
Phase 4 Post Placement Optimization and Clean-Up | Checksum: 23032e29d

Time (s): cpu = 00:00:01 ; elapsed = 00:00:01 . Memory (MB): peak = 1944.098 ; gain = 0.000
Ending Placer Task | Checksum: 131801ce8

Time (s): cpu = 00:00:01 ; elapsed = 00:00:01 . Memory (MB): peak = 1944.098 ; gain = 0.000
44 Infos, 2 Warnings, 0 Critical Warnings and 0 Errors encountered.
place_design completed successfully
INFO: [runtcl-4] Executing : report_io -file Reg_file2R1W_FDCE_reg_unit_module_io_placed.rpt
report_io: Time (s): cpu = 00:00:00 ; elapsed = 00:00:00.053 . Memory (MB): peak = 1944.098 ; gain = 0.000
INFO: [runtcl-4] Executing : report_utilization -file Reg_file2R1W_FDCE_reg_unit_module_utilization_placed.rpt -pb Reg_file2R1W_FDCE_reg_unit_module_utilization_placed.pb
INFO: [runtcl-4] Executing : report_control_sets -verbose -file Reg_file2R1W_FDCE_reg_unit_module_control_sets_placed.rpt
report_control_sets: Time (s): cpu = 00:00:00 ; elapsed = 00:00:00.003 . Memory (MB): peak = 1944.098 ; gain = 0.000
INFO: [Timing 38-480] Writing timing data to binary archive.
Write ShapeDB Complete: Time (s): cpu = 00:00:00 ; elapsed = 00:00:00.003 . Memory (MB): peak = 1944.098 ; gain = 0.000
Wrote PlaceDB: Time (s): cpu = 00:00:00 ; elapsed = 00:00:00.005 . Memory (MB): peak = 1944.098 ; gain = 0.000
Wrote PulsedLatchDB: Time (s): cpu = 00:00:00 ; elapsed = 00:00:00 . Memory (MB): peak = 1944.098 ; gain = 0.000
Writing XDEF routing.
Writing XDEF routing logical nets.
Writing XDEF routing special nets.
Wrote RouteStorage: Time (s): cpu = 00:00:00 ; elapsed = 00:00:00.033 . Memory (MB): peak = 1944.098 ; gain = 0.000
Wrote Netlist Cache: Time (s): cpu = 00:00:00 ; elapsed = 00:00:00.001 . Memory (MB): peak = 1944.098 ; gain = 0.000
Wrote Device Cache: Time (s): cpu = 00:00:00 ; elapsed = 00:00:00.008 . Memory (MB): peak = 1944.098 ; gain = 0.000
Write Physdb Complete: Time (s): cpu = 00:00:00 ; elapsed = 00:00:00.059 . Memory (MB): peak = 1944.098 ; gain = 0.000
INFO: [Common 17-1381] The checkpoint 'C:/Users/ASUS/Desktop/Vivado_tasks/Lab3/Task7/module/Reg_file2R1W_FDCE_reg_unit.runs/impl_1/Reg_file2R1W_FDCE_reg_unit_module_placed.dcp' has been generated.
Command: phys_opt_design
Attempting to get a license for feature 'Implementation' and/or device 'xc7a35t'
INFO: [Common 17-349] Got license for feature 'Implementation' and/or device 'xc7a35t'

Starting Initial Update Timing Task
INFO: [Timing 38-35] Done setting XDC timing constraints.

Time (s): cpu = 00:00:00 ; elapsed = 00:00:00.062 . Memory (MB): peak = 1944.098 ; gain = 0.000
INFO: [Vivado_Tcl 4-383] Design worst setup slack (WNS) is greater than or equal to 0.000 ns. Skipping all physical synthesis optimizations.
INFO: [Vivado_Tcl 4-232] No setup violation found. The netlist was not modified.
INFO: [Common 17-83] Releasing license: Implementation
54 Infos, 2 Warnings, 0 Critical Warnings and 0 Errors encountered.
phys_opt_design completed successfully
INFO: [Timing 38-480] Writing timing data to binary archive.
Write ShapeDB Complete: Time (s): cpu = 00:00:00 ; elapsed = 00:00:00.005 . Memory (MB): peak = 1948.863 ; gain = 0.000
Wrote PlaceDB: Time (s): cpu = 00:00:00 ; elapsed = 00:00:00.006 . Memory (MB): peak = 1948.863 ; gain = 0.000
Wrote PulsedLatchDB: Time (s): cpu = 00:00:00 ; elapsed = 00:00:00 . Memory (MB): peak = 1948.863 ; gain = 0.000
Writing XDEF routing.
Writing XDEF routing logical nets.
Writing XDEF routing special nets.
Wrote RouteStorage: Time (s): cpu = 00:00:00 ; elapsed = 00:00:00.031 . Memory (MB): peak = 1948.863 ; gain = 0.000
Wrote Netlist Cache: Time (s): cpu = 00:00:00 ; elapsed = 00:00:00 . Memory (MB): peak = 1948.863 ; gain = 0.000
Wrote Device Cache: Time (s): cpu = 00:00:00 ; elapsed = 00:00:00.010 . Memory (MB): peak = 1948.863 ; gain = 0.000
Write Physdb Complete: Time (s): cpu = 00:00:00 ; elapsed = 00:00:00.061 . Memory (MB): peak = 1948.863 ; gain = 0.000
INFO: [Common 17-1381] The checkpoint 'C:/Users/ASUS/Desktop/Vivado_tasks/Lab3/Task7/module/Reg_file2R1W_FDCE_reg_unit.runs/impl_1/Reg_file2R1W_FDCE_reg_unit_module_physopt.dcp' has been generated.
Command: route_design
Attempting to get a license for feature 'Implementation' and/or device 'xc7a35t'
INFO: [Common 17-349] Got license for feature 'Implementation' and/or device 'xc7a35t'
Running DRC as a precondition to command route_design
INFO: [DRC 23-27] Running DRC with 2 threads
INFO: [Vivado_Tcl 4-198] DRC finished with 0 Errors
INFO: [Vivado_Tcl 4-199] Please refer to the DRC report (report_drc) for more information.


Starting Routing Task
INFO: [Route 35-254] Multithreading enabled for route_design using a maximum of 8 CPUs

Phase 1 Build RT Design
Checksum: PlaceDB: a10ea17b ConstDB: 0 ShapeSum: 90717b6d RouteDB: 0
Post Restoration Checksum: NetGraph: 9b176e5a | NumContArr: bdefc231 | Constraints: c2a8fa9d | Timing: c2a8fa9d
Phase 1 Build RT Design | Checksum: 2de5925c5

Time (s): cpu = 00:01:09 ; elapsed = 00:01:07 . Memory (MB): peak = 2059.777 ; gain = 96.871

Phase 2 Router Initialization

Phase 2.1 Fix Topology Constraints
Phase 2.1 Fix Topology Constraints | Checksum: 2de5925c5

Time (s): cpu = 00:01:09 ; elapsed = 00:01:07 . Memory (MB): peak = 2059.879 ; gain = 96.973

Phase 2.2 Pre Route Cleanup
Phase 2.2 Pre Route Cleanup | Checksum: 2de5925c5

Time (s): cpu = 00:01:09 ; elapsed = 00:01:07 . Memory (MB): peak = 2059.879 ; gain = 96.973
 Number of Nodes with overlaps = 0

Phase 2.3 Update Timing
Phase 2.3 Update Timing | Checksum: 1a42106db

Time (s): cpu = 00:01:10 ; elapsed = 00:01:07 . Memory (MB): peak = 2098.254 ; gain = 135.348

Router Utilization Summary
  Global Vertical Routing Utilization    = 0 %
  Global Horizontal Routing Utilization  = 0 %
  Routable Net Status*
  *Does not include unroutable nets such as driverless and loadless.
  Run report_route_status for detailed report.
  Number of Failed Nets               = 63
    (Failed Nets is the sum of unrouted and partially routed nets)
  Number of Unrouted Nets             = 63
  Number of Partially Routed Nets     = 0
  Number of Node Overlaps             = 0

Phase 2 Router Initialization | Checksum: 1a42106db

Time (s): cpu = 00:01:10 ; elapsed = 00:01:08 . Memory (MB): peak = 2106.953 ; gain = 144.047

Phase 3 Initial Routing

Phase 3.1 Global Routing
Phase 3.1 Global Routing | Checksum: 1a42106db

Time (s): cpu = 00:01:10 ; elapsed = 00:01:08 . Memory (MB): peak = 2106.953 ; gain = 144.047

Phase 3.2 Initial Net Routing
Phase 3.2 Initial Net Routing | Checksum: 2ff6b1472

Time (s): cpu = 00:01:11 ; elapsed = 00:01:08 . Memory (MB): peak = 2106.953 ; gain = 144.047
Phase 3 Initial Routing | Checksum: 2ff6b1472

Time (s): cpu = 00:01:11 ; elapsed = 00:01:08 . Memory (MB): peak = 2106.953 ; gain = 144.047

Phase 4 Rip-up And Reroute

Phase 4.1 Global Iteration 0
 Number of Nodes with overlaps = 8
 Number of Nodes with overlaps = 0
Phase 4.1 Global Iteration 0 | Checksum: 1c70116a9

Time (s): cpu = 00:01:11 ; elapsed = 00:01:08 . Memory (MB): peak = 2106.953 ; gain = 144.047
Phase 4 Rip-up And Reroute | Checksum: 1c70116a9

Time (s): cpu = 00:01:11 ; elapsed = 00:01:08 . Memory (MB): peak = 2106.953 ; gain = 144.047

Phase 5 Delay and Skew Optimization

Phase 5.1 Delay CleanUp
Phase 5.1 Delay CleanUp | Checksum: 1c70116a9

Time (s): cpu = 00:01:11 ; elapsed = 00:01:08 . Memory (MB): peak = 2106.953 ; gain = 144.047

Phase 5.2 Clock Skew Optimization
Phase 5.2 Clock Skew Optimization | Checksum: 1c70116a9

Time (s): cpu = 00:01:11 ; elapsed = 00:01:08 . Memory (MB): peak = 2106.953 ; gain = 144.047
Phase 5 Delay and Skew Optimization | Checksum: 1c70116a9

Time (s): cpu = 00:01:11 ; elapsed = 00:01:08 . Memory (MB): peak = 2106.953 ; gain = 144.047

Phase 6 Post Hold Fix

Phase 6.1 Hold Fix Iter

Phase 6.1.1 Update Timing
Phase 6.1.1 Update Timing | Checksum: 1c70116a9

Time (s): cpu = 00:01:11 ; elapsed = 00:01:08 . Memory (MB): peak = 2106.953 ; gain = 144.047
Phase 6.1 Hold Fix Iter | Checksum: 1c70116a9

Time (s): cpu = 00:01:11 ; elapsed = 00:01:08 . Memory (MB): peak = 2106.953 ; gain = 144.047
Phase 6 Post Hold Fix | Checksum: 1c70116a9

Time (s): cpu = 00:01:11 ; elapsed = 00:01:08 . Memory (MB): peak = 2106.953 ; gain = 144.047

Phase 7 Route finalize

Router Utilization Summary
  Global Vertical Routing Utilization    = 0.0350793 %
  Global Horizontal Routing Utilization  = 0.0553097 %
  Routable Net Status*
  *Does not include unroutable nets such as driverless and loadless.
  Run report_route_status for detailed report.
  Number of Failed Nets               = 0
    (Failed Nets is the sum of unrouted and partially routed nets)
  Number of Unrouted Nets             = 0
  Number of Partially Routed Nets     = 0
  Number of Node Overlaps             = 0

Phase 7 Route finalize | Checksum: 1c70116a9

Time (s): cpu = 00:01:11 ; elapsed = 00:01:08 . Memory (MB): peak = 2106.953 ; gain = 144.047

Phase 8 Verifying routed nets

 Verification completed successfully
Phase 8 Verifying routed nets | Checksum: 1c70116a9

Time (s): cpu = 00:01:11 ; elapsed = 00:01:08 . Memory (MB): peak = 2106.953 ; gain = 144.047

Phase 9 Depositing Routes
Phase 9 Depositing Routes | Checksum: 23fe24240

Time (s): cpu = 00:01:11 ; elapsed = 00:01:08 . Memory (MB): peak = 2106.953 ; gain = 144.047

Phase 10 Post Router Timing
Phase 10 Post Router Timing | Checksum: 23fe24240

Time (s): cpu = 00:01:11 ; elapsed = 00:01:08 . Memory (MB): peak = 2106.953 ; gain = 144.047
INFO: [Route 35-16] Router Completed Successfully

Phase 11 Post-Route Event Processing
Phase 11 Post-Route Event Processing | Checksum: 1a96440ab

Time (s): cpu = 00:01:11 ; elapsed = 00:01:08 . Memory (MB): peak = 2106.953 ; gain = 144.047
Ending Routing Task | Checksum: 1a96440ab

Time (s): cpu = 00:01:11 ; elapsed = 00:01:08 . Memory (MB): peak = 2106.953 ; gain = 144.047

Routing Is Done.
INFO: [Common 17-83] Releasing license: Implementation
63 Infos, 2 Warnings, 0 Critical Warnings and 0 Errors encountered.
route_design completed successfully
route_design: Time (s): cpu = 00:01:13 ; elapsed = 00:01:09 . Memory (MB): peak = 2106.953 ; gain = 158.090
INFO: [runtcl-4] Executing : report_drc -file Reg_file2R1W_FDCE_reg_unit_module_drc_routed.rpt -pb Reg_file2R1W_FDCE_reg_unit_module_drc_routed.pb -rpx Reg_file2R1W_FDCE_reg_unit_module_drc_routed.rpx
Command: report_drc -file Reg_file2R1W_FDCE_reg_unit_module_drc_routed.rpt -pb Reg_file2R1W_FDCE_reg_unit_module_drc_routed.pb -rpx Reg_file2R1W_FDCE_reg_unit_module_drc_routed.rpx
INFO: [IP_Flow 19-1839] IP Catalog is up to date.
INFO: [DRC 23-27] Running DRC with 2 threads
INFO: [Vivado_Tcl 2-168] The results of DRC are in file C:/Users/ASUS/Desktop/Vivado_tasks/Lab3/Task7/module/Reg_file2R1W_FDCE_reg_unit.runs/impl_1/Reg_file2R1W_FDCE_reg_unit_module_drc_routed.rpt.
report_drc completed successfully
INFO: [runtcl-4] Executing : report_methodology -file Reg_file2R1W_FDCE_reg_unit_module_methodology_drc_routed.rpt -pb Reg_file2R1W_FDCE_reg_unit_module_methodology_drc_routed.pb -rpx Reg_file2R1W_FDCE_reg_unit_module_methodology_drc_routed.rpx
Command: report_methodology -file Reg_file2R1W_FDCE_reg_unit_module_methodology_drc_routed.rpt -pb Reg_file2R1W_FDCE_reg_unit_module_methodology_drc_routed.pb -rpx Reg_file2R1W_FDCE_reg_unit_module_methodology_drc_routed.rpx
INFO: [Timing 38-35] Done setting XDC timing constraints.
INFO: [DRC 23-133] Running Methodology with 2 threads
INFO: [Vivado_Tcl 2-1520] The results of Report Methodology are in file C:/Users/ASUS/Desktop/Vivado_tasks/Lab3/Task7/module/Reg_file2R1W_FDCE_reg_unit.runs/impl_1/Reg_file2R1W_FDCE_reg_unit_module_methodology_drc_routed.rpt.
report_methodology completed successfully
INFO: [runtcl-4] Executing : report_power -file Reg_file2R1W_FDCE_reg_unit_module_power_routed.rpt -pb Reg_file2R1W_FDCE_reg_unit_module_power_summary_routed.pb -rpx Reg_file2R1W_FDCE_reg_unit_module_power_routed.rpx
Command: report_power -file Reg_file2R1W_FDCE_reg_unit_module_power_routed.rpt -pb Reg_file2R1W_FDCE_reg_unit_module_power_summary_routed.pb -rpx Reg_file2R1W_FDCE_reg_unit_module_power_routed.rpx
INFO: [Timing 38-35] Done setting XDC timing constraints.
Running Vector-less Activity Propagation...

Finished Running Vector-less Activity Propagation
73 Infos, 2 Warnings, 0 Critical Warnings and 0 Errors encountered.
report_power completed successfully
INFO: [runtcl-4] Executing : report_route_status -file Reg_file2R1W_FDCE_reg_unit_module_route_status.rpt -pb Reg_file2R1W_FDCE_reg_unit_module_route_status.pb
INFO: [runtcl-4] Executing : report_timing_summary -max_paths 10 -report_unconstrained -file Reg_file2R1W_FDCE_reg_unit_module_timing_summary_routed.rpt -pb Reg_file2R1W_FDCE_reg_unit_module_timing_summary_routed.pb -rpx Reg_file2R1W_FDCE_reg_unit_module_timing_summary_routed.rpx -warn_on_violation 
INFO: [Timing 38-91] UpdateTimingParams: Speed grade: -1, Delay Type: min_max.
INFO: [Timing 38-191] Multithreading enabled for timing update using a maximum of 2 CPUs
INFO: [runtcl-4] Executing : report_incremental_reuse -file Reg_file2R1W_FDCE_reg_unit_module_incremental_reuse_routed.rpt
INFO: [Vivado_Tcl 4-1062] Incremental flow is disabled. No incremental reuse Info to report.
INFO: [runtcl-4] Executing : report_clock_utilization -file Reg_file2R1W_FDCE_reg_unit_module_clock_utilization_routed.rpt
INFO: [runtcl-4] Executing : report_bus_skew -warn_on_violation -file Reg_file2R1W_FDCE_reg_unit_module_bus_skew_routed.rpt -pb Reg_file2R1W_FDCE_reg_unit_module_bus_skew_routed.pb -rpx Reg_file2R1W_FDCE_reg_unit_module_bus_skew_routed.rpx
INFO: [Timing 38-91] UpdateTimingParams: Speed grade: -1, Delay Type: min_max.
INFO: [Timing 38-191] Multithreading enabled for timing update using a maximum of 2 CPUs
INFO: [Timing 38-480] Writing timing data to binary archive.
Write ShapeDB Complete: Time (s): cpu = 00:00:00 ; elapsed = 00:00:00.003 . Memory (MB): peak = 2107.145 ; gain = 0.000
Wrote PlaceDB: Time (s): cpu = 00:00:00 ; elapsed = 00:00:00.016 . Memory (MB): peak = 2107.145 ; gain = 0.000
Wrote PulsedLatchDB: Time (s): cpu = 00:00:00 ; elapsed = 00:00:00 . Memory (MB): peak = 2107.145 ; gain = 0.000
Writing XDEF routing.
Writing XDEF routing logical nets.
Writing XDEF routing special nets.
Wrote RouteStorage: Time (s): cpu = 00:00:00 ; elapsed = 00:00:00.054 . Memory (MB): peak = 2107.145 ; gain = 0.000
Wrote Netlist Cache: Time (s): cpu = 00:00:00 ; elapsed = 00:00:00.001 . Memory (MB): peak = 2107.145 ; gain = 0.000
Wrote Device Cache: Time (s): cpu = 00:00:00 ; elapsed = 00:00:00.017 . Memory (MB): peak = 2107.145 ; gain = 0.000
Write Physdb Complete: Time (s): cpu = 00:00:00 ; elapsed = 00:00:00.110 . Memory (MB): peak = 2107.145 ; gain = 0.000
INFO: [Common 17-1381] The checkpoint 'C:/Users/ASUS/Desktop/Vivado_tasks/Lab3/Task7/module/Reg_file2R1W_FDCE_reg_unit.runs/impl_1/Reg_file2R1W_FDCE_reg_unit_module_routed.dcp' has been generated.
Command: write_bitstream -force Reg_file2R1W_FDCE_reg_unit_module.bit
Attempting to get a license for feature 'Implementation' and/or device 'xc7a35t'
INFO: [Common 17-349] Got license for feature 'Implementation' and/or device 'xc7a35t'
Running DRC as a precondition to command write_bitstream
INFO: [IP_Flow 19-1839] IP Catalog is up to date.
INFO: [DRC 23-27] Running DRC with 2 threads
INFO: [Vivado 12-3199] DRC finished with 0 Errors
INFO: [Vivado 12-3200] Please refer to the DRC report (report_drc) for more information.
INFO: [Designutils 20-2272] Running write_bitstream with 2 threads.
Loading data files...
Loading site data...
Loading route data...
Processing options...
Creating bitmap...
Creating bitstream...
Bitstream compression saved 15558752 bits.
Writing bitstream ./Reg_file2R1W_FDCE_reg_unit_module.bit...
INFO: [Vivado 12-1842] Bitgen Completed Successfully.
INFO: [Project 1-1876] WebTalk data collection is mandatory when using a ULT device. To see the specific WebTalk data collected for your design, open the usage_statistics_webtalk.html or usage_statistics_webtalk.xml file in the implementation directory.
INFO: [Common 17-83] Releasing license: Implementation
14 Infos, 0 Warnings, 0 Critical Warnings and 0 Errors encountered.
write_bitstream completed successfully
write_bitstream: Time (s): cpu = 00:00:32 ; elapsed = 00:00:29 . Memory (MB): peak = 2519.711 ; gain = 412.566
INFO: [Common 17-206] Exiting Vivado at Sun May 17 13:48:14 2026...
