
*** Running vivado
    with args -log to_berger_transfom_structural.vds -m64 -product Vivado -mode batch -messageDb vivado.pb -notrace -source to_berger_transfom_structural.tcl


Режим вывода команд на экран (ECHO) отключен.
Режим вывода команд на экран (ECHO) отключен.

****** Vivado v2023.2 (64-bit)
  **** SW Build 4029153 on Fri Oct 13 20:14:34 MDT 2023
  **** IP Build 4028589 on Sat Oct 14 00:45:43 MDT 2023
  **** SharedData Build 4025554 on Tue Oct 10 17:18:54 MDT 2023
    ** Copyright 1986-2022 Xilinx, Inc. All Rights Reserved.
    ** Copyright 2022-2023 Advanced Micro Devices, Inc. All Rights Reserved.

source to_berger_transfom_structural.tcl -notrace
create_project: Time (s): cpu = 00:00:04 ; elapsed = 00:00:05 . Memory (MB): peak = 476.480 ; gain = 183.801
Command: read_checkpoint -auto_incremental -incremental C:/Users/ASUS/Desktop/Vivado_tasks/Lab1/Task7/transform_to_berger_code_from_mux2_and_invertors.srcs/utils_1/imports/synth_1/to_berger_transfom_structural.dcp
INFO: [Vivado 12-5825] Read reference checkpoint from C:/Users/ASUS/Desktop/Vivado_tasks/Lab1/Task7/transform_to_berger_code_from_mux2_and_invertors.srcs/utils_1/imports/synth_1/to_berger_transfom_structural.dcp for incremental synthesis
INFO: [Vivado 12-7989] Please ensure there are no constraint changes
Command: synth_design -top to_berger_transfom_structural -part xc7a35tcpg236-1
Starting synth_design
Attempting to get a license for feature 'Synthesis' and/or device 'xc7a35t'
INFO: [Common 17-349] Got license for feature 'Synthesis' and/or device 'xc7a35t'
INFO: [Device 21-403] Loading part xc7a35tcpg236-1
INFO: [Designutils 20-5440] No compile time benefit to using incremental synthesis; A full resynthesis will be run
INFO: [Designutils 20-4379] Flow is switching to default flow due to incremental criteria not met. If you would like to alter this behaviour and have the flow terminate instead, please set the following parameter config_implementation {autoIncr.Synth.RejectBehavior Terminate}
INFO: [Synth 8-7079] Multithreading enabled for synth_design using a maximum of 2 processes.
INFO: [Synth 8-7078] Launching helper process for spawning children vivado processes
INFO: [Synth 8-7075] Helper process launched with PID 18484
---------------------------------------------------------------------------------
Starting RTL Elaboration : Time (s): cpu = 00:00:05 ; elapsed = 00:00:06 . Memory (MB): peak = 1313.188 ; gain = 441.102
---------------------------------------------------------------------------------
INFO: [Synth 8-638] synthesizing module 'to_berger_transfom_structural' [C:/Users/ASUS/Desktop/Vivado_tasks/Lab1/Task7/transform_to_berger_code_from_mux2_and_invertors.srcs/sources_1/new/to_berger_transfom_structural.vhd:47]
INFO: [Synth 8-638] synthesizing module 'COUNTER5' [C:/Users/ASUS/Desktop/Vivado_tasks/Lab1/Task7/transform_to_berger_code_from_mux2_and_invertors.srcs/sources_1/new/COUNTER5.vhd:46]
INFO: [Synth 8-638] synthesizing module 'ZERO_COUNTER' [C:/Users/ASUS/Desktop/Vivado_tasks/MyGates/my_gates.srcs/sources_1/new/ZERO_COUNTER.vhd:45]
INFO: [Synth 8-638] synthesizing module 'ADD' [C:/Users/ASUS/Desktop/Vivado_tasks/MyGates/my_gates.srcs/sources_1/new/ADD.vhd:46]
INFO: [Synth 8-638] synthesizing module 'MUX2XOR' [C:/Users/ASUS/Desktop/Vivado_tasks/MyGates/my_gates.srcs/sources_1/new/MUX2XOR.vhd:46]
INFO: [Synth 8-638] synthesizing module 'my_gateslib_INV' [C:/Users/ASUS/Desktop/Vivado_tasks/MyGates/my_gates.srcs/sources_1/new/INV.vhd:45]
INFO: [Synth 8-256] done synthesizing module 'my_gateslib_INV' (0#1) [C:/Users/ASUS/Desktop/Vivado_tasks/MyGates/my_gates.srcs/sources_1/new/INV.vhd:45]
INFO: [Synth 8-638] synthesizing module 'MUX2' [C:/Users/ASUS/Desktop/Vivado_tasks/MyGates/my_gates.srcs/sources_1/new/MUX2.vhd:46]
INFO: [Synth 8-256] done synthesizing module 'MUX2' (0#1) [C:/Users/ASUS/Desktop/Vivado_tasks/MyGates/my_gates.srcs/sources_1/new/MUX2.vhd:46]
INFO: [Synth 8-256] done synthesizing module 'MUX2XOR' (0#1) [C:/Users/ASUS/Desktop/Vivado_tasks/MyGates/my_gates.srcs/sources_1/new/MUX2XOR.vhd:46]
INFO: [Synth 8-638] synthesizing module 'MUX2AND' [C:/Users/ASUS/Desktop/Vivado_tasks/MyGates/my_gates.srcs/sources_1/new/MUX2AND.vhd:45]
INFO: [Synth 8-256] done synthesizing module 'MUX2AND' (0#1) [C:/Users/ASUS/Desktop/Vivado_tasks/MyGates/my_gates.srcs/sources_1/new/MUX2AND.vhd:45]
INFO: [Synth 8-256] done synthesizing module 'ADD' (0#1) [C:/Users/ASUS/Desktop/Vivado_tasks/MyGates/my_gates.srcs/sources_1/new/ADD.vhd:46]
INFO: [Synth 8-256] done synthesizing module 'ZERO_COUNTER' (0#1) [C:/Users/ASUS/Desktop/Vivado_tasks/MyGates/my_gates.srcs/sources_1/new/ZERO_COUNTER.vhd:45]
INFO: [Synth 8-256] done synthesizing module 'COUNTER5' (0#1) [C:/Users/ASUS/Desktop/Vivado_tasks/Lab1/Task7/transform_to_berger_code_from_mux2_and_invertors.srcs/sources_1/new/COUNTER5.vhd:46]
INFO: [Synth 8-256] done synthesizing module 'to_berger_transfom_structural' (0#1) [C:/Users/ASUS/Desktop/Vivado_tasks/Lab1/Task7/transform_to_berger_code_from_mux2_and_invertors.srcs/sources_1/new/to_berger_transfom_structural.vhd:47]
WARNING: [Synth 8-3917] design to_berger_transfom_structural has port LED[15] driven by constant 0
WARNING: [Synth 8-3917] design to_berger_transfom_structural has port LED[14] driven by constant 0
WARNING: [Synth 8-3917] design to_berger_transfom_structural has port LED[13] driven by constant 0
WARNING: [Synth 8-3917] design to_berger_transfom_structural has port LED[12] driven by constant 0
WARNING: [Synth 8-3917] design to_berger_transfom_structural has port LED[11] driven by constant 0
WARNING: [Synth 8-3917] design to_berger_transfom_structural has port LED[10] driven by constant 0
WARNING: [Synth 8-3917] design to_berger_transfom_structural has port LED[9] driven by constant 0
WARNING: [Synth 8-3917] design to_berger_transfom_structural has port LED[8] driven by constant 0
WARNING: [Synth 8-3917] design to_berger_transfom_structural has port LED[7] driven by constant 0
WARNING: [Synth 8-3917] design to_berger_transfom_structural has port LED[6] driven by constant 0
WARNING: [Synth 8-3917] design to_berger_transfom_structural has port LED[5] driven by constant 0
---------------------------------------------------------------------------------
Finished RTL Elaboration : Time (s): cpu = 00:00:07 ; elapsed = 00:00:08 . Memory (MB): peak = 1420.355 ; gain = 548.270
---------------------------------------------------------------------------------
---------------------------------------------------------------------------------
Start Handling Custom Attributes
---------------------------------------------------------------------------------
---------------------------------------------------------------------------------
Finished Handling Custom Attributes : Time (s): cpu = 00:00:07 ; elapsed = 00:00:08 . Memory (MB): peak = 1420.355 ; gain = 548.270
---------------------------------------------------------------------------------
---------------------------------------------------------------------------------
Finished RTL Optimization Phase 1 : Time (s): cpu = 00:00:07 ; elapsed = 00:00:08 . Memory (MB): peak = 1420.355 ; gain = 548.270
---------------------------------------------------------------------------------
Netlist sorting complete. Time (s): cpu = 00:00:00 ; elapsed = 00:00:00 . Memory (MB): peak = 1420.355 ; gain = 0.000
INFO: [Project 1-570] Preparing netlist for logic optimization

Processing XDC Constraints
Initializing timing engine
Parsing XDC File [C:/Users/ASUS/Desktop/Vivado_tasks/Lab1/Task7/transform_to_berger_code_from_mux2_and_invertors.srcs/constrs_1/new/Master-Basys3.xdc]
Finished Parsing XDC File [C:/Users/ASUS/Desktop/Vivado_tasks/Lab1/Task7/transform_to_berger_code_from_mux2_and_invertors.srcs/constrs_1/new/Master-Basys3.xdc]
INFO: [Project 1-236] Implementation specific constraints were found while reading constraint file [C:/Users/ASUS/Desktop/Vivado_tasks/Lab1/Task7/transform_to_berger_code_from_mux2_and_invertors.srcs/constrs_1/new/Master-Basys3.xdc]. These constraints will be ignored for synthesis but will be used in implementation. Impacted constraints are listed in the file [.Xil/to_berger_transfom_structural_propImpl.xdc].
Resolution: To avoid this warning, move constraints listed in [.Xil/to_berger_transfom_structural_propImpl.xdc] to another XDC file and exclude this new file from synthesis with the used_in_synthesis property (File Properties dialog in GUI) and re-run elaboration/synthesis.
Completed Processing XDC Constraints

Netlist sorting complete. Time (s): cpu = 00:00:00 ; elapsed = 00:00:00 . Memory (MB): peak = 1505.137 ; gain = 0.000
INFO: [Project 1-111] Unisim Transformation Summary:
No Unisim elements were transformed.

Системе не удается найти указанный путь.
Constraint Validation Runtime : Time (s): cpu = 00:00:00 ; elapsed = 00:00:00.002 . Memory (MB): peak = 1505.137 ; gain = 0.000
INFO: [Designutils 20-5440] No compile time benefit to using incremental synthesis; A full resynthesis will be run
INFO: [Designutils 20-4379] Flow is switching to default flow due to incremental criteria not met. If you would like to alter this behaviour and have the flow terminate instead, please set the following parameter config_implementation {autoIncr.Synth.RejectBehavior Terminate}
---------------------------------------------------------------------------------
Finished Constraint Validation : Time (s): cpu = 00:00:13 ; elapsed = 00:00:14 . Memory (MB): peak = 1505.137 ; gain = 633.051
---------------------------------------------------------------------------------
---------------------------------------------------------------------------------
Start Loading Part and Timing Information
---------------------------------------------------------------------------------
Loading part: xc7a35tcpg236-1
---------------------------------------------------------------------------------
Finished Loading Part and Timing Information : Time (s): cpu = 00:00:13 ; elapsed = 00:00:14 . Memory (MB): peak = 1505.137 ; gain = 633.051
---------------------------------------------------------------------------------
---------------------------------------------------------------------------------
Start Applying 'set_property' XDC Constraints
---------------------------------------------------------------------------------
---------------------------------------------------------------------------------
Finished applying 'set_property' XDC Constraints : Time (s): cpu = 00:00:13 ; elapsed = 00:00:14 . Memory (MB): peak = 1505.137 ; gain = 633.051
---------------------------------------------------------------------------------
---------------------------------------------------------------------------------
Finished RTL Optimization Phase 2 : Time (s): cpu = 00:00:13 ; elapsed = 00:00:14 . Memory (MB): peak = 1505.137 ; gain = 633.051
---------------------------------------------------------------------------------
---------------------------------------------------------------------------------
Start RTL Component Statistics 
---------------------------------------------------------------------------------
Detailed RTL Component Info : 
+---Adders : 
	   2 Input    4 Bit       Adders := 1     
+---Registers : 
	               16 Bit    Registers := 1     
	                5 Bit    Registers := 1     
	                4 Bit    Registers := 1     
	                1 Bit    Registers := 2     
+---Muxes : 
	   2 Input    1 Bit        Muxes := 25    
---------------------------------------------------------------------------------
Finished RTL Component Statistics 
---------------------------------------------------------------------------------
---------------------------------------------------------------------------------
Start Part Resource Summary
---------------------------------------------------------------------------------
Part Resources:
DSPs: 90 (col length:60)
BRAMs: 100 (col length: RAMB18 60 RAMB36 30)
---------------------------------------------------------------------------------
Finished Part Resource Summary
---------------------------------------------------------------------------------
---------------------------------------------------------------------------------
Start Cross Boundary and Area Optimization
---------------------------------------------------------------------------------
WARNING: [Synth 8-7080] Parallel synthesis criteria is not met
WARNING: [Synth 8-3917] design to_berger_transfom_structural has port LED[15] driven by constant 0
WARNING: [Synth 8-3917] design to_berger_transfom_structural has port LED[14] driven by constant 0
WARNING: [Synth 8-3917] design to_berger_transfom_structural has port LED[13] driven by constant 0
WARNING: [Synth 8-3917] design to_berger_transfom_structural has port LED[12] driven by constant 0
WARNING: [Synth 8-3917] design to_berger_transfom_structural has port LED[11] driven by constant 0
WARNING: [Synth 8-3917] design to_berger_transfom_structural has port LED[10] driven by constant 0
WARNING: [Synth 8-3917] design to_berger_transfom_structural has port LED[9] driven by constant 0
WARNING: [Synth 8-3917] design to_berger_transfom_structural has port LED[8] driven by constant 0
WARNING: [Synth 8-3917] design to_berger_transfom_structural has port LED[7] driven by constant 0
WARNING: [Synth 8-3917] design to_berger_transfom_structural has port LED[6] driven by constant 0
WARNING: [Synth 8-3917] design to_berger_transfom_structural has port LED[5] driven by constant 0
---------------------------------------------------------------------------------
Finished Cross Boundary and Area Optimization : Time (s): cpu = 00:00:14 ; elapsed = 00:00:16 . Memory (MB): peak = 1505.137 ; gain = 633.051
---------------------------------------------------------------------------------
---------------------------------------------------------------------------------
Start Applying XDC Timing Constraints
---------------------------------------------------------------------------------
---------------------------------------------------------------------------------
Finished Applying XDC Timing Constraints : Time (s): cpu = 00:00:18 ; elapsed = 00:00:20 . Memory (MB): peak = 1505.137 ; gain = 633.051
---------------------------------------------------------------------------------
---------------------------------------------------------------------------------
Start Timing Optimization
---------------------------------------------------------------------------------
---------------------------------------------------------------------------------
Finished Timing Optimization : Time (s): cpu = 00:00:18 ; elapsed = 00:00:20 . Memory (MB): peak = 1505.137 ; gain = 633.051
---------------------------------------------------------------------------------
---------------------------------------------------------------------------------
Start Technology Mapping
---------------------------------------------------------------------------------
---------------------------------------------------------------------------------
Finished Technology Mapping : Time (s): cpu = 00:00:18 ; elapsed = 00:00:20 . Memory (MB): peak = 1505.137 ; gain = 633.051
---------------------------------------------------------------------------------
---------------------------------------------------------------------------------
Start IO Insertion
---------------------------------------------------------------------------------
---------------------------------------------------------------------------------
Start Flattening Before IO Insertion
---------------------------------------------------------------------------------
---------------------------------------------------------------------------------
Finished Flattening Before IO Insertion
---------------------------------------------------------------------------------
---------------------------------------------------------------------------------
Start Final Netlist Cleanup
---------------------------------------------------------------------------------
---------------------------------------------------------------------------------
Finished Final Netlist Cleanup
---------------------------------------------------------------------------------
---------------------------------------------------------------------------------
Finished IO Insertion : Time (s): cpu = 00:00:21 ; elapsed = 00:00:23 . Memory (MB): peak = 1505.137 ; gain = 633.051
---------------------------------------------------------------------------------
---------------------------------------------------------------------------------
Start Renaming Generated Instances
---------------------------------------------------------------------------------
---------------------------------------------------------------------------------
Finished Renaming Generated Instances : Time (s): cpu = 00:00:21 ; elapsed = 00:00:23 . Memory (MB): peak = 1505.137 ; gain = 633.051
---------------------------------------------------------------------------------
---------------------------------------------------------------------------------
Start Rebuilding User Hierarchy
---------------------------------------------------------------------------------
---------------------------------------------------------------------------------
Finished Rebuilding User Hierarchy : Time (s): cpu = 00:00:21 ; elapsed = 00:00:23 . Memory (MB): peak = 1505.137 ; gain = 633.051
---------------------------------------------------------------------------------
---------------------------------------------------------------------------------
Start Renaming Generated Ports
---------------------------------------------------------------------------------
---------------------------------------------------------------------------------
Finished Renaming Generated Ports : Time (s): cpu = 00:00:21 ; elapsed = 00:00:23 . Memory (MB): peak = 1505.137 ; gain = 633.051
---------------------------------------------------------------------------------
---------------------------------------------------------------------------------
Start Handling Custom Attributes
---------------------------------------------------------------------------------
---------------------------------------------------------------------------------
Finished Handling Custom Attributes : Time (s): cpu = 00:00:21 ; elapsed = 00:00:23 . Memory (MB): peak = 1505.137 ; gain = 633.051
---------------------------------------------------------------------------------
---------------------------------------------------------------------------------
Start Renaming Generated Nets
---------------------------------------------------------------------------------
---------------------------------------------------------------------------------
Finished Renaming Generated Nets : Time (s): cpu = 00:00:21 ; elapsed = 00:00:23 . Memory (MB): peak = 1505.137 ; gain = 633.051
---------------------------------------------------------------------------------
---------------------------------------------------------------------------------
Start Writing Synthesis Report
---------------------------------------------------------------------------------

Report BlackBoxes: 
+-+--------------+----------+
| |BlackBox name |Instances |
+-+--------------+----------+
+-+--------------+----------+

Report Cell Usage: 
+------+-------+------+
|      |Cell   |Count |
+------+-------+------+
|1     |BUFG   |     1|
|2     |CARRY4 |     2|
|3     |LUT1   |     2|
|4     |LUT2   |     4|
|5     |LUT3   |     3|
|6     |LUT4   |     3|
|7     |LUT5   |     2|
|8     |LUT6   |    10|
|9     |MUXF7  |     2|
|10    |MUXF8  |     1|
|11    |FDRE   |    26|
|12    |IBUF   |    17|
|13    |OBUF   |    16|
+------+-------+------+
---------------------------------------------------------------------------------
Finished Writing Synthesis Report : Time (s): cpu = 00:00:21 ; elapsed = 00:00:23 . Memory (MB): peak = 1505.137 ; gain = 633.051
---------------------------------------------------------------------------------
Synthesis finished with 0 errors, 0 critical warnings and 12 warnings.
Synthesis Optimization Runtime : Time (s): cpu = 00:00:13 ; elapsed = 00:00:22 . Memory (MB): peak = 1505.137 ; gain = 548.270
Synthesis Optimization Complete : Time (s): cpu = 00:00:21 ; elapsed = 00:00:23 . Memory (MB): peak = 1505.137 ; gain = 633.051
INFO: [Project 1-571] Translating synthesized netlist
Netlist sorting complete. Time (s): cpu = 00:00:00 ; elapsed = 00:00:00.001 . Memory (MB): peak = 1505.137 ; gain = 0.000
INFO: [Netlist 29-17] Analyzing 5 Unisim elements for replacement
INFO: [Netlist 29-28] Unisim Transformation completed in 0 CPU seconds
INFO: [Project 1-570] Preparing netlist for logic optimization
INFO: [Opt 31-138] Pushed 0 inverter(s) to 0 load pin(s).
Netlist sorting complete. Time (s): cpu = 00:00:00 ; elapsed = 00:00:00 . Memory (MB): peak = 1505.137 ; gain = 0.000
INFO: [Project 1-111] Unisim Transformation Summary:
No Unisim elements were transformed.

Системе не удается найти указанный путь.
Synth Design complete | Checksum: 153efe83
INFO: [Common 17-83] Releasing license: Synthesis
37 Infos, 23 Warnings, 0 Critical Warnings and 0 Errors encountered.
synth_design completed successfully
synth_design: Time (s): cpu = 00:00:25 ; elapsed = 00:00:27 . Memory (MB): peak = 1505.137 ; gain = 1025.672
Write ShapeDB Complete: Time (s): cpu = 00:00:00 ; elapsed = 00:00:00.001 . Memory (MB): peak = 1505.137 ; gain = 0.000
INFO: [Common 17-1381] The checkpoint 'C:/Users/ASUS/Desktop/Vivado_tasks/Lab1/Task7/transform_to_berger_code_from_mux2_and_invertors.runs/synth_1/to_berger_transfom_structural.dcp' has been generated.
INFO: [runtcl-4] Executing : report_utilization -file to_berger_transfom_structural_utilization_synth.rpt -pb to_berger_transfom_structural_utilization_synth.pb
INFO: [Common 17-206] Exiting Vivado at Sun Feb 22 00:42:39 2026...
