Copyright 1986-2022 Xilinx, Inc. All Rights Reserved. Copyright 2022-2023 Advanced Micro Devices, Inc. All Rights Reserved.
---------------------------------------------------------------------------------------------------------------------------------------------------------------------------------------------------------------------------------------------
| Tool Version : Vivado v.2023.2 (win64) Build 4029153 Fri Oct 13 20:14:34 MDT 2023
| Date         : Fri Feb 20 17:11:17 2026
| Host         : DESKTOP-66O4QSA running 64-bit major release  (build 9200)
| Command      : report_timing_summary -max_paths 10 -report_unconstrained -file alu_unit_package_timing_summary_routed.rpt -pb alu_unit_package_timing_summary_routed.pb -rpx alu_unit_package_timing_summary_routed.rpx -warn_on_violation
| Design       : alu_unit_package
| Device       : 7a35t-cpg236
| Speed File   : -1  PRODUCTION 1.23 2018-06-13
| Design State : Routed
---------------------------------------------------------------------------------------------------------------------------------------------------------------------------------------------------------------------------------------------

Timing Summary Report

------------------------------------------------------------------------------------------------
| Timer Settings
| --------------
------------------------------------------------------------------------------------------------

  Enable Multi Corner Analysis               :  Yes
  Enable Pessimism Removal                   :  Yes
  Pessimism Removal Resolution               :  Nearest Common Node
  Enable Input Delay Default Clock           :  No
  Enable Preset / Clear Arcs                 :  No
  Disable Flight Delays                      :  No
  Ignore I/O Paths                           :  No
  Timing Early Launch at Borrowing Latches   :  No
  Borrow Time for Max Delay Exceptions       :  Yes
  Merge Timing Exceptions                    :  Yes
  Inter-SLR Compensation                     :  Conservative

  Corner  Analyze    Analyze    
  Name    Max Paths  Min Paths  
  ------  ---------  ---------  
  Slow    Yes        Yes        
  Fast    Yes        Yes        


------------------------------------------------------------------------------------------------
| Report Methodology
| ------------------
------------------------------------------------------------------------------------------------

No report available as report_methodology has not been run prior. Run report_methodology on the current design for the summary of methodology violations.



check_timing report

Table of Contents
-----------------
1. checking no_clock (0)
2. checking constant_clock (0)
3. checking pulse_width_clock (0)
4. checking unconstrained_internal_endpoints (0)
5. checking no_input_delay (0)
6. checking no_output_delay (0)
7. checking multiple_clock (0)
8. checking generated_clocks (0)
9. checking loops (0)
10. checking partial_input_delay (0)
11. checking partial_output_delay (0)
12. checking latch_loops (0)

1. checking no_clock (0)
------------------------
 There are 0 register/latch pins with no clock.


2. checking constant_clock (0)
------------------------------
 There are 0 register/latch pins with constant_clock.


3. checking pulse_width_clock (0)
---------------------------------
 There are 0 register/latch pins which need pulse_width check


4. checking unconstrained_internal_endpoints (0)
------------------------------------------------
 There are 0 pins that are not constrained for maximum delay.

 There are 0 pins that are not constrained for maximum delay due to constant clock.


5. checking no_input_delay (0)
------------------------------
 There are 0 input ports with no input delay specified.

 There are 0 input ports with no input delay but user has a false path constraint.


6. checking no_output_delay (0)
-------------------------------
 There are 0 ports with no output delay specified.

 There are 0 ports with no output delay but user has a false path constraint

 There are 0 ports with no output delay but with a timing clock defined on it or propagating through it


7. checking multiple_clock (0)
------------------------------
 There are 0 register/latch pins with multiple clocks.


8. checking generated_clocks (0)
--------------------------------
 There are 0 generated clocks that are not connected to a clock source.


9. checking loops (0)
---------------------
 There are 0 combinational loops in the design.


10. checking partial_input_delay (0)
------------------------------------
 There are 0 input ports with partial input delay specified.


11. checking partial_output_delay (0)
-------------------------------------
 There are 0 ports with partial output delay specified.


12. checking latch_loops (0)
----------------------------
 There are 0 combinational latch loops in the design through latch input



------------------------------------------------------------------------------------------------
| Design Timing Summary
| ---------------------
------------------------------------------------------------------------------------------------

    WNS(ns)      TNS(ns)  TNS Failing Endpoints  TNS Total Endpoints      WHS(ns)      THS(ns)  THS Failing Endpoints  THS Total Endpoints     WPWS(ns)     TPWS(ns)  TPWS Failing Endpoints  TPWS Total Endpoints  
    -------      -------  ---------------------  -------------------      -------      -------  ---------------------  -------------------     --------     --------  ----------------------  --------------------  
        inf        0.000                      0                    6          inf        0.000                      0                    6           NA           NA                      NA                    NA  


There are no user specified timing constraints.


------------------------------------------------------------------------------------------------
| Clock Summary
| -------------
------------------------------------------------------------------------------------------------


------------------------------------------------------------------------------------------------
| Intra Clock Table
| -----------------
------------------------------------------------------------------------------------------------

Clock             WNS(ns)      TNS(ns)  TNS Failing Endpoints  TNS Total Endpoints      WHS(ns)      THS(ns)  THS Failing Endpoints  THS Total Endpoints     WPWS(ns)     TPWS(ns)  TPWS Failing Endpoints  TPWS Total Endpoints  
-----             -------      -------  ---------------------  -------------------      -------      -------  ---------------------  -------------------     --------     --------  ----------------------  --------------------  


------------------------------------------------------------------------------------------------
| Inter Clock Table
| -----------------
------------------------------------------------------------------------------------------------

From Clock    To Clock          WNS(ns)      TNS(ns)  TNS Failing Endpoints  TNS Total Endpoints      WHS(ns)      THS(ns)  THS Failing Endpoints  THS Total Endpoints  
----------    --------          -------      -------  ---------------------  -------------------      -------      -------  ---------------------  -------------------  


------------------------------------------------------------------------------------------------
| Other Path Groups Table
| -----------------------
------------------------------------------------------------------------------------------------

Path Group    From Clock    To Clock          WNS(ns)      TNS(ns)  TNS Failing Endpoints  TNS Total Endpoints      WHS(ns)      THS(ns)  THS Failing Endpoints  THS Total Endpoints  
----------    ----------    --------          -------      -------  ---------------------  -------------------      -------      -------  ---------------------  -------------------  


------------------------------------------------------------------------------------------------
| User Ignored Path Table
| -----------------------
------------------------------------------------------------------------------------------------

Path Group    From Clock    To Clock    
----------    ----------    --------    


------------------------------------------------------------------------------------------------
| Unconstrained Path Table
| ------------------------
------------------------------------------------------------------------------------------------

Path Group    From Clock    To Clock    
----------    ----------    --------    
(none)                                    


------------------------------------------------------------------------------------------------
| Timing Details
| --------------
------------------------------------------------------------------------------------------------


--------------------------------------------------------------------------------------
Path Group:  (none)
From Clock:  
  To Clock:  

Max Delay             6 Endpoints
Min Delay             6 Endpoints
--------------------------------------------------------------------------------------


Max Delay Paths
--------------------------------------------------------------------------------------
Slack:                    inf
  Source:                 SW[12]
                            (input port)
  Destination:            LED[5]
                            (output port)
  Path Group:             (none)
  Path Type:              Max at Slow Process Corner
  Data Path Delay:        13.234ns  (logic 6.142ns (46.412%)  route 7.092ns (53.588%))
  Logic Levels:           6  (CARRY4=2 IBUF=1 LUT2=1 LUT6=1 OBUF=1)

    Location             Delay type                Incr(ns)  Path(ns)    Netlist Resource(s)
  -------------------------------------------------------------------    -------------------
    W2                                                0.000     0.000 r  SW[12] (IN)
                         net (fo=0)                   0.000     0.000    SW[12]
    W2                   IBUF (Prop_ibuf_I_O)         1.469     1.469 r  SW_IBUF[12]_inst/O
                         net (fo=5, routed)           4.075     5.544    SW_IBUF[12]
    SLICE_X3Y17          LUT2 (Prop_lut2_I0_O)        0.124     5.668 r  LED_OBUF[3]_inst_i_7/O
                         net (fo=1, routed)           0.000     5.668    LED_OBUF[3]_inst_i_7_n_0
    SLICE_X3Y17          CARRY4 (Prop_carry4_S[2]_CO[3])
                                                      0.398     6.066 r  LED_OBUF[3]_inst_i_4/CO[3]
                         net (fo=1, routed)           0.000     6.066    LED_OBUF[3]_inst_i_4_n_0
    SLICE_X3Y18          CARRY4 (Prop_carry4_CI_O[1])
                                                      0.334     6.400 r  LED_OBUF[5]_inst_i_5/O[1]
                         net (fo=1, routed)           0.796     7.195    data2[5]
    SLICE_X1Y18          LUT6 (Prop_lut6_I4_O)        0.303     7.498 r  LED_OBUF[5]_inst_i_1/O
                         net (fo=1, routed)           2.221     9.719    LED_OBUF[5]
    U15                  OBUF (Prop_obuf_I_O)         3.514    13.234 r  LED_OBUF[5]_inst/O
                         net (fo=0)                   0.000    13.234    LED[5]
    U15                                                               r  LED[5] (OUT)
  -------------------------------------------------------------------    -------------------

Slack:                    inf
  Source:                 SW[10]
                            (input port)
  Destination:            LED[1]
                            (output port)
  Path Group:             (none)
  Path Type:              Max at Slow Process Corner
  Data Path Delay:        12.979ns  (logic 5.839ns (44.983%)  route 7.141ns (55.017%))
  Logic Levels:           5  (CARRY4=1 IBUF=1 LUT2=1 LUT6=1 OBUF=1)

    Location             Delay type                Incr(ns)  Path(ns)    Netlist Resource(s)
  -------------------------------------------------------------------    -------------------
    T2                                                0.000     0.000 r  SW[10] (IN)
                         net (fo=0)                   0.000     0.000    SW[10]
    T2                   IBUF (Prop_ibuf_I_O)         1.458     1.458 r  SW_IBUF[10]_inst/O
                         net (fo=5, routed)           3.865     5.323    SW_IBUF[10]
    SLICE_X3Y17          LUT2 (Prop_lut2_I0_O)        0.124     5.447 r  LED_OBUF[3]_inst_i_9/O
                         net (fo=1, routed)           0.000     5.447    LED_OBUF[3]_inst_i_9_n_0
    SLICE_X3Y17          CARRY4 (Prop_carry4_S[0]_O[1])
                                                      0.424     5.871 r  LED_OBUF[3]_inst_i_4/O[1]
                         net (fo=1, routed)           0.640     6.511    data2[1]
    SLICE_X0Y17          LUT6 (Prop_lut6_I4_O)        0.303     6.814 r  LED_OBUF[1]_inst_i_1/O
                         net (fo=1, routed)           2.636     9.450    LED_OBUF[1]
    E19                  OBUF (Prop_obuf_I_O)         3.530    12.979 r  LED_OBUF[1]_inst/O
                         net (fo=0)                   0.000    12.979    LED[1]
    E19                                                               r  LED[1] (OUT)
  -------------------------------------------------------------------    -------------------

Slack:                    inf
  Source:                 SW[10]
                            (input port)
  Destination:            LED[2]
                            (output port)
  Path Group:             (none)
  Path Type:              Max at Slow Process Corner
  Data Path Delay:        12.624ns  (logic 5.932ns (46.989%)  route 6.692ns (53.011%))
  Logic Levels:           5  (CARRY4=1 IBUF=1 LUT2=1 LUT6=1 OBUF=1)

    Location             Delay type                Incr(ns)  Path(ns)    Netlist Resource(s)
  -------------------------------------------------------------------    -------------------
    T2                                                0.000     0.000 r  SW[10] (IN)
                         net (fo=0)                   0.000     0.000    SW[10]
    T2                   IBUF (Prop_ibuf_I_O)         1.458     1.458 r  SW_IBUF[10]_inst/O
                         net (fo=5, routed)           3.865     5.323    SW_IBUF[10]
    SLICE_X3Y17          LUT2 (Prop_lut2_I0_O)        0.124     5.447 r  LED_OBUF[3]_inst_i_9/O
                         net (fo=1, routed)           0.000     5.447    LED_OBUF[3]_inst_i_9_n_0
    SLICE_X3Y17          CARRY4 (Prop_carry4_S[0]_O[2])
                                                      0.547     5.994 r  LED_OBUF[3]_inst_i_4/O[2]
                         net (fo=1, routed)           0.962     6.956    data2[2]
    SLICE_X0Y17          LUT6 (Prop_lut6_I4_O)        0.302     7.258 r  LED_OBUF[2]_inst_i_1/O
                         net (fo=1, routed)           1.865     9.123    LED_OBUF[2]
    U19                  OBUF (Prop_obuf_I_O)         3.501    12.624 r  LED_OBUF[2]_inst/O
                         net (fo=0)                   0.000    12.624    LED[2]
    U19                                                               r  LED[2] (OUT)
  -------------------------------------------------------------------    -------------------

Slack:                    inf
  Source:                 SW[10]
                            (input port)
  Destination:            LED[0]
                            (output port)
  Path Group:             (none)
  Path Type:              Max at Slow Process Corner
  Data Path Delay:        12.424ns  (logic 5.439ns (43.774%)  route 6.986ns (56.226%))
  Logic Levels:           4  (IBUF=1 LUT3=1 LUT6=1 OBUF=1)

    Location             Delay type                Incr(ns)  Path(ns)    Netlist Resource(s)
  -------------------------------------------------------------------    -------------------
    T2                                                0.000     0.000 f  SW[10] (IN)
                         net (fo=0)                   0.000     0.000    SW[10]
    T2                   IBUF (Prop_ibuf_I_O)         1.458     1.458 f  SW_IBUF[10]_inst/O
                         net (fo=5, routed)           4.067     5.525    SW_IBUF[10]
    SLICE_X1Y17          LUT3 (Prop_lut3_I2_O)        0.150     5.675 r  LED_OBUF[0]_inst_i_2/O
                         net (fo=1, routed)           0.821     6.496    LED_OBUF[0]_inst_i_2_n_0
    SLICE_X0Y16          LUT6 (Prop_lut6_I1_O)        0.326     6.822 r  LED_OBUF[0]_inst_i_1/O
                         net (fo=1, routed)           2.098     8.920    LED_OBUF[0]
    U16                  OBUF (Prop_obuf_I_O)         3.505    12.424 r  LED_OBUF[0]_inst/O
                         net (fo=0)                   0.000    12.424    LED[0]
    U16                                                               r  LED[0] (OUT)
  -------------------------------------------------------------------    -------------------

Slack:                    inf
  Source:                 SW[13]
                            (input port)
  Destination:            LED[3]
                            (output port)
  Path Group:             (none)
  Path Type:              Max at Slow Process Corner
  Data Path Delay:        12.409ns  (logic 5.446ns (43.886%)  route 6.963ns (56.114%))
  Logic Levels:           4  (IBUF=1 LUT3=1 LUT6=1 OBUF=1)

    Location             Delay type                Incr(ns)  Path(ns)    Netlist Resource(s)
  -------------------------------------------------------------------    -------------------
    U1                                                0.000     0.000 f  SW[13] (IN)
                         net (fo=0)                   0.000     0.000    SW[13]
    U1                   IBUF (Prop_ibuf_I_O)         1.453     1.453 f  SW_IBUF[13]_inst/O
                         net (fo=5, routed)           4.478     5.931    SW_IBUF[13]
    SLICE_X1Y17          LUT3 (Prop_lut3_I2_O)        0.152     6.083 r  LED_OBUF[3]_inst_i_2/O
                         net (fo=1, routed)           0.812     6.894    LED_OBUF[3]_inst_i_2_n_0
    SLICE_X0Y18          LUT6 (Prop_lut6_I1_O)        0.332     7.226 r  LED_OBUF[3]_inst_i_1/O
                         net (fo=1, routed)           1.674     8.900    LED_OBUF[3]
    V19                  OBUF (Prop_obuf_I_O)         3.509    12.409 r  LED_OBUF[3]_inst/O
                         net (fo=0)                   0.000    12.409    LED[3]
    V19                                                               r  LED[3] (OUT)
  -------------------------------------------------------------------    -------------------

Slack:                    inf
  Source:                 SW[12]
                            (input port)
  Destination:            LED[4]
                            (output port)
  Path Group:             (none)
  Path Type:              Max at Slow Process Corner
  Data Path Delay:        12.373ns  (logic 6.020ns (48.658%)  route 6.352ns (51.342%))
  Logic Levels:           6  (CARRY4=2 IBUF=1 LUT2=1 LUT6=1 OBUF=1)

    Location             Delay type                Incr(ns)  Path(ns)    Netlist Resource(s)
  -------------------------------------------------------------------    -------------------
    W2                                                0.000     0.000 r  SW[12] (IN)
                         net (fo=0)                   0.000     0.000    SW[12]
    W2                   IBUF (Prop_ibuf_I_O)         1.469     1.469 r  SW_IBUF[12]_inst/O
                         net (fo=5, routed)           4.075     5.544    SW_IBUF[12]
    SLICE_X3Y17          LUT2 (Prop_lut2_I0_O)        0.124     5.668 r  LED_OBUF[3]_inst_i_7/O
                         net (fo=1, routed)           0.000     5.668    LED_OBUF[3]_inst_i_7_n_0
    SLICE_X3Y17          CARRY4 (Prop_carry4_S[2]_CO[3])
                                                      0.398     6.066 r  LED_OBUF[3]_inst_i_4/CO[3]
                         net (fo=1, routed)           0.000     6.066    LED_OBUF[3]_inst_i_4_n_0
    SLICE_X3Y18          CARRY4 (Prop_carry4_CI_O[0])
                                                      0.222     6.288 r  LED_OBUF[5]_inst_i_5/O[0]
                         net (fo=1, routed)           0.581     6.869    data2[4]
    SLICE_X1Y17          LUT6 (Prop_lut6_I4_O)        0.299     7.168 r  LED_OBUF[4]_inst_i_1/O
                         net (fo=1, routed)           1.697     8.864    LED_OBUF[4]
    W18                  OBUF (Prop_obuf_I_O)         3.509    12.373 r  LED_OBUF[4]_inst/O
                         net (fo=0)                   0.000    12.373    LED[4]
    W18                                                               r  LED[4] (OUT)
  -------------------------------------------------------------------    -------------------





Min Delay Paths
--------------------------------------------------------------------------------------
Slack:                    inf
  Source:                 SW[2]
                            (input port)
  Destination:            LED[4]
                            (output port)
  Path Group:             (none)
  Path Type:              Min at Fast Process Corner
  Data Path Delay:        2.368ns  (logic 1.486ns (62.776%)  route 0.881ns (37.224%))
  Logic Levels:           3  (IBUF=1 LUT6=1 OBUF=1)

    Location             Delay type                Incr(ns)  Path(ns)    Netlist Resource(s)
  -------------------------------------------------------------------    -------------------
    W16                                               0.000     0.000 r  SW[2] (IN)
                         net (fo=0)                   0.000     0.000    SW[2]
    W16                  IBUF (Prop_ibuf_I_O)         0.232     0.232 r  SW_IBUF[2]_inst/O
                         net (fo=7, routed)           0.537     0.769    SW_IBUF[2]
    SLICE_X1Y17          LUT6 (Prop_lut6_I3_O)        0.045     0.814 r  LED_OBUF[4]_inst_i_1/O
                         net (fo=1, routed)           0.345     1.158    LED_OBUF[4]
    W18                  OBUF (Prop_obuf_I_O)         1.210     2.368 r  LED_OBUF[4]_inst/O
                         net (fo=0)                   0.000     2.368    LED[4]
    W18                                                               r  LED[4] (OUT)
  -------------------------------------------------------------------    -------------------

Slack:                    inf
  Source:                 SW[2]
                            (input port)
  Destination:            LED[2]
                            (output port)
  Path Group:             (none)
  Path Type:              Min at Fast Process Corner
  Data Path Delay:        2.413ns  (logic 1.479ns (61.286%)  route 0.934ns (38.714%))
  Logic Levels:           3  (IBUF=1 LUT6=1 OBUF=1)

    Location             Delay type                Incr(ns)  Path(ns)    Netlist Resource(s)
  -------------------------------------------------------------------    -------------------
    W16                                               0.000     0.000 r  SW[2] (IN)
                         net (fo=0)                   0.000     0.000    SW[2]
    W16                  IBUF (Prop_ibuf_I_O)         0.232     0.232 r  SW_IBUF[2]_inst/O
                         net (fo=7, routed)           0.518     0.750    SW_IBUF[2]
    SLICE_X0Y17          LUT6 (Prop_lut6_I3_O)        0.045     0.795 r  LED_OBUF[2]_inst_i_1/O
                         net (fo=1, routed)           0.416     1.211    LED_OBUF[2]
    U19                  OBUF (Prop_obuf_I_O)         1.202     2.413 r  LED_OBUF[2]_inst/O
                         net (fo=0)                   0.000     2.413    LED[2]
    U19                                                               r  LED[2] (OUT)
  -------------------------------------------------------------------    -------------------

Slack:                    inf
  Source:                 SW[2]
                            (input port)
  Destination:            LED[0]
                            (output port)
  Path Group:             (none)
  Path Type:              Min at Fast Process Corner
  Data Path Delay:        2.489ns  (logic 1.483ns (59.575%)  route 1.006ns (40.425%))
  Logic Levels:           3  (IBUF=1 LUT6=1 OBUF=1)

    Location             Delay type                Incr(ns)  Path(ns)    Netlist Resource(s)
  -------------------------------------------------------------------    -------------------
    W16                                               0.000     0.000 r  SW[2] (IN)
                         net (fo=0)                   0.000     0.000    SW[2]
    W16                  IBUF (Prop_ibuf_I_O)         0.232     0.232 r  SW_IBUF[2]_inst/O
                         net (fo=7, routed)           0.492     0.724    SW_IBUF[2]
    SLICE_X0Y16          LUT6 (Prop_lut6_I3_O)        0.045     0.769 r  LED_OBUF[0]_inst_i_1/O
                         net (fo=1, routed)           0.514     1.283    LED_OBUF[0]
    U16                  OBUF (Prop_obuf_I_O)         1.206     2.489 r  LED_OBUF[0]_inst/O
                         net (fo=0)                   0.000     2.489    LED[0]
    U16                                                               r  LED[0] (OUT)
  -------------------------------------------------------------------    -------------------

Slack:                    inf
  Source:                 SW[2]
                            (input port)
  Destination:            LED[3]
                            (output port)
  Path Group:             (none)
  Path Type:              Min at Fast Process Corner
  Data Path Delay:        2.494ns  (logic 1.487ns (59.621%)  route 1.007ns (40.379%))
  Logic Levels:           3  (IBUF=1 LUT6=1 OBUF=1)

    Location             Delay type                Incr(ns)  Path(ns)    Netlist Resource(s)
  -------------------------------------------------------------------    -------------------
    W16                                               0.000     0.000 r  SW[2] (IN)
                         net (fo=0)                   0.000     0.000    SW[2]
    W16                  IBUF (Prop_ibuf_I_O)         0.232     0.232 r  SW_IBUF[2]_inst/O
                         net (fo=7, routed)           0.682     0.914    SW_IBUF[2]
    SLICE_X0Y18          LUT6 (Prop_lut6_I3_O)        0.045     0.959 r  LED_OBUF[3]_inst_i_1/O
                         net (fo=1, routed)           0.325     1.284    LED_OBUF[3]
    V19                  OBUF (Prop_obuf_I_O)         1.210     2.494 r  LED_OBUF[3]_inst/O
                         net (fo=0)                   0.000     2.494    LED[3]
    V19                                                               r  LED[3] (OUT)
  -------------------------------------------------------------------    -------------------

Slack:                    inf
  Source:                 SW[2]
                            (input port)
  Destination:            LED[5]
                            (output port)
  Path Group:             (none)
  Path Type:              Min at Fast Process Corner
  Data Path Delay:        2.630ns  (logic 1.492ns (56.738%)  route 1.138ns (43.262%))
  Logic Levels:           3  (IBUF=1 LUT6=1 OBUF=1)

    Location             Delay type                Incr(ns)  Path(ns)    Netlist Resource(s)
  -------------------------------------------------------------------    -------------------
    W16                                               0.000     0.000 r  SW[2] (IN)
                         net (fo=0)                   0.000     0.000    SW[2]
    W16                  IBUF (Prop_ibuf_I_O)         0.232     0.232 r  SW_IBUF[2]_inst/O
                         net (fo=7, routed)           0.567     0.799    SW_IBUF[2]
    SLICE_X1Y18          LUT6 (Prop_lut6_I3_O)        0.045     0.844 r  LED_OBUF[5]_inst_i_1/O
                         net (fo=1, routed)           0.571     1.415    LED_OBUF[5]
    U15                  OBUF (Prop_obuf_I_O)         1.216     2.630 r  LED_OBUF[5]_inst/O
                         net (fo=0)                   0.000     2.630    LED[5]
    U15                                                               r  LED[5] (OUT)
  -------------------------------------------------------------------    -------------------

Slack:                    inf
  Source:                 SW[2]
                            (input port)
  Destination:            LED[1]
                            (output port)
  Path Group:             (none)
  Path Type:              Min at Fast Process Corner
  Data Path Delay:        2.785ns  (logic 1.507ns (54.126%)  route 1.278ns (45.874%))
  Logic Levels:           3  (IBUF=1 LUT6=1 OBUF=1)

    Location             Delay type                Incr(ns)  Path(ns)    Netlist Resource(s)
  -------------------------------------------------------------------    -------------------
    W16                                               0.000     0.000 r  SW[2] (IN)
                         net (fo=0)                   0.000     0.000    SW[2]
    W16                  IBUF (Prop_ibuf_I_O)         0.232     0.232 r  SW_IBUF[2]_inst/O
                         net (fo=7, routed)           0.522     0.753    SW_IBUF[2]
    SLICE_X0Y17          LUT6 (Prop_lut6_I3_O)        0.045     0.798 r  LED_OBUF[1]_inst_i_1/O
                         net (fo=1, routed)           0.756     1.554    LED_OBUF[1]
    E19                  OBUF (Prop_obuf_I_O)         1.231     2.785 r  LED_OBUF[1]_inst/O
                         net (fo=0)                   0.000     2.785    LED[1]
    E19                                                               r  LED[1] (OUT)
  -------------------------------------------------------------------    -------------------





