
*** Running vivado
    with args -log BISTABLE_CELL.vds -m64 -product Vivado -mode batch -messageDb vivado.pb -notrace -source BISTABLE_CELL.tcl


Режим вывода команд на экран (ECHO) отключен.
Режим вывода команд на экран (ECHO) отключен.

****** Vivado v2023.2 (64-bit)
  **** SW Build 4029153 on Fri Oct 13 20:14:34 MDT 2023
  **** IP Build 4028589 on Sat Oct 14 00:45:43 MDT 2023
  **** SharedData Build 4025554 on Tue Oct 10 17:18:54 MDT 2023
    ** Copyright 1986-2022 Xilinx, Inc. All Rights Reserved.
    ** Copyright 2022-2023 Advanced Micro Devices, Inc. All Rights Reserved.

source BISTABLE_CELL.tcl -notrace
create_project: Time (s): cpu = 00:00:06 ; elapsed = 00:00:06 . Memory (MB): peak = 476.133 ; gain = 183.016
Command: read_checkpoint -auto_incremental -incremental C:/Users/ASUS/Desktop/Vivado_tasks/Lab2/Task5/BISTABLE_CELL.srcs/utils_1/imports/synth_1/BISTABLE_CELL.dcp
INFO: [Vivado 12-5825] Read reference checkpoint from C:/Users/ASUS/Desktop/Vivado_tasks/Lab2/Task5/BISTABLE_CELL.srcs/utils_1/imports/synth_1/BISTABLE_CELL.dcp for incremental synthesis
INFO: [Vivado 12-7989] Please ensure there are no constraint changes
Command: synth_design -top BISTABLE_CELL -part xc7a35tcpg236-1
Starting synth_design
Attempting to get a license for feature 'Synthesis' and/or device 'xc7a35t'
INFO: [Common 17-349] Got license for feature 'Synthesis' and/or device 'xc7a35t'
INFO: [Device 21-403] Loading part xc7a35tcpg236-1
INFO: [Designutils 20-5440] No compile time benefit to using incremental synthesis; A full resynthesis will be run
INFO: [Designutils 20-4379] Flow is switching to default flow due to incremental criteria not met. If you would like to alter this behaviour and have the flow terminate instead, please set the following parameter config_implementation {autoIncr.Synth.RejectBehavior Terminate}
INFO: [Synth 8-7079] Multithreading enabled for synth_design using a maximum of 2 processes.
INFO: [Synth 8-7078] Launching helper process for spawning children vivado processes
INFO: [Synth 8-7075] Helper process launched with PID 7656
---------------------------------------------------------------------------------
Starting RTL Elaboration : Time (s): cpu = 00:00:13 ; elapsed = 00:00:14 . Memory (MB): peak = 1312.965 ; gain = 442.359
---------------------------------------------------------------------------------
INFO: [Synth 8-638] synthesizing module 'BISTABLE_CELL' [C:/Users/ASUS/Desktop/Vivado_tasks/Lab2/Task5/BISTABLE_CELL.srcs/sources_1/new/BISTABLE_CELL.vhd:45]
INFO: [Synth 8-638] synthesizing module 'BISTABLE_INVS' [C:/Users/ASUS/Desktop/Vivado_tasks/Lab2/Task5/BISTABLE_CELL.srcs/sources_1/imports/new/BISTABLE_INVS.vhd:44]
INFO: [Synth 8-638] synthesizing module 'INV_LUT1' [C:/Users/ASUS/Desktop/Vivado_tasks/Lab2/Task5/BISTABLE_CELL.srcs/sources_1/imports/new/INV_LUT1.vhd:45]
INFO: [Synth 8-638] synthesizing module 'LUTN' [C:/Users/ASUS/Desktop/Vivado_tasks/Lab2/Task5/BISTABLE_CELL.srcs/sources_1/imports/new/LUTN.vhd:51]
INFO: [Synth 8-256] done synthesizing module 'LUTN' (0#1) [C:/Users/ASUS/Desktop/Vivado_tasks/Lab2/Task5/BISTABLE_CELL.srcs/sources_1/imports/new/LUTN.vhd:51]
INFO: [Synth 8-256] done synthesizing module 'INV_LUT1' (0#1) [C:/Users/ASUS/Desktop/Vivado_tasks/Lab2/Task5/BISTABLE_CELL.srcs/sources_1/imports/new/INV_LUT1.vhd:45]
INFO: [Synth 8-256] done synthesizing module 'BISTABLE_INVS' (0#1) [C:/Users/ASUS/Desktop/Vivado_tasks/Lab2/Task5/BISTABLE_CELL.srcs/sources_1/imports/new/BISTABLE_INVS.vhd:44]
INFO: [Synth 8-256] done synthesizing module 'BISTABLE_CELL' (0#1) [C:/Users/ASUS/Desktop/Vivado_tasks/Lab2/Task5/BISTABLE_CELL.srcs/sources_1/new/BISTABLE_CELL.vhd:45]
---------------------------------------------------------------------------------
Finished RTL Elaboration : Time (s): cpu = 00:00:14 ; elapsed = 00:00:15 . Memory (MB): peak = 1419.574 ; gain = 548.969
---------------------------------------------------------------------------------
---------------------------------------------------------------------------------
Start Handling Custom Attributes
---------------------------------------------------------------------------------
---------------------------------------------------------------------------------
Finished Handling Custom Attributes : Time (s): cpu = 00:00:14 ; elapsed = 00:00:15 . Memory (MB): peak = 1419.574 ; gain = 548.969
---------------------------------------------------------------------------------
---------------------------------------------------------------------------------
Finished RTL Optimization Phase 1 : Time (s): cpu = 00:00:14 ; elapsed = 00:00:15 . Memory (MB): peak = 1419.574 ; gain = 548.969
---------------------------------------------------------------------------------
Netlist sorting complete. Time (s): cpu = 00:00:00 ; elapsed = 00:00:00 . Memory (MB): peak = 1419.574 ; gain = 0.000
INFO: [Project 1-570] Preparing netlist for logic optimization

Processing XDC Constraints
Initializing timing engine
Parsing XDC File [C:/Users/ASUS/Desktop/Vivado_tasks/Lab2/Task5/BISTABLE_CELL.srcs/constrs_1/imports/new/Master-Basys3.xdc]
Finished Parsing XDC File [C:/Users/ASUS/Desktop/Vivado_tasks/Lab2/Task5/BISTABLE_CELL.srcs/constrs_1/imports/new/Master-Basys3.xdc]
INFO: [Project 1-236] Implementation specific constraints were found while reading constraint file [C:/Users/ASUS/Desktop/Vivado_tasks/Lab2/Task5/BISTABLE_CELL.srcs/constrs_1/imports/new/Master-Basys3.xdc]. These constraints will be ignored for synthesis but will be used in implementation. Impacted constraints are listed in the file [.Xil/BISTABLE_CELL_propImpl.xdc].
Resolution: To avoid this warning, move constraints listed in [.Xil/BISTABLE_CELL_propImpl.xdc] to another XDC file and exclude this new file from synthesis with the used_in_synthesis property (File Properties dialog in GUI) and re-run elaboration/synthesis.
Completed Processing XDC Constraints

Netlist sorting complete. Time (s): cpu = 00:00:00 ; elapsed = 00:00:00 . Memory (MB): peak = 1436.883 ; gain = 0.000
INFO: [Project 1-111] Unisim Transformation Summary:
No Unisim elements were transformed.

Системе не удается найти указанный путь.
Constraint Validation Runtime : Time (s): cpu = 00:00:00 ; elapsed = 00:00:00.003 . Memory (MB): peak = 1436.883 ; gain = 0.000
INFO: [Designutils 20-5440] No compile time benefit to using incremental synthesis; A full resynthesis will be run
INFO: [Designutils 20-4379] Flow is switching to default flow due to incremental criteria not met. If you would like to alter this behaviour and have the flow terminate instead, please set the following parameter config_implementation {autoIncr.Synth.RejectBehavior Terminate}
---------------------------------------------------------------------------------
Finished Constraint Validation : Time (s): cpu = 00:00:19 ; elapsed = 00:00:20 . Memory (MB): peak = 1436.883 ; gain = 566.277
---------------------------------------------------------------------------------
---------------------------------------------------------------------------------
Start Loading Part and Timing Information
---------------------------------------------------------------------------------
Loading part: xc7a35tcpg236-1
---------------------------------------------------------------------------------
Finished Loading Part and Timing Information : Time (s): cpu = 00:00:19 ; elapsed = 00:00:20 . Memory (MB): peak = 1436.883 ; gain = 566.277
---------------------------------------------------------------------------------
---------------------------------------------------------------------------------
Start Applying 'set_property' XDC Constraints
---------------------------------------------------------------------------------
WARNING: set_property ALLOW_COMBINATORIAL_LOOPS could not find object (constraint file  C:/Users/ASUS/Desktop/Vivado_tasks/Lab2/Task5/BISTABLE_CELL.srcs/constrs_1/imports/new/Master-Basys3.xdc, line 160).
WARNING: set_property ALLOW_COMBINATORIAL_LOOPS could not find object (constraint file  C:/Users/ASUS/Desktop/Vivado_tasks/Lab2/Task5/BISTABLE_CELL.srcs/constrs_1/imports/new/Master-Basys3.xdc, line 160).
WARNING: set_property ALLOW_COMBINATORIAL_LOOPS could not find object (constraint file  C:/Users/ASUS/Desktop/Vivado_tasks/Lab2/Task5/BISTABLE_CELL.srcs/constrs_1/imports/new/Master-Basys3.xdc, line 160).
WARNING: set_property ALLOW_COMBINATORIAL_LOOPS could not find object (constraint file  C:/Users/ASUS/Desktop/Vivado_tasks/Lab2/Task5/BISTABLE_CELL.srcs/constrs_1/imports/new/Master-Basys3.xdc, line 160).
WARNING: set_property ALLOW_COMBINATORIAL_LOOPS could not find object (constraint file  C:/Users/ASUS/Desktop/Vivado_tasks/Lab2/Task5/BISTABLE_CELL.srcs/constrs_1/imports/new/Master-Basys3.xdc, line 160).
WARNING: set_property ALLOW_COMBINATORIAL_LOOPS could not find object (constraint file  C:/Users/ASUS/Desktop/Vivado_tasks/Lab2/Task5/BISTABLE_CELL.srcs/constrs_1/imports/new/Master-Basys3.xdc, line 160).
WARNING: set_property ALLOW_COMBINATORIAL_LOOPS could not find object (constraint file  C:/Users/ASUS/Desktop/Vivado_tasks/Lab2/Task5/BISTABLE_CELL.srcs/constrs_1/imports/new/Master-Basys3.xdc, line 160).
WARNING: set_property ALLOW_COMBINATORIAL_LOOPS could not find object (constraint file  C:/Users/ASUS/Desktop/Vivado_tasks/Lab2/Task5/BISTABLE_CELL.srcs/constrs_1/imports/new/Master-Basys3.xdc, line 160).
WARNING: set_property ALLOW_COMBINATORIAL_LOOPS could not find object (constraint file  C:/Users/ASUS/Desktop/Vivado_tasks/Lab2/Task5/BISTABLE_CELL.srcs/constrs_1/imports/new/Master-Basys3.xdc, line 160).
WARNING: set_property ALLOW_COMBINATORIAL_LOOPS could not find object (constraint file  C:/Users/ASUS/Desktop/Vivado_tasks/Lab2/Task5/BISTABLE_CELL.srcs/constrs_1/imports/new/Master-Basys3.xdc, line 160).
WARNING: set_property ALLOW_COMBINATORIAL_LOOPS could not find object (constraint file  C:/Users/ASUS/Desktop/Vivado_tasks/Lab2/Task5/BISTABLE_CELL.srcs/constrs_1/imports/new/Master-Basys3.xdc, line 160).
WARNING: set_property ALLOW_COMBINATORIAL_LOOPS could not find object (constraint file  C:/Users/ASUS/Desktop/Vivado_tasks/Lab2/Task5/BISTABLE_CELL.srcs/constrs_1/imports/new/Master-Basys3.xdc, line 160).
WARNING: set_property ALLOW_COMBINATORIAL_LOOPS could not find object (constraint file  C:/Users/ASUS/Desktop/Vivado_tasks/Lab2/Task5/BISTABLE_CELL.srcs/constrs_1/imports/new/Master-Basys3.xdc, line 160).
WARNING: set_property ALLOW_COMBINATORIAL_LOOPS could not find object (constraint file  C:/Users/ASUS/Desktop/Vivado_tasks/Lab2/Task5/BISTABLE_CELL.srcs/constrs_1/imports/new/Master-Basys3.xdc, line 160).
WARNING: set_property ALLOW_COMBINATORIAL_LOOPS could not find object (constraint file  C:/Users/ASUS/Desktop/Vivado_tasks/Lab2/Task5/BISTABLE_CELL.srcs/constrs_1/imports/new/Master-Basys3.xdc, line 160).
WARNING: set_property ALLOW_COMBINATORIAL_LOOPS could not find object (constraint file  C:/Users/ASUS/Desktop/Vivado_tasks/Lab2/Task5/BISTABLE_CELL.srcs/constrs_1/imports/new/Master-Basys3.xdc, line 160).
WARNING: set_property ALLOW_COMBINATORIAL_LOOPS could not find object (constraint file  C:/Users/ASUS/Desktop/Vivado_tasks/Lab2/Task5/BISTABLE_CELL.srcs/constrs_1/imports/new/Master-Basys3.xdc, line 160).
WARNING: set_property ALLOW_COMBINATORIAL_LOOPS could not find object (constraint file  C:/Users/ASUS/Desktop/Vivado_tasks/Lab2/Task5/BISTABLE_CELL.srcs/constrs_1/imports/new/Master-Basys3.xdc, line 160).
WARNING: set_property ALLOW_COMBINATORIAL_LOOPS could not find object (constraint file  C:/Users/ASUS/Desktop/Vivado_tasks/Lab2/Task5/BISTABLE_CELL.srcs/constrs_1/imports/new/Master-Basys3.xdc, line 160).
WARNING: set_property ALLOW_COMBINATORIAL_LOOPS could not find object (constraint file  C:/Users/ASUS/Desktop/Vivado_tasks/Lab2/Task5/BISTABLE_CELL.srcs/constrs_1/imports/new/Master-Basys3.xdc, line 160).
WARNING: set_property ALLOW_COMBINATORIAL_LOOPS could not find object (constraint file  C:/Users/ASUS/Desktop/Vivado_tasks/Lab2/Task5/BISTABLE_CELL.srcs/constrs_1/imports/new/Master-Basys3.xdc, line 160).
WARNING: set_property ALLOW_COMBINATORIAL_LOOPS could not find object (constraint file  C:/Users/ASUS/Desktop/Vivado_tasks/Lab2/Task5/BISTABLE_CELL.srcs/constrs_1/imports/new/Master-Basys3.xdc, line 160).
WARNING: set_property ALLOW_COMBINATORIAL_LOOPS could not find object (constraint file  C:/Users/ASUS/Desktop/Vivado_tasks/Lab2/Task5/BISTABLE_CELL.srcs/constrs_1/imports/new/Master-Basys3.xdc, line 160).
WARNING: set_property ALLOW_COMBINATORIAL_LOOPS could not find object (constraint file  C:/Users/ASUS/Desktop/Vivado_tasks/Lab2/Task5/BISTABLE_CELL.srcs/constrs_1/imports/new/Master-Basys3.xdc, line 160).
WARNING: set_property ALLOW_COMBINATORIAL_LOOPS could not find object (constraint file  C:/Users/ASUS/Desktop/Vivado_tasks/Lab2/Task5/BISTABLE_CELL.srcs/constrs_1/imports/new/Master-Basys3.xdc, line 160).
WARNING: set_property ALLOW_COMBINATORIAL_LOOPS could not find object (constraint file  C:/Users/ASUS/Desktop/Vivado_tasks/Lab2/Task5/BISTABLE_CELL.srcs/constrs_1/imports/new/Master-Basys3.xdc, line 160).
WARNING: set_property ALLOW_COMBINATORIAL_LOOPS could not find object (constraint file  C:/Users/ASUS/Desktop/Vivado_tasks/Lab2/Task5/BISTABLE_CELL.srcs/constrs_1/imports/new/Master-Basys3.xdc, line 160).
WARNING: set_property ALLOW_COMBINATORIAL_LOOPS could not find object (constraint file  C:/Users/ASUS/Desktop/Vivado_tasks/Lab2/Task5/BISTABLE_CELL.srcs/constrs_1/imports/new/Master-Basys3.xdc, line 160).
WARNING: set_property ALLOW_COMBINATORIAL_LOOPS could not find object (constraint file  C:/Users/ASUS/Desktop/Vivado_tasks/Lab2/Task5/BISTABLE_CELL.srcs/constrs_1/imports/new/Master-Basys3.xdc, line 160).
WARNING: set_property ALLOW_COMBINATORIAL_LOOPS could not find object (constraint file  C:/Users/ASUS/Desktop/Vivado_tasks/Lab2/Task5/BISTABLE_CELL.srcs/constrs_1/imports/new/Master-Basys3.xdc, line 160).
WARNING: set_property ALLOW_COMBINATORIAL_LOOPS could not find object (constraint file  C:/Users/ASUS/Desktop/Vivado_tasks/Lab2/Task5/BISTABLE_CELL.srcs/constrs_1/imports/new/Master-Basys3.xdc, line 160).
WARNING: set_property ALLOW_COMBINATORIAL_LOOPS could not find object (constraint file  C:/Users/ASUS/Desktop/Vivado_tasks/Lab2/Task5/BISTABLE_CELL.srcs/constrs_1/imports/new/Master-Basys3.xdc, line 160).
WARNING: set_property ALLOW_COMBINATORIAL_LOOPS could not find object (constraint file  C:/Users/ASUS/Desktop/Vivado_tasks/Lab2/Task5/BISTABLE_CELL.srcs/constrs_1/imports/new/Master-Basys3.xdc, line 160).
WARNING: set_property ALLOW_COMBINATORIAL_LOOPS could not find object (constraint file  C:/Users/ASUS/Desktop/Vivado_tasks/Lab2/Task5/BISTABLE_CELL.srcs/constrs_1/imports/new/Master-Basys3.xdc, line 160).
WARNING: set_property ALLOW_COMBINATORIAL_LOOPS could not find object (constraint file  C:/Users/ASUS/Desktop/Vivado_tasks/Lab2/Task5/BISTABLE_CELL.srcs/constrs_1/imports/new/Master-Basys3.xdc, line 160).
WARNING: set_property ALLOW_COMBINATORIAL_LOOPS could not find object (constraint file  C:/Users/ASUS/Desktop/Vivado_tasks/Lab2/Task5/BISTABLE_CELL.srcs/constrs_1/imports/new/Master-Basys3.xdc, line 160).
WARNING: set_property ALLOW_COMBINATORIAL_LOOPS could not find object (constraint file  C:/Users/ASUS/Desktop/Vivado_tasks/Lab2/Task5/BISTABLE_CELL.srcs/constrs_1/imports/new/Master-Basys3.xdc, line 160).
WARNING: set_property ALLOW_COMBINATORIAL_LOOPS could not find object (constraint file  C:/Users/ASUS/Desktop/Vivado_tasks/Lab2/Task5/BISTABLE_CELL.srcs/constrs_1/imports/new/Master-Basys3.xdc, line 160).
WARNING: set_property ALLOW_COMBINATORIAL_LOOPS could not find object (constraint file  C:/Users/ASUS/Desktop/Vivado_tasks/Lab2/Task5/BISTABLE_CELL.srcs/constrs_1/imports/new/Master-Basys3.xdc, line 160).
WARNING: set_property ALLOW_COMBINATORIAL_LOOPS could not find object (constraint file  C:/Users/ASUS/Desktop/Vivado_tasks/Lab2/Task5/BISTABLE_CELL.srcs/constrs_1/imports/new/Master-Basys3.xdc, line 160).
WARNING: set_property ALLOW_COMBINATORIAL_LOOPS could not find object (constraint file  C:/Users/ASUS/Desktop/Vivado_tasks/Lab2/Task5/BISTABLE_CELL.srcs/constrs_1/imports/new/Master-Basys3.xdc, line 160).
WARNING: set_property ALLOW_COMBINATORIAL_LOOPS could not find object (constraint file  C:/Users/ASUS/Desktop/Vivado_tasks/Lab2/Task5/BISTABLE_CELL.srcs/constrs_1/imports/new/Master-Basys3.xdc, line 160).
WARNING: set_property ALLOW_COMBINATORIAL_LOOPS could not find object (constraint file  C:/Users/ASUS/Desktop/Vivado_tasks/Lab2/Task5/BISTABLE_CELL.srcs/constrs_1/imports/new/Master-Basys3.xdc, line 160).
WARNING: set_property ALLOW_COMBINATORIAL_LOOPS could not find object (constraint file  C:/Users/ASUS/Desktop/Vivado_tasks/Lab2/Task5/BISTABLE_CELL.srcs/constrs_1/imports/new/Master-Basys3.xdc, line 160).
WARNING: set_property ALLOW_COMBINATORIAL_LOOPS could not find object (constraint file  C:/Users/ASUS/Desktop/Vivado_tasks/Lab2/Task5/BISTABLE_CELL.srcs/constrs_1/imports/new/Master-Basys3.xdc, line 160).
WARNING: set_property ALLOW_COMBINATORIAL_LOOPS could not find object (constraint file  C:/Users/ASUS/Desktop/Vivado_tasks/Lab2/Task5/BISTABLE_CELL.srcs/constrs_1/imports/new/Master-Basys3.xdc, line 160).
WARNING: set_property ALLOW_COMBINATORIAL_LOOPS could not find object (constraint file  C:/Users/ASUS/Desktop/Vivado_tasks/Lab2/Task5/BISTABLE_CELL.srcs/constrs_1/imports/new/Master-Basys3.xdc, line 160).
WARNING: set_property ALLOW_COMBINATORIAL_LOOPS could not find object (constraint file  C:/Users/ASUS/Desktop/Vivado_tasks/Lab2/Task5/BISTABLE_CELL.srcs/constrs_1/imports/new/Master-Basys3.xdc, line 160).
WARNING: set_property ALLOW_COMBINATORIAL_LOOPS could not find object (constraint file  C:/Users/ASUS/Desktop/Vivado_tasks/Lab2/Task5/BISTABLE_CELL.srcs/constrs_1/imports/new/Master-Basys3.xdc, line 160).
WARNING: set_property ALLOW_COMBINATORIAL_LOOPS could not find object (constraint file  C:/Users/ASUS/Desktop/Vivado_tasks/Lab2/Task5/BISTABLE_CELL.srcs/constrs_1/imports/new/Master-Basys3.xdc, line 160).
WARNING: set_property ALLOW_COMBINATORIAL_LOOPS could not find object (constraint file  C:/Users/ASUS/Desktop/Vivado_tasks/Lab2/Task5/BISTABLE_CELL.srcs/constrs_1/imports/new/Master-Basys3.xdc, line 160).
WARNING: set_property ALLOW_COMBINATORIAL_LOOPS could not find object (constraint file  C:/Users/ASUS/Desktop/Vivado_tasks/Lab2/Task5/BISTABLE_CELL.srcs/constrs_1/imports/new/Master-Basys3.xdc, line 160).
WARNING: set_property ALLOW_COMBINATORIAL_LOOPS could not find object (constraint file  C:/Users/ASUS/Desktop/Vivado_tasks/Lab2/Task5/BISTABLE_CELL.srcs/constrs_1/imports/new/Master-Basys3.xdc, line 160).
WARNING: set_property ALLOW_COMBINATORIAL_LOOPS could not find object (constraint file  C:/Users/ASUS/Desktop/Vivado_tasks/Lab2/Task5/BISTABLE_CELL.srcs/constrs_1/imports/new/Master-Basys3.xdc, line 160).
WARNING: set_property ALLOW_COMBINATORIAL_LOOPS could not find object (constraint file  C:/Users/ASUS/Desktop/Vivado_tasks/Lab2/Task5/BISTABLE_CELL.srcs/constrs_1/imports/new/Master-Basys3.xdc, line 160).
WARNING: set_property ALLOW_COMBINATORIAL_LOOPS could not find object (constraint file  C:/Users/ASUS/Desktop/Vivado_tasks/Lab2/Task5/BISTABLE_CELL.srcs/constrs_1/imports/new/Master-Basys3.xdc, line 160).
WARNING: set_property ALLOW_COMBINATORIAL_LOOPS could not find object (constraint file  C:/Users/ASUS/Desktop/Vivado_tasks/Lab2/Task5/BISTABLE_CELL.srcs/constrs_1/imports/new/Master-Basys3.xdc, line 160).
WARNING: set_property ALLOW_COMBINATORIAL_LOOPS could not find object (constraint file  C:/Users/ASUS/Desktop/Vivado_tasks/Lab2/Task5/BISTABLE_CELL.srcs/constrs_1/imports/new/Master-Basys3.xdc, line 160).
WARNING: set_property ALLOW_COMBINATORIAL_LOOPS could not find object (constraint file  C:/Users/ASUS/Desktop/Vivado_tasks/Lab2/Task5/BISTABLE_CELL.srcs/constrs_1/imports/new/Master-Basys3.xdc, line 160).
WARNING: set_property ALLOW_COMBINATORIAL_LOOPS could not find object (constraint file  C:/Users/ASUS/Desktop/Vivado_tasks/Lab2/Task5/BISTABLE_CELL.srcs/constrs_1/imports/new/Master-Basys3.xdc, line 160).
WARNING: set_property ALLOW_COMBINATORIAL_LOOPS could not find object (constraint file  C:/Users/ASUS/Desktop/Vivado_tasks/Lab2/Task5/BISTABLE_CELL.srcs/constrs_1/imports/new/Master-Basys3.xdc, line 160).
WARNING: set_property ALLOW_COMBINATORIAL_LOOPS could not find object (constraint file  C:/Users/ASUS/Desktop/Vivado_tasks/Lab2/Task5/BISTABLE_CELL.srcs/constrs_1/imports/new/Master-Basys3.xdc, line 160).
WARNING: set_property ALLOW_COMBINATORIAL_LOOPS could not find object (constraint file  C:/Users/ASUS/Desktop/Vivado_tasks/Lab2/Task5/BISTABLE_CELL.srcs/constrs_1/imports/new/Master-Basys3.xdc, line 160).
WARNING: set_property ALLOW_COMBINATORIAL_LOOPS could not find object (constraint file  C:/Users/ASUS/Desktop/Vivado_tasks/Lab2/Task5/BISTABLE_CELL.srcs/constrs_1/imports/new/Master-Basys3.xdc, line 160).
WARNING: set_property ALLOW_COMBINATORIAL_LOOPS could not find object (constraint file  C:/Users/ASUS/Desktop/Vivado_tasks/Lab2/Task5/BISTABLE_CELL.srcs/constrs_1/imports/new/Master-Basys3.xdc, line 160).
WARNING: set_property ALLOW_COMBINATORIAL_LOOPS could not find object (constraint file  C:/Users/ASUS/Desktop/Vivado_tasks/Lab2/Task5/BISTABLE_CELL.srcs/constrs_1/imports/new/Master-Basys3.xdc, line 160).
WARNING: set_property ALLOW_COMBINATORIAL_LOOPS could not find object (constraint file  C:/Users/ASUS/Desktop/Vivado_tasks/Lab2/Task5/BISTABLE_CELL.srcs/constrs_1/imports/new/Master-Basys3.xdc, line 160).
WARNING: set_property ALLOW_COMBINATORIAL_LOOPS could not find object (constraint file  C:/Users/ASUS/Desktop/Vivado_tasks/Lab2/Task5/BISTABLE_CELL.srcs/constrs_1/imports/new/Master-Basys3.xdc, line 160).
WARNING: set_property ALLOW_COMBINATORIAL_LOOPS could not find object (constraint file  C:/Users/ASUS/Desktop/Vivado_tasks/Lab2/Task5/BISTABLE_CELL.srcs/constrs_1/imports/new/Master-Basys3.xdc, line 160).
WARNING: set_property ALLOW_COMBINATORIAL_LOOPS could not find object (constraint file  C:/Users/ASUS/Desktop/Vivado_tasks/Lab2/Task5/BISTABLE_CELL.srcs/constrs_1/imports/new/Master-Basys3.xdc, line 160).
WARNING: set_property ALLOW_COMBINATORIAL_LOOPS could not find object (constraint file  C:/Users/ASUS/Desktop/Vivado_tasks/Lab2/Task5/BISTABLE_CELL.srcs/constrs_1/imports/new/Master-Basys3.xdc, line 160).
WARNING: set_property ALLOW_COMBINATORIAL_LOOPS could not find object (constraint file  C:/Users/ASUS/Desktop/Vivado_tasks/Lab2/Task5/BISTABLE_CELL.srcs/constrs_1/imports/new/Master-Basys3.xdc, line 160).
WARNING: set_property ALLOW_COMBINATORIAL_LOOPS could not find object (constraint file  C:/Users/ASUS/Desktop/Vivado_tasks/Lab2/Task5/BISTABLE_CELL.srcs/constrs_1/imports/new/Master-Basys3.xdc, line 160).
WARNING: set_property ALLOW_COMBINATORIAL_LOOPS could not find object (constraint file  C:/Users/ASUS/Desktop/Vivado_tasks/Lab2/Task5/BISTABLE_CELL.srcs/constrs_1/imports/new/Master-Basys3.xdc, line 160).
WARNING: set_property ALLOW_COMBINATORIAL_LOOPS could not find object (constraint file  C:/Users/ASUS/Desktop/Vivado_tasks/Lab2/Task5/BISTABLE_CELL.srcs/constrs_1/imports/new/Master-Basys3.xdc, line 160).
WARNING: set_property ALLOW_COMBINATORIAL_LOOPS could not find object (constraint file  C:/Users/ASUS/Desktop/Vivado_tasks/Lab2/Task5/BISTABLE_CELL.srcs/constrs_1/imports/new/Master-Basys3.xdc, line 160).
WARNING: set_property ALLOW_COMBINATORIAL_LOOPS could not find object (constraint file  C:/Users/ASUS/Desktop/Vivado_tasks/Lab2/Task5/BISTABLE_CELL.srcs/constrs_1/imports/new/Master-Basys3.xdc, line 160).
WARNING: set_property ALLOW_COMBINATORIAL_LOOPS could not find object (constraint file  C:/Users/ASUS/Desktop/Vivado_tasks/Lab2/Task5/BISTABLE_CELL.srcs/constrs_1/imports/new/Master-Basys3.xdc, line 160).
WARNING: set_property ALLOW_COMBINATORIAL_LOOPS could not find object (constraint file  C:/Users/ASUS/Desktop/Vivado_tasks/Lab2/Task5/BISTABLE_CELL.srcs/constrs_1/imports/new/Master-Basys3.xdc, line 160).
WARNING: set_property ALLOW_COMBINATORIAL_LOOPS could not find object (constraint file  C:/Users/ASUS/Desktop/Vivado_tasks/Lab2/Task5/BISTABLE_CELL.srcs/constrs_1/imports/new/Master-Basys3.xdc, line 160).
WARNING: set_property ALLOW_COMBINATORIAL_LOOPS could not find object (constraint file  C:/Users/ASUS/Desktop/Vivado_tasks/Lab2/Task5/BISTABLE_CELL.srcs/constrs_1/imports/new/Master-Basys3.xdc, line 160).
WARNING: set_property ALLOW_COMBINATORIAL_LOOPS could not find object (constraint file  C:/Users/ASUS/Desktop/Vivado_tasks/Lab2/Task5/BISTABLE_CELL.srcs/constrs_1/imports/new/Master-Basys3.xdc, line 160).
WARNING: set_property ALLOW_COMBINATORIAL_LOOPS could not find object (constraint file  C:/Users/ASUS/Desktop/Vivado_tasks/Lab2/Task5/BISTABLE_CELL.srcs/constrs_1/imports/new/Master-Basys3.xdc, line 160).
WARNING: set_property ALLOW_COMBINATORIAL_LOOPS could not find object (constraint file  C:/Users/ASUS/Desktop/Vivado_tasks/Lab2/Task5/BISTABLE_CELL.srcs/constrs_1/imports/new/Master-Basys3.xdc, line 160).
WARNING: set_property ALLOW_COMBINATORIAL_LOOPS could not find object (constraint file  C:/Users/ASUS/Desktop/Vivado_tasks/Lab2/Task5/BISTABLE_CELL.srcs/constrs_1/imports/new/Master-Basys3.xdc, line 160).
WARNING: set_property ALLOW_COMBINATORIAL_LOOPS could not find object (constraint file  C:/Users/ASUS/Desktop/Vivado_tasks/Lab2/Task5/BISTABLE_CELL.srcs/constrs_1/imports/new/Master-Basys3.xdc, line 160).
WARNING: set_property ALLOW_COMBINATORIAL_LOOPS could not find object (constraint file  C:/Users/ASUS/Desktop/Vivado_tasks/Lab2/Task5/BISTABLE_CELL.srcs/constrs_1/imports/new/Master-Basys3.xdc, line 160).
WARNING: set_property ALLOW_COMBINATORIAL_LOOPS could not find object (constraint file  C:/Users/ASUS/Desktop/Vivado_tasks/Lab2/Task5/BISTABLE_CELL.srcs/constrs_1/imports/new/Master-Basys3.xdc, line 160).
WARNING: set_property ALLOW_COMBINATORIAL_LOOPS could not find object (constraint file  C:/Users/ASUS/Desktop/Vivado_tasks/Lab2/Task5/BISTABLE_CELL.srcs/constrs_1/imports/new/Master-Basys3.xdc, line 160).
WARNING: set_property ALLOW_COMBINATORIAL_LOOPS could not find object (constraint file  C:/Users/ASUS/Desktop/Vivado_tasks/Lab2/Task5/BISTABLE_CELL.srcs/constrs_1/imports/new/Master-Basys3.xdc, line 160).
WARNING: set_property ALLOW_COMBINATORIAL_LOOPS could not find object (constraint file  C:/Users/ASUS/Desktop/Vivado_tasks/Lab2/Task5/BISTABLE_CELL.srcs/constrs_1/imports/new/Master-Basys3.xdc, line 160).
WARNING: set_property ALLOW_COMBINATORIAL_LOOPS could not find object (constraint file  C:/Users/ASUS/Desktop/Vivado_tasks/Lab2/Task5/BISTABLE_CELL.srcs/constrs_1/imports/new/Master-Basys3.xdc, line 160).
WARNING: set_property ALLOW_COMBINATORIAL_LOOPS could not find object (constraint file  C:/Users/ASUS/Desktop/Vivado_tasks/Lab2/Task5/BISTABLE_CELL.srcs/constrs_1/imports/new/Master-Basys3.xdc, line 160).
WARNING: set_property ALLOW_COMBINATORIAL_LOOPS could not find object (constraint file  C:/Users/ASUS/Desktop/Vivado_tasks/Lab2/Task5/BISTABLE_CELL.srcs/constrs_1/imports/new/Master-Basys3.xdc, line 160).
WARNING: set_property ALLOW_COMBINATORIAL_LOOPS could not find object (constraint file  C:/Users/ASUS/Desktop/Vivado_tasks/Lab2/Task5/BISTABLE_CELL.srcs/constrs_1/imports/new/Master-Basys3.xdc, line 160).
WARNING: set_property ALLOW_COMBINATORIAL_LOOPS could not find object (constraint file  C:/Users/ASUS/Desktop/Vivado_tasks/Lab2/Task5/BISTABLE_CELL.srcs/constrs_1/imports/new/Master-Basys3.xdc, line 160).
---------------------------------------------------------------------------------
Finished applying 'set_property' XDC Constraints : Time (s): cpu = 00:00:19 ; elapsed = 00:00:20 . Memory (MB): peak = 1436.883 ; gain = 566.277
---------------------------------------------------------------------------------
---------------------------------------------------------------------------------
Finished RTL Optimization Phase 2 : Time (s): cpu = 00:00:19 ; elapsed = 00:00:21 . Memory (MB): peak = 1436.883 ; gain = 566.277
---------------------------------------------------------------------------------
INFO: [Synth 8-223] decloning instance 'BISTABLE_CELLS[0].BISTABLE_CELL_INST' (BISTABLE_INVS) to 'BISTABLE_CELLS[1].BISTABLE_CELL_INST'
INFO: [Synth 8-223] decloning instance 'BISTABLE_CELLS[0].BISTABLE_CELL_INST' (BISTABLE_INVS) to 'BISTABLE_CELLS[2].BISTABLE_CELL_INST'
INFO: [Synth 8-223] decloning instance 'BISTABLE_CELLS[0].BISTABLE_CELL_INST' (BISTABLE_INVS) to 'BISTABLE_CELLS[3].BISTABLE_CELL_INST'
INFO: [Synth 8-223] decloning instance 'BISTABLE_CELLS[0].BISTABLE_CELL_INST' (BISTABLE_INVS) to 'BISTABLE_CELLS[4].BISTABLE_CELL_INST'
INFO: [Synth 8-223] decloning instance 'BISTABLE_CELLS[0].BISTABLE_CELL_INST' (BISTABLE_INVS) to 'BISTABLE_CELLS[5].BISTABLE_CELL_INST'
INFO: [Synth 8-223] decloning instance 'BISTABLE_CELLS[0].BISTABLE_CELL_INST' (BISTABLE_INVS) to 'BISTABLE_CELLS[6].BISTABLE_CELL_INST'
INFO: [Synth 8-223] decloning instance 'BISTABLE_CELLS[0].BISTABLE_CELL_INST' (BISTABLE_INVS) to 'BISTABLE_CELLS[7].BISTABLE_CELL_INST'
INFO: [Synth 8-223] decloning instance 'BISTABLE_CELLS[0].BISTABLE_CELL_INST' (BISTABLE_INVS) to 'BISTABLE_CELLS[8].BISTABLE_CELL_INST'
INFO: [Synth 8-223] decloning instance 'BISTABLE_CELLS[0].BISTABLE_CELL_INST' (BISTABLE_INVS) to 'BISTABLE_CELLS[9].BISTABLE_CELL_INST'
INFO: [Synth 8-223] decloning instance 'BISTABLE_CELLS[0].BISTABLE_CELL_INST' (BISTABLE_INVS) to 'BISTABLE_CELLS[10].BISTABLE_CELL_INST'
INFO: [Synth 8-223] decloning instance 'BISTABLE_CELLS[0].BISTABLE_CELL_INST' (BISTABLE_INVS) to 'BISTABLE_CELLS[11].BISTABLE_CELL_INST'
INFO: [Synth 8-223] decloning instance 'BISTABLE_CELLS[0].BISTABLE_CELL_INST' (BISTABLE_INVS) to 'BISTABLE_CELLS[12].BISTABLE_CELL_INST'
INFO: [Synth 8-223] decloning instance 'BISTABLE_CELLS[0].BISTABLE_CELL_INST' (BISTABLE_INVS) to 'BISTABLE_CELLS[13].BISTABLE_CELL_INST'
INFO: [Synth 8-223] decloning instance 'BISTABLE_CELLS[0].BISTABLE_CELL_INST' (BISTABLE_INVS) to 'BISTABLE_CELLS[14].BISTABLE_CELL_INST'
INFO: [Synth 8-223] decloning instance 'BISTABLE_CELLS[0].BISTABLE_CELL_INST' (BISTABLE_INVS) to 'BISTABLE_CELLS[15].BISTABLE_CELL_INST'
---------------------------------------------------------------------------------
Start RTL Component Statistics 
---------------------------------------------------------------------------------
Detailed RTL Component Info : 
+---Muxes : 
	   2 Input    1 Bit        Muxes := 2     
---------------------------------------------------------------------------------
Finished RTL Component Statistics 
---------------------------------------------------------------------------------
---------------------------------------------------------------------------------
Start Part Resource Summary
---------------------------------------------------------------------------------
Part Resources:
DSPs: 90 (col length:60)
BRAMs: 100 (col length: RAMB18 60 RAMB36 30)
---------------------------------------------------------------------------------
Finished Part Resource Summary
---------------------------------------------------------------------------------
---------------------------------------------------------------------------------
Start Cross Boundary and Area Optimization
---------------------------------------------------------------------------------
WARNING: [Synth 8-7080] Parallel synthesis criteria is not met
---------------------------------------------------------------------------------
Finished Cross Boundary and Area Optimization : Time (s): cpu = 00:00:21 ; elapsed = 00:00:22 . Memory (MB): peak = 1436.883 ; gain = 566.277
---------------------------------------------------------------------------------
---------------------------------------------------------------------------------
Start Applying XDC Timing Constraints
---------------------------------------------------------------------------------
---------------------------------------------------------------------------------
Finished Applying XDC Timing Constraints : Time (s): cpu = 00:00:24 ; elapsed = 00:00:26 . Memory (MB): peak = 1436.883 ; gain = 566.277
---------------------------------------------------------------------------------
---------------------------------------------------------------------------------
Start Timing Optimization
---------------------------------------------------------------------------------
---------------------------------------------------------------------------------
Finished Timing Optimization : Time (s): cpu = 00:00:24 ; elapsed = 00:00:26 . Memory (MB): peak = 1436.883 ; gain = 566.277
---------------------------------------------------------------------------------
---------------------------------------------------------------------------------
Start Technology Mapping
---------------------------------------------------------------------------------
---------------------------------------------------------------------------------
Finished Technology Mapping : Time (s): cpu = 00:00:24 ; elapsed = 00:00:26 . Memory (MB): peak = 1436.883 ; gain = 566.277
---------------------------------------------------------------------------------
---------------------------------------------------------------------------------
Start IO Insertion
---------------------------------------------------------------------------------
---------------------------------------------------------------------------------
Start Flattening Before IO Insertion
---------------------------------------------------------------------------------
---------------------------------------------------------------------------------
Finished Flattening Before IO Insertion
---------------------------------------------------------------------------------
---------------------------------------------------------------------------------
Start Final Netlist Cleanup
---------------------------------------------------------------------------------
---------------------------------------------------------------------------------
Finished Final Netlist Cleanup
---------------------------------------------------------------------------------

*** Running vivado
    with args -log BISTABLE_CELL.vds -m64 -product Vivado -mode batch -messageDb vivado.pb -notrace -source BISTABLE_CELL.tcl


Режим вывода команд на экран (ECHO) отключен.
Режим вывода команд на экран (ECHO) отключен.

****** Vivado v2023.2 (64-bit)
  **** SW Build 4029153 on Fri Oct 13 20:14:34 MDT 2023
  **** IP Build 4028589 on Sat Oct 14 00:45:43 MDT 2023
  **** SharedData Build 4025554 on Tue Oct 10 17:18:54 MDT 2023
    ** Copyright 1986-2022 Xilinx, Inc. All Rights Reserved.
    ** Copyright 2022-2023 Advanced Micro Devices, Inc. All Rights Reserved.

source BISTABLE_CELL.tcl -notrace
create_project: Time (s): cpu = 00:00:05 ; elapsed = 00:00:06 . Memory (MB): peak = 475.363 ; gain = 178.797
Command: read_checkpoint -auto_incremental -incremental C:/Users/ASUS/Desktop/Vivado_tasks/Lab2/Task5/BISTABLE_CELL.srcs/utils_1/imports/synth_1/BISTABLE_CELL.dcp
INFO: [Vivado 12-5825] Read reference checkpoint from C:/Users/ASUS/Desktop/Vivado_tasks/Lab2/Task5/BISTABLE_CELL.srcs/utils_1/imports/synth_1/BISTABLE_CELL.dcp for incremental synthesis
INFO: [Vivado 12-7989] Please ensure there are no constraint changes
Command: synth_design -top BISTABLE_CELL -part xc7a35tcpg236-1
Starting synth_design
Attempting to get a license for feature 'Synthesis' and/or device 'xc7a35t'
INFO: [Common 17-349] Got license for feature 'Synthesis' and/or device 'xc7a35t'
INFO: [Device 21-403] Loading part xc7a35tcpg236-1
INFO: [Designutils 20-5440] No compile time benefit to using incremental synthesis; A full resynthesis will be run
INFO: [Designutils 20-4379] Flow is switching to default flow due to incremental criteria not met. If you would like to alter this behaviour and have the flow terminate instead, please set the following parameter config_implementation {autoIncr.Synth.RejectBehavior Terminate}
INFO: [Synth 8-7079] Multithreading enabled for synth_design using a maximum of 2 processes.
INFO: [Synth 8-7078] Launching helper process for spawning children vivado processes
INFO: [Synth 8-7075] Helper process launched with PID 1732
---------------------------------------------------------------------------------
Starting RTL Elaboration : Time (s): cpu = 00:00:15 ; elapsed = 00:00:16 . Memory (MB): peak = 1314.742 ; gain = 442.461
---------------------------------------------------------------------------------
INFO: [Synth 8-638] synthesizing module 'BISTABLE_CELL' [C:/Users/ASUS/Desktop/Vivado_tasks/Lab2/Task5/BISTABLE_CELL.srcs/sources_1/new/BISTABLE_CELL.vhd:45]
INFO: [Synth 8-638] synthesizing module 'BISTABLE_INVS' [C:/Users/ASUS/Desktop/Vivado_tasks/Lab2/Task5/BISTABLE_CELL.srcs/sources_1/imports/new/BISTABLE_INVS.vhd:44]
INFO: [Synth 8-638] synthesizing module 'INV_LUT1' [C:/Users/ASUS/Desktop/Vivado_tasks/Lab2/Task5/BISTABLE_CELL.srcs/sources_1/imports/new/INV_LUT1.vhd:45]
INFO: [Synth 8-638] synthesizing module 'LUTN' [C:/Users/ASUS/Desktop/Vivado_tasks/Lab2/Task5/BISTABLE_CELL.srcs/sources_1/imports/new/LUTN.vhd:51]
INFO: [Synth 8-256] done synthesizing module 'LUTN' (0#1) [C:/Users/ASUS/Desktop/Vivado_tasks/Lab2/Task5/BISTABLE_CELL.srcs/sources_1/imports/new/LUTN.vhd:51]
INFO: [Synth 8-256] done synthesizing module 'INV_LUT1' (0#1) [C:/Users/ASUS/Desktop/Vivado_tasks/Lab2/Task5/BISTABLE_CELL.srcs/sources_1/imports/new/INV_LUT1.vhd:45]
INFO: [Synth 8-256] done synthesizing module 'BISTABLE_INVS' (0#1) [C:/Users/ASUS/Desktop/Vivado_tasks/Lab2/Task5/BISTABLE_CELL.srcs/sources_1/imports/new/BISTABLE_INVS.vhd:44]
INFO: [Synth 8-256] done synthesizing module 'BISTABLE_CELL' (0#1) [C:/Users/ASUS/Desktop/Vivado_tasks/Lab2/Task5/BISTABLE_CELL.srcs/sources_1/new/BISTABLE_CELL.vhd:45]
---------------------------------------------------------------------------------
Finished RTL Elaboration : Time (s): cpu = 00:00:20 ; elapsed = 00:00:22 . Memory (MB): peak = 1421.699 ; gain = 549.418
---------------------------------------------------------------------------------
---------------------------------------------------------------------------------
Start Handling Custom Attributes
---------------------------------------------------------------------------------
---------------------------------------------------------------------------------
Finished Handling Custom Attributes : Time (s): cpu = 00:00:20 ; elapsed = 00:00:22 . Memory (MB): peak = 1421.699 ; gain = 549.418
---------------------------------------------------------------------------------
---------------------------------------------------------------------------------
Finished RTL Optimization Phase 1 : Time (s): cpu = 00:00:20 ; elapsed = 00:00:22 . Memory (MB): peak = 1421.699 ; gain = 549.418
---------------------------------------------------------------------------------
Netlist sorting complete. Time (s): cpu = 00:00:00 ; elapsed = 00:00:00.002 . Memory (MB): peak = 1421.699 ; gain = 0.000
INFO: [Project 1-570] Preparing netlist for logic optimization

Processing XDC Constraints
Initializing timing engine
Parsing XDC File [C:/Users/ASUS/Desktop/Vivado_tasks/Lab2/Task5/BISTABLE_CELL.srcs/constrs_1/imports/new/Master-Basys3.xdc]
Finished Parsing XDC File [C:/Users/ASUS/Desktop/Vivado_tasks/Lab2/Task5/BISTABLE_CELL.srcs/constrs_1/imports/new/Master-Basys3.xdc]
INFO: [Project 1-236] Implementation specific constraints were found while reading constraint file [C:/Users/ASUS/Desktop/Vivado_tasks/Lab2/Task5/BISTABLE_CELL.srcs/constrs_1/imports/new/Master-Basys3.xdc]. These constraints will be ignored for synthesis but will be used in implementation. Impacted constraints are listed in the file [.Xil/BISTABLE_CELL_propImpl.xdc].
Resolution: To avoid this warning, move constraints listed in [.Xil/BISTABLE_CELL_propImpl.xdc] to another XDC file and exclude this new file from synthesis with the used_in_synthesis property (File Properties dialog in GUI) and re-run elaboration/synthesis.
Completed Processing XDC Constraints

Netlist sorting complete. Time (s): cpu = 00:00:00 ; elapsed = 00:00:00.001 . Memory (MB): peak = 1483.059 ; gain = 0.000
INFO: [Project 1-111] Unisim Transformation Summary:
No Unisim elements were transformed.

Системе не удается найти указанный путь.
Constraint Validation Runtime : Time (s): cpu = 00:00:00 ; elapsed = 00:00:00.018 . Memory (MB): peak = 1483.059 ; gain = 0.000
INFO: [Designutils 20-5440] No compile time benefit to using incremental synthesis; A full resynthesis will be run
INFO: [Designutils 20-4379] Flow is switching to default flow due to incremental criteria not met. If you would like to alter this behaviour and have the flow terminate instead, please set the following parameter config_implementation {autoIncr.Synth.RejectBehavior Terminate}
---------------------------------------------------------------------------------
Finished Constraint Validation : Time (s): cpu = 00:00:41 ; elapsed = 00:00:45 . Memory (MB): peak = 1483.059 ; gain = 610.777
---------------------------------------------------------------------------------
---------------------------------------------------------------------------------
Start Loading Part and Timing Information
---------------------------------------------------------------------------------
Loading part: xc7a35tcpg236-1
---------------------------------------------------------------------------------
Finished Loading Part and Timing Information : Time (s): cpu = 00:00:41 ; elapsed = 00:00:45 . Memory (MB): peak = 1483.059 ; gain = 610.777
---------------------------------------------------------------------------------
---------------------------------------------------------------------------------
Start Applying 'set_property' XDC Constraints
---------------------------------------------------------------------------------
WARNING: set_property ALLOW_COMBINATORIAL_LOOPS could not find object (constraint file  C:/Users/ASUS/Desktop/Vivado_tasks/Lab2/Task5/BISTABLE_CELL.srcs/constrs_1/imports/new/Master-Basys3.xdc, line 160).
WARNING: set_property ALLOW_COMBINATORIAL_LOOPS could not find object (constraint file  C:/Users/ASUS/Desktop/Vivado_tasks/Lab2/Task5/BISTABLE_CELL.srcs/constrs_1/imports/new/Master-Basys3.xdc, line 160).
WARNING: set_property ALLOW_COMBINATORIAL_LOOPS could not find object (constraint file  C:/Users/ASUS/Desktop/Vivado_tasks/Lab2/Task5/BISTABLE_CELL.srcs/constrs_1/imports/new/Master-Basys3.xdc, line 160).
WARNING: set_property ALLOW_COMBINATORIAL_LOOPS could not find object (constraint file  C:/Users/ASUS/Desktop/Vivado_tasks/Lab2/Task5/BISTABLE_CELL.srcs/constrs_1/imports/new/Master-Basys3.xdc, line 160).
WARNING: set_property ALLOW_COMBINATORIAL_LOOPS could not find object (constraint file  C:/Users/ASUS/Desktop/Vivado_tasks/Lab2/Task5/BISTABLE_CELL.srcs/constrs_1/imports/new/Master-Basys3.xdc, line 160).
WARNING: set_property ALLOW_COMBINATORIAL_LOOPS could not find object (constraint file  C:/Users/ASUS/Desktop/Vivado_tasks/Lab2/Task5/BISTABLE_CELL.srcs/constrs_1/imports/new/Master-Basys3.xdc, line 160).
WARNING: set_property ALLOW_COMBINATORIAL_LOOPS could not find object (constraint file  C:/Users/ASUS/Desktop/Vivado_tasks/Lab2/Task5/BISTABLE_CELL.srcs/constrs_1/imports/new/Master-Basys3.xdc, line 160).
WARNING: set_property ALLOW_COMBINATORIAL_LOOPS could not find object (constraint file  C:/Users/ASUS/Desktop/Vivado_tasks/Lab2/Task5/BISTABLE_CELL.srcs/constrs_1/imports/new/Master-Basys3.xdc, line 160).
WARNING: set_property ALLOW_COMBINATORIAL_LOOPS could not find object (constraint file  C:/Users/ASUS/Desktop/Vivado_tasks/Lab2/Task5/BISTABLE_CELL.srcs/constrs_1/imports/new/Master-Basys3.xdc, line 160).
WARNING: set_property ALLOW_COMBINATORIAL_LOOPS could not find object (constraint file  C:/Users/ASUS/Desktop/Vivado_tasks/Lab2/Task5/BISTABLE_CELL.srcs/constrs_1/imports/new/Master-Basys3.xdc, line 160).
WARNING: set_property ALLOW_COMBINATORIAL_LOOPS could not find object (constraint file  C:/Users/ASUS/Desktop/Vivado_tasks/Lab2/Task5/BISTABLE_CELL.srcs/constrs_1/imports/new/Master-Basys3.xdc, line 160).
WARNING: set_property ALLOW_COMBINATORIAL_LOOPS could not find object (constraint file  C:/Users/ASUS/Desktop/Vivado_tasks/Lab2/Task5/BISTABLE_CELL.srcs/constrs_1/imports/new/Master-Basys3.xdc, line 160).
WARNING: set_property ALLOW_COMBINATORIAL_LOOPS could not find object (constraint file  C:/Users/ASUS/Desktop/Vivado_tasks/Lab2/Task5/BISTABLE_CELL.srcs/constrs_1/imports/new/Master-Basys3.xdc, line 160).
WARNING: set_property ALLOW_COMBINATORIAL_LOOPS could not find object (constraint file  C:/Users/ASUS/Desktop/Vivado_tasks/Lab2/Task5/BISTABLE_CELL.srcs/constrs_1/imports/new/Master-Basys3.xdc, line 160).
WARNING: set_property ALLOW_COMBINATORIAL_LOOPS could not find object (constraint file  C:/Users/ASUS/Desktop/Vivado_tasks/Lab2/Task5/BISTABLE_CELL.srcs/constrs_1/imports/new/Master-Basys3.xdc, line 160).
WARNING: set_property ALLOW_COMBINATORIAL_LOOPS could not find object (constraint file  C:/Users/ASUS/Desktop/Vivado_tasks/Lab2/Task5/BISTABLE_CELL.srcs/constrs_1/imports/new/Master-Basys3.xdc, line 160).
WARNING: set_property ALLOW_COMBINATORIAL_LOOPS could not find object (constraint file  C:/Users/ASUS/Desktop/Vivado_tasks/Lab2/Task5/BISTABLE_CELL.srcs/constrs_1/imports/new/Master-Basys3.xdc, line 160).
WARNING: set_property ALLOW_COMBINATORIAL_LOOPS could not find object (constraint file  C:/Users/ASUS/Desktop/Vivado_tasks/Lab2/Task5/BISTABLE_CELL.srcs/constrs_1/imports/new/Master-Basys3.xdc, line 160).
WARNING: set_property ALLOW_COMBINATORIAL_LOOPS could not find object (constraint file  C:/Users/ASUS/Desktop/Vivado_tasks/Lab2/Task5/BISTABLE_CELL.srcs/constrs_1/imports/new/Master-Basys3.xdc, line 160).
WARNING: set_property ALLOW_COMBINATORIAL_LOOPS could not find object (constraint file  C:/Users/ASUS/Desktop/Vivado_tasks/Lab2/Task5/BISTABLE_CELL.srcs/constrs_1/imports/new/Master-Basys3.xdc, line 160).
WARNING: set_property ALLOW_COMBINATORIAL_LOOPS could not find object (constraint file  C:/Users/ASUS/Desktop/Vivado_tasks/Lab2/Task5/BISTABLE_CELL.srcs/constrs_1/imports/new/Master-Basys3.xdc, line 160).
WARNING: set_property ALLOW_COMBINATORIAL_LOOPS could not find object (constraint file  C:/Users/ASUS/Desktop/Vivado_tasks/Lab2/Task5/BISTABLE_CELL.srcs/constrs_1/imports/new/Master-Basys3.xdc, line 160).
WARNING: set_property ALLOW_COMBINATORIAL_LOOPS could not find object (constraint file  C:/Users/ASUS/Desktop/Vivado_tasks/Lab2/Task5/BISTABLE_CELL.srcs/constrs_1/imports/new/Master-Basys3.xdc, line 160).
WARNING: set_property ALLOW_COMBINATORIAL_LOOPS could not find object (constraint file  C:/Users/ASUS/Desktop/Vivado_tasks/Lab2/Task5/BISTABLE_CELL.srcs/constrs_1/imports/new/Master-Basys3.xdc, line 160).
WARNING: set_property ALLOW_COMBINATORIAL_LOOPS could not find object (constraint file  C:/Users/ASUS/Desktop/Vivado_tasks/Lab2/Task5/BISTABLE_CELL.srcs/constrs_1/imports/new/Master-Basys3.xdc, line 160).
WARNING: set_property ALLOW_COMBINATORIAL_LOOPS could not find object (constraint file  C:/Users/ASUS/Desktop/Vivado_tasks/Lab2/Task5/BISTABLE_CELL.srcs/constrs_1/imports/new/Master-Basys3.xdc, line 160).
WARNING: set_property ALLOW_COMBINATORIAL_LOOPS could not find object (constraint file  C:/Users/ASUS/Desktop/Vivado_tasks/Lab2/Task5/BISTABLE_CELL.srcs/constrs_1/imports/new/Master-Basys3.xdc, line 160).
WARNING: set_property ALLOW_COMBINATORIAL_LOOPS could not find object (constraint file  C:/Users/ASUS/Desktop/Vivado_tasks/Lab2/Task5/BISTABLE_CELL.srcs/constrs_1/imports/new/Master-Basys3.xdc, line 160).
WARNING: set_property ALLOW_COMBINATORIAL_LOOPS could not find object (constraint file  C:/Users/ASUS/Desktop/Vivado_tasks/Lab2/Task5/BISTABLE_CELL.srcs/constrs_1/imports/new/Master-Basys3.xdc, line 160).
WARNING: set_property ALLOW_COMBINATORIAL_LOOPS could not find object (constraint file  C:/Users/ASUS/Desktop/Vivado_tasks/Lab2/Task5/BISTABLE_CELL.srcs/constrs_1/imports/new/Master-Basys3.xdc, line 160).
WARNING: set_property ALLOW_COMBINATORIAL_LOOPS could not find object (constraint file  C:/Users/ASUS/Desktop/Vivado_tasks/Lab2/Task5/BISTABLE_CELL.srcs/constrs_1/imports/new/Master-Basys3.xdc, line 160).
WARNING: set_property ALLOW_COMBINATORIAL_LOOPS could not find object (constraint file  C:/Users/ASUS/Desktop/Vivado_tasks/Lab2/Task5/BISTABLE_CELL.srcs/constrs_1/imports/new/Master-Basys3.xdc, line 160).
WARNING: set_property ALLOW_COMBINATORIAL_LOOPS could not find object (constraint file  C:/Users/ASUS/Desktop/Vivado_tasks/Lab2/Task5/BISTABLE_CELL.srcs/constrs_1/imports/new/Master-Basys3.xdc, line 160).
WARNING: set_property ALLOW_COMBINATORIAL_LOOPS could not find object (constraint file  C:/Users/ASUS/Desktop/Vivado_tasks/Lab2/Task5/BISTABLE_CELL.srcs/constrs_1/imports/new/Master-Basys3.xdc, line 160).
WARNING: set_property ALLOW_COMBINATORIAL_LOOPS could not find object (constraint file  C:/Users/ASUS/Desktop/Vivado_tasks/Lab2/Task5/BISTABLE_CELL.srcs/constrs_1/imports/new/Master-Basys3.xdc, line 160).
WARNING: set_property ALLOW_COMBINATORIAL_LOOPS could not find object (constraint file  C:/Users/ASUS/Desktop/Vivado_tasks/Lab2/Task5/BISTABLE_CELL.srcs/constrs_1/imports/new/Master-Basys3.xdc, line 160).
WARNING: set_property ALLOW_COMBINATORIAL_LOOPS could not find object (constraint file  C:/Users/ASUS/Desktop/Vivado_tasks/Lab2/Task5/BISTABLE_CELL.srcs/constrs_1/imports/new/Master-Basys3.xdc, line 160).
WARNING: set_property ALLOW_COMBINATORIAL_LOOPS could not find object (constraint file  C:/Users/ASUS/Desktop/Vivado_tasks/Lab2/Task5/BISTABLE_CELL.srcs/constrs_1/imports/new/Master-Basys3.xdc, line 160).
WARNING: set_property ALLOW_COMBINATORIAL_LOOPS could not find object (constraint file  C:/Users/ASUS/Desktop/Vivado_tasks/Lab2/Task5/BISTABLE_CELL.srcs/constrs_1/imports/new/Master-Basys3.xdc, line 160).
WARNING: set_property ALLOW_COMBINATORIAL_LOOPS could not find object (constraint file  C:/Users/ASUS/Desktop/Vivado_tasks/Lab2/Task5/BISTABLE_CELL.srcs/constrs_1/imports/new/Master-Basys3.xdc, line 160).
WARNING: set_property ALLOW_COMBINATORIAL_LOOPS could not find object (constraint file  C:/Users/ASUS/Desktop/Vivado_tasks/Lab2/Task5/BISTABLE_CELL.srcs/constrs_1/imports/new/Master-Basys3.xdc, line 160).
WARNING: set_property ALLOW_COMBINATORIAL_LOOPS could not find object (constraint file  C:/Users/ASUS/Desktop/Vivado_tasks/Lab2/Task5/BISTABLE_CELL.srcs/constrs_1/imports/new/Master-Basys3.xdc, line 160).
WARNING: set_property ALLOW_COMBINATORIAL_LOOPS could not find object (constraint file  C:/Users/ASUS/Desktop/Vivado_tasks/Lab2/Task5/BISTABLE_CELL.srcs/constrs_1/imports/new/Master-Basys3.xdc, line 160).
WARNING: set_property ALLOW_COMBINATORIAL_LOOPS could not find object (constraint file  C:/Users/ASUS/Desktop/Vivado_tasks/Lab2/Task5/BISTABLE_CELL.srcs/constrs_1/imports/new/Master-Basys3.xdc, line 160).
WARNING: set_property ALLOW_COMBINATORIAL_LOOPS could not find object (constraint file  C:/Users/ASUS/Desktop/Vivado_tasks/Lab2/Task5/BISTABLE_CELL.srcs/constrs_1/imports/new/Master-Basys3.xdc, line 160).
WARNING: set_property ALLOW_COMBINATORIAL_LOOPS could not find object (constraint file  C:/Users/ASUS/Desktop/Vivado_tasks/Lab2/Task5/BISTABLE_CELL.srcs/constrs_1/imports/new/Master-Basys3.xdc, line 160).
WARNING: set_property ALLOW_COMBINATORIAL_LOOPS could not find object (constraint file  C:/Users/ASUS/Desktop/Vivado_tasks/Lab2/Task5/BISTABLE_CELL.srcs/constrs_1/imports/new/Master-Basys3.xdc, line 160).
WARNING: set_property ALLOW_COMBINATORIAL_LOOPS could not find object (constraint file  C:/Users/ASUS/Desktop/Vivado_tasks/Lab2/Task5/BISTABLE_CELL.srcs/constrs_1/imports/new/Master-Basys3.xdc, line 160).
WARNING: set_property ALLOW_COMBINATORIAL_LOOPS could not find object (constraint file  C:/Users/ASUS/Desktop/Vivado_tasks/Lab2/Task5/BISTABLE_CELL.srcs/constrs_1/imports/new/Master-Basys3.xdc, line 160).
WARNING: set_property ALLOW_COMBINATORIAL_LOOPS could not find object (constraint file  C:/Users/ASUS/Desktop/Vivado_tasks/Lab2/Task5/BISTABLE_CELL.srcs/constrs_1/imports/new/Master-Basys3.xdc, line 160).
WARNING: set_property ALLOW_COMBINATORIAL_LOOPS could not find object (constraint file  C:/Users/ASUS/Desktop/Vivado_tasks/Lab2/Task5/BISTABLE_CELL.srcs/constrs_1/imports/new/Master-Basys3.xdc, line 160).
WARNING: set_property ALLOW_COMBINATORIAL_LOOPS could not find object (constraint file  C:/Users/ASUS/Desktop/Vivado_tasks/Lab2/Task5/BISTABLE_CELL.srcs/constrs_1/imports/new/Master-Basys3.xdc, line 160).
WARNING: set_property ALLOW_COMBINATORIAL_LOOPS could not find object (constraint file  C:/Users/ASUS/Desktop/Vivado_tasks/Lab2/Task5/BISTABLE_CELL.srcs/constrs_1/imports/new/Master-Basys3.xdc, line 160).
WARNING: set_property ALLOW_COMBINATORIAL_LOOPS could not find object (constraint file  C:/Users/ASUS/Desktop/Vivado_tasks/Lab2/Task5/BISTABLE_CELL.srcs/constrs_1/imports/new/Master-Basys3.xdc, line 160).
WARNING: set_property ALLOW_COMBINATORIAL_LOOPS could not find object (constraint file  C:/Users/ASUS/Desktop/Vivado_tasks/Lab2/Task5/BISTABLE_CELL.srcs/constrs_1/imports/new/Master-Basys3.xdc, line 160).
WARNING: set_property ALLOW_COMBINATORIAL_LOOPS could not find object (constraint file  C:/Users/ASUS/Desktop/Vivado_tasks/Lab2/Task5/BISTABLE_CELL.srcs/constrs_1/imports/new/Master-Basys3.xdc, line 160).
WARNING: set_property ALLOW_COMBINATORIAL_LOOPS could not find object (constraint file  C:/Users/ASUS/Desktop/Vivado_tasks/Lab2/Task5/BISTABLE_CELL.srcs/constrs_1/imports/new/Master-Basys3.xdc, line 160).
WARNING: set_property ALLOW_COMBINATORIAL_LOOPS could not find object (constraint file  C:/Users/ASUS/Desktop/Vivado_tasks/Lab2/Task5/BISTABLE_CELL.srcs/constrs_1/imports/new/Master-Basys3.xdc, line 160).
WARNING: set_property ALLOW_COMBINATORIAL_LOOPS could not find object (constraint file  C:/Users/ASUS/Desktop/Vivado_tasks/Lab2/Task5/BISTABLE_CELL.srcs/constrs_1/imports/new/Master-Basys3.xdc, line 160).
WARNING: set_property ALLOW_COMBINATORIAL_LOOPS could not find object (constraint file  C:/Users/ASUS/Desktop/Vivado_tasks/Lab2/Task5/BISTABLE_CELL.srcs/constrs_1/imports/new/Master-Basys3.xdc, line 160).
WARNING: set_property ALLOW_COMBINATORIAL_LOOPS could not find object (constraint file  C:/Users/ASUS/Desktop/Vivado_tasks/Lab2/Task5/BISTABLE_CELL.srcs/constrs_1/imports/new/Master-Basys3.xdc, line 160).
WARNING: set_property ALLOW_COMBINATORIAL_LOOPS could not find object (constraint file  C:/Users/ASUS/Desktop/Vivado_tasks/Lab2/Task5/BISTABLE_CELL.srcs/constrs_1/imports/new/Master-Basys3.xdc, line 160).
WARNING: set_property ALLOW_COMBINATORIAL_LOOPS could not find object (constraint file  C:/Users/ASUS/Desktop/Vivado_tasks/Lab2/Task5/BISTABLE_CELL.srcs/constrs_1/imports/new/Master-Basys3.xdc, line 160).
WARNING: set_property ALLOW_COMBINATORIAL_LOOPS could not find object (constraint file  C:/Users/ASUS/Desktop/Vivado_tasks/Lab2/Task5/BISTABLE_CELL.srcs/constrs_1/imports/new/Master-Basys3.xdc, line 160).
WARNING: set_property ALLOW_COMBINATORIAL_LOOPS could not find object (constraint file  C:/Users/ASUS/Desktop/Vivado_tasks/Lab2/Task5/BISTABLE_CELL.srcs/constrs_1/imports/new/Master-Basys3.xdc, line 160).
WARNING: set_property ALLOW_COMBINATORIAL_LOOPS could not find object (constraint file  C:/Users/ASUS/Desktop/Vivado_tasks/Lab2/Task5/BISTABLE_CELL.srcs/constrs_1/imports/new/Master-Basys3.xdc, line 160).
WARNING: set_property ALLOW_COMBINATORIAL_LOOPS could not find object (constraint file  C:/Users/ASUS/Desktop/Vivado_tasks/Lab2/Task5/BISTABLE_CELL.srcs/constrs_1/imports/new/Master-Basys3.xdc, line 160).
WARNING: set_property ALLOW_COMBINATORIAL_LOOPS could not find object (constraint file  C:/Users/ASUS/Desktop/Vivado_tasks/Lab2/Task5/BISTABLE_CELL.srcs/constrs_1/imports/new/Master-Basys3.xdc, line 160).
WARNING: set_property ALLOW_COMBINATORIAL_LOOPS could not find object (constraint file  C:/Users/ASUS/Desktop/Vivado_tasks/Lab2/Task5/BISTABLE_CELL.srcs/constrs_1/imports/new/Master-Basys3.xdc, line 160).
WARNING: set_property ALLOW_COMBINATORIAL_LOOPS could not find object (constraint file  C:/Users/ASUS/Desktop/Vivado_tasks/Lab2/Task5/BISTABLE_CELL.srcs/constrs_1/imports/new/Master-Basys3.xdc, line 160).
WARNING: set_property ALLOW_COMBINATORIAL_LOOPS could not find object (constraint file  C:/Users/ASUS/Desktop/Vivado_tasks/Lab2/Task5/BISTABLE_CELL.srcs/constrs_1/imports/new/Master-Basys3.xdc, line 160).
WARNING: set_property ALLOW_COMBINATORIAL_LOOPS could not find object (constraint file  C:/Users/ASUS/Desktop/Vivado_tasks/Lab2/Task5/BISTABLE_CELL.srcs/constrs_1/imports/new/Master-Basys3.xdc, line 160).
WARNING: set_property ALLOW_COMBINATORIAL_LOOPS could not find object (constraint file  C:/Users/ASUS/Desktop/Vivado_tasks/Lab2/Task5/BISTABLE_CELL.srcs/constrs_1/imports/new/Master-Basys3.xdc, line 160).
WARNING: set_property ALLOW_COMBINATORIAL_LOOPS could not find object (constraint file  C:/Users/ASUS/Desktop/Vivado_tasks/Lab2/Task5/BISTABLE_CELL.srcs/constrs_1/imports/new/Master-Basys3.xdc, line 160).
WARNING: set_property ALLOW_COMBINATORIAL_LOOPS could not find object (constraint file  C:/Users/ASUS/Desktop/Vivado_tasks/Lab2/Task5/BISTABLE_CELL.srcs/constrs_1/imports/new/Master-Basys3.xdc, line 160).
WARNING: set_property ALLOW_COMBINATORIAL_LOOPS could not find object (constraint file  C:/Users/ASUS/Desktop/Vivado_tasks/Lab2/Task5/BISTABLE_CELL.srcs/constrs_1/imports/new/Master-Basys3.xdc, line 160).
WARNING: set_property ALLOW_COMBINATORIAL_LOOPS could not find object (constraint file  C:/Users/ASUS/Desktop/Vivado_tasks/Lab2/Task5/BISTABLE_CELL.srcs/constrs_1/imports/new/Master-Basys3.xdc, line 160).
WARNING: set_property ALLOW_COMBINATORIAL_LOOPS could not find object (constraint file  C:/Users/ASUS/Desktop/Vivado_tasks/Lab2/Task5/BISTABLE_CELL.srcs/constrs_1/imports/new/Master-Basys3.xdc, line 160).
WARNING: set_property ALLOW_COMBINATORIAL_LOOPS could not find object (constraint file  C:/Users/ASUS/Desktop/Vivado_tasks/Lab2/Task5/BISTABLE_CELL.srcs/constrs_1/imports/new/Master-Basys3.xdc, line 160).
WARNING: set_property ALLOW_COMBINATORIAL_LOOPS could not find object (constraint file  C:/Users/ASUS/Desktop/Vivado_tasks/Lab2/Task5/BISTABLE_CELL.srcs/constrs_1/imports/new/Master-Basys3.xdc, line 160).
WARNING: set_property ALLOW_COMBINATORIAL_LOOPS could not find object (constraint file  C:/Users/ASUS/Desktop/Vivado_tasks/Lab2/Task5/BISTABLE_CELL.srcs/constrs_1/imports/new/Master-Basys3.xdc, line 160).
WARNING: set_property ALLOW_COMBINATORIAL_LOOPS could not find object (constraint file  C:/Users/ASUS/Desktop/Vivado_tasks/Lab2/Task5/BISTABLE_CELL.srcs/constrs_1/imports/new/Master-Basys3.xdc, line 160).
WARNING: set_property ALLOW_COMBINATORIAL_LOOPS could not find object (constraint file  C:/Users/ASUS/Desktop/Vivado_tasks/Lab2/Task5/BISTABLE_CELL.srcs/constrs_1/imports/new/Master-Basys3.xdc, line 160).
WARNING: set_property ALLOW_COMBINATORIAL_LOOPS could not find object (constraint file  C:/Users/ASUS/Desktop/Vivado_tasks/Lab2/Task5/BISTABLE_CELL.srcs/constrs_1/imports/new/Master-Basys3.xdc, line 160).
WARNING: set_property ALLOW_COMBINATORIAL_LOOPS could not find object (constraint file  C:/Users/ASUS/Desktop/Vivado_tasks/Lab2/Task5/BISTABLE_CELL.srcs/constrs_1/imports/new/Master-Basys3.xdc, line 160).
WARNING: set_property ALLOW_COMBINATORIAL_LOOPS could not find object (constraint file  C:/Users/ASUS/Desktop/Vivado_tasks/Lab2/Task5/BISTABLE_CELL.srcs/constrs_1/imports/new/Master-Basys3.xdc, line 160).
WARNING: set_property ALLOW_COMBINATORIAL_LOOPS could not find object (constraint file  C:/Users/ASUS/Desktop/Vivado_tasks/Lab2/Task5/BISTABLE_CELL.srcs/constrs_1/imports/new/Master-Basys3.xdc, line 160).
WARNING: set_property ALLOW_COMBINATORIAL_LOOPS could not find object (constraint file  C:/Users/ASUS/Desktop/Vivado_tasks/Lab2/Task5/BISTABLE_CELL.srcs/constrs_1/imports/new/Master-Basys3.xdc, line 160).
WARNING: set_property ALLOW_COMBINATORIAL_LOOPS could not find object (constraint file  C:/Users/ASUS/Desktop/Vivado_tasks/Lab2/Task5/BISTABLE_CELL.srcs/constrs_1/imports/new/Master-Basys3.xdc, line 160).
WARNING: set_property ALLOW_COMBINATORIAL_LOOPS could not find object (constraint file  C:/Users/ASUS/Desktop/Vivado_tasks/Lab2/Task5/BISTABLE_CELL.srcs/constrs_1/imports/new/Master-Basys3.xdc, line 160).
WARNING: set_property ALLOW_COMBINATORIAL_LOOPS could not find object (constraint file  C:/Users/ASUS/Desktop/Vivado_tasks/Lab2/Task5/BISTABLE_CELL.srcs/constrs_1/imports/new/Master-Basys3.xdc, line 160).
WARNING: set_property ALLOW_COMBINATORIAL_LOOPS could not find object (constraint file  C:/Users/ASUS/Desktop/Vivado_tasks/Lab2/Task5/BISTABLE_CELL.srcs/constrs_1/imports/new/Master-Basys3.xdc, line 160).
WARNING: set_property ALLOW_COMBINATORIAL_LOOPS could not find object (constraint file  C:/Users/ASUS/Desktop/Vivado_tasks/Lab2/Task5/BISTABLE_CELL.srcs/constrs_1/imports/new/Master-Basys3.xdc, line 160).
WARNING: set_property ALLOW_COMBINATORIAL_LOOPS could not find object (constraint file  C:/Users/ASUS/Desktop/Vivado_tasks/Lab2/Task5/BISTABLE_CELL.srcs/constrs_1/imports/new/Master-Basys3.xdc, line 160).
WARNING: set_property ALLOW_COMBINATORIAL_LOOPS could not find object (constraint file  C:/Users/ASUS/Desktop/Vivado_tasks/Lab2/Task5/BISTABLE_CELL.srcs/constrs_1/imports/new/Master-Basys3.xdc, line 160).
WARNING: set_property ALLOW_COMBINATORIAL_LOOPS could not find object (constraint file  C:/Users/ASUS/Desktop/Vivado_tasks/Lab2/Task5/BISTABLE_CELL.srcs/constrs_1/imports/new/Master-Basys3.xdc, line 160).
---------------------------------------------------------------------------------
Finished applying 'set_property' XDC Constraints : Time (s): cpu = 00:00:42 ; elapsed = 00:00:46 . Memory (MB): peak = 1483.059 ; gain = 610.777
---------------------------------------------------------------------------------
---------------------------------------------------------------------------------
Finished RTL Optimization Phase 2 : Time (s): cpu = 00:00:43 ; elapsed = 00:00:47 . Memory (MB): peak = 1483.059 ; gain = 610.777
---------------------------------------------------------------------------------
---------------------------------------------------------------------------------
Start RTL Component Statistics 
---------------------------------------------------------------------------------
Detailed RTL Component Info : 
+---Muxes : 
	   2 Input    1 Bit        Muxes := 32    
---------------------------------------------------------------------------------
Finished RTL Component Statistics 
---------------------------------------------------------------------------------
---------------------------------------------------------------------------------
Start Part Resource Summary
---------------------------------------------------------------------------------
Part Resources:
DSPs: 90 (col length:60)
BRAMs: 100 (col length: RAMB18 60 RAMB36 30)
---------------------------------------------------------------------------------
Finished Part Resource Summary
---------------------------------------------------------------------------------
---------------------------------------------------------------------------------
Start Cross Boundary and Area Optimization
---------------------------------------------------------------------------------
WARNING: [Synth 8-7080] Parallel synthesis criteria is not met
---------------------------------------------------------------------------------
Finished Cross Boundary and Area Optimization : Time (s): cpu = 00:00:47 ; elapsed = 00:00:52 . Memory (MB): peak = 1483.059 ; gain = 610.777
---------------------------------------------------------------------------------
---------------------------------------------------------------------------------
Start Applying XDC Timing Constraints
---------------------------------------------------------------------------------
---------------------------------------------------------------------------------
Finished Applying XDC Timing Constraints : Time (s): cpu = 00:00:53 ; elapsed = 00:00:58 . Memory (MB): peak = 1483.059 ; gain = 610.777
---------------------------------------------------------------------------------
---------------------------------------------------------------------------------
Start Timing Optimization
---------------------------------------------------------------------------------
---------------------------------------------------------------------------------
Finished Timing Optimization : Time (s): cpu = 00:00:53 ; elapsed = 00:00:58 . Memory (MB): peak = 1483.059 ; gain = 610.777
---------------------------------------------------------------------------------
---------------------------------------------------------------------------------
Start Technology Mapping
---------------------------------------------------------------------------------
---------------------------------------------------------------------------------
Finished Technology Mapping : Time (s): cpu = 00:00:53 ; elapsed = 00:00:58 . Memory (MB): peak = 1483.059 ; gain = 610.777
---------------------------------------------------------------------------------
---------------------------------------------------------------------------------
Start IO Insertion
---------------------------------------------------------------------------------
---------------------------------------------------------------------------------
Start Flattening Before IO Insertion
---------------------------------------------------------------------------------
---------------------------------------------------------------------------------
Finished Flattening Before IO Insertion
---------------------------------------------------------------------------------
---------------------------------------------------------------------------------
Start Final Netlist Cleanup
---------------------------------------------------------------------------------
---------------------------------------------------------------------------------
Finished Final Netlist Cleanup
---------------------------------------------------------------------------------
---------------------------------------------------------------------------------
Finished IO Insertion : Time (s): cpu = 00:00:56 ; elapsed = 00:01:01 . Memory (MB): peak = 1483.059 ; gain = 610.777
---------------------------------------------------------------------------------
---------------------------------------------------------------------------------
Start Renaming Generated Instances
---------------------------------------------------------------------------------
---------------------------------------------------------------------------------
Finished Renaming Generated Instances : Time (s): cpu = 00:00:56 ; elapsed = 00:01:01 . Memory (MB): peak = 1483.059 ; gain = 610.777
---------------------------------------------------------------------------------
---------------------------------------------------------------------------------
Start Rebuilding User Hierarchy
---------------------------------------------------------------------------------
---------------------------------------------------------------------------------
Finished Rebuilding User Hierarchy : Time (s): cpu = 00:00:56 ; elapsed = 00:01:01 . Memory (MB): peak = 1483.059 ; gain = 610.777
---------------------------------------------------------------------------------
---------------------------------------------------------------------------------
Start Renaming Generated Ports
---------------------------------------------------------------------------------
---------------------------------------------------------------------------------
Finished Renaming Generated Ports : Time (s): cpu = 00:00:56 ; elapsed = 00:01:01 . Memory (MB): peak = 1483.059 ; gain = 610.777
---------------------------------------------------------------------------------
---------------------------------------------------------------------------------
Start Handling Custom Attributes
---------------------------------------------------------------------------------
---------------------------------------------------------------------------------
Finished Handling Custom Attributes : Time (s): cpu = 00:00:56 ; elapsed = 00:01:01 . Memory (MB): peak = 1483.059 ; gain = 610.777
---------------------------------------------------------------------------------
---------------------------------------------------------------------------------
Start Renaming Generated Nets
---------------------------------------------------------------------------------
---------------------------------------------------------------------------------
Finished Renaming Generated Nets : Time (s): cpu = 00:00:56 ; elapsed = 00:01:01 . Memory (MB): peak = 1483.059 ; gain = 610.777
---------------------------------------------------------------------------------
---------------------------------------------------------------------------------
Start Writing Synthesis Report
---------------------------------------------------------------------------------

Report BlackBoxes: 
+-+--------------+----------+
| |BlackBox name |Instances |
+-+--------------+----------+
+-+--------------+----------+

Report Cell Usage: 
+------+-----+------+
|      |Cell |Count |
+------+-----+------+
|1     |LUT1 |    32|
|2     |OBUF |    16|
+------+-----+------+
---------------------------------------------------------------------------------
Finished Writing Synthesis Report : Time (s): cpu = 00:00:56 ; elapsed = 00:01:01 . Memory (MB): peak = 1483.059 ; gain = 610.777
---------------------------------------------------------------------------------
Synthesis finished with 0 errors, 0 critical warnings and 1 warnings.
Synthesis Optimization Runtime : Time (s): cpu = 00:00:32 ; elapsed = 00:00:56 . Memory (MB): peak = 1483.059 ; gain = 549.418
Synthesis Optimization Complete : Time (s): cpu = 00:00:56 ; elapsed = 00:01:01 . Memory (MB): peak = 1483.059 ; gain = 610.777
INFO: [Project 1-571] Translating synthesized netlist
Netlist sorting complete. Time (s): cpu = 00:00:00 ; elapsed = 00:00:00 . Memory (MB): peak = 1483.059 ; gain = 0.000
INFO: [Project 1-570] Preparing netlist for logic optimization
INFO: [Opt 31-138] Pushed 0 inverter(s) to 0 load pin(s).
Netlist sorting complete. Time (s): cpu = 00:00:00 ; elapsed = 00:00:00 . Memory (MB): peak = 1483.059 ; gain = 0.000
INFO: [Project 1-111] Unisim Transformation Summary:
No Unisim elements were transformed.

Системе не удается найти указанный путь.
Synth Design complete | Checksum: ac6bea13
INFO: [Common 17-83] Releasing license: Synthesis
27 Infos, 1 Warnings, 0 Critical Warnings and 0 Errors encountered.
synth_design completed successfully
synth_design: Time (s): cpu = 00:01:02 ; elapsed = 00:01:10 . Memory (MB): peak = 1483.059 ; gain = 1003.703
Write ShapeDB Complete: Time (s): cpu = 00:00:00 ; elapsed = 00:00:00.001 . Memory (MB): peak = 1483.059 ; gain = 0.000
INFO: [Common 17-1381] The checkpoint 'C:/Users/ASUS/Desktop/Vivado_tasks/Lab2/Task5/BISTABLE_CELL.runs/synth_1/BISTABLE_CELL.dcp' has been generated.
INFO: [runtcl-4] Executing : report_utilization -file BISTABLE_CELL_utilization_synth.rpt -pb BISTABLE_CELL_utilization_synth.pb
INFO: [Common 17-206] Exiting Vivado at Sat Mar 21 20:35:44 2026...
