#-----------------------------------------------------------
# Vivado v2023.2 (64-bit)
# SW Build 4029153 on Fri Oct 13 20:14:34 MDT 2023
# IP Build 4028589 on Sat Oct 14 00:45:43 MDT 2023
# SharedData Build 4025554 on Tue Oct 10 17:18:54 MDT 2023
# Start of session at: Tue Mar 10 19:21:27 2026
# Process ID: 14732
# Current directory: C:/Users/ASUS/Desktop/Vivado_tasks/Lab2/Task2
# Command line: vivado.exe -gui_launcher_event rodinguilauncherevent8532 C:\Users\ASUS\Desktop\Vivado_tasks\Lab2\Task2\testbench_transform_from7421_to_grey.xpr
# Log file: C:/Users/ASUS/Desktop/Vivado_tasks/Lab2/Task2/vivado.log
# Journal file: C:/Users/ASUS/Desktop/Vivado_tasks/Lab2/Task2\vivado.jou
# Running On: DESKTOP-66O4QSA, OS: Windows, CPU Frequency: 3110 MHz, CPU Physical cores: 12, Host memory: 16858 MB
#-----------------------------------------------------------
start_gui
open_project C:/Users/ASUS/Desktop/Vivado_tasks/Lab2/Task2/testbench_transform_from7421_to_grey.xpr
WARNING: [Board 49-26] cannot add Board Part xilinx.com:kcu105:part0:1.6 available at C:/Xilinx/Vivado/2023.2/data/xhub/boards/XilinxBoardStore/boards/Xilinx/kcu105/1.6/board.xml as part xcku040-ffva1156-2-e specified in board_part file is either invalid or not available
WARNING: [Board 49-26] cannot add Board Part xilinx.com:kcu105:part0:1.7 available at C:/Xilinx/Vivado/2023.2/data/xhub/boards/XilinxBoardStore/boards/Xilinx/kcu105/1.7/board.xml as part xcku040-ffva1156-2-e specified in board_part file is either invalid or not available
WARNING: [Board 49-26] cannot add Board Part xilinx.com:kcu116:part0:1.4 available at C:/Xilinx/Vivado/2023.2/data/xhub/boards/XilinxBoardStore/boards/Xilinx/kcu116/1.4/board.xml as part xcku5p-ffvb676-2-e specified in board_part file is either invalid or not available
WARNING: [Board 49-26] cannot add Board Part xilinx.com:kcu116:part0:1.5 available at C:/Xilinx/Vivado/2023.2/data/xhub/boards/XilinxBoardStore/boards/Xilinx/kcu116/1.5/board.xml as part xcku5p-ffvb676-2-e specified in board_part file is either invalid or not available
WARNING: [Board 49-26] cannot add Board Part xilinx.com:kcu1500:part0:1.2 available at C:/Xilinx/Vivado/2023.2/data/xhub/boards/XilinxBoardStore/boards/Xilinx/kcu1500/1.2/board.xml as part xcku115-flvb2104-2-e specified in board_part file is either invalid or not available
WARNING: [Board 49-26] cannot add Board Part xilinx.com:vck190:part0:2.2 available at C:/Xilinx/Vivado/2023.2/data/xhub/boards/XilinxBoardStore/boards/Xilinx/vck190/production/2.2/board.xml as part xcvc1902-vsva2197-2mp-e-s specified in board_part file is either invalid or not available
WARNING: [Board 49-26] cannot add Board Part xilinx.com:vck190:part0:3.0 available at C:/Xilinx/Vivado/2023.2/data/xhub/boards/XilinxBoardStore/boards/Xilinx/vck190/production/3.0/board.xml as part xcvc1902-vsva2197-2mp-e-s specified in board_part file is either invalid or not available
WARNING: [Board 49-26] cannot add Board Part xilinx.com:vck190:part0:3.1 available at C:/Xilinx/Vivado/2023.2/data/xhub/boards/XilinxBoardStore/boards/Xilinx/vck190/production/3.1/board.xml as part xcvc1902-vsva2197-2mp-e-s specified in board_part file is either invalid or not available
WARNING: [Board 49-26] cannot add Board Part xilinx.com:vck190:part0:3.2 available at C:/Xilinx/Vivado/2023.2/data/xhub/boards/XilinxBoardStore/boards/Xilinx/vck190/production/3.2/board.xml as part xcvc1902-vsva2197-2mp-e-s specified in board_part file is either invalid or not available
WARNING: [Board 49-26] cannot add Board Part xilinx.com:vck190_newl:part0:1.0 available at C:/Xilinx/Vivado/2023.2/data/xhub/boards/XilinxBoardStore/boards/Xilinx/vck190_newl/production/1.0/board.xml as part xcvc1902-vsva2197-2mp-e-s specified in board_part file is either invalid or not available
WARNING: [Board 49-26] cannot add Board Part xilinx.com:vck190_newl:part0:1.1 available at C:/Xilinx/Vivado/2023.2/data/xhub/boards/XilinxBoardStore/boards/Xilinx/vck190_newl/production/1.1/board.xml as part xcvc1902-vsva2197-2mp-e-s specified in board_part file is either invalid or not available
WARNING: [Board 49-26] cannot add Board Part xilinx.com:vcu108:part0:1.6 available at C:/Xilinx/Vivado/2023.2/data/xhub/boards/XilinxBoardStore/boards/Xilinx/vcu108/1.6/board.xml as part xcvu095-ffva2104-2-e specified in board_part file is either invalid or not available
WARNING: [Board 49-26] cannot add Board Part xilinx.com:vcu108:part0:1.7 available at C:/Xilinx/Vivado/2023.2/data/xhub/boards/XilinxBoardStore/boards/Xilinx/vcu108/1.7/board.xml as part xcvu095-ffva2104-2-e specified in board_part file is either invalid or not available
WARNING: [Board 49-26] cannot add Board Part xilinx.com:vcu110:part0:1.4 available at C:/Xilinx/Vivado/2023.2/data/xhub/boards/XilinxBoardStore/boards/Xilinx/vcu110/1.4/board.xml as part xcvu190-flgc2104-2-e specified in board_part file is either invalid or not available
WARNING: [Board 49-26] cannot add Board Part xilinx.com:vcu118:part0:2.0 available at C:/Xilinx/Vivado/2023.2/data/xhub/boards/XilinxBoardStore/boards/Xilinx/vcu118/2.0/board.xml as part xcvu9p-flga2104-2l-e specified in board_part file is either invalid or not available
WARNING: [Board 49-26] cannot add Board Part xilinx.com:vcu118:part0:2.3 available at C:/Xilinx/Vivado/2023.2/data/xhub/boards/XilinxBoardStore/boards/Xilinx/vcu118/2.3/board.xml as part xcvu9p-flga2104-2l-e specified in board_part file is either invalid or not available
WARNING: [Board 49-26] cannot add Board Part xilinx.com:vcu118:part0:2.4 available at C:/Xilinx/Vivado/2023.2/data/xhub/boards/XilinxBoardStore/boards/Xilinx/vcu118/2.4/board.xml as part xcvu9p-flga2104-2l-e specified in board_part file is either invalid or not available
WARNING: [Board 49-26] cannot add Board Part xilinx.com:vcu128:part0:1.0 available at C:/Xilinx/Vivado/2023.2/data/xhub/boards/XilinxBoardStore/boards/Xilinx/vcu128/production/1.0/board.xml as part xcvu37p-fsvh2892-2l-e specified in board_part file is either invalid or not available
WARNING: [Board 49-26] cannot add Board Part xilinx.com:vcu129:part0:1.0 available at C:/Xilinx/Vivado/2023.2/data/xhub/boards/XilinxBoardStore/boards/Xilinx/vcu129/production/1.0/board.xml as part xcvu29p-fsga2577-2l-e specified in board_part file is either invalid or not available
WARNING: [Board 49-26] cannot add Board Part xilinx.com:vcu1525:part0:1.3 available at C:/Xilinx/Vivado/2023.2/data/xhub/boards/XilinxBoardStore/boards/Xilinx/vcu1525/1.3/board.xml as part xcvu9p-fsgd2104-2l-e specified in board_part file is either invalid or not available
WARNING: [Board 49-26] cannot add Board Part xilinx.com:vek280:part0:1.0 available at C:/Xilinx/Vivado/2023.2/data/xhub/boards/XilinxBoardStore/boards/Xilinx/vek280/production/1.0/board.xml as part xcve2802-vsvh1760-2mp-e-s specified in board_part file is either invalid or not available
WARNING: [Board 49-26] cannot add Board Part xilinx.com:vek280_es:part0:1.0 available at C:/Xilinx/Vivado/2023.2/data/xhub/boards/XilinxBoardStore/boards/Xilinx/vek280/es/rev_a/1.0/board.xml as part xcve2802-vsvh1760-2lp-e-s-es1 specified in board_part file is either invalid or not available
WARNING: [Board 49-26] cannot add Board Part xilinx.com:vek280_es:part0:1.1 available at C:/Xilinx/Vivado/2023.2/data/xhub/boards/XilinxBoardStore/boards/Xilinx/vek280/es/rev_a/1.1/board.xml as part xcve2802-vsvh1760-2lp-e-s-es1 specified in board_part file is either invalid or not available
WARNING: [Board 49-26] cannot add Board Part xilinx.com:vek280_es_revb:part0:1.0 available at C:/Xilinx/Vivado/2023.2/data/xhub/boards/XilinxBoardStore/boards/Xilinx/vek280/es/rev_b/1.0/board.xml as part xcve2802-vsvh1760-2mp-e-s-es1 specified in board_part file is either invalid or not available
WARNING: [Board 49-26] cannot add Board Part xilinx.com:vek280_es_revb:part0:1.1 available at C:/Xilinx/Vivado/2023.2/data/xhub/boards/XilinxBoardStore/boards/Xilinx/vek280/es/rev_b/1.1/board.xml as part xcve2802-vsvh1760-2mp-e-s-es1 specified in board_part file is either invalid or not available
WARNING: [Board 49-26] cannot add Board Part xilinx.com:vermeo_t1_mpsoc:part0:1.0 available at C:/Xilinx/Vivado/2023.2/data/xhub/boards/XilinxBoardStore/boards/Xilinx/vermeo_t1_mpsoc/1.0/board.xml as part xczu19eg-ffvd1760-2l-e specified in board_part file is either invalid or not available
WARNING: [Board 49-26] cannot add Board Part xilinx.com:vermeo_t1_rfsoc:part0:1.0 available at C:/Xilinx/Vivado/2023.2/data/xhub/boards/XilinxBoardStore/boards/Xilinx/vermeo_t1_rfsoc/1.0/board.xml as part xczu21dr-ffvd1156-2l-e specified in board_part file is either invalid or not available
WARNING: [Board 49-26] cannot add Board Part xilinx.com:vhk158:part0:1.0 available at C:/Xilinx/Vivado/2023.2/data/xhub/boards/XilinxBoardStore/boards/Xilinx/vhk158/production/1.0/board.xml as part xcvh1582-vsva3697-2mp-e-s specified in board_part file is either invalid or not available
WARNING: [Board 49-26] cannot add Board Part xilinx.com:vhk158:part0:1.1 available at C:/Xilinx/Vivado/2023.2/data/xhub/boards/XilinxBoardStore/boards/Xilinx/vhk158/production/1.1/board.xml as part xcvh1582-vsva3697-2mp-e-s specified in board_part file is either invalid or not available
WARNING: [Board 49-26] cannot add Board Part xilinx.com:vhk158_es:part0:1.0 available at C:/Xilinx/Vivado/2023.2/data/xhub/boards/XilinxBoardStore/boards/Xilinx/vhk158/es/1.0/board.xml as part xcvh1582-vsva3697-2mp-e-s-es1 specified in board_part file is either invalid or not available
WARNING: [Board 49-26] cannot add Board Part xilinx.com:vhk158_es:part0:1.1 available at C:/Xilinx/Vivado/2023.2/data/xhub/boards/XilinxBoardStore/boards/Xilinx/vhk158/es/1.1/board.xml as part xcvh1582-vsva3697-2mp-e-s-es1 specified in board_part file is either invalid or not available
WARNING: [Board 49-26] cannot add Board Part xilinx.com:vmk180:part0:2.2 available at C:/Xilinx/Vivado/2023.2/data/xhub/boards/XilinxBoardStore/boards/Xilinx/vmk180/production/2.2/board.xml as part xcvm1802-vsva2197-2mp-e-s specified in board_part file is either invalid or not available
WARNING: [Board 49-26] cannot add Board Part xilinx.com:vmk180:part0:3.0 available at C:/Xilinx/Vivado/2023.2/data/xhub/boards/XilinxBoardStore/boards/Xilinx/vmk180/production/3.0/board.xml as part xcvm1802-vsva2197-2mp-e-s specified in board_part file is either invalid or not available
WARNING: [Board 49-26] cannot add Board Part xilinx.com:vmk180:part0:3.1 available at C:/Xilinx/Vivado/2023.2/data/xhub/boards/XilinxBoardStore/boards/Xilinx/vmk180/production/3.1/board.xml as part xcvm1802-vsva2197-2mp-e-s specified in board_part file is either invalid or not available
WARNING: [Board 49-26] cannot add Board Part xilinx.com:vmk180:part0:3.2 available at C:/Xilinx/Vivado/2023.2/data/xhub/boards/XilinxBoardStore/boards/Xilinx/vmk180/production/3.2/board.xml as part xcvm1802-vsva2197-2mp-e-s specified in board_part file is either invalid or not available
WARNING: [Board 49-26] cannot add Board Part xilinx.com:vmk180_newl:part0:1.0 available at C:/Xilinx/Vivado/2023.2/data/xhub/boards/XilinxBoardStore/boards/Xilinx/vmk180_newl/production/1.0/board.xml as part xcvm1802-vsva2197-2mp-e-s specified in board_part file is either invalid or not available
WARNING: [Board 49-26] cannot add Board Part xilinx.com:vmk180_newl:part0:1.1 available at C:/Xilinx/Vivado/2023.2/data/xhub/boards/XilinxBoardStore/boards/Xilinx/vmk180_newl/production/1.1/board.xml as part xcvm1802-vsva2197-2mp-e-s specified in board_part file is either invalid or not available
WARNING: [Board 49-26] cannot add Board Part xilinx.com:vpk120:part0:1.0 available at C:/Xilinx/Vivado/2023.2/data/xhub/boards/XilinxBoardStore/boards/Xilinx/vpk120/production/1.0/board.xml as part xcvp1202-vsva2785-2mp-e-s specified in board_part file is either invalid or not available
WARNING: [Board 49-26] cannot add Board Part xilinx.com:vpk120:part0:1.1 available at C:/Xilinx/Vivado/2023.2/data/xhub/boards/XilinxBoardStore/boards/Xilinx/vpk120/production/1.1/board.xml as part xcvp1202-vsva2785-2mp-e-s specified in board_part file is either invalid or not available
WARNING: [Board 49-26] cannot add Board Part xilinx.com:vpk120:part0:1.2 available at C:/Xilinx/Vivado/2023.2/data/xhub/boards/XilinxBoardStore/boards/Xilinx/vpk120/production/1.2/board.xml as part xcvp1202-vsva2785-2mp-e-s specified in board_part file is either invalid or not available
WARNING: [Board 49-26] cannot add Board Part xilinx.com:vpk180:part0:1.0 available at C:/Xilinx/Vivado/2023.2/data/xhub/boards/XilinxBoardStore/boards/Xilinx/vpk180/production/1.0/board.xml as part xcvp1802-lsvc4072-2mp-e-s specified in board_part file is either invalid or not available
WARNING: [Board 49-26] cannot add Board Part xilinx.com:vpk180:part0:1.1 available at C:/Xilinx/Vivado/2023.2/data/xhub/boards/XilinxBoardStore/boards/Xilinx/vpk180/production/1.1/board.xml as part xcvp1802-lsvc4072-2mp-e-s specified in board_part file is either invalid or not available
WARNING: [Board 49-26] cannot add Board Part xilinx.com:zc702:part0:1.4 available at C:/Xilinx/Vivado/2023.2/data/xhub/boards/XilinxBoardStore/boards/Xilinx/zc702/1.4/board.xml as part xc7z020clg484-1 specified in board_part file is either invalid or not available
WARNING: [Board 49-26] cannot add Board Part xilinx.com:zc706:part0:1.4 available at C:/Xilinx/Vivado/2023.2/data/xhub/boards/XilinxBoardStore/boards/Xilinx/zc706/1.4/board.xml as part xc7z045ffg900-2 specified in board_part file is either invalid or not available
WARNING: [Board 49-26] cannot add Board Part xilinx.com:zcu102:part0:3.3 available at C:/Xilinx/Vivado/2023.2/data/xhub/boards/XilinxBoardStore/boards/Xilinx/zcu102/3.3/board.xml as part xczu9eg-ffvb1156-2-e specified in board_part file is either invalid or not available
WARNING: [Board 49-26] cannot add Board Part xilinx.com:zcu102:part0:3.4 available at C:/Xilinx/Vivado/2023.2/data/xhub/boards/XilinxBoardStore/boards/Xilinx/zcu102/3.4/board.xml as part xczu9eg-ffvb1156-2-e specified in board_part file is either invalid or not available
WARNING: [Board 49-26] cannot add Board Part xilinx.com:zcu104:part0:1.1 available at C:/Xilinx/Vivado/2023.2/data/xhub/boards/XilinxBoardStore/boards/Xilinx/zcu104/1.1/board.xml as part xczu7ev-ffvc1156-2-e specified in board_part file is either invalid or not available
WARNING: [Board 49-26] cannot add Board Part xilinx.com:zcu106:part0:2.4 available at C:/Xilinx/Vivado/2023.2/data/xhub/boards/XilinxBoardStore/boards/Xilinx/zcu106/2.4/board.xml as part xczu7ev-ffvc1156-2-e specified in board_part file is either invalid or not available
WARNING: [Board 49-26] cannot add Board Part xilinx.com:zcu106:part0:2.5 available at C:/Xilinx/Vivado/2023.2/data/xhub/boards/XilinxBoardStore/boards/Xilinx/zcu106/2.5/board.xml as part xczu7ev-ffvc1156-2-e specified in board_part file is either invalid or not available
WARNING: [Board 49-26] cannot add Board Part xilinx.com:zcu106:part0:2.6 available at C:/Xilinx/Vivado/2023.2/data/xhub/boards/XilinxBoardStore/boards/Xilinx/zcu106/2.6/board.xml as part xczu7ev-ffvc1156-2-e specified in board_part file is either invalid or not available
WARNING: [Board 49-26] cannot add Board Part xilinx.com:zcu111:part0:1.2 available at C:/Xilinx/Vivado/2023.2/data/xhub/boards/XilinxBoardStore/boards/Xilinx/zcu111/1.2/board.xml as part xczu28dr-ffvg1517-2-e specified in board_part file is either invalid or not available
WARNING: [Board 49-26] cannot add Board Part xilinx.com:zcu111:part0:1.3 available at C:/Xilinx/Vivado/2023.2/data/xhub/boards/XilinxBoardStore/boards/Xilinx/zcu111/1.3/board.xml as part xczu28dr-ffvg1517-2-e specified in board_part file is either invalid or not available
WARNING: [Board 49-26] cannot add Board Part xilinx.com:zcu111:part0:1.4 available at C:/Xilinx/Vivado/2023.2/data/xhub/boards/XilinxBoardStore/boards/Xilinx/zcu111/1.4/board.xml as part xczu28dr-ffvg1517-2-e specified in board_part file is either invalid or not available
WARNING: [Board 49-26] cannot add Board Part xilinx.com:zcu1275:part0:1.0 available at C:/Xilinx/Vivado/2023.2/data/xhub/boards/XilinxBoardStore/boards/Xilinx/zcu1275/1.0/board.xml as part xczu29dr-ffvf1760-2-e specified in board_part file is either invalid or not available
WARNING: [Board 49-26] cannot add Board Part xilinx.com:zcu1285:part0:1.0 available at C:/Xilinx/Vivado/2023.2/data/xhub/boards/XilinxBoardStore/boards/Xilinx/zcu1285/1.0/board.xml as part xczu39dr-ffvf1760-2-i specified in board_part file is either invalid or not available
WARNING: [Board 49-26] cannot add Board Part xilinx.com:zcu208:part0:2.0 available at C:/Xilinx/Vivado/2023.2/data/xhub/boards/XilinxBoardStore/boards/Xilinx/zcu208/production/2.0/board.xml as part xczu48dr-fsvg1517-2-e specified in board_part file is either invalid or not available
WARNING: [Board 49-26] cannot add Board Part xilinx.com:zcu208ld:part0:2.0 available at C:/Xilinx/Vivado/2023.2/data/xhub/boards/XilinxBoardStore/boards/Xilinx/zcu208ld/production/2.0/board.xml as part xczu58dr-fsvg1517-2-i specified in board_part file is either invalid or not available
WARNING: [Board 49-26] cannot add Board Part xilinx.com:zcu216:part0:2.0 available at C:/Xilinx/Vivado/2023.2/data/xhub/boards/XilinxBoardStore/boards/Xilinx/zcu216/production/2.0/board.xml as part xczu49dr-ffvf1760-2-e specified in board_part file is either invalid or not available
WARNING: [Board 49-26] cannot add Board Part xilinx.com:zcu216ld:part0:2.0 available at C:/Xilinx/Vivado/2023.2/data/xhub/boards/XilinxBoardStore/boards/Xilinx/zcu216ld/production/2.0/board.xml as part xczu59dr-ffvf1760-2-i specified in board_part file is either invalid or not available
WARNING: [Board 49-26] cannot add Board Part xilinx.com:zcu670:part0:2.0 available at C:/Xilinx/Vivado/2023.2/data/xhub/boards/XilinxBoardStore/boards/Xilinx/zcu670/2.0/board.xml as part xczu67dr-fsve1156-2-i specified in board_part file is either invalid or not available
WARNING: [Board 49-26] cannot add Board Part xilinx.com:zcu670ld:part0:1.0 available at C:/Xilinx/Vivado/2023.2/data/xhub/boards/XilinxBoardStore/boards/Xilinx/zcu670ld/1.0/board.xml as part xczu57dr-fsve1156-2-i specified in board_part file is either invalid or not available
INFO: [filemgmt 56-3] Default IP Output Path : Could not find the directory 'C:/Users/ASUS/Desktop/Vivado_tasks/Lab2/Task2/testbench_transform_from7421_to_grey.gen/sources_1'.
Scanning sources...
Finished scanning sources
INFO: [IP_Flow 19-234] Refreshing IP repositories
INFO: [IP_Flow 19-1704] No user IP repositories specified
INFO: [IP_Flow 19-2313] Loaded Vivado IP repository 'C:/Xilinx/Vivado/2023.2/data/ip'.
open_project: Time (s): cpu = 00:00:29 ; elapsed = 00:00:14 . Memory (MB): peak = 1477.684 ; gain = 175.879
update_compile_order -fileset sources_1
update_compile_order -fileset sources_1
export_ip_user_files -of_objects  [get_files C:/Users/ASUS/Desktop/Vivado_tasks/Lab2/Task1/transform_from7421_to_grey.runs/impl_1/code_transformer_opt.dcp] -no_script -reset -force -quiet
export_ip_user_files -of_objects  [get_files C:/Users/ASUS/Desktop/Vivado_tasks/Lab2/Task1/transform_from7421_to_grey.runs/impl_1/code_transformer_physopt.dcp] -no_script -reset -force -quiet
export_ip_user_files -of_objects  [get_files C:/Users/ASUS/Desktop/Vivado_tasks/Lab2/Task1/transform_from7421_to_grey.runs/impl_1/code_transformer_placed.dcp] -no_script -reset -force -quiet
export_ip_user_files -of_objects  [get_files C:/Users/ASUS/Desktop/Vivado_tasks/Lab2/Task1/transform_from7421_to_grey.runs/impl_1/code_transformer_routed.dcp] -no_script -reset -force -quiet
remove_files  {C:/Users/ASUS/Desktop/Vivado_tasks/Lab2/Task1/transform_from7421_to_grey.runs/impl_1/code_transformer_opt.dcp C:/Users/ASUS/Desktop/Vivado_tasks/Lab2/Task1/transform_from7421_to_grey.runs/impl_1/code_transformer_physopt.dcp C:/Users/ASUS/Desktop/Vivado_tasks/Lab2/Task1/transform_from7421_to_grey.runs/impl_1/code_transformer_placed.dcp C:/Users/ASUS/Desktop/Vivado_tasks/Lab2/Task1/transform_from7421_to_grey.runs/impl_1/code_transformer_routed.dcp}
launch_simulation
Command: launch_simulation 
INFO: [Vivado 12-12493] Simulation top is 'testbench_code_transformer'
WARNING: [Vivado 12-13340] Unable to auto find GCC executables from simulator install path! (path not set)
INFO: [Vivado 12-5682] Launching behavioral simulation in 'C:/Users/ASUS/Desktop/Vivado_tasks/Lab2/Task2/testbench_transform_from7421_to_grey.sim/sim_1/behav/xsim'
INFO: [SIM-utils-51] Simulation object is 'sim_1'
INFO: [SIM-utils-72] Using boost library from 'C:/Xilinx/Vivado/2023.2/tps/boost_1_72_0'
INFO: [SIM-utils-54] Inspecting design source files for 'testbench_code_transformer' in fileset 'sim_1'...
INFO: [USF-XSim-97] Finding global include files...
INFO: [USF-XSim-98] Fetching design files from 'sim_1'...
INFO: [USF-XSim-2] XSim::Compile design
INFO: [USF-XSim-61] Executing 'COMPILE and ANALYZE' step in 'C:/Users/ASUS/Desktop/Vivado_tasks/Lab2/Task2/testbench_transform_from7421_to_grey.sim/sim_1/behav/xsim'
"xvhdl --incr --relax -prj testbench_code_transformer_vhdl.prj"
Режим вывода команд на экран (ECHO) отключен.
Режим вывода команд на экран (ECHO) отключен.
INFO: [VRFC 10-163] Analyzing VHDL file "C:/Users/ASUS/Desktop/Vivado_tasks/MyGates/my_gates.srcs/sources_1/new/My_gates.vhd" into library my_gateslib
INFO: [VRFC 10-163] Analyzing VHDL file "C:/Users/ASUS/Desktop/Vivado_tasks/MyGates/my_gates.srcs/sources_1/new/MUX2.vhd" into library my_gateslib
INFO: [VRFC 10-3107] analyzing entity 'MUX2'
INFO: [VRFC 10-163] Analyzing VHDL file "C:/Users/ASUS/Desktop/Vivado_tasks/MyGates/my_gates.srcs/sources_1/new/MUX2AND.vhd" into library my_gateslib
INFO: [VRFC 10-3107] analyzing entity 'MUX2AND'
INFO: [VRFC 10-163] Analyzing VHDL file "C:/Users/ASUS/Desktop/Vivado_tasks/MyGates/my_gates.srcs/sources_1/new/ANDN.vhd" into library my_gateslib
INFO: [VRFC 10-3107] analyzing entity 'ANDN'
INFO: [VRFC 10-163] Analyzing VHDL file "C:/Users/ASUS/Desktop/Vivado_tasks/MyGates/my_gates.srcs/sources_1/new/INV.vhd" into library my_gateslib
INFO: [VRFC 10-3107] analyzing entity 'INV'
INFO: [VRFC 10-163] Analyzing VHDL file "C:/Users/ASUS/Desktop/Vivado_tasks/MyGates/my_gates.srcs/sources_1/new/MUX2OR.vhd" into library my_gateslib
INFO: [VRFC 10-3107] analyzing entity 'MUX2OR'
INFO: [VRFC 10-163] Analyzing VHDL file "C:/Users/ASUS/Desktop/Vivado_tasks/MyGates/my_gates.srcs/sources_1/new/ORN.vhd" into library my_gateslib
INFO: [VRFC 10-3107] analyzing entity 'ORN'
INFO: [VRFC 10-163] Analyzing VHDL file "C:/Users/ASUS/Desktop/Vivado_tasks/Lab2/Task1/transform_from7421_to_grey.srcs/sources_1/new/code_transformer.vhd" into library xil_defaultlib
INFO: [VRFC 10-3107] analyzing entity 'code_transformer'
run_program: Time (s): cpu = 00:00:02 ; elapsed = 00:00:06 . Memory (MB): peak = 1536.957 ; gain = 14.516
INFO: [USF-XSim-69] 'compile' step finished in '6' seconds
INFO: [USF-XSim-3] XSim::Elaborate design
INFO: [USF-XSim-61] Executing 'ELABORATE' step in 'C:/Users/ASUS/Desktop/Vivado_tasks/Lab2/Task2/testbench_transform_from7421_to_grey.sim/sim_1/behav/xsim'
"xelab --incr --debug typical --relax --mt 2 -L xil_defaultlib -L my_gateslib -L secureip --snapshot testbench_code_transformer_behav xil_defaultlib.testbench_code_transformer -log elaborate.log"
Режим вывода команд на экран (ECHO) отключен.
Режим вывода команд на экран (ECHO) отключен.
Vivado Simulator v2023.2
Copyright 1986-2022 Xilinx, Inc. All Rights Reserved.
Copyright 2022-2023 Advanced Micro Devices, Inc. All Rights Reserved.
Running: C:/Xilinx/Vivado/2023.2/bin/unwrapped/win64.o/xelab.exe --incr --debug typical --relax --mt 2 -L xil_defaultlib -L my_gateslib -L secureip --snapshot testbench_code_transformer_behav xil_defaultlib.testbench_code_transformer -log elaborate.log 
Using 2 slave threads.
Starting static elaboration
Completed static elaboration
Starting simulation data flow analysis
Completed simulation data flow analysis
Time Resolution for simulation is 1ps
Compiling package std.standard
Compiling package std.textio
Compiling package ieee.std_logic_1164
Compiling package my_gateslib.my_components
Compiling architecture behavioral of entity my_gateslib.INV [inv_default]
Compiling architecture behavioral of entity my_gateslib.MUX2 [mux2_default]
Compiling architecture behavioral of entity my_gateslib.MUX2AND [mux2and_default]
Compiling architecture behavioral of entity my_gateslib.ANDN [\ANDN(n=4)\]
Compiling architecture behavioral of entity my_gateslib.MUX2OR [mux2or_default]
Compiling architecture behavioral of entity my_gateslib.ORN [orn_default]
Compiling architecture behavioral of entity my_gateslib.ANDN [andn_default]
Compiling architecture behavioral of entity my_gateslib.ANDN [\ANDN(n=3)\]
Compiling architecture behavioral of entity my_gateslib.ORN [\ORN(n=3)\]
Compiling architecture behavioral of entity xil_defaultlib.code_transformer [code_transformer_default]
Compiling architecture behavioral of entity xil_defaultlib.testbench_code_transformer
Built simulation snapshot testbench_code_transformer_behav
run_program: Time (s): cpu = 00:00:01 ; elapsed = 00:00:11 . Memory (MB): peak = 1536.957 ; gain = 0.000
INFO: [USF-XSim-69] 'elaborate' step finished in '11' seconds
INFO: [USF-XSim-4] XSim::Simulate design
INFO: [USF-XSim-61] Executing 'SIMULATE' step in 'C:/Users/ASUS/Desktop/Vivado_tasks/Lab2/Task2/testbench_transform_from7421_to_grey.sim/sim_1/behav/xsim'
INFO: [USF-XSim-98] *** Running xsim
   with args "testbench_code_transformer_behav -key {Behavioral:sim_1:Functional:testbench_code_transformer} -tclbatch {testbench_code_transformer.tcl} -log {simulate.log}"
INFO: [USF-XSim-8] Loading simulator feature
Time resolution is 1 ps
source testbench_code_transformer.tcl
# set curr_wave [current_wave_config]
# if { [string length $curr_wave] == 0 } {
#   if { [llength [get_objects]] > 0} {
#     add_wave /
#     set_property needs_save false [current_wave_config]
#   } else {
#      send_msg_id Add_Wave-1 WARNING "No top level signals found. Simulator will start without a wave window. If you want to open a wave window go to 'File->New Waveform Configuration' or type 'create_wave_config' in the TCL console."
#   }
# }
# run 1000ns
INFO: [USF-XSim-96] XSim completed. Design snapshot 'testbench_code_transformer_behav' loaded.
INFO: [USF-XSim-97] XSim simulation ran for 1000ns
launch_simulation: Time (s): cpu = 00:00:12 ; elapsed = 00:00:24 . Memory (MB): peak = 1572.770 ; gain = 50.328
run all
Note: ----------START TEST----------
Time: 3 us  Iteration: 0  Process: /testbench_code_transformer/Test  File: C:/Users/ASUS/Desktop/Vivado_tasks/Lab2/Task2/testbench_transform_from7421_to_grey.srcs/sources_1/new/testbench_code_transformer.vhd
Note: Test 0 passed.Input: 0000,output: 0000,expected: 0000
Time: 3 us  Iteration: 0  Process: /testbench_code_transformer/Test  File: C:/Users/ASUS/Desktop/Vivado_tasks/Lab2/Task2/testbench_transform_from7421_to_grey.srcs/sources_1/new/testbench_code_transformer.vhd
Note: ----------END TEST----------
Time: 3 us  Iteration: 0  Process: /testbench_code_transformer/Test  File: C:/Users/ASUS/Desktop/Vivado_tasks/Lab2/Task2/testbench_transform_from7421_to_grey.srcs/sources_1/new/testbench_code_transformer.vhd
Note: ----------START TEST----------
Time: 4 us  Iteration: 0  Process: /testbench_code_transformer/Test  File: C:/Users/ASUS/Desktop/Vivado_tasks/Lab2/Task2/testbench_transform_from7421_to_grey.srcs/sources_1/new/testbench_code_transformer.vhd
Note: Test 1 passed.Input: 0001,output: 0001,expected: 0001
Time: 4 us  Iteration: 0  Process: /testbench_code_transformer/Test  File: C:/Users/ASUS/Desktop/Vivado_tasks/Lab2/Task2/testbench_transform_from7421_to_grey.srcs/sources_1/new/testbench_code_transformer.vhd
Note: ----------END TEST----------
Time: 4 us  Iteration: 0  Process: /testbench_code_transformer/Test  File: C:/Users/ASUS/Desktop/Vivado_tasks/Lab2/Task2/testbench_transform_from7421_to_grey.srcs/sources_1/new/testbench_code_transformer.vhd
Note: ----------START TEST----------
Time: 5 us  Iteration: 0  Process: /testbench_code_transformer/Test  File: C:/Users/ASUS/Desktop/Vivado_tasks/Lab2/Task2/testbench_transform_from7421_to_grey.srcs/sources_1/new/testbench_code_transformer.vhd
Note: Test 2 passed.Input: 0010,output: 0011,expected: 0011
Time: 5 us  Iteration: 0  Process: /testbench_code_transformer/Test  File: C:/Users/ASUS/Desktop/Vivado_tasks/Lab2/Task2/testbench_transform_from7421_to_grey.srcs/sources_1/new/testbench_code_transformer.vhd
Note: ----------END TEST----------
Time: 5 us  Iteration: 0  Process: /testbench_code_transformer/Test  File: C:/Users/ASUS/Desktop/Vivado_tasks/Lab2/Task2/testbench_transform_from7421_to_grey.srcs/sources_1/new/testbench_code_transformer.vhd
Note: ----------START TEST----------
Time: 6 us  Iteration: 0  Process: /testbench_code_transformer/Test  File: C:/Users/ASUS/Desktop/Vivado_tasks/Lab2/Task2/testbench_transform_from7421_to_grey.srcs/sources_1/new/testbench_code_transformer.vhd
Note: Test 3 passed.Input: 0011,output: 0010,expected: 0010
Time: 6 us  Iteration: 0  Process: /testbench_code_transformer/Test  File: C:/Users/ASUS/Desktop/Vivado_tasks/Lab2/Task2/testbench_transform_from7421_to_grey.srcs/sources_1/new/testbench_code_transformer.vhd
Note: ----------END TEST----------
Time: 6 us  Iteration: 0  Process: /testbench_code_transformer/Test  File: C:/Users/ASUS/Desktop/Vivado_tasks/Lab2/Task2/testbench_transform_from7421_to_grey.srcs/sources_1/new/testbench_code_transformer.vhd
Note: ----------START TEST----------
Time: 7 us  Iteration: 0  Process: /testbench_code_transformer/Test  File: C:/Users/ASUS/Desktop/Vivado_tasks/Lab2/Task2/testbench_transform_from7421_to_grey.srcs/sources_1/new/testbench_code_transformer.vhd
Note: Test 4 passed.Input: 0100,output: 0110,expected: 0110
Time: 7 us  Iteration: 0  Process: /testbench_code_transformer/Test  File: C:/Users/ASUS/Desktop/Vivado_tasks/Lab2/Task2/testbench_transform_from7421_to_grey.srcs/sources_1/new/testbench_code_transformer.vhd
Note: ----------END TEST----------
Time: 7 us  Iteration: 0  Process: /testbench_code_transformer/Test  File: C:/Users/ASUS/Desktop/Vivado_tasks/Lab2/Task2/testbench_transform_from7421_to_grey.srcs/sources_1/new/testbench_code_transformer.vhd
Note: ----------START TEST----------
Time: 8 us  Iteration: 0  Process: /testbench_code_transformer/Test  File: C:/Users/ASUS/Desktop/Vivado_tasks/Lab2/Task2/testbench_transform_from7421_to_grey.srcs/sources_1/new/testbench_code_transformer.vhd
Note: Test 5 passed.Input: 0101,output: 0111,expected: 0111
Time: 8 us  Iteration: 0  Process: /testbench_code_transformer/Test  File: C:/Users/ASUS/Desktop/Vivado_tasks/Lab2/Task2/testbench_transform_from7421_to_grey.srcs/sources_1/new/testbench_code_transformer.vhd
Note: ----------END TEST----------
Time: 8 us  Iteration: 0  Process: /testbench_code_transformer/Test  File: C:/Users/ASUS/Desktop/Vivado_tasks/Lab2/Task2/testbench_transform_from7421_to_grey.srcs/sources_1/new/testbench_code_transformer.vhd
Note: ----------START TEST----------
Time: 9 us  Iteration: 0  Process: /testbench_code_transformer/Test  File: C:/Users/ASUS/Desktop/Vivado_tasks/Lab2/Task2/testbench_transform_from7421_to_grey.srcs/sources_1/new/testbench_code_transformer.vhd
Note: Test 6 passed.Input: 0110,output: 0101,expected: 0101
Time: 9 us  Iteration: 0  Process: /testbench_code_transformer/Test  File: C:/Users/ASUS/Desktop/Vivado_tasks/Lab2/Task2/testbench_transform_from7421_to_grey.srcs/sources_1/new/testbench_code_transformer.vhd
Note: ----------END TEST----------
Time: 9 us  Iteration: 0  Process: /testbench_code_transformer/Test  File: C:/Users/ASUS/Desktop/Vivado_tasks/Lab2/Task2/testbench_transform_from7421_to_grey.srcs/sources_1/new/testbench_code_transformer.vhd
Note: ----------START TEST----------
Time: 10 us  Iteration: 0  Process: /testbench_code_transformer/Test  File: C:/Users/ASUS/Desktop/Vivado_tasks/Lab2/Task2/testbench_transform_from7421_to_grey.srcs/sources_1/new/testbench_code_transformer.vhd
Note: Test 7 passed.Input: 0111,output: 0100,expected: 0100
Time: 10 us  Iteration: 0  Process: /testbench_code_transformer/Test  File: C:/Users/ASUS/Desktop/Vivado_tasks/Lab2/Task2/testbench_transform_from7421_to_grey.srcs/sources_1/new/testbench_code_transformer.vhd
Note: ----------END TEST----------
Time: 10 us  Iteration: 0  Process: /testbench_code_transformer/Test  File: C:/Users/ASUS/Desktop/Vivado_tasks/Lab2/Task2/testbench_transform_from7421_to_grey.srcs/sources_1/new/testbench_code_transformer.vhd
Note: ----------START TEST----------
Time: 11 us  Iteration: 0  Process: /testbench_code_transformer/Test  File: C:/Users/ASUS/Desktop/Vivado_tasks/Lab2/Task2/testbench_transform_from7421_to_grey.srcs/sources_1/new/testbench_code_transformer.vhd
Note: Test 8 passed.Input: 1001,output: 1101,expected: 1101
Time: 11 us  Iteration: 0  Process: /testbench_code_transformer/Test  File: C:/Users/ASUS/Desktop/Vivado_tasks/Lab2/Task2/testbench_transform_from7421_to_grey.srcs/sources_1/new/testbench_code_transformer.vhd
Note: ----------END TEST----------
Time: 11 us  Iteration: 0  Process: /testbench_code_transformer/Test  File: C:/Users/ASUS/Desktop/Vivado_tasks/Lab2/Task2/testbench_transform_from7421_to_grey.srcs/sources_1/new/testbench_code_transformer.vhd
Note: ----------START TEST----------
Time: 12 us  Iteration: 0  Process: /testbench_code_transformer/Test  File: C:/Users/ASUS/Desktop/Vivado_tasks/Lab2/Task2/testbench_transform_from7421_to_grey.srcs/sources_1/new/testbench_code_transformer.vhd
Note: Test 9 passed.Input: 1010,output: 1111,expected: 1111
Time: 12 us  Iteration: 0  Process: /testbench_code_transformer/Test  File: C:/Users/ASUS/Desktop/Vivado_tasks/Lab2/Task2/testbench_transform_from7421_to_grey.srcs/sources_1/new/testbench_code_transformer.vhd
Note: ----------END TEST----------
Time: 12 us  Iteration: 0  Process: /testbench_code_transformer/Test  File: C:/Users/ASUS/Desktop/Vivado_tasks/Lab2/Task2/testbench_transform_from7421_to_grey.srcs/sources_1/new/testbench_code_transformer.vhd
Failure: End of simulation
Time: 12 us  Iteration: 0  Process: /testbench_code_transformer/Test  File: C:/Users/ASUS/Desktop/Vivado_tasks/Lab2/Task2/testbench_transform_from7421_to_grey.srcs/sources_1/new/testbench_code_transformer.vhd
$finish called at time : 12 us : File "C:/Users/ASUS/Desktop/Vivado_tasks/Lab2/Task2/testbench_transform_from7421_to_grey.srcs/sources_1/new/testbench_code_transformer.vhd" Line 97
create_wave_config; add_wave /; set_property needs_save false [current_wave_config]
close_sim
INFO: [Simtcl 6-16] Simulation closed
exit
INFO: [Common 17-206] Exiting Vivado at Tue Mar 10 20:07:05 2026...
