
*** Running vivado
    with args -log Reg_file2R1W_FDCE_reg_unit_module.vds -m64 -product Vivado -mode batch -messageDb vivado.pb -notrace -source Reg_file2R1W_FDCE_reg_unit_module.tcl


Режим вывода команд на экран (ECHO) отключен.
Режим вывода команд на экран (ECHO) отключен.

****** Vivado v2023.2 (64-bit)
  **** SW Build 4029153 on Fri Oct 13 20:14:34 MDT 2023
  **** IP Build 4028589 on Sat Oct 14 00:45:43 MDT 2023
  **** SharedData Build 4025554 on Tue Oct 10 17:18:54 MDT 2023
    ** Copyright 1986-2022 Xilinx, Inc. All Rights Reserved.
    ** Copyright 2022-2023 Advanced Micro Devices, Inc. All Rights Reserved.

source Reg_file2R1W_FDCE_reg_unit_module.tcl -notrace
create_project: Time (s): cpu = 00:00:11 ; elapsed = 00:00:12 . Memory (MB): peak = 475.258 ; gain = 177.812
Command: read_checkpoint -auto_incremental -incremental C:/Users/ASUS/Desktop/Vivado_tasks/Lab3/Task7/module/Reg_file2R1W_FDCE_reg_unit.srcs/utils_1/imports/synth_1/Reg_file2R1W_FDCE_reg_unit_module.dcp
INFO: [Vivado 12-5825] Read reference checkpoint from C:/Users/ASUS/Desktop/Vivado_tasks/Lab3/Task7/module/Reg_file2R1W_FDCE_reg_unit.srcs/utils_1/imports/synth_1/Reg_file2R1W_FDCE_reg_unit_module.dcp for incremental synthesis
INFO: [Vivado 12-7989] Please ensure there are no constraint changes
Command: synth_design -top Reg_file2R1W_FDCE_reg_unit_module -part xc7a35tcpg236-1
Starting synth_design
Attempting to get a license for feature 'Synthesis' and/or device 'xc7a35t'
INFO: [Common 17-349] Got license for feature 'Synthesis' and/or device 'xc7a35t'
INFO: [Device 21-403] Loading part xc7a35tcpg236-1
INFO: [Designutils 20-5440] No compile time benefit to using incremental synthesis; A full resynthesis will be run
INFO: [Designutils 20-4379] Flow is switching to default flow due to incremental criteria not met. If you would like to alter this behaviour and have the flow terminate instead, please set the following parameter config_implementation {autoIncr.Synth.RejectBehavior Terminate}
INFO: [Synth 8-7079] Multithreading enabled for synth_design using a maximum of 2 processes.
INFO: [Synth 8-7078] Launching helper process for spawning children vivado processes
INFO: [Synth 8-7075] Helper process launched with PID 4080
---------------------------------------------------------------------------------
Starting RTL Elaboration : Time (s): cpu = 00:00:17 ; elapsed = 00:00:19 . Memory (MB): peak = 1313.789 ; gain = 441.461
---------------------------------------------------------------------------------
INFO: [Synth 8-638] synthesizing module 'Reg_file2R1W_FDCE_reg_unit_module' [C:/Users/ASUS/Desktop/Vivado_tasks/Lab3/Task7/module/Reg_file2R1W_FDCE_reg_unit.srcs/sources_1/new/Reg_file2R1W_FDCE_reg_unit_module.vhd:48]
	Parameter ADDR_WIDTH bound to: 3 - type: integer 
	Parameter DATA_WIDTH bound to: 4 - type: integer 
INFO: [Synth 8-3491] module 'Reg_file2R1W_FDCE_reg_unit' declared at 'C:/Users/ASUS/Desktop/Vivado_tasks/Lab3/Task7/module/Reg_file2R1W_FDCE_reg_unit.srcs/sources_1/new/Reg_file2R1W_FDCE_reg_unit.vhd:37' bound to instance 'Reg_file2R1W_FDCE_reg_unit_elem' of component 'Reg_file2R1W_FDCE_reg_unit' [C:/Users/ASUS/Desktop/Vivado_tasks/Lab3/Task7/module/Reg_file2R1W_FDCE_reg_unit.srcs/sources_1/new/Reg_file2R1W_FDCE_reg_unit_module.vhd:51]
INFO: [Synth 8-638] synthesizing module 'Reg_file2R1W_FDCE_reg_unit' [C:/Users/ASUS/Desktop/Vivado_tasks/Lab3/Task7/module/Reg_file2R1W_FDCE_reg_unit.srcs/sources_1/new/Reg_file2R1W_FDCE_reg_unit.vhd:51]
	Parameter ADDR_WIDTH bound to: 3 - type: integer 
	Parameter DATA_WIDTH bound to: 4 - type: integer 
	Parameter N bound to: 4 - type: integer 
INFO: [Synth 8-3491] module 'FDCE_reg_unit' declared at 'C:/Users/ASUS/Desktop/Vivado_tasks/Lab3/Task7/module/Reg_file2R1W_FDCE_reg_unit.srcs/sources_1/new/FDCE_reg_unit.vhd:37' bound to instance 'FDCE_reg_unit_elem' of component 'FDCE_reg_unit' [C:/Users/ASUS/Desktop/Vivado_tasks/Lab3/Task7/module/Reg_file2R1W_FDCE_reg_unit.srcs/sources_1/new/Reg_file2R1W_FDCE_reg_unit.vhd:70]
INFO: [Synth 8-638] synthesizing module 'FDCE_reg_unit' [C:/Users/ASUS/Desktop/Vivado_tasks/Lab3/Task7/module/Reg_file2R1W_FDCE_reg_unit.srcs/sources_1/new/FDCE_reg_unit.vhd:49]
	Parameter N bound to: 4 - type: integer 
INFO: [Synth 8-3491] module 'DFFAR' declared at 'C:/Users/ASUS/Desktop/Vivado_tasks/Lab3/Task7/module/Reg_file2R1W_FDCE_reg_unit.srcs/sources_1/imports/new/DFFAR.vhd:36' bound to instance 'DFFAR_elem' of component 'DFFAR' [C:/Users/ASUS/Desktop/Vivado_tasks/Lab3/Task7/module/Reg_file2R1W_FDCE_reg_unit.srcs/sources_1/new/FDCE_reg_unit.vhd:56]
INFO: [Synth 8-638] synthesizing module 'DFFAR' [C:/Users/ASUS/Desktop/Vivado_tasks/Lab3/Task7/module/Reg_file2R1W_FDCE_reg_unit.srcs/sources_1/imports/new/DFFAR.vhd:44]
INFO: [Synth 8-256] done synthesizing module 'DFFAR' (0#1) [C:/Users/ASUS/Desktop/Vivado_tasks/Lab3/Task7/module/Reg_file2R1W_FDCE_reg_unit.srcs/sources_1/imports/new/DFFAR.vhd:44]
INFO: [Synth 8-3491] module 'DFFAR' declared at 'C:/Users/ASUS/Desktop/Vivado_tasks/Lab3/Task7/module/Reg_file2R1W_FDCE_reg_unit.srcs/sources_1/imports/new/DFFAR.vhd:36' bound to instance 'DFFAR_elem' of component 'DFFAR' [C:/Users/ASUS/Desktop/Vivado_tasks/Lab3/Task7/module/Reg_file2R1W_FDCE_reg_unit.srcs/sources_1/new/FDCE_reg_unit.vhd:56]
INFO: [Synth 8-3491] module 'DFFAR' declared at 'C:/Users/ASUS/Desktop/Vivado_tasks/Lab3/Task7/module/Reg_file2R1W_FDCE_reg_unit.srcs/sources_1/imports/new/DFFAR.vhd:36' bound to instance 'DFFAR_elem' of component 'DFFAR' [C:/Users/ASUS/Desktop/Vivado_tasks/Lab3/Task7/module/Reg_file2R1W_FDCE_reg_unit.srcs/sources_1/new/FDCE_reg_unit.vhd:56]
INFO: [Synth 8-3491] module 'DFFAR' declared at 'C:/Users/ASUS/Desktop/Vivado_tasks/Lab3/Task7/module/Reg_file2R1W_FDCE_reg_unit.srcs/sources_1/imports/new/DFFAR.vhd:36' bound to instance 'DFFAR_elem' of component 'DFFAR' [C:/Users/ASUS/Desktop/Vivado_tasks/Lab3/Task7/module/Reg_file2R1W_FDCE_reg_unit.srcs/sources_1/new/FDCE_reg_unit.vhd:56]
INFO: [Synth 8-256] done synthesizing module 'FDCE_reg_unit' (0#1) [C:/Users/ASUS/Desktop/Vivado_tasks/Lab3/Task7/module/Reg_file2R1W_FDCE_reg_unit.srcs/sources_1/new/FDCE_reg_unit.vhd:49]
	Parameter N bound to: 4 - type: integer 
INFO: [Synth 8-3491] module 'FDCE_reg_unit' declared at 'C:/Users/ASUS/Desktop/Vivado_tasks/Lab3/Task7/module/Reg_file2R1W_FDCE_reg_unit.srcs/sources_1/new/FDCE_reg_unit.vhd:37' bound to instance 'FDCE_reg_unit_elem' of component 'FDCE_reg_unit' [C:/Users/ASUS/Desktop/Vivado_tasks/Lab3/Task7/module/Reg_file2R1W_FDCE_reg_unit.srcs/sources_1/new/Reg_file2R1W_FDCE_reg_unit.vhd:70]
	Parameter N bound to: 4 - type: integer 
INFO: [Synth 8-3491] module 'FDCE_reg_unit' declared at 'C:/Users/ASUS/Desktop/Vivado_tasks/Lab3/Task7/module/Reg_file2R1W_FDCE_reg_unit.srcs/sources_1/new/FDCE_reg_unit.vhd:37' bound to instance 'FDCE_reg_unit_elem' of component 'FDCE_reg_unit' [C:/Users/ASUS/Desktop/Vivado_tasks/Lab3/Task7/module/Reg_file2R1W_FDCE_reg_unit.srcs/sources_1/new/Reg_file2R1W_FDCE_reg_unit.vhd:70]
	Parameter N bound to: 4 - type: integer 
INFO: [Synth 8-3491] module 'FDCE_reg_unit' declared at 'C:/Users/ASUS/Desktop/Vivado_tasks/Lab3/Task7/module/Reg_file2R1W_FDCE_reg_unit.srcs/sources_1/new/FDCE_reg_unit.vhd:37' bound to instance 'FDCE_reg_unit_elem' of component 'FDCE_reg_unit' [C:/Users/ASUS/Desktop/Vivado_tasks/Lab3/Task7/module/Reg_file2R1W_FDCE_reg_unit.srcs/sources_1/new/Reg_file2R1W_FDCE_reg_unit.vhd:70]
	Parameter N bound to: 4 - type: integer 
INFO: [Synth 8-3491] module 'FDCE_reg_unit' declared at 'C:/Users/ASUS/Desktop/Vivado_tasks/Lab3/Task7/module/Reg_file2R1W_FDCE_reg_unit.srcs/sources_1/new/FDCE_reg_unit.vhd:37' bound to instance 'FDCE_reg_unit_elem' of component 'FDCE_reg_unit' [C:/Users/ASUS/Desktop/Vivado_tasks/Lab3/Task7/module/Reg_file2R1W_FDCE_reg_unit.srcs/sources_1/new/Reg_file2R1W_FDCE_reg_unit.vhd:70]
	Parameter N bound to: 4 - type: integer 
INFO: [Synth 8-3491] module 'FDCE_reg_unit' declared at 'C:/Users/ASUS/Desktop/Vivado_tasks/Lab3/Task7/module/Reg_file2R1W_FDCE_reg_unit.srcs/sources_1/new/FDCE_reg_unit.vhd:37' bound to instance 'FDCE_reg_unit_elem' of component 'FDCE_reg_unit' [C:/Users/ASUS/Desktop/Vivado_tasks/Lab3/Task7/module/Reg_file2R1W_FDCE_reg_unit.srcs/sources_1/new/Reg_file2R1W_FDCE_reg_unit.vhd:70]
	Parameter N bound to: 4 - type: integer 
INFO: [Synth 8-3491] module 'FDCE_reg_unit' declared at 'C:/Users/ASUS/Desktop/Vivado_tasks/Lab3/Task7/module/Reg_file2R1W_FDCE_reg_unit.srcs/sources_1/new/FDCE_reg_unit.vhd:37' bound to instance 'FDCE_reg_unit_elem' of component 'FDCE_reg_unit' [C:/Users/ASUS/Desktop/Vivado_tasks/Lab3/Task7/module/Reg_file2R1W_FDCE_reg_unit.srcs/sources_1/new/Reg_file2R1W_FDCE_reg_unit.vhd:70]
	Parameter N bound to: 4 - type: integer 
INFO: [Synth 8-3491] module 'FDCE_reg_unit' declared at 'C:/Users/ASUS/Desktop/Vivado_tasks/Lab3/Task7/module/Reg_file2R1W_FDCE_reg_unit.srcs/sources_1/new/FDCE_reg_unit.vhd:37' bound to instance 'FDCE_reg_unit_elem' of component 'FDCE_reg_unit' [C:/Users/ASUS/Desktop/Vivado_tasks/Lab3/Task7/module/Reg_file2R1W_FDCE_reg_unit.srcs/sources_1/new/Reg_file2R1W_FDCE_reg_unit.vhd:70]
INFO: [Synth 8-256] done synthesizing module 'Reg_file2R1W_FDCE_reg_unit' (0#1) [C:/Users/ASUS/Desktop/Vivado_tasks/Lab3/Task7/module/Reg_file2R1W_FDCE_reg_unit.srcs/sources_1/new/Reg_file2R1W_FDCE_reg_unit.vhd:51]
INFO: [Synth 8-256] done synthesizing module 'Reg_file2R1W_FDCE_reg_unit_module' (0#1) [C:/Users/ASUS/Desktop/Vivado_tasks/Lab3/Task7/module/Reg_file2R1W_FDCE_reg_unit.srcs/sources_1/new/Reg_file2R1W_FDCE_reg_unit_module.vhd:48]
---------------------------------------------------------------------------------
Finished RTL Elaboration : Time (s): cpu = 00:00:20 ; elapsed = 00:00:22 . Memory (MB): peak = 1421.602 ; gain = 549.273
---------------------------------------------------------------------------------
---------------------------------------------------------------------------------
Start Handling Custom Attributes
---------------------------------------------------------------------------------
---------------------------------------------------------------------------------
Finished Handling Custom Attributes : Time (s): cpu = 00:00:20 ; elapsed = 00:00:22 . Memory (MB): peak = 1421.602 ; gain = 549.273
---------------------------------------------------------------------------------
---------------------------------------------------------------------------------
Finished RTL Optimization Phase 1 : Time (s): cpu = 00:00:20 ; elapsed = 00:00:22 . Memory (MB): peak = 1421.602 ; gain = 549.273
---------------------------------------------------------------------------------
Netlist sorting complete. Time (s): cpu = 00:00:00 ; elapsed = 00:00:00.001 . Memory (MB): peak = 1421.602 ; gain = 0.000
INFO: [Project 1-570] Preparing netlist for logic optimization

Processing XDC Constraints
Initializing timing engine
Parsing XDC File [C:/Users/ASUS/Desktop/Vivado_tasks/Lab3/Task7/module/Reg_file2R1W_FDCE_reg_unit.srcs/constrs_1/imports/new/Master-Basys3.xdc]
Finished Parsing XDC File [C:/Users/ASUS/Desktop/Vivado_tasks/Lab3/Task7/module/Reg_file2R1W_FDCE_reg_unit.srcs/constrs_1/imports/new/Master-Basys3.xdc]
INFO: [Project 1-236] Implementation specific constraints were found while reading constraint file [C:/Users/ASUS/Desktop/Vivado_tasks/Lab3/Task7/module/Reg_file2R1W_FDCE_reg_unit.srcs/constrs_1/imports/new/Master-Basys3.xdc]. These constraints will be ignored for synthesis but will be used in implementation. Impacted constraints are listed in the file [.Xil/Reg_file2R1W_FDCE_reg_unit_module_propImpl.xdc].
Resolution: To avoid this warning, move constraints listed in [.Xil/Reg_file2R1W_FDCE_reg_unit_module_propImpl.xdc] to another XDC file and exclude this new file from synthesis with the used_in_synthesis property (File Properties dialog in GUI) and re-run elaboration/synthesis.
Completed Processing XDC Constraints

Netlist sorting complete. Time (s): cpu = 00:00:00 ; elapsed = 00:00:00 . Memory (MB): peak = 1438.621 ; gain = 0.000
INFO: [Project 1-111] Unisim Transformation Summary:
No Unisim elements were transformed.

Системе не удается найти указанный путь.
Constraint Validation Runtime : Time (s): cpu = 00:00:00 ; elapsed = 00:00:00.005 . Memory (MB): peak = 1438.621 ; gain = 0.000
INFO: [Designutils 20-5440] No compile time benefit to using incremental synthesis; A full resynthesis will be run
INFO: [Designutils 20-4379] Flow is switching to default flow due to incremental criteria not met. If you would like to alter this behaviour and have the flow terminate instead, please set the following parameter config_implementation {autoIncr.Synth.RejectBehavior Terminate}
---------------------------------------------------------------------------------
Finished Constraint Validation : Time (s): cpu = 00:00:38 ; elapsed = 00:00:43 . Memory (MB): peak = 1438.621 ; gain = 566.293
---------------------------------------------------------------------------------
---------------------------------------------------------------------------------
Start Loading Part and Timing Information
---------------------------------------------------------------------------------
Loading part: xc7a35tcpg236-1
---------------------------------------------------------------------------------
Finished Loading Part and Timing Information : Time (s): cpu = 00:00:38 ; elapsed = 00:00:43 . Memory (MB): peak = 1438.621 ; gain = 566.293
---------------------------------------------------------------------------------
---------------------------------------------------------------------------------
Start Applying 'set_property' XDC Constraints
---------------------------------------------------------------------------------
---------------------------------------------------------------------------------
Finished applying 'set_property' XDC Constraints : Time (s): cpu = 00:00:38 ; elapsed = 00:00:43 . Memory (MB): peak = 1438.621 ; gain = 566.293
---------------------------------------------------------------------------------
---------------------------------------------------------------------------------
Finished RTL Optimization Phase 2 : Time (s): cpu = 00:00:39 ; elapsed = 00:00:43 . Memory (MB): peak = 1438.621 ; gain = 566.293
---------------------------------------------------------------------------------
---------------------------------------------------------------------------------
Start RTL Component Statistics 
---------------------------------------------------------------------------------
Detailed RTL Component Info : 
+---Registers : 
	                1 Bit    Registers := 32    
+---Muxes : 
	   2 Input    8 Bit        Muxes := 1     
	   2 Input    4 Bit        Muxes := 8     
---------------------------------------------------------------------------------
Finished RTL Component Statistics 
---------------------------------------------------------------------------------
---------------------------------------------------------------------------------
Start Part Resource Summary
---------------------------------------------------------------------------------
Part Resources:
DSPs: 90 (col length:60)
BRAMs: 100 (col length: RAMB18 60 RAMB36 30)
---------------------------------------------------------------------------------
Finished Part Resource Summary
---------------------------------------------------------------------------------
---------------------------------------------------------------------------------
Start Cross Boundary and Area Optimization
---------------------------------------------------------------------------------
WARNING: [Synth 8-7080] Parallel synthesis criteria is not met
---------------------------------------------------------------------------------
Finished Cross Boundary and Area Optimization : Time (s): cpu = 00:00:42 ; elapsed = 00:00:48 . Memory (MB): peak = 1438.621 ; gain = 566.293
---------------------------------------------------------------------------------
---------------------------------------------------------------------------------
Start Applying XDC Timing Constraints
---------------------------------------------------------------------------------
---------------------------------------------------------------------------------
Finished Applying XDC Timing Constraints : Time (s): cpu = 00:00:52 ; elapsed = 00:00:59 . Memory (MB): peak = 1438.621 ; gain = 566.293
---------------------------------------------------------------------------------
---------------------------------------------------------------------------------
Start Timing Optimization
---------------------------------------------------------------------------------
---------------------------------------------------------------------------------
Finished Timing Optimization : Time (s): cpu = 00:00:53 ; elapsed = 00:01:00 . Memory (MB): peak = 1438.621 ; gain = 566.293
---------------------------------------------------------------------------------
---------------------------------------------------------------------------------
Start Technology Mapping
---------------------------------------------------------------------------------
---------------------------------------------------------------------------------
Finished Technology Mapping : Time (s): cpu = 00:00:53 ; elapsed = 00:01:00 . Memory (MB): peak = 1438.621 ; gain = 566.293
---------------------------------------------------------------------------------
---------------------------------------------------------------------------------
Start IO Insertion
---------------------------------------------------------------------------------
---------------------------------------------------------------------------------
Start Flattening Before IO Insertion
---------------------------------------------------------------------------------
---------------------------------------------------------------------------------
Finished Flattening Before IO Insertion
---------------------------------------------------------------------------------
---------------------------------------------------------------------------------
Start Final Netlist Cleanup
---------------------------------------------------------------------------------
---------------------------------------------------------------------------------
Finished Final Netlist Cleanup
---------------------------------------------------------------------------------
---------------------------------------------------------------------------------
Finished IO Insertion : Time (s): cpu = 00:01:01 ; elapsed = 00:01:08 . Memory (MB): peak = 1438.621 ; gain = 566.293
---------------------------------------------------------------------------------
---------------------------------------------------------------------------------
Start Renaming Generated Instances
---------------------------------------------------------------------------------
---------------------------------------------------------------------------------
Finished Renaming Generated Instances : Time (s): cpu = 00:01:01 ; elapsed = 00:01:08 . Memory (MB): peak = 1438.621 ; gain = 566.293
---------------------------------------------------------------------------------
---------------------------------------------------------------------------------
Start Rebuilding User Hierarchy
---------------------------------------------------------------------------------
---------------------------------------------------------------------------------
Finished Rebuilding User Hierarchy : Time (s): cpu = 00:01:01 ; elapsed = 00:01:08 . Memory (MB): peak = 1438.621 ; gain = 566.293
---------------------------------------------------------------------------------
---------------------------------------------------------------------------------
Start Renaming Generated Ports
---------------------------------------------------------------------------------
---------------------------------------------------------------------------------
Finished Renaming Generated Ports : Time (s): cpu = 00:01:01 ; elapsed = 00:01:08 . Memory (MB): peak = 1438.621 ; gain = 566.293
---------------------------------------------------------------------------------
---------------------------------------------------------------------------------
Start Handling Custom Attributes
---------------------------------------------------------------------------------
---------------------------------------------------------------------------------
Finished Handling Custom Attributes : Time (s): cpu = 00:01:01 ; elapsed = 00:01:08 . Memory (MB): peak = 1438.621 ; gain = 566.293
---------------------------------------------------------------------------------
---------------------------------------------------------------------------------
Start Renaming Generated Nets
---------------------------------------------------------------------------------
---------------------------------------------------------------------------------
Finished Renaming Generated Nets : Time (s): cpu = 00:01:01 ; elapsed = 00:01:08 . Memory (MB): peak = 1438.621 ; gain = 566.293
---------------------------------------------------------------------------------
---------------------------------------------------------------------------------
Start Writing Synthesis Report
---------------------------------------------------------------------------------

Report BlackBoxes: 
+-+--------------+----------+
| |BlackBox name |Instances |
+-+--------------+----------+
+-+--------------+----------+

Report Cell Usage: 
+------+------+------+
|      |Cell  |Count |
+------+------+------+
|1     |BUFG  |     1|
|2     |LUT4  |     8|
|3     |LUT6  |    16|
|4     |MUXF7 |     8|
|5     |FDCE  |    32|
|6     |IBUF  |    16|
|7     |OBUF  |     8|
+------+------+------+
---------------------------------------------------------------------------------
Finished Writing Synthesis Report : Time (s): cpu = 00:01:01 ; elapsed = 00:01:08 . Memory (MB): peak = 1438.621 ; gain = 566.293
---------------------------------------------------------------------------------
Synthesis finished with 0 errors, 0 critical warnings and 1 warnings.
Synthesis Optimization Runtime : Time (s): cpu = 00:00:38 ; elapsed = 00:01:05 . Memory (MB): peak = 1438.621 ; gain = 549.273
Synthesis Optimization Complete : Time (s): cpu = 00:01:01 ; elapsed = 00:01:08 . Memory (MB): peak = 1438.621 ; gain = 566.293
INFO: [Project 1-571] Translating synthesized netlist
Netlist sorting complete. Time (s): cpu = 00:00:00 ; elapsed = 00:00:00.002 . Memory (MB): peak = 1446.840 ; gain = 0.000
INFO: [Netlist 29-17] Analyzing 8 Unisim elements for replacement
INFO: [Netlist 29-28] Unisim Transformation completed in 0 CPU seconds
INFO: [Project 1-570] Preparing netlist for logic optimization
INFO: [Opt 31-138] Pushed 0 inverter(s) to 0 load pin(s).
Netlist sorting complete. Time (s): cpu = 00:00:00 ; elapsed = 00:00:00.001 . Memory (MB): peak = 1450.477 ; gain = 0.000
INFO: [Project 1-111] Unisim Transformation Summary:
No Unisim elements were transformed.

Системе не удается найти указанный путь.
Synth Design complete | Checksum: 77f6d21b
INFO: [Common 17-83] Releasing license: Synthesis
42 Infos, 1 Warnings, 0 Critical Warnings and 0 Errors encountered.
synth_design completed successfully
synth_design: Time (s): cpu = 00:01:14 ; elapsed = 00:01:24 . Memory (MB): peak = 1450.477 ; gain = 971.258
Write ShapeDB Complete: Time (s): cpu = 00:00:00 ; elapsed = 00:00:00.002 . Memory (MB): peak = 1450.477 ; gain = 0.000
INFO: [Common 17-1381] The checkpoint 'C:/Users/ASUS/Desktop/Vivado_tasks/Lab3/Task7/module/Reg_file2R1W_FDCE_reg_unit.runs/synth_1/Reg_file2R1W_FDCE_reg_unit_module.dcp' has been generated.
INFO: [runtcl-4] Executing : report_utilization -file Reg_file2R1W_FDCE_reg_unit_module_utilization_synth.rpt -pb Reg_file2R1W_FDCE_reg_unit_module_utilization_synth.pb
INFO: [Common 17-206] Exiting Vivado at Sun May 17 13:45:08 2026...
