Copyright 1986-2022 Xilinx, Inc. All Rights Reserved. Copyright 2022-2023 Advanced Micro Devices, Inc. All Rights Reserved.
--------------------------------------------------------------------------------------------------------------------------------------------------------------------------------
| Tool Version : Vivado v.2023.2 (win64) Build 4029153 Fri Oct 13 20:14:34 MDT 2023
| Date         : Sat Mar 21 20:29:27 2026
| Host         : DESKTOP-66O4QSA running 64-bit major release  (build 9200)
| Command      : report_methodology -file SYNTHES_DLATCH_methodology_drc_routed.rpt -pb SYNTHES_DLATCH_methodology_drc_routed.pb -rpx SYNTHES_DLATCH_methodology_drc_routed.rpx
| Design       : SYNTHES_DLATCH
| Device       : xc7a35tcpg236-1
| Speed File   : -1
| Design State : Fully Routed
--------------------------------------------------------------------------------------------------------------------------------------------------------------------------------

Report Methodology

Table of Contents
-----------------
1. REPORT SUMMARY
2. REPORT DETAILS

1. REPORT SUMMARY
-----------------
            Netlist: netlist
          Floorplan: design_1
      Design limits: <entire design considered>
             Max violations: <unlimited>
             Violations found: 1
+-----------+----------+--------------------------+------------+
| Rule      | Severity | Description              | Violations |
+-----------+----------+--------------------------+------------+
| TIMING-23 | Warning  | Combinational loop found | 1          |
+-----------+----------+--------------------------+------------+

2. REPORT DETAILS
-----------------
TIMING-23#1 Warning
Combinational loop found  
A timing loop has been detected on a combinational path. A timing arc has been disabled between DLATCH/RSLATCH/nq_sig_inferred_i_1/I0 and DLATCH/RSLATCH/nq_sig_inferred_i_1/O to disable the timing loop
Related violations: <none>


