srcscan starts
=============== Using vdb files for VHDL std libs ===========
INFO: VHDL library search path for library "std" is now "C:/Xilinx/Vivado/2023.2/data/precomp_hsv/vhdl/std" (VHDL-1505)
INFO: VHDL library search path for library "synopsys" is now "C:/Xilinx/Vivado/2023.2/data/precomp_hsv/vhdl/synopsys" (VHDL-1505)
INFO: VHDL library search path for library "ieee" is now "C:/Xilinx/Vivado/2023.2/data/precomp_hsv/vhdl/ieee" (VHDL-1505)
INFO: VHDL library search path for library "unimacro" is now "C:/Xilinx/Vivado/2023.2/data/precomp_hsv/vhdl/unimacro" (VHDL-1505)
INFO: VHDL library search path for library "unisim" is now "C:/Xilinx/Vivado/2023.2/data/precomp_hsv/vhdl/unisim" (VHDL-1505)
INFO: VHDL library search path for library "vl" is now "C:/Xilinx/Vivado/2023.2/data/precomp_hsv/vhdl/vl" (VHDL-1505)
INFO: VHDL library search path for library "xpm" is now "C:/Xilinx/Vivado/2023.2/data/precomp_hsv/vhdl/xpm" (VHDL-1505)
-- Analyzing VHDL file "C:/Users/ASUS/AppData/Local/Temp/VivadoEditorAssist3822614612413537913.tmp" into library my_gateslib (VHDL-9003)
INFO: analyzing package 'MY_COMPONENTS'

-- Analyzing VHDL file "C:/Users/ASUS/Desktop/Vivado_tasks/Lab2/Task6/BISTABLE_TRIGGER.srcs/sources_1/imports/new/MUX2.vhd" into library my_gateslib (VHDL-9003)
INFO: analyzing entity 'MUX2' (VHDL-1012)
INFO: analyzing architecture 'Behavioral' of entity 'mux2' (VHDL-9006)
-- Analyzing VHDL file "C:/Users/ASUS/Desktop/Vivado_tasks/Lab2/Task6/BISTABLE_TRIGGER.srcs/sources_1/imports/new/MUX2AND.vhd" into library my_gateslib (VHDL-9003)
INFO: analyzing entity 'MUX2AND' (VHDL-1012)
INFO: analyzing architecture 'Behavioral' of entity 'mux2and' (VHDL-9006)
-- Analyzing VHDL file "C:/Users/ASUS/Desktop/Vivado_tasks/Lab2/Task6/BISTABLE_TRIGGER.srcs/sources_1/imports/new/ANDN.vhd" into library my_gateslib (VHDL-9003)
INFO: analyzing entity 'ANDN' (VHDL-1012)
INFO: analyzing architecture 'Behavioral' of entity 'andn' (VHDL-9006)
-- Analyzing VHDL file "C:/Users/ASUS/AppData/Local/Temp/VivadoEditorAssist5148767202402695835.tmp" into library my_gateslib (VHDL-9003)
INFO: analyzing entity 'LUTN' (VHDL-1012)
INFO: analyzing architecture 'Behavioral' of entity 'lutn' (VHDL-9006)
-- Analyzing VHDL file "C:/Users/ASUS/AppData/Local/Temp/VivadoEditorAssist10690004837359140166.tmp" into library my_gateslib (VHDL-9003)
INFO: analyzing entity 'INV_LUT1' (VHDL-1012)
INFO: analyzing architecture 'Behavioral' of entity 'inv_lut1' (VHDL-9006)
-- Analyzing VHDL file "C:/Users/ASUS/Desktop/Vivado_tasks/Lab2/Task6/BISTABLE_TRIGGER.srcs/sources_1/imports/new/MUX2OR.vhd" into library my_gateslib (VHDL-9003)
INFO: analyzing entity 'MUX2OR' (VHDL-1012)
INFO: analyzing architecture 'Behavioral' of entity 'mux2or' (VHDL-9006)
-- Analyzing VHDL file "C:/Users/ASUS/Desktop/Vivado_tasks/Lab2/Task6/BISTABLE_TRIGGER.srcs/sources_1/imports/new/ORN.vhd" into library my_gateslib (VHDL-9003)
INFO: analyzing entity 'ORN' (VHDL-1012)
INFO: analyzing architecture 'Behavioral' of entity 'orn' (VHDL-9006)
-- Analyzing VHDL file "C:/Users/ASUS/AppData/Local/Temp/VivadoEditorAssist12251835273371772116.tmp" into library my_gateslib (VHDL-9003)
INFO: analyzing entity 'DLATCH' (VHDL-1012)
INFO: analyzing architecture 'Structural' of entity 'dlatch' (VHDL-9006)
C:/Users/ASUS/AppData/Local/Temp/VivadoEditorAssist12251835273371772116.tmp(51): ERROR: 's' is not declared (VHDL-1241)
C:/Users/ASUS/AppData/Local/Temp/VivadoEditorAssist12251835273371772116.tmp(54): ERROR: 's' is not declared (VHDL-1241)
C:/Users/ASUS/AppData/Local/Temp/VivadoEditorAssist12251835273371772116.tmp(55): ERROR: 'w' is not declared (VHDL-1241)
-- Analyzing VHDL file "C:/Users/ASUS/AppData/Local/Temp/VivadoEditorAssist4763456480459755813.tmp" into library my_gateslib (VHDL-9003)
INFO: analyzing entity 'SYNTHES_DLATCH' (VHDL-1012)
INFO: analyzing architecture 'Structural' of entity 'synthes_dlatch' (VHDL-9006)
-- Analyzing VHDL file "C:/Users/ASUS/AppData/Local/Temp/VivadoEditorAssist3822614612413537913.tmp" into library my_gateslib (VHDL-9003)
INFO: analyzing package 'MY_COMPONENTS'

-- Analyzing VHDL file "C:/Users/ASUS/Desktop/Vivado_tasks/Lab2/Task6/BISTABLE_TRIGGER.srcs/sources_1/imports/new/MUX2.vhd" into library my_gateslib (VHDL-9003)
INFO: analyzing entity 'MUX2' (VHDL-1012)
INFO: analyzing architecture 'Behavioral' of entity 'mux2' (VHDL-9006)
-- Analyzing VHDL file "C:/Users/ASUS/Desktop/Vivado_tasks/Lab2/Task6/BISTABLE_TRIGGER.srcs/sources_1/imports/new/MUX2AND.vhd" into library my_gateslib (VHDL-9003)
INFO: analyzing entity 'MUX2AND' (VHDL-1012)
INFO: analyzing architecture 'Behavioral' of entity 'mux2and' (VHDL-9006)
-- Analyzing VHDL file "C:/Users/ASUS/Desktop/Vivado_tasks/Lab2/Task6/BISTABLE_TRIGGER.srcs/sources_1/imports/new/ANDN.vhd" into library my_gateslib (VHDL-9003)
INFO: analyzing entity 'ANDN' (VHDL-1012)
INFO: analyzing architecture 'Behavioral' of entity 'andn' (VHDL-9006)
-- Analyzing VHDL file "C:/Users/ASUS/AppData/Local/Temp/VivadoEditorAssist5148767202402695835.tmp" into library my_gateslib (VHDL-9003)
INFO: analyzing entity 'LUTN' (VHDL-1012)
INFO: analyzing architecture 'Behavioral' of entity 'lutn' (VHDL-9006)
-- Analyzing VHDL file "C:/Users/ASUS/AppData/Local/Temp/VivadoEditorAssist10690004837359140166.tmp" into library my_gateslib (VHDL-9003)
INFO: analyzing entity 'INV_LUT1' (VHDL-1012)
INFO: analyzing architecture 'Behavioral' of entity 'inv_lut1' (VHDL-9006)
-- Analyzing VHDL file "C:/Users/ASUS/Desktop/Vivado_tasks/Lab2/Task6/BISTABLE_TRIGGER.srcs/sources_1/imports/new/MUX2OR.vhd" into library my_gateslib (VHDL-9003)
INFO: analyzing entity 'MUX2OR' (VHDL-1012)
INFO: analyzing architecture 'Behavioral' of entity 'mux2or' (VHDL-9006)
-- Analyzing VHDL file "C:/Users/ASUS/Desktop/Vivado_tasks/Lab2/Task6/BISTABLE_TRIGGER.srcs/sources_1/imports/new/ORN.vhd" into library my_gateslib (VHDL-9003)
INFO: analyzing entity 'ORN' (VHDL-1012)
INFO: analyzing architecture 'Behavioral' of entity 'orn' (VHDL-9006)
-- Analyzing VHDL file "C:/Users/ASUS/AppData/Local/Temp/VivadoEditorAssist12251835273371772116.tmp" into library my_gateslib (VHDL-9003)
INFO: analyzing entity 'DLATCH' (VHDL-1012)
INFO: analyzing architecture 'Structural' of entity 'dlatch' (VHDL-9006)
C:/Users/ASUS/AppData/Local/Temp/VivadoEditorAssist12251835273371772116.tmp(51): ERROR: 's' is not declared (VHDL-1241)
C:/Users/ASUS/AppData/Local/Temp/VivadoEditorAssist12251835273371772116.tmp(54): ERROR: 's' is not declared (VHDL-1241)
C:/Users/ASUS/AppData/Local/Temp/VivadoEditorAssist12251835273371772116.tmp(55): ERROR: 'w' is not declared (VHDL-1241)
-- Analyzing VHDL file "C:/Users/ASUS/AppData/Local/Temp/VivadoEditorAssist4763456480459755813.tmp" into library my_gateslib (VHDL-9003)
INFO: analyzing entity 'SYNTHES_DLATCH' (VHDL-1012)
INFO: analyzing architecture 'Structural' of entity 'synthes_dlatch' (VHDL-9006)
srcscan exits with return value 0
