Copyright 1986-2022 Xilinx, Inc. All Rights Reserved. Copyright 2022-2023 Advanced Micro Devices, Inc. All Rights Reserved.
---------------------------------------------------------------------------------------------------------------------------------------------
| Tool Version : Vivado v.2023.2 (win64) Build 4029153 Fri Oct 13 20:14:34 MDT 2023
| Date         : Fri Apr 17 18:17:50 2026
| Host         : DESKTOP-66O4QSA running 64-bit major release  (build 9200)
| Command      : report_control_sets -verbose -file pwm_module_control_sets_placed.rpt
| Design       : pwm_module
| Device       : xc7a35t
---------------------------------------------------------------------------------------------------------------------------------------------

Control Set Information

Table of Contents
-----------------
1. Summary
2. Histogram
3. Flip-Flop Distribution
4. Detailed Control Set Information

1. Summary
----------

+----------------------------------------------------------+-------+
|                          Status                          | Count |
+----------------------------------------------------------+-------+
| Total control sets                                       |     4 |
|    Minimum number of control sets                        |     4 |
|    Addition due to synthesis replication                 |     0 |
|    Addition due to physical synthesis replication        |     0 |
| Unused register locations in slices containing registers |    17 |
+----------------------------------------------------------+-------+
* Control sets can be merged at opt_design using control_set_merge or merge_equivalent_drivers
** Run report_qor_suggestions for automated merging and remapping suggestions


2. Histogram
------------

+--------------------+-------+
|       Fanout       | Count |
+--------------------+-------+
| Total control sets |     4 |
| >= 0 to < 4        |     2 |
| >= 4 to < 6        |     0 |
| >= 6 to < 8        |     1 |
| >= 8 to < 10       |     0 |
| >= 10 to < 12      |     0 |
| >= 12 to < 14      |     0 |
| >= 14 to < 16      |     1 |
| >= 16              |     0 |
+--------------------+-------+
* Control sets can be remapped at either synth_design or opt_design


3. Flip-Flop Distribution
-------------------------

+--------------+-----------------------+------------------------+-----------------+--------------+
| Clock Enable | Synchronous Set/Reset | Asynchronous Set/Reset | Total Registers | Total Slices |
+--------------+-----------------------+------------------------+-----------------+--------------+
| No           | No                    | No                     |               1 |            1 |
| No           | No                    | Yes                    |               0 |            0 |
| No           | Yes                   | No                     |               0 |            0 |
| Yes          | No                    | No                     |               0 |            0 |
| Yes          | No                    | Yes                    |              15 |            5 |
| Yes          | Yes                   | No                     |               7 |            2 |
+--------------+-----------------------+------------------------+-----------------+--------------+


4. Detailed Control Set Information
-----------------------------------

+--------------------------+-------------------+----------------------------+------------------+----------------+--------------+
|       Clock Signal       |   Enable Signal   |      Set/Reset Signal      | Slice Load Count | Bel Load Count | Bels / Slice |
+--------------------------+-------------------+----------------------------+------------------+----------------+--------------+
|  freq_div_behav_elem/CLK | EN_IBUF           | pwm_elem/output_i_1__0_n_0 |                1 |              1 |         1.00 |
|  CLK_IBUF_BUFG           |                   |                            |                1 |              1 |         1.00 |
|  CLK_IBUF_BUFG           | EN_IBUF           | CLR_IBUF                   |                2 |              7 |         3.50 |
|  freq_div_behav_elem/CLK | pwm_elem/counter0 | CLR_IBUF                   |                4 |             14 |         3.50 |
+--------------------------+-------------------+----------------------------+------------------+----------------+--------------+


