Copyright 1986-2022 Xilinx, Inc. All Rights Reserved. Copyright 2022-2023 Advanced Micro Devices, Inc. All Rights Reserved.
---------------------------------------------------------------------------------------------------------------------------------------------------------------------------------------------------------------------------
| Tool Version : Vivado v.2023.2 (win64) Build 4029153 Fri Oct 13 20:14:34 MDT 2023
| Date         : Fri Apr 17 18:18:18 2026
| Host         : DESKTOP-66O4QSA running 64-bit major release  (build 9200)
| Command      : report_timing_summary -max_paths 10 -report_unconstrained -file pwm_module_timing_summary_routed.rpt -pb pwm_module_timing_summary_routed.pb -rpx pwm_module_timing_summary_routed.rpx -warn_on_violation
| Design       : pwm_module
| Device       : 7a35t-cpg236
| Speed File   : -1  PRODUCTION 1.23 2018-06-13
| Design State : Routed
---------------------------------------------------------------------------------------------------------------------------------------------------------------------------------------------------------------------------

Timing Summary Report

------------------------------------------------------------------------------------------------
| Timer Settings
| --------------
------------------------------------------------------------------------------------------------

  Enable Multi Corner Analysis               :  Yes
  Enable Pessimism Removal                   :  Yes
  Pessimism Removal Resolution               :  Nearest Common Node
  Enable Input Delay Default Clock           :  No
  Enable Preset / Clear Arcs                 :  No
  Disable Flight Delays                      :  No
  Ignore I/O Paths                           :  No
  Timing Early Launch at Borrowing Latches   :  No
  Borrow Time for Max Delay Exceptions       :  Yes
  Merge Timing Exceptions                    :  Yes
  Inter-SLR Compensation                     :  Conservative

  Corner  Analyze    Analyze    
  Name    Max Paths  Min Paths  
  ------  ---------  ---------  
  Slow    Yes        Yes        
  Fast    Yes        Yes        


------------------------------------------------------------------------------------------------
| Report Methodology
| ------------------
------------------------------------------------------------------------------------------------

Rule       Severity          Description                   Violations  
---------  ----------------  ----------------------------  ----------  
TIMING-17  Critical Warning  Non-clocked sequential cell   23          
LUTAR-1    Warning           LUT drives async reset alert  1           

Note: This report is based on the most recent report_methodology run and may not be up-to-date. Run report_methodology on the current design for the latest report.



check_timing report

Table of Contents
-----------------
1. checking no_clock (23)
2. checking constant_clock (0)
3. checking pulse_width_clock (0)
4. checking unconstrained_internal_endpoints (67)
5. checking no_input_delay (16)
6. checking no_output_delay (1)
7. checking multiple_clock (0)
8. checking generated_clocks (0)
9. checking loops (0)
10. checking partial_input_delay (0)
11. checking partial_output_delay (0)
12. checking latch_loops (0)

1. checking no_clock (23)
-------------------------
 There are 8 register/latch pins with no clock driven by root clock pin: CLK (HIGH)

 There are 15 register/latch pins with no clock driven by root clock pin: freq_div_behav_elem/output_reg/Q (HIGH)


2. checking constant_clock (0)
------------------------------
 There are 0 register/latch pins with constant_clock.


3. checking pulse_width_clock (0)
---------------------------------
 There are 0 register/latch pins which need pulse_width check


4. checking unconstrained_internal_endpoints (67)
-------------------------------------------------
 There are 67 pins that are not constrained for maximum delay. (HIGH)

 There are 0 pins that are not constrained for maximum delay due to constant clock.


5. checking no_input_delay (16)
-------------------------------
 There are 16 input ports with no input delay specified. (HIGH)

 There are 0 input ports with no input delay but user has a false path constraint.


6. checking no_output_delay (1)
-------------------------------
 There is 1 port with no output delay specified. (HIGH)

 There are 0 ports with no output delay but user has a false path constraint

 There are 0 ports with no output delay but with a timing clock defined on it or propagating through it


7. checking multiple_clock (0)
------------------------------
 There are 0 register/latch pins with multiple clocks.


8. checking generated_clocks (0)
--------------------------------
 There are 0 generated clocks that are not connected to a clock source.


9. checking loops (0)
---------------------
 There are 0 combinational loops in the design.


10. checking partial_input_delay (0)
------------------------------------
 There are 0 input ports with partial input delay specified.


11. checking partial_output_delay (0)
-------------------------------------
 There are 0 ports with partial output delay specified.


12. checking latch_loops (0)
----------------------------
 There are 0 combinational latch loops in the design through latch input



------------------------------------------------------------------------------------------------
| Design Timing Summary
| ---------------------
------------------------------------------------------------------------------------------------

    WNS(ns)      TNS(ns)  TNS Failing Endpoints  TNS Total Endpoints      WHS(ns)      THS(ns)  THS Failing Endpoints  THS Total Endpoints     WPWS(ns)     TPWS(ns)  TPWS Failing Endpoints  TPWS Total Endpoints  
    -------      -------  ---------------------  -------------------      -------      -------  ---------------------  -------------------     --------     --------  ----------------------  --------------------  
        inf        0.000                      0                   68          inf        0.000                      0                   68           NA           NA                      NA                    NA  


There are no user specified timing constraints.


------------------------------------------------------------------------------------------------
| Clock Summary
| -------------
------------------------------------------------------------------------------------------------


------------------------------------------------------------------------------------------------
| Intra Clock Table
| -----------------
------------------------------------------------------------------------------------------------

Clock             WNS(ns)      TNS(ns)  TNS Failing Endpoints  TNS Total Endpoints      WHS(ns)      THS(ns)  THS Failing Endpoints  THS Total Endpoints     WPWS(ns)     TPWS(ns)  TPWS Failing Endpoints  TPWS Total Endpoints  
-----             -------      -------  ---------------------  -------------------      -------      -------  ---------------------  -------------------     --------     --------  ----------------------  --------------------  


------------------------------------------------------------------------------------------------
| Inter Clock Table
| -----------------
------------------------------------------------------------------------------------------------

From Clock    To Clock          WNS(ns)      TNS(ns)  TNS Failing Endpoints  TNS Total Endpoints      WHS(ns)      THS(ns)  THS Failing Endpoints  THS Total Endpoints  
----------    --------          -------      -------  ---------------------  -------------------      -------      -------  ---------------------  -------------------  


------------------------------------------------------------------------------------------------
| Other Path Groups Table
| -----------------------
------------------------------------------------------------------------------------------------

Path Group    From Clock    To Clock          WNS(ns)      TNS(ns)  TNS Failing Endpoints  TNS Total Endpoints      WHS(ns)      THS(ns)  THS Failing Endpoints  THS Total Endpoints  
----------    ----------    --------          -------      -------  ---------------------  -------------------      -------      -------  ---------------------  -------------------  


------------------------------------------------------------------------------------------------
| User Ignored Path Table
| -----------------------
------------------------------------------------------------------------------------------------

Path Group    From Clock    To Clock    
----------    ----------    --------    


------------------------------------------------------------------------------------------------
| Unconstrained Path Table
| ------------------------
------------------------------------------------------------------------------------------------

Path Group    From Clock    To Clock    
----------    ----------    --------    
(none)                                    


------------------------------------------------------------------------------------------------
| Timing Details
| --------------
------------------------------------------------------------------------------------------------


--------------------------------------------------------------------------------------
Path Group:  (none)
From Clock:  
  To Clock:  

Max Delay            68 Endpoints
Min Delay            68 Endpoints
--------------------------------------------------------------------------------------


Max Delay Paths
--------------------------------------------------------------------------------------
Slack:                    inf
  Source:                 FILL[9]
                            (input port)
  Destination:            pwm_elem/output_reg/CLR
  Path Group:             (none)
  Path Type:              Max at Slow Process Corner
  Data Path Delay:        7.873ns  (logic 1.849ns (23.488%)  route 6.024ns (76.512%))
  Logic Levels:           4  (IBUF=1 LUT2=1 LUT4=1 LUT6=1)

    Location             Delay type                Incr(ns)  Path(ns)    Netlist Resource(s)
  -------------------------------------------------------------------    -------------------
    T3                                                0.000     0.000 r  FILL[9] (IN)
                         net (fo=0)                   0.000     0.000    FILL[9]
    T3                   IBUF (Prop_ibuf_I_O)         1.452     1.452 r  FILL_IBUF[9]_inst/O
                         net (fo=3, routed)           3.796     5.249    pwm_elem/FILL_IBUF[9]
    SLICE_X15Y17         LUT4 (Prop_lut4_I2_O)        0.124     5.373 r  pwm_elem/counter[13]_i_6/O
                         net (fo=1, routed)           0.806     6.179    pwm_elem/counter[13]_i_6_n_0
    SLICE_X15Y16         LUT6 (Prop_lut6_I0_O)        0.124     6.303 r  pwm_elem/counter[13]_i_3/O
                         net (fo=2, routed)           0.670     6.973    pwm_elem/counter[13]_i_3_n_0
    SLICE_X15Y16         LUT2 (Prop_lut2_I1_O)        0.149     7.122 f  pwm_elem/output_i_1__0/O
                         net (fo=1, routed)           0.751     7.873    pwm_elem/output_i_1__0_n_0
    SLICE_X14Y17         FDCE                                         f  pwm_elem/output_reg/CLR
  -------------------------------------------------------------------    -------------------

Slack:                    inf
  Source:                 FILL[9]
                            (input port)
  Destination:            pwm_elem/counter_reg[0]/CE
  Path Group:             (none)
  Path Type:              Max at Slow Process Corner
  Data Path Delay:        7.818ns  (logic 1.824ns (23.332%)  route 5.994ns (76.668%))
  Logic Levels:           4  (IBUF=1 LUT2=1 LUT4=1 LUT6=1)

    Location             Delay type                Incr(ns)  Path(ns)    Netlist Resource(s)
  -------------------------------------------------------------------    -------------------
    T3                                                0.000     0.000 r  FILL[9] (IN)
                         net (fo=0)                   0.000     0.000    FILL[9]
    T3                   IBUF (Prop_ibuf_I_O)         1.452     1.452 r  FILL_IBUF[9]_inst/O
                         net (fo=3, routed)           3.796     5.249    pwm_elem/FILL_IBUF[9]
    SLICE_X15Y17         LUT4 (Prop_lut4_I2_O)        0.124     5.373 r  pwm_elem/counter[13]_i_6/O
                         net (fo=1, routed)           0.806     6.179    pwm_elem/counter[13]_i_6_n_0
    SLICE_X15Y16         LUT6 (Prop_lut6_I0_O)        0.124     6.303 r  pwm_elem/counter[13]_i_3/O
                         net (fo=2, routed)           0.670     6.973    pwm_elem/counter[13]_i_3_n_0
    SLICE_X15Y16         LUT2 (Prop_lut2_I0_O)        0.124     7.097 r  pwm_elem/counter[13]_i_1/O
                         net (fo=14, routed)          0.721     7.818    pwm_elem/counter0
    SLICE_X15Y15         FDCE                                         r  pwm_elem/counter_reg[0]/CE
  -------------------------------------------------------------------    -------------------

Slack:                    inf
  Source:                 FILL[9]
                            (input port)
  Destination:            pwm_elem/counter_reg[1]/CE
  Path Group:             (none)
  Path Type:              Max at Slow Process Corner
  Data Path Delay:        7.629ns  (logic 1.824ns (23.911%)  route 5.805ns (76.089%))
  Logic Levels:           4  (IBUF=1 LUT2=1 LUT4=1 LUT6=1)

    Location             Delay type                Incr(ns)  Path(ns)    Netlist Resource(s)
  -------------------------------------------------------------------    -------------------
    T3                                                0.000     0.000 r  FILL[9] (IN)
                         net (fo=0)                   0.000     0.000    FILL[9]
    T3                   IBUF (Prop_ibuf_I_O)         1.452     1.452 r  FILL_IBUF[9]_inst/O
                         net (fo=3, routed)           3.796     5.249    pwm_elem/FILL_IBUF[9]
    SLICE_X15Y17         LUT4 (Prop_lut4_I2_O)        0.124     5.373 r  pwm_elem/counter[13]_i_6/O
                         net (fo=1, routed)           0.806     6.179    pwm_elem/counter[13]_i_6_n_0
    SLICE_X15Y16         LUT6 (Prop_lut6_I0_O)        0.124     6.303 r  pwm_elem/counter[13]_i_3/O
                         net (fo=2, routed)           0.670     6.973    pwm_elem/counter[13]_i_3_n_0
    SLICE_X15Y16         LUT2 (Prop_lut2_I0_O)        0.124     7.097 r  pwm_elem/counter[13]_i_1/O
                         net (fo=14, routed)          0.532     7.629    pwm_elem/counter0
    SLICE_X14Y15         FDCE                                         r  pwm_elem/counter_reg[1]/CE
  -------------------------------------------------------------------    -------------------

Slack:                    inf
  Source:                 FILL[9]
                            (input port)
  Destination:            pwm_elem/counter_reg[2]/CE
  Path Group:             (none)
  Path Type:              Max at Slow Process Corner
  Data Path Delay:        7.629ns  (logic 1.824ns (23.911%)  route 5.805ns (76.089%))
  Logic Levels:           4  (IBUF=1 LUT2=1 LUT4=1 LUT6=1)

    Location             Delay type                Incr(ns)  Path(ns)    Netlist Resource(s)
  -------------------------------------------------------------------    -------------------
    T3                                                0.000     0.000 r  FILL[9] (IN)
                         net (fo=0)                   0.000     0.000    FILL[9]
    T3                   IBUF (Prop_ibuf_I_O)         1.452     1.452 r  FILL_IBUF[9]_inst/O
                         net (fo=3, routed)           3.796     5.249    pwm_elem/FILL_IBUF[9]
    SLICE_X15Y17         LUT4 (Prop_lut4_I2_O)        0.124     5.373 r  pwm_elem/counter[13]_i_6/O
                         net (fo=1, routed)           0.806     6.179    pwm_elem/counter[13]_i_6_n_0
    SLICE_X15Y16         LUT6 (Prop_lut6_I0_O)        0.124     6.303 r  pwm_elem/counter[13]_i_3/O
                         net (fo=2, routed)           0.670     6.973    pwm_elem/counter[13]_i_3_n_0
    SLICE_X15Y16         LUT2 (Prop_lut2_I0_O)        0.124     7.097 r  pwm_elem/counter[13]_i_1/O
                         net (fo=14, routed)          0.532     7.629    pwm_elem/counter0
    SLICE_X14Y15         FDCE                                         r  pwm_elem/counter_reg[2]/CE
  -------------------------------------------------------------------    -------------------

Slack:                    inf
  Source:                 FILL[9]
                            (input port)
  Destination:            pwm_elem/counter_reg[3]/CE
  Path Group:             (none)
  Path Type:              Max at Slow Process Corner
  Data Path Delay:        7.629ns  (logic 1.824ns (23.911%)  route 5.805ns (76.089%))
  Logic Levels:           4  (IBUF=1 LUT2=1 LUT4=1 LUT6=1)

    Location             Delay type                Incr(ns)  Path(ns)    Netlist Resource(s)
  -------------------------------------------------------------------    -------------------
    T3                                                0.000     0.000 r  FILL[9] (IN)
                         net (fo=0)                   0.000     0.000    FILL[9]
    T3                   IBUF (Prop_ibuf_I_O)         1.452     1.452 r  FILL_IBUF[9]_inst/O
                         net (fo=3, routed)           3.796     5.249    pwm_elem/FILL_IBUF[9]
    SLICE_X15Y17         LUT4 (Prop_lut4_I2_O)        0.124     5.373 r  pwm_elem/counter[13]_i_6/O
                         net (fo=1, routed)           0.806     6.179    pwm_elem/counter[13]_i_6_n_0
    SLICE_X15Y16         LUT6 (Prop_lut6_I0_O)        0.124     6.303 r  pwm_elem/counter[13]_i_3/O
                         net (fo=2, routed)           0.670     6.973    pwm_elem/counter[13]_i_3_n_0
    SLICE_X15Y16         LUT2 (Prop_lut2_I0_O)        0.124     7.097 r  pwm_elem/counter[13]_i_1/O
                         net (fo=14, routed)          0.532     7.629    pwm_elem/counter0
    SLICE_X14Y15         FDCE                                         r  pwm_elem/counter_reg[3]/CE
  -------------------------------------------------------------------    -------------------

Slack:                    inf
  Source:                 FILL[9]
                            (input port)
  Destination:            pwm_elem/counter_reg[4]/CE
  Path Group:             (none)
  Path Type:              Max at Slow Process Corner
  Data Path Delay:        7.629ns  (logic 1.824ns (23.911%)  route 5.805ns (76.089%))
  Logic Levels:           4  (IBUF=1 LUT2=1 LUT4=1 LUT6=1)

    Location             Delay type                Incr(ns)  Path(ns)    Netlist Resource(s)
  -------------------------------------------------------------------    -------------------
    T3                                                0.000     0.000 r  FILL[9] (IN)
                         net (fo=0)                   0.000     0.000    FILL[9]
    T3                   IBUF (Prop_ibuf_I_O)         1.452     1.452 r  FILL_IBUF[9]_inst/O
                         net (fo=3, routed)           3.796     5.249    pwm_elem/FILL_IBUF[9]
    SLICE_X15Y17         LUT4 (Prop_lut4_I2_O)        0.124     5.373 r  pwm_elem/counter[13]_i_6/O
                         net (fo=1, routed)           0.806     6.179    pwm_elem/counter[13]_i_6_n_0
    SLICE_X15Y16         LUT6 (Prop_lut6_I0_O)        0.124     6.303 r  pwm_elem/counter[13]_i_3/O
                         net (fo=2, routed)           0.670     6.973    pwm_elem/counter[13]_i_3_n_0
    SLICE_X15Y16         LUT2 (Prop_lut2_I0_O)        0.124     7.097 r  pwm_elem/counter[13]_i_1/O
                         net (fo=14, routed)          0.532     7.629    pwm_elem/counter0
    SLICE_X14Y15         FDCE                                         r  pwm_elem/counter_reg[4]/CE
  -------------------------------------------------------------------    -------------------

Slack:                    inf
  Source:                 FILL[9]
                            (input port)
  Destination:            pwm_elem/counter_reg[5]/CE
  Path Group:             (none)
  Path Type:              Max at Slow Process Corner
  Data Path Delay:        7.629ns  (logic 1.824ns (23.911%)  route 5.805ns (76.089%))
  Logic Levels:           4  (IBUF=1 LUT2=1 LUT4=1 LUT6=1)

    Location             Delay type                Incr(ns)  Path(ns)    Netlist Resource(s)
  -------------------------------------------------------------------    -------------------
    T3                                                0.000     0.000 r  FILL[9] (IN)
                         net (fo=0)                   0.000     0.000    FILL[9]
    T3                   IBUF (Prop_ibuf_I_O)         1.452     1.452 r  FILL_IBUF[9]_inst/O
                         net (fo=3, routed)           3.796     5.249    pwm_elem/FILL_IBUF[9]
    SLICE_X15Y17         LUT4 (Prop_lut4_I2_O)        0.124     5.373 r  pwm_elem/counter[13]_i_6/O
                         net (fo=1, routed)           0.806     6.179    pwm_elem/counter[13]_i_6_n_0
    SLICE_X15Y16         LUT6 (Prop_lut6_I0_O)        0.124     6.303 r  pwm_elem/counter[13]_i_3/O
                         net (fo=2, routed)           0.670     6.973    pwm_elem/counter[13]_i_3_n_0
    SLICE_X15Y16         LUT2 (Prop_lut2_I0_O)        0.124     7.097 r  pwm_elem/counter[13]_i_1/O
                         net (fo=14, routed)          0.532     7.629    pwm_elem/counter0
    SLICE_X14Y15         FDCE                                         r  pwm_elem/counter_reg[5]/CE
  -------------------------------------------------------------------    -------------------

Slack:                    inf
  Source:                 FILL[9]
                            (input port)
  Destination:            pwm_elem/counter_reg[6]/CE
  Path Group:             (none)
  Path Type:              Max at Slow Process Corner
  Data Path Delay:        7.629ns  (logic 1.824ns (23.911%)  route 5.805ns (76.089%))
  Logic Levels:           4  (IBUF=1 LUT2=1 LUT4=1 LUT6=1)

    Location             Delay type                Incr(ns)  Path(ns)    Netlist Resource(s)
  -------------------------------------------------------------------    -------------------
    T3                                                0.000     0.000 r  FILL[9] (IN)
                         net (fo=0)                   0.000     0.000    FILL[9]
    T3                   IBUF (Prop_ibuf_I_O)         1.452     1.452 r  FILL_IBUF[9]_inst/O
                         net (fo=3, routed)           3.796     5.249    pwm_elem/FILL_IBUF[9]
    SLICE_X15Y17         LUT4 (Prop_lut4_I2_O)        0.124     5.373 r  pwm_elem/counter[13]_i_6/O
                         net (fo=1, routed)           0.806     6.179    pwm_elem/counter[13]_i_6_n_0
    SLICE_X15Y16         LUT6 (Prop_lut6_I0_O)        0.124     6.303 r  pwm_elem/counter[13]_i_3/O
                         net (fo=2, routed)           0.670     6.973    pwm_elem/counter[13]_i_3_n_0
    SLICE_X15Y16         LUT2 (Prop_lut2_I0_O)        0.124     7.097 r  pwm_elem/counter[13]_i_1/O
                         net (fo=14, routed)          0.532     7.629    pwm_elem/counter0
    SLICE_X14Y15         FDCE                                         r  pwm_elem/counter_reg[6]/CE
  -------------------------------------------------------------------    -------------------

Slack:                    inf
  Source:                 FILL[9]
                            (input port)
  Destination:            pwm_elem/counter_reg[7]/CE
  Path Group:             (none)
  Path Type:              Max at Slow Process Corner
  Data Path Delay:        7.629ns  (logic 1.824ns (23.911%)  route 5.805ns (76.089%))
  Logic Levels:           4  (IBUF=1 LUT2=1 LUT4=1 LUT6=1)

    Location             Delay type                Incr(ns)  Path(ns)    Netlist Resource(s)
  -------------------------------------------------------------------    -------------------
    T3                                                0.000     0.000 r  FILL[9] (IN)
                         net (fo=0)                   0.000     0.000    FILL[9]
    T3                   IBUF (Prop_ibuf_I_O)         1.452     1.452 r  FILL_IBUF[9]_inst/O
                         net (fo=3, routed)           3.796     5.249    pwm_elem/FILL_IBUF[9]
    SLICE_X15Y17         LUT4 (Prop_lut4_I2_O)        0.124     5.373 r  pwm_elem/counter[13]_i_6/O
                         net (fo=1, routed)           0.806     6.179    pwm_elem/counter[13]_i_6_n_0
    SLICE_X15Y16         LUT6 (Prop_lut6_I0_O)        0.124     6.303 r  pwm_elem/counter[13]_i_3/O
                         net (fo=2, routed)           0.670     6.973    pwm_elem/counter[13]_i_3_n_0
    SLICE_X15Y16         LUT2 (Prop_lut2_I0_O)        0.124     7.097 r  pwm_elem/counter[13]_i_1/O
                         net (fo=14, routed)          0.532     7.629    pwm_elem/counter0
    SLICE_X14Y15         FDCE                                         r  pwm_elem/counter_reg[7]/CE
  -------------------------------------------------------------------    -------------------

Slack:                    inf
  Source:                 FILL[9]
                            (input port)
  Destination:            pwm_elem/counter_reg[8]/CE
  Path Group:             (none)
  Path Type:              Max at Slow Process Corner
  Data Path Delay:        7.629ns  (logic 1.824ns (23.911%)  route 5.805ns (76.089%))
  Logic Levels:           4  (IBUF=1 LUT2=1 LUT4=1 LUT6=1)

    Location             Delay type                Incr(ns)  Path(ns)    Netlist Resource(s)
  -------------------------------------------------------------------    -------------------
    T3                                                0.000     0.000 r  FILL[9] (IN)
                         net (fo=0)                   0.000     0.000    FILL[9]
    T3                   IBUF (Prop_ibuf_I_O)         1.452     1.452 r  FILL_IBUF[9]_inst/O
                         net (fo=3, routed)           3.796     5.249    pwm_elem/FILL_IBUF[9]
    SLICE_X15Y17         LUT4 (Prop_lut4_I2_O)        0.124     5.373 r  pwm_elem/counter[13]_i_6/O
                         net (fo=1, routed)           0.806     6.179    pwm_elem/counter[13]_i_6_n_0
    SLICE_X15Y16         LUT6 (Prop_lut6_I0_O)        0.124     6.303 r  pwm_elem/counter[13]_i_3/O
                         net (fo=2, routed)           0.670     6.973    pwm_elem/counter[13]_i_3_n_0
    SLICE_X15Y16         LUT2 (Prop_lut2_I0_O)        0.124     7.097 r  pwm_elem/counter[13]_i_1/O
                         net (fo=14, routed)          0.532     7.629    pwm_elem/counter0
    SLICE_X14Y15         FDCE                                         r  pwm_elem/counter_reg[8]/CE
  -------------------------------------------------------------------    -------------------





Min Delay Paths
--------------------------------------------------------------------------------------
Slack:                    inf
  Source:                 freq_div_behav_elem/counter_reg[5]/C
                            (rising edge-triggered cell FDRE)
  Destination:            freq_div_behav_elem/counter_reg[6]/D
  Path Group:             (none)
  Path Type:              Min at Fast Process Corner
  Data Path Delay:        0.317ns  (logic 0.186ns (58.653%)  route 0.131ns (41.347%))
  Logic Levels:           2  (FDRE=1 LUT6=1)

    Location             Delay type                Incr(ns)  Path(ns)    Netlist Resource(s)
  -------------------------------------------------------------------    -------------------
    SLICE_X13Y19         FDRE                         0.000     0.000 r  freq_div_behav_elem/counter_reg[5]/C
    SLICE_X13Y19         FDRE (Prop_fdre_C_Q)         0.141     0.141 r  freq_div_behav_elem/counter_reg[5]/Q
                         net (fo=4, routed)           0.131     0.272    freq_div_behav_elem/counter_reg_n_0_[5]
    SLICE_X13Y19         LUT6 (Prop_lut6_I1_O)        0.045     0.317 r  freq_div_behav_elem/counter[6]_i_1/O
                         net (fo=1, routed)           0.000     0.317    freq_div_behav_elem/counter[6]
    SLICE_X13Y19         FDRE                                         r  freq_div_behav_elem/counter_reg[6]/D
  -------------------------------------------------------------------    -------------------

Slack:                    inf
  Source:                 freq_div_behav_elem/counter_reg[5]/C
                            (rising edge-triggered cell FDRE)
  Destination:            freq_div_behav_elem/counter_reg[5]/D
  Path Group:             (none)
  Path Type:              Min at Fast Process Corner
  Data Path Delay:        0.318ns  (logic 0.186ns (58.469%)  route 0.132ns (41.531%))
  Logic Levels:           2  (FDRE=1 LUT6=1)

    Location             Delay type                Incr(ns)  Path(ns)    Netlist Resource(s)
  -------------------------------------------------------------------    -------------------
    SLICE_X13Y19         FDRE                         0.000     0.000 r  freq_div_behav_elem/counter_reg[5]/C
    SLICE_X13Y19         FDRE (Prop_fdre_C_Q)         0.141     0.141 r  freq_div_behav_elem/counter_reg[5]/Q
                         net (fo=4, routed)           0.132     0.273    freq_div_behav_elem/counter_reg_n_0_[5]
    SLICE_X13Y19         LUT6 (Prop_lut6_I1_O)        0.045     0.318 r  freq_div_behav_elem/counter[5]_i_1/O
                         net (fo=1, routed)           0.000     0.318    freq_div_behav_elem/counter[5]
    SLICE_X13Y19         FDRE                                         r  freq_div_behav_elem/counter_reg[5]/D
  -------------------------------------------------------------------    -------------------

Slack:                    inf
  Source:                 pwm_elem/counter_reg[0]/C
                            (rising edge-triggered cell FDCE)
  Destination:            pwm_elem/counter_reg[0]/D
  Path Group:             (none)
  Path Type:              Min at Fast Process Corner
  Data Path Delay:        0.354ns  (logic 0.186ns (52.498%)  route 0.168ns (47.502%))
  Logic Levels:           2  (FDCE=1 LUT1=1)

    Location             Delay type                Incr(ns)  Path(ns)    Netlist Resource(s)
  -------------------------------------------------------------------    -------------------
    SLICE_X15Y15         FDCE                         0.000     0.000 r  pwm_elem/counter_reg[0]/C
    SLICE_X15Y15         FDCE (Prop_fdce_C_Q)         0.141     0.141 f  pwm_elem/counter_reg[0]/Q
                         net (fo=5, routed)           0.168     0.309    pwm_elem/counter[0]
    SLICE_X15Y15         LUT1 (Prop_lut1_I0_O)        0.045     0.354 r  pwm_elem/counter[0]_i_1__0/O
                         net (fo=1, routed)           0.000     0.354    pwm_elem/counter_0[0]
    SLICE_X15Y15         FDCE                                         r  pwm_elem/counter_reg[0]/D
  -------------------------------------------------------------------    -------------------

Slack:                    inf
  Source:                 freq_div_behav_elem/counter_reg[2]/C
                            (rising edge-triggered cell FDRE)
  Destination:            freq_div_behav_elem/counter_reg[2]/D
  Path Group:             (none)
  Path Type:              Min at Fast Process Corner
  Data Path Delay:        0.375ns  (logic 0.186ns (49.634%)  route 0.189ns (50.366%))
  Logic Levels:           2  (FDRE=1 LUT6=1)

    Location             Delay type                Incr(ns)  Path(ns)    Netlist Resource(s)
  -------------------------------------------------------------------    -------------------
    SLICE_X13Y19         FDRE                         0.000     0.000 r  freq_div_behav_elem/counter_reg[2]/C
    SLICE_X13Y19         FDRE (Prop_fdre_C_Q)         0.141     0.141 r  freq_div_behav_elem/counter_reg[2]/Q
                         net (fo=6, routed)           0.189     0.330    freq_div_behav_elem/counter_reg_n_0_[2]
    SLICE_X13Y19         LUT6 (Prop_lut6_I5_O)        0.045     0.375 r  freq_div_behav_elem/counter[2]_i_1/O
                         net (fo=1, routed)           0.000     0.375    freq_div_behav_elem/counter[2]
    SLICE_X13Y19         FDRE                                         r  freq_div_behav_elem/counter_reg[2]/D
  -------------------------------------------------------------------    -------------------

Slack:                    inf
  Source:                 freq_div_behav_elem/output_reg/C
                            (rising edge-triggered cell FDRE)
  Destination:            freq_div_behav_elem/output_reg/D
  Path Group:             (none)
  Path Type:              Min at Fast Process Corner
  Data Path Delay:        0.396ns  (logic 0.209ns (52.728%)  route 0.187ns (47.272%))
  Logic Levels:           2  (FDRE=1 LUT6=1)

    Location             Delay type                Incr(ns)  Path(ns)    Netlist Resource(s)
  -------------------------------------------------------------------    -------------------
    SLICE_X14Y19         FDRE                         0.000     0.000 r  freq_div_behav_elem/output_reg/C
    SLICE_X14Y19         FDRE (Prop_fdre_C_Q)         0.164     0.164 r  freq_div_behav_elem/output_reg/Q
                         net (fo=16, routed)          0.187     0.351    freq_div_behav_elem/CLK
    SLICE_X14Y19         LUT6 (Prop_lut6_I0_O)        0.045     0.396 r  freq_div_behav_elem/output_i_1/O
                         net (fo=1, routed)           0.000     0.396    freq_div_behav_elem/output_i_1_n_0
    SLICE_X14Y19         FDRE                                         r  freq_div_behav_elem/output_reg/D
  -------------------------------------------------------------------    -------------------

Slack:                    inf
  Source:                 freq_div_behav_elem/counter_reg[3]/C
                            (rising edge-triggered cell FDRE)
  Destination:            freq_div_behav_elem/counter_reg[4]/D
  Path Group:             (none)
  Path Type:              Min at Fast Process Corner
  Data Path Delay:        0.415ns  (logic 0.207ns (49.937%)  route 0.208ns (50.063%))
  Logic Levels:           2  (FDRE=1 LUT5=1)

    Location             Delay type                Incr(ns)  Path(ns)    Netlist Resource(s)
  -------------------------------------------------------------------    -------------------
    SLICE_X12Y19         FDRE                         0.000     0.000 r  freq_div_behav_elem/counter_reg[3]/C
    SLICE_X12Y19         FDRE (Prop_fdre_C_Q)         0.164     0.164 r  freq_div_behav_elem/counter_reg[3]/Q
                         net (fo=6, routed)           0.208     0.372    freq_div_behav_elem/counter_reg_n_0_[3]
    SLICE_X12Y19         LUT5 (Prop_lut5_I0_O)        0.043     0.415 r  freq_div_behav_elem/counter[4]_i_1/O
                         net (fo=1, routed)           0.000     0.415    freq_div_behav_elem/counter[4]
    SLICE_X12Y19         FDRE                                         r  freq_div_behav_elem/counter_reg[4]/D
  -------------------------------------------------------------------    -------------------

Slack:                    inf
  Source:                 freq_div_behav_elem/counter_reg[3]/C
                            (rising edge-triggered cell FDRE)
  Destination:            freq_div_behav_elem/counter_reg[3]/D
  Path Group:             (none)
  Path Type:              Min at Fast Process Corner
  Data Path Delay:        0.417ns  (logic 0.209ns (50.178%)  route 0.208ns (49.822%))
  Logic Levels:           2  (FDRE=1 LUT4=1)

    Location             Delay type                Incr(ns)  Path(ns)    Netlist Resource(s)
  -------------------------------------------------------------------    -------------------
    SLICE_X12Y19         FDRE                         0.000     0.000 r  freq_div_behav_elem/counter_reg[3]/C
    SLICE_X12Y19         FDRE (Prop_fdre_C_Q)         0.164     0.164 r  freq_div_behav_elem/counter_reg[3]/Q
                         net (fo=6, routed)           0.208     0.372    freq_div_behav_elem/counter_reg_n_0_[3]
    SLICE_X12Y19         LUT4 (Prop_lut4_I3_O)        0.045     0.417 r  freq_div_behav_elem/counter[3]_i_1/O
                         net (fo=1, routed)           0.000     0.417    freq_div_behav_elem/counter[3]
    SLICE_X12Y19         FDRE                                         r  freq_div_behav_elem/counter_reg[3]/D
  -------------------------------------------------------------------    -------------------

Slack:                    inf
  Source:                 pwm_elem/counter_reg[11]/C
                            (rising edge-triggered cell FDCE)
  Destination:            pwm_elem/output_reg/D
  Path Group:             (none)
  Path Type:              Min at Fast Process Corner
  Data Path Delay:        0.425ns  (logic 0.310ns (72.877%)  route 0.115ns (27.123%))
  Logic Levels:           3  (CARRY4=1 FDCE=1 LUT4=1)

    Location             Delay type                Incr(ns)  Path(ns)    Netlist Resource(s)
  -------------------------------------------------------------------    -------------------
    SLICE_X15Y17         FDCE                         0.000     0.000 r  pwm_elem/counter_reg[11]/C
    SLICE_X15Y17         FDCE (Prop_fdce_C_Q)         0.141     0.141 f  pwm_elem/counter_reg[11]/Q
                         net (fo=4, routed)           0.115     0.256    pwm_elem/counter[11]
    SLICE_X14Y17         LUT4 (Prop_lut4_I1_O)        0.048     0.304 r  pwm_elem/output0_carry__0_i_2/O
                         net (fo=1, routed)           0.000     0.304    pwm_elem/output0_carry__0_i_2_n_0
    SLICE_X14Y17         CARRY4 (Prop_carry4_DI[1]_CO[2])
                                                      0.121     0.425 r  pwm_elem/output0_carry__0/CO[2]
                         net (fo=1, routed)           0.000     0.425    pwm_elem/output0_carry__0_n_1
    SLICE_X14Y17         FDCE                                         r  pwm_elem/output_reg/D
  -------------------------------------------------------------------    -------------------

Slack:                    inf
  Source:                 freq_div_behav_elem/counter_reg[1]/C
                            (rising edge-triggered cell FDRE)
  Destination:            freq_div_behav_elem/counter_reg[1]/D
  Path Group:             (none)
  Path Type:              Min at Fast Process Corner
  Data Path Delay:        0.440ns  (logic 0.208ns (47.250%)  route 0.232ns (52.750%))
  Logic Levels:           2  (FDRE=1 LUT2=1)

    Location             Delay type                Incr(ns)  Path(ns)    Netlist Resource(s)
  -------------------------------------------------------------------    -------------------
    SLICE_X12Y19         FDRE                         0.000     0.000 r  freq_div_behav_elem/counter_reg[1]/C
    SLICE_X12Y19         FDRE (Prop_fdre_C_Q)         0.164     0.164 r  freq_div_behav_elem/counter_reg[1]/Q
                         net (fo=4, routed)           0.232     0.396    freq_div_behav_elem/counter_reg_n_0_[1]
    SLICE_X12Y19         LUT2 (Prop_lut2_I1_O)        0.044     0.440 r  freq_div_behav_elem/counter[1]_i_1__0/O
                         net (fo=1, routed)           0.000     0.440    freq_div_behav_elem/counter[1]
    SLICE_X12Y19         FDRE                                         r  freq_div_behav_elem/counter_reg[1]/D
  -------------------------------------------------------------------    -------------------

Slack:                    inf
  Source:                 freq_div_behav_elem/counter_reg[0]/C
                            (rising edge-triggered cell FDRE)
  Destination:            freq_div_behav_elem/counter_reg[0]/D
  Path Group:             (none)
  Path Type:              Min at Fast Process Corner
  Data Path Delay:        0.441ns  (logic 0.209ns (47.392%)  route 0.232ns (52.608%))
  Logic Levels:           2  (FDRE=1 LUT1=1)

    Location             Delay type                Incr(ns)  Path(ns)    Netlist Resource(s)
  -------------------------------------------------------------------    -------------------
    SLICE_X12Y19         FDRE                         0.000     0.000 r  freq_div_behav_elem/counter_reg[0]/C
    SLICE_X12Y19         FDRE (Prop_fdre_C_Q)         0.164     0.164 f  freq_div_behav_elem/counter_reg[0]/Q
                         net (fo=5, routed)           0.232     0.396    freq_div_behav_elem/counter_reg_n_0_[0]
    SLICE_X12Y19         LUT1 (Prop_lut1_I0_O)        0.045     0.441 r  freq_div_behav_elem/counter[0]_i_1/O
                         net (fo=1, routed)           0.000     0.441    freq_div_behav_elem/counter[0]
    SLICE_X12Y19         FDRE                                         r  freq_div_behav_elem/counter_reg[0]/D
  -------------------------------------------------------------------    -------------------





