ssrcscan starts=srcscan exits with return value 0
VHDL std libs ===========
INFO: VHDL library search path for library "std" is now "C:/Xilinx/Vivado/2023.2/data/precomp_hsv/vhdl/std_2008" (VHDL-1505)
INFO: VHDL library search path for library "synopsys" is now "C:/Xilinx/Vivado/2023.2/data/precomp_hsv/vhdl/synopsys_2008" (VHDL-1505)
INFO: VHDL library search path for library "ieee" is now "C:/Xilinx/Vivado/2023.2/data/precomp_hsv/vhdl/ieee_2008" (VHDL-1505)
INFO: VHDL library search path for library "unimacro" is now "C:/Xilinx/Vivado/2023.2/data/precomp_hsv/vhdl/unimacro_2008" (VHDL-1505)
INFO: VHDL library search path for library "unisim" is now "C:/Xilinx/Vivado/2023.2/data/precomp_hsv/vhdl/unisim_2008" (VHDL-1505)
INFO: VHDL library search path for library "vl" is now "C:/Xilinx/Vivado/2023.2/data/precomp_hsv/vhdl/vl_2008" (VHDL-1505)
INFO: VHDL library search path for library "xpm" is now "C:/Xilinx/Vivado/2023.2/data/precomp_hsv/vhdl/xpm_2008" (VHDL-1505)
-- Analyzing VHDL file "C:/Users/ASUS/Desktop/Vivado_tasks/Lab2/Task6/DLATCH.srcs/sources_1/imports/new/My_gates.vhd" into library my_gateslib (VHDL-9003)
INFO: analyzing package 'MY_COMPONENTS'

-- Analyzing VHDL file "C:/Users/ASUS/Desktop/Vivado_tasks/Lab2/Task6/DLATCH.srcs/sources_1/imports/new/MUX2.vhd" into library my_gateslib (VHDL-9003)
INFO: analyzing entity 'MUX2' (VHDL-1012)
INFO: analyzing architecture 'Behavioral' of entity 'mux2' (VHDL-9006)
-- Analyzing VHDL file "C:/Users/ASUS/Desktop/Vivado_tasks/Lab2/Task6/DLATCH.srcs/sources_1/imports/new/MUX2AND.vhd" into library my_gateslib (VHDL-9003)
INFO: analyzing entity 'MUX2AND' (VHDL-1012)
INFO: analyzing architecture 'Behavioral' of entity 'mux2and' (VHDL-9006)
-- Analyzing VHDL file "C:/Users/ASUS/Desktop/Vivado_tasks/Lab2/Task6/DLATCH.srcs/sources_1/imports/new/ANDN.vhd" into library my_gateslib (VHDL-9003)
INFO: analyzing entity 'ANDN' (VHDL-1012)
INFO: analyzing architecture 'Behavioral' of entity 'andn' (VHDL-9006)
-- Analyzing VHDL file "C:/Users/ASUS/Desktop/Vivado_tasks/Lab2/Task6/DLATCH.srcs/sources_1/imports/new/LUTN.vhd" into library my_gateslib (VHDL-9003)
INFO: analyzing entity 'LUTN' (VHDL-1012)
INFO: analyzing architecture 'Behavioral' of entity 'lutn' (VHDL-9006)
-- Analyzing VHDL file "C:/Users/ASUS/Desktop/Vivado_tasks/Lab2/Task6/DLATCH.srcs/sources_1/imports/new/INV_LUT1.vhd" into library my_gateslib (VHDL-9003)
INFO: analyzing entity 'INV_LUT1' (VHDL-1012)
INFO: analyzing architecture 'Behavioral' of entity 'inv_lut1' (VHDL-9006)
-- Analyzing VHDL file "C:/Users/ASUS/Desktop/Vivado_tasks/Lab2/Task6/DLATCH.srcs/sources_1/imports/new/MUX2OR.vhd" into library my_gateslib (VHDL-9003)
INFO: analyzing entity 'MUX2OR' (VHDL-1012)
INFO: analyzing architecture 'Behavioral' of entity 'mux2or' (VHDL-9006)
-- Analyzing VHDL file "C:/Users/ASUS/Desktop/Vivado_tasks/Lab2/Task6/DLATCH.srcs/sources_1/imports/new/ORN.vhd" into library my_gateslib (VHDL-9003)
INFO: analyzing entity 'ORN' (VHDL-1012)
INFO: analyzing architecture 'Behavioral' of entity 'orn' (VHDL-9006)
-- Analyzing VHDL file "C:/Users/ASUS/AppData/Local/Temp/VivadoEditorAssist2697487063088956283.tmp" into library my_gateslib (VHDL-9003)
INFO: analyzing entity 'RSLATCH' (VHDL-1012)
INFO: analyzing architecture 'Structural' of entity 'rslatch' (VHDL-9006)
-- Analyzing VHDL file "C:/Users/ASUS/AppData/Local/Temp/VivadoEditorAssist15479936114454113598.tmp" into library my_gateslib (VHDL-9003)
INFO: analyzing entity 'DLATCH' (VHDL-1012)
INFO: analyzing architecture 'Structural' of entity 'dlatch' (VHDL-9006)
-- Analyzing VHDL file "C:/Users/ASUS/AppData/Local/Temp/VivadoEditorAssist10225084581803072680.tmp" into library xil_defaultlib (VHDL-9003)
INFO: analyzing entity 'SYNTHES_DLATCH' (VHDL-1012)
INFO: analyzing architecture 'Structural' of entity 'synthes_dlatch' (VHDL-9006)
srcscan exits with return value 0
