#-----------------------------------------------------------
# Vivado v2023.2 (64-bit)
# SW Build 4029153 on Fri Oct 13 20:14:34 MDT 2023
# IP Build 4028589 on Sat Oct 14 00:45:43 MDT 2023
# SharedData Build 4025554 on Tue Oct 10 17:18:54 MDT 2023
# Start of session at: Sat Mar 21 16:08:19 2026
# Process ID: 12052
# Current directory: C:/Users/ASUS/Desktop/Vivado_tasks/Lab2/Task5
# Command line: vivado.exe -gui_launcher_event rodinguilauncherevent18616 C:\Users\ASUS\Desktop\Vivado_tasks\Lab2\Task5\BISTABLE_CELL.xpr
# Log file: C:/Users/ASUS/Desktop/Vivado_tasks/Lab2/Task5/vivado.log
# Journal file: C:/Users/ASUS/Desktop/Vivado_tasks/Lab2/Task5\vivado.jou
# Running On: DESKTOP-66O4QSA, OS: Windows, CPU Frequency: 3110 MHz, CPU Physical cores: 12, Host memory: 16858 MB
#-----------------------------------------------------------
start_guopopen_project C:/Users/ASUS/Desktop/Vivado_tasks/Lab2/Task5/BISTABLE_CELL.xpWARNING: [Board 49-26] cannot add Board Part xilinx.com:kcu105:part0:1.6 available at C:/Xilinx/Vivado/2023.2/data/xhub/boards/XilinxBoardStore/boards/Xilinx/kcu105/1.6/board.xml as part xcku040-ffva1156-2-e specified in board_part file is either invalid or not available
WARNING: [Board 49-26] cannot add Board Part xilinx.com:kcu105:part0:1.7 available at C:/Xilinx/Vivado/2023.2/data/xhub/boards/XilinxBoardStore/boards/Xilinx/kcu105/1.7/board.xml as part xcku040-ffva1156-2-e specified in board_part file is either invalid or not available
WARNING: [Board 49-26] cannot add Board Part xilinx.com:kcu116:part0:1.4 available at C:/Xilinx/Vivado/2023.2/data/xhub/boards/XilinxBoardStore/boards/Xilinx/kcu116/1.4/board.xml as part xcku5p-ffvb676-2-e specified in board_part file is either invalid or not available
WARNING: [Board 49-26] cannot add Board Part xilinx.com:kcu116:part0:1.5 available at C:/Xilinx/Vivado/2023.2/data/xhub/boards/XilinxBoardStore/boards/Xilinx/kcu116/1.5/board.xml as part xcku5p-ffvb676-2-e specified in board_part file is either invalid or not available
WARNING: [Board 49-26] cannot add Board Part xilinx.com:kcu1500:part0:1.2 available at C:/Xilinx/Vivado/2023.2/data/xhub/boards/XilinxBoardStore/boards/Xilinx/kcu1500/1.2/board.xml as part xcku115-flvb2104-2-e specified in board_part file is either invalid or not available
WARNING: [Board 49-26] cannot add Board Part xilinx.com:vck190:part0:2.2 available at C:/Xilinx/Vivado/2023.2/data/xhub/boards/XilinxBoardStore/boards/Xilinx/vck190/production/2.2/board.xml as part xcvc1902-vsva2197-2mp-e-s specified in board_part file is either invalid or not available
WARNING: [Board 49-26] cannot add Board Part xilinx.com:vck190:part0:3.0 available at C:/Xilinx/Vivado/2023.2/data/xhub/boards/XilinxBoardStore/boards/Xilinx/vck190/production/3.0/board.xml as part xcvc1902-vsva2197-2mp-e-s specified in board_part file is either invalid or not available
WARNING: [Board 49-26] cannot add Board Part xilinx.com:vck190:part0:3.1 available at C:/Xilinx/Vivado/2023.2/data/xhub/boards/XilinxBoardStore/boards/Xilinx/vck190/production/3.1/board.xml as part xcvc1902-vsva2197-2mp-e-s specified in board_part file is either invalid or not available
WARNING: [Board 49-26] cannot add Board Part xilinx.com:vck190:part0:3.2 available at C:/Xilinx/Vivado/2023.2/data/xhub/boards/XilinxBoardStore/boards/Xilinx/vck190/production/3.2/board.xml as part xcvc1902-vsva2197-2mp-e-s specified in board_part file is either invalid or not available
WARNING: [Board 49-26] cannot add Board Part xilinx.com:vck190_newl:part0:1.0 available at C:/Xilinx/Vivado/2023.2/data/xhub/boards/XilinxBoardStore/boards/Xilinx/vck190_newl/production/1.0/board.xml as part xcvc1902-vsva2197-2mp-e-s specified in board_part file is either invalid or not available
WARNING: [Board 49-26] cannot add Board Part xilinx.com:vck190_newl:part0:1.1 available at C:/Xilinx/Vivado/2023.2/data/xhub/boards/XilinxBoardStore/boards/Xilinx/vck190_newl/production/1.1/board.xml as part xcvc1902-vsva2197-2mp-e-s specified in board_part file is either invalid or not available
WARNING: [Board 49-26] cannot add Board Part xilinx.com:vcu108:part0:1.6 available at C:/Xilinx/Vivado/2023.2/data/xhub/boards/XilinxBoardStore/boards/Xilinx/vcu108/1.6/board.xml as part xcvu095-ffva2104-2-e specified in board_part file is either invalid or not available
WARNING: [Board 49-26] cannot add Board Part xilinx.com:vcu108:part0:1.7 available at C:/Xilinx/Vivado/2023.2/data/xhub/boards/XilinxBoardStore/boards/Xilinx/vcu108/1.7/board.xml as part xcvu095-ffva2104-2-e specified in board_part file is either invalid or not available
WARNING: [Board 49-26] cannot add Board Part xilinx.com:vcu110:part0:1.4 available at C:/Xilinx/Vivado/2023.2/data/xhub/boards/XilinxBoardStore/boards/Xilinx/vcu110/1.4/board.xml as part xcvu190-flgc2104-2-e specified in board_part file is either invalid or not available
WARNING: [Board 49-26] cannot add Board Part xilinx.com:vcu118:part0:2.0 available at C:/Xilinx/Vivado/2023.2/data/xhub/boards/XilinxBoardStore/boards/Xilinx/vcu118/2.0/board.xml as part xcvu9p-flga2104-2l-e specified in board_part file is either invalid or not available
WARNING: [Board 49-26] cannot add Board Part xilinx.com:vcu118:part0:2.3 available at C:/Xilinx/Vivado/2023.2/data/xhub/boards/XilinxBoardStore/boards/Xilinx/vcu118/2.3/board.xml as part xcvu9p-flga2104-2l-e specified in board_part file is either invalid or not available
WARNING: [Board 49-26] cannot add Board Part xilinx.com:vcu118:part0:2.4 available at C:/Xilinx/Vivado/2023.2/data/xhub/boards/XilinxBoardStore/boards/Xilinx/vcu118/2.4/board.xml as part xcvu9p-flga2104-2l-e specified in board_part file is either invalid or not available
WARNING: [Board 49-26] cannot add Board Part xilinx.com:vcu128:part0:1.0 available at C:/Xilinx/Vivado/2023.2/data/xhub/boards/XilinxBoardStore/boards/Xilinx/vcu128/production/1.0/board.xml as part xcvu37p-fsvh2892-2l-e specified in board_part file is either invalid or not available
WARNING: [Board 49-26] cannot add Board Part xilinx.com:vcu129:part0:1.0 available at C:/Xilinx/Vivado/2023.2/data/xhub/boards/XilinxBoardStore/boards/Xilinx/vcu129/production/1.0/board.xml as part xcvu29p-fsga2577-2l-e specified in board_part file is either invalid or not available
WARNING: [Board 49-26] cannot add Board Part xilinx.com:vcu1525:part0:1.3 available at C:/Xilinx/Vivado/2023.2/data/xhub/boards/XilinxBoardStore/boards/Xilinx/vcu1525/1.3/board.xml as part xcvu9p-fsgd2104-2l-e specified in board_part file is either invalid or not available
WARNING: [Board 49-26] cannot add Board Part xilinx.com:vek280:part0:1.0 available at C:/Xilinx/Vivado/2023.2/data/xhub/boards/XilinxBoardStore/boards/Xilinx/vek280/production/1.0/board.xml as part xcve2802-vsvh1760-2mp-e-s specified in board_part file is either invalid or not available
WARNING: [Board 49-26] cannot add Board Part xilinx.com:vek280_es:part0:1.0 available at C:/Xilinx/Vivado/2023.2/data/xhub/boards/XilinxBoardStore/boards/Xilinx/vek280/es/rev_a/1.0/board.xml as part xcve2802-vsvh1760-2lp-e-s-es1 specified in board_part file is either invalid or not available
WARNING: [Board 49-26] cannot add Board Part xilinx.com:vek280_es:part0:1.1 available at C:/Xilinx/Vivado/2023.2/data/xhub/boards/XilinxBoardStore/boards/Xilinx/vek280/es/rev_a/1.1/board.xml as part xcve2802-vsvh1760-2lp-e-s-es1 specified in board_part file is either invalid or not available
WARNING: [Board 49-26] cannot add Board Part xilinx.com:vek280_es_revb:part0:1.0 available at C:/Xilinx/Vivado/2023.2/data/xhub/boards/XilinxBoardStore/boards/Xilinx/vek280/es/rev_b/1.0/board.xml as part xcve2802-vsvh1760-2mp-e-s-es1 specified in board_part file is either invalid or not available
WARNING: [Board 49-26] cannot add Board Part xilinx.com:vek280_es_revb:part0:1.1 available at C:/Xilinx/Vivado/2023.2/data/xhub/boards/XilinxBoardStore/boards/Xilinx/vek280/es/rev_b/1.1/board.xml as part xcve2802-vsvh1760-2mp-e-s-es1 specified in board_part file is either invalid or not available
WARNING: [Board 49-26] cannot add Board Part xilinx.com:vermeo_t1_mpsoc:part0:1.0 available at C:/Xilinx/Vivado/2023.2/data/xhub/boards/XilinxBoardStore/boards/Xilinx/vermeo_t1_mpsoc/1.0/board.xml as part xczu19eg-ffvd1760-2l-e specified in board_part file is either invalid or not available
WARNING: [Board 49-26] cannot add Board Part xilinx.com:vermeo_t1_rfsoc:part0:1.0 available at C:/Xilinx/Vivado/2023.2/data/xhub/boards/XilinxBoardStore/boards/Xilinx/vermeo_t1_rfsoc/1.0/board.xml as part xczu21dr-ffvd1156-2l-e specified in board_part file is either invalid or not available
WARNING: [Board 49-26] cannot add Board Part xilinx.com:vhk158:part0:1.0 available at C:/Xilinx/Vivado/2023.2/data/xhub/boards/XilinxBoardStore/boards/Xilinx/vhk158/production/1.0/board.xml as part xcvh1582-vsva3697-2mp-e-s specified in board_part file is either invalid or not available
WARNING: [Board 49-26] cannot add Board Part xilinx.com:vhk158:part0:1.1 available at C:/Xilinx/Vivado/2023.2/data/xhub/boards/XilinxBoardStore/boards/Xilinx/vhk158/production/1.1/board.xml as part xcvh1582-vsva3697-2mp-e-s specified in board_part file is either invalid or not available
WARNING: [Board 49-26] cannot add Board Part xilinx.com:vhk158_es:part0:1.0 available at C:/Xilinx/Vivado/2023.2/data/xhub/boards/XilinxBoardStore/boards/Xilinx/vhk158/es/1.0/board.xml as part xcvh1582-vsva3697-2mp-e-s-es1 specified in board_part file is either invalid or not available
WARNING: [Board 49-26] cannot add Board Part xilinx.com:vhk158_es:part0:1.1 available at C:/Xilinx/Vivado/2023.2/data/xhub/boards/XilinxBoardStore/boards/Xilinx/vhk158/es/1.1/board.xml as part xcvh1582-vsva3697-2mp-e-s-es1 specified in board_part file is either invalid or not available
WARNING: [Board 49-26] cannot add Board Part xilinx.com:vmk180:part0:2.2 available at C:/Xilinx/Vivado/2023.2/data/xhub/boards/XilinxBoardStore/boards/Xilinx/vmk180/production/2.2/board.xml as part xcvm1802-vsva2197-2mp-e-s specified in board_part file is either invalid or not available
WARNING: [Board 49-26] cannot add Board Part xilinx.com:vmk180:part0:3.0 available at C:/Xilinx/Vivado/2023.2/data/xhub/boards/XilinxBoardStore/boards/Xilinx/vmk180/production/3.0/board.xml as part xcvm1802-vsva2197-2mp-e-s specified in board_part file is either invalid or not available
WARNING: [Board 49-26] cannot add Board Part xilinx.com:vmk180:part0:3.1 available at C:/Xilinx/Vivado/2023.2/data/xhub/boards/XilinxBoardStore/boards/Xilinx/vmk180/production/3.1/board.xml as part xcvm1802-vsva2197-2mp-e-s specified in board_part file is either invalid or not available
WARNING: [Board 49-26] cannot add Board Part xilinx.com:vmk180:part0:3.2 available at C:/Xilinx/Vivado/2023.2/data/xhub/boards/XilinxBoardStore/boards/Xilinx/vmk180/production/3.2/board.xml as part xcvm1802-vsva2197-2mp-e-s specified in board_part file is either invalid or not available
WARNING: [Board 49-26] cannot add Board Part xilinx.com:vmk180_newl:part0:1.0 available at C:/Xilinx/Vivado/2023.2/data/xhub/boards/XilinxBoardStore/boards/Xilinx/vmk180_newl/production/1.0/board.xml as part xcvm1802-vsva2197-2mp-e-s specified in board_part file is either invalid or not available
WARNING: [Board 49-26] cannot add Board Part xilinx.com:vmk180_newl:part0:1.1 available at C:/Xilinx/Vivado/2023.2/data/xhub/boards/XilinxBoardStore/boards/Xilinx/vmk180_newl/production/1.1/board.xml as part xcvm1802-vsva2197-2mp-e-s specified in board_part file is either invalid or not available
WARNING: [Board 49-26] cannot add Board Part xilinx.com:vpk120:part0:1.0 available at C:/Xilinx/Vivado/2023.2/data/xhub/boards/XilinxBoardStore/boards/Xilinx/vpk120/production/1.0/board.xml as part xcvp1202-vsva2785-2mp-e-s specified in board_part file is either invalid or not available
WARNING: [Board 49-26] cannot add Board Part xilinx.com:vpk120:part0:1.1 available at C:/Xilinx/Vivado/2023.2/data/xhub/boards/XilinxBoardStore/boards/Xilinx/vpk120/production/1.1/board.xml as part xcvp1202-vsva2785-2mp-e-s specified in board_part file is either invalid or not available
WARNING: [Board 49-26] cannot add Board Part xilinx.com:vpk120:part0:1.2 available at C:/Xilinx/Vivado/2023.2/data/xhub/boards/XilinxBoardStore/boards/Xilinx/vpk120/production/1.2/board.xml as part xcvp1202-vsva2785-2mp-e-s specified in board_part file is either invalid or not available
WARNING: [Board 49-26] cannot add Board Part xilinx.com:vpk180:part0:1.0 available at C:/Xilinx/Vivado/2023.2/data/xhub/boards/XilinxBoardStore/boards/Xilinx/vpk180/production/1.0/board.xml as part xcvp1802-lsvc4072-2mp-e-s specified in board_part file is either invalid or not available
WARNING: [Board 49-26] cannot add Board Part xilinx.com:vpk180:part0:1.1 available at C:/Xilinx/Vivado/2023.2/data/xhub/boards/XilinxBoardStore/boards/Xilinx/vpk180/production/1.1/board.xml as part xcvp1802-lsvc4072-2mp-e-s specified in board_part file is either invalid or not available
WARNING: [Board 49-26] cannot add Board Part xilinx.com:zc702:part0:1.4 available at C:/Xilinx/Vivado/2023.2/data/xhub/boards/XilinxBoardStore/boards/Xilinx/zc702/1.4/board.xml as part xc7z020clg484-1 specified in board_part file is either invalid or not available
WARNING: [Board 49-26] cannot add Board Part xilinx.com:zc706:part0:1.4 available at C:/Xilinx/Vivado/2023.2/data/xhub/boards/XilinxBoardStore/boards/Xilinx/zc706/1.4/board.xml as part xc7z045ffg900-2 specified in board_part file is either invalid or not available
WARNING: [Board 49-26] cannot add Board Part xilinx.com:zcu102:part0:3.3 available at C:/Xilinx/Vivado/2023.2/data/xhub/boards/XilinxBoardStore/boards/Xilinx/zcu102/3.3/board.xml as part xczu9eg-ffvb1156-2-e specified in board_part file is either invalid or not available
WARNING: [Board 49-26] cannot add Board Part xilinx.com:zcu102:part0:3.4 available at C:/Xilinx/Vivado/2023.2/data/xhub/boards/XilinxBoardStore/boards/Xilinx/zcu102/3.4/board.xml as part xczu9eg-ffvb1156-2-e specified in board_part file is either invalid or not available
WARNING: [Board 49-26] cannot add Board Part xilinx.com:zcu104:part0:1.1 available at C:/Xilinx/Vivado/2023.2/data/xhub/boards/XilinxBoardStore/boards/Xilinx/zcu104/1.1/board.xml as part xczu7ev-ffvc1156-2-e specified in board_part file is either invalid or not available
WARNING: [Board 49-26] cannot add Board Part xilinx.com:zcu106:part0:2.4 available at C:/Xilinx/Vivado/2023.2/data/xhub/boards/XilinxBoardStore/boards/Xilinx/zcu106/2.4/board.xml as part xczu7ev-ffvc1156-2-e specified in board_part file is either invalid or not available
WARNING: [Board 49-26] cannot add Board Part xilinx.com:zcu106:part0:2.5 available at C:/Xilinx/Vivado/2023.2/data/xhub/boards/XilinxBoardStore/boards/Xilinx/zcu106/2.5/board.xml as part xczu7ev-ffvc1156-2-e specified in board_part file is either invalid or not available
WARNING: [Board 49-26] cannot add Board Part xilinx.com:zcu106:part0:2.6 available at C:/Xilinx/Vivado/2023.2/data/xhub/boards/XilinxBoardStore/boards/Xilinx/zcu106/2.6/board.xml as part xczu7ev-ffvc1156-2-e specified in board_part file is either invalid or not available
WARNING: [Board 49-26] cannot add Board Part xilinx.com:zcu111:part0:1.2 available at C:/Xilinx/Vivado/2023.2/data/xhub/boards/XilinxBoardStore/boards/Xilinx/zcu111/1.2/board.xml as part xczu28dr-ffvg1517-2-e specified in board_part file is either invalid or not available
WARNING: [Board 49-26] cannot add Board Part xilinx.com:zcu111:part0:1.3 available at C:/Xilinx/Vivado/2023.2/data/xhub/boards/XilinxBoardStore/boards/Xilinx/zcu111/1.3/board.xml as part xczu28dr-ffvg1517-2-e specified in board_part file is either invalid or not available
WARNING: [Board 49-26] cannot add Board Part xilinx.com:zcu111:part0:1.4 available at C:/Xilinx/Vivado/2023.2/data/xhub/boards/XilinxBoardStore/boards/Xilinx/zcu111/1.4/board.xml as part xczu28dr-ffvg1517-2-e specified in board_part file is either invalid or not available
WARNING: [Board 49-26] cannot add Board Part xilinx.com:zcu1275:part0:1.0 available at C:/Xilinx/Vivado/2023.2/data/xhub/boards/XilinxBoardStore/boards/Xilinx/zcu1275/1.0/board.xml as part xczu29dr-ffvf1760-2-e specified in board_part file is either invalid or not available
WARNING: [Board 49-26] cannot add Board Part xilinx.com:zcu1285:part0:1.0 available at C:/Xilinx/Vivado/2023.2/data/xhub/boards/XilinxBoardStore/boards/Xilinx/zcu1285/1.0/board.xml as part xczu39dr-ffvf1760-2-i specified in board_part file is either invalid or not available
WARNING: [Board 49-26] cannot add Board Part xilinx.com:zcu208:part0:2.0 available at C:/Xilinx/Vivado/2023.2/data/xhub/boards/XilinxBoardStore/boards/Xilinx/zcu208/production/2.0/board.xml as part xczu48dr-fsvg1517-2-e specified in board_part file is either invalid or not available
WARNING: [Board 49-26] cannot add Board Part xilinx.com:zcu208ld:part0:2.0 available at C:/Xilinx/Vivado/2023.2/data/xhub/boards/XilinxBoardStore/boards/Xilinx/zcu208ld/production/2.0/board.xml as part xczu58dr-fsvg1517-2-i specified in board_part file is either invalid or not available
WARNING: [Board 49-26] cannot add Board Part xilinx.com:zcu216:part0:2.0 available at C:/Xilinx/Vivado/2023.2/data/xhub/boards/XilinxBoardStore/boards/Xilinx/zcu216/production/2.0/board.xml as part xczu49dr-ffvf1760-2-e specified in board_part file is either invalid or not available
WARNING: [Board 49-26] cannot add Board Part xilinx.com:zcu216ld:part0:2.0 available at C:/Xilinx/Vivado/2023.2/data/xhub/boards/XilinxBoardStore/boards/Xilinx/zcu216ld/production/2.0/board.xml as part xczu59dr-ffvf1760-2-i specified in board_part file is either invalid or not available
WARNING: [Board 49-26] cannot add Board Part xilinx.com:zcu670:part0:2.0 available at C:/Xilinx/Vivado/2023.2/data/xhub/boards/XilinxBoardStore/boards/Xilinx/zcu670/2.0/board.xml as part xczu67dr-fsve1156-2-i specified in board_part file is either invalid or not available
WARNING: [Board 49-26] cannot add Board Part xilinx.com:zcu670ld:part0:1.0 available at C:/Xilinx/Vivado/2023.2/data/xhub/boards/XilinxBoardStore/boards/Xilinx/zcu670ld/1.0/board.xml as part xczu57dr-fsve1156-2-i specified in board_part file is either invalid or not available
INFO: [filemgmt 56-3] Default IP Output Path : Could not find the directory 'C:/Users/ASUS/Desktop/Vivado_tasks/Lab2/Task5/BISTABLE_CELL.gen/sources_1'.
Scanning sources...
Finished scanning sources
INFO: [IP_Flow 19-234] Refreshing IP repositories
INFO: [IP_Flow 19-1704] No user IP repositories specified
INFO: [IP_Flow 19-2313] Loaded Vivado IP repository 'C:/Xilinx/Vivado/2023.2/data/ip'.
open_project: Time (s): cpu = 00:01:40 ; elapsed = 00:00:46 . Memory (MB): peak = 1514.707 ; gain = 381.449
update_compile_order -fileset sources_1
reexit
INFO: [Common 17-206] Exiting Vivado at Sat Mar 21 20:31:54 2026...
op/Vivado_tasks/Lab2/Task5/BISTABLE_CELL.srcs/utils_1/imports/synth_1/BISTABLE_CELL.dcp with file C:/Users/ASUS/Desktop/Vivado_tasks/Lab2/Task5/BISTABLE_CELL.runs/synth_1/BISTABLE_CELL.dcp
WARNING: [Vivado 12-1017] Problems encountered:
1. Failed to delete one or more files in run directory C:/Users/ASUS/Desktop/Vivado_tasks/Lab2/Task5/BISTABLE_CELL.runs/synth_1

launch_runs synth_1 -jobs 12
[Sat Mar 21 16:21:56 2026] Launched synth_1...
Run output will be captured here: C:/Users/ASUS/Desktop/Vivado_tasks/Lab2/Task5/BISTABLE_CELL.runs/synth_1/runme.log
open_run synth_1 -name synth_1
Design is defaulting to impl run constrset: constrs_1
Design is defaulting to synth run part: xc7a35tcpg236-1
INFO: [Device 21-403] Loading part xc7a35tcpg236-1
Netlist sorting complete. Time (s): cpu = 00:00:00 ; elapsed = 00:00:00 . Memory (MB): peak = 1892.777 ; gain = 0.000
INFO: [Project 1-479] Netlist was created with Vivado 2023.2
INFO: [Project 1-570] Preparing netlist for logic optimization
Parsing XDC File [C:/Users/ASUS/Desktop/Vivado_tasks/Lab2/Task5/BISTABLE_CELL.srcs/constrs_1/imports/new/Master-Basys3.xdc]
Finished Parsing XDC File [C:/Users/ASUS/Desktop/Vivado_tasks/Lab2/Task5/BISTABLE_CELL.srcs/constrs_1/imports/new/Master-Basys3.xdc]
INFO: [Opt 31-138] Pushed 0 inverter(s) to 0 load pin(s).
Netlist sorting complete. Time (s): cpu = 00:00:00 ; elapsed = 00:00:00 . Memory (MB): peak = 1988.418 ; gain = 0.000
INFO: [Project 1-111] Unisim Transformation Summary:
No Unisim elements were transformed.

open_run: Time (s): cpu = 00:00:16 ; elapsed = 00:00:10 . Memory (MB): peak = 2159.117 ; gain = 625.008
refresh_design
Netlist sorting complete. Time (s): cpu = 00:00:00 ; elapsed = 00:00:00 . Memory (MB): peak = 2623.910 ; gain = 0.000
INFO: [Project 1-479] Netlist was created with Vivado 2023.2
INFO: [Project 1-570] Preparing netlist for logic optimization
Parsing XDC File [C:/Users/ASUS/Desktop/Vivado_tasks/Lab2/Task5/BISTABLE_CELL.srcs/constrs_1/imports/new/Master-Basys3.xdc]
Finished Parsing XDC File [C:/Users/ASUS/Desktop/Vivado_tasks/Lab2/Task5/BISTABLE_CELL.srcs/constrs_1/imports/new/Master-Basys3.xdc]
INFO: [Opt 31-138] Pushed 0 inverter(s) to 0 load pin(s).
reset_run synth_1
INFO: [Project 1-1161] Replacing file C:/Users/ASUS/Desktop/Vivado_tasks/Lab2/Task5/BISTABLE_CELL.srcs/utils_1/imports/synth_1/BISTABLE_CELL.dcp with file C:/Users/ASUS/Desktop/Vivado_tasks/Lab2/Task5/BISTABLE_CELL.runs/synth_1/BISTABLE_CELL.dcp
WARNING: [Vivado 12-1017] Problems encountered:
1. Failed to delete one or more files in run directory C:/Users/ASUS/Desktop/Vivado_tasks/Lab2/Task5/BISTABLE_CELL.runs/synth_1

launch_runs impl_1 -jobs 12
WARNING: [Project 1-478] Design 'synth_1' is stale and will not be used when launching 'impl_1'
[Sat Mar 21 20:30:42 2026] Launched synth_1...
Run output will be captured here: C:/Users/ASUS/Desktop/Vivado_tasks/Lab2/Task5/BISTABLE_CELL.runs/synth_1/runme.log
[Sat Mar 21 20:30:42 2026] Launched impl_1...
Run output will be captured here: C:/Users/ASUS/Desktop/Vivado_tasks/Lab2/Task5/BISTABLE_CELL.runs/impl_1/runme.log
reset_run synth_1
WARNING: [Vivado 12-1017] Problems encountered:
1. Failed to delete one or more files in run directory C:/Users/ASUS/Desktop/Vivado_tasks/Lab2/Task5/BISTABLE_CELL.runs/synth_1

exit
INFO: [Common 17-206] Exiting Vivado at Sat Mar 21 20:31:44 2026...
tempt to get parsing info during refresh. "On-the-fly" syntax checking information may be incorrect. [C:\Users\ASUS\Desktop\Vivado_tasks\Lab2\Task5\BISTABLE_CELL.srcs\sources_1\new\BISTABLE_CELL.vhd:]
WARNING: [filemgmt 56-199] Attempt to get parsing info during refresh. "On-the-fly" syntax checking information may be incorrect. [C:\Users\ASUS\Desktop\Vivado_tasks\Lab2\Task5\BISTABLE_CELL.srcs\sources_1\imports\new\LUTN.vhd:]
WARNING: [filemgmt 56-199] Attempt to get parsing info during refresh. "On-the-fly" syntax checking information may be incorrect. [C:\Users\ASUS\Desktop\Vivado_tasks\Lab2\Task5\BISTABLE_CELL.srcs\sources_1\imports\new\INV_LUT1.vhd:]
WARNING: [filemgmt 56-199] Attempt to get parsing info during refresh. "On-the-fly" syntax checking information may be incorrect. [C:\Users\ASUS\Desktop\Vivado_tasks\Lab2\Task5\BISTABLE_CELL.srcs\sources_1\imports\new\BISTABLE_INVS.vhd:]
WARNING: [filemgmt 56-199] Attempt to get parsing info during refresh. "On-the-fly" syntax checking information may be incorrect. [C:\Users\ASUS\Desktop\Vivado_tasks\Lab2\Task5\BISTABLE_CELL.srcs\sources_1\new\BISTABLE_CELL.vhd:]
WARNING: [filemgmt 56-199] Attempt to get parsing info during refresh. "On-the-fly" syntax checking information may be incorrect. [C:\Users\ASUS\Desktop\Vivado_tasks\Lab2\Task5\BISTABLE_CELL.srcs\sources_1\imports\new\LUTN.vhd:]
WARNING: [filemgmt 56-199] Attempt to get parsing info during refresh. "On-the-fly" syntax checking information may be incorrect. [C:\Users\ASUS\Desktop\Vivado_tasks\Lab2\Task5\BISTABLE_CELL.srcs\sources_1\imports\new\INV_LUT1.vhd:]
WARNING: [filemgmt 56-199] Attempt to get parsing info during refresh. "On-the-fly" syntax checking information may be incorrect. [C:\Users\ASUS\Desktop\Vivado_tasks\Lab2\Task5\BISTABLE_CELL.srcs\sources_1\imports\new\BISTABLE_INVS.vhd:]
ERROR: [Common 17-180] Spawn failed: No error
WARNING: [filemgmt 56-199] Attempt to get parsing info during refresh. "On-the-fly" syntax checking information may be incorrect. [C:\Users\ASUS\Desktop\Vivado_tasks\Lab2\Task5\BISTABLE_CELL.srcs\sources_1\new\BISTABLE_CELL.vhd:]
WARNING: [filemgmt 56-199] Attempt to get parsing info during refresh. "On-the-fly" syntax checking information may be incorrect. [C:\Users\ASUS\Desktop\Vivado_tasks\Lab2\Task5\BISTABLE_CELL.srcs\sources_1\imports\new\LUTN.vhd:]
WARNING: [filemgmt 56-199] Attempt to get parsing info during refresh. "On-the-fly" syntax checking information may be incorrect. [C:\Users\ASUS\Desktop\Vivado_tasks\Lab2\Task5\BISTABLE_CELL.srcs\sources_1\imports\new\INV_LUT1.vhd:]
WARNING: [filemgmt 56-199] Attempt to get parsing info during refresh. "On-the-fly" syntax checking information may be incorrect. [C:\Users\ASUS\Desktop\Vivado_tasks\Lab2\Task5\BISTABLE_CELL.srcs\sources_1\imports\new\BISTABLE_INVS.vhd:]
WARNING: [filemgmt 56-199] Attempt to get parsing info during refresh. "On-the-fly" syntax checking information may be incorrect. [C:\Users\ASUS\Desktop\Vivado_tasks\Lab2\Task5\BISTABLE_CELL.srcs\sources_1\new\BISTABLE_CELL.vhd:]
WARNING: [filemgmt 56-199] Attempt to get parsing info during refresh. "On-the-fly" syntax checking information may be incorrect. [C:\Users\ASUS\Desktop\Vivado_tasks\Lab2\Task5\BISTABLE_CELL.srcs\sources_1\imports\new\LUTN.vhd:]
WARNING: [filemgmt 56-199] Attempt to get parsing info during refresh. "On-the-fly" syntax checking information may be incorrect. [C:\Users\ASUS\Desktop\Vivado_tasks\Lab2\Task5\BISTABLE_CELL.srcs\sources_1\imports\new\INV_LUT1.vhd:]
WARNING: [filemgmt 56-199] Attempt to get parsing info during refresh. "On-the-fly" syntax checking information may be incorrect. [C:\Users\ASUS\Desktop\Vivado_tasks\Lab2\Task5\BISTABLE_CELL.srcs\sources_1\imports\new\BISTABLE_INVS.vhd:]
ERROR: [Common 17-180] Spawn failed: No error
ERROR: [Common 17-180] Spawn failed: No error
open_run synth_1 -name synth_1
Design is defaulting to impl run constrset: constrs_1
Design is defaulting to synth run part: xc7a35tcpg236-1
INFO: [Device 21-403] Loading part xc7a35tcpg236-1
Netlist sorting complete. Time (s): cpu = 00:00:00 ; elapsed = 00:00:00 . Memory (MB): peak = 1896.031 ; gain = 0.000
INFO: [Project 1-479] Netlist was created with Vivado 2023.2
INFO: [Project 1-570] Preparing netlist for logic optimization
Parsing XDC File [C:/Users/ASUS/Desktop/Vivado_tasks/Lab2/Task5/BISTABLE_CELL.srcs/constrs_1/imports/new/Master-Basys3.xdc]
Finished Parsing XDC File [C:/Users/ASUS/Desktop/Vivado_tasks/Lab2/Task5/BISTABLE_CELL.srcs/constrs_1/imports/new/Master-Basys3.xdc]
INFO: [Opt 31-138] Pushed 0 inverter(s) to 0 load pin(s).
Netlist sorting complete. Time (s): cpu = 00:00:00 ; elapsed = 00:00:00 . Memory (MB): peak = 1991.188 ; gain = 0.000
INFO: [Project 1-111] Unisim Transformation Summary:
No Unisim elements were transformed.

open_run: Time (s): cpu = 00:00:18 ; elapsed = 00:00:12 . Memory (MB): peak = 2155.305 ; gain = 614.754
WARNING: [filemgmt 56-199] Attempt to get parsing info during refresh. "On-the-fly" syntax checking information may be incorrect. [C:\Users\ASUS\Desktop\Vivado_tasks\Lab2\Task5\BISTABLE_CELL.srcs\sources_1\new\BISTABLE_CELL.vhd:]
WARNING: [filemgmt 56-199] Attempt to get parsing info during refresh. "On-the-fly" syntax checking information may be incorrect. [C:\Users\ASUS\Desktop\Vivado_tasks\Lab2\Task5\BISTABLE_CELL.srcs\sources_1\imports\new\LUTN.vhd:]
WARNING: [filemgmt 56-199] Attempt to get parsing info during refresh. "On-the-fly" syntax checking information may be incorrect. [C:\Users\ASUS\Desktop\Vivado_tasks\Lab2\Task5\BISTABLE_CELL.srcs\sources_1\imports\new\INV_LUT1.vhd:]
WARNING: [filemgmt 56-199] Attempt to get parsing info during refresh. "On-the-fly" syntax checking information may be incorrect. [C:\Users\ASUS\Desktop\Vivado_tasks\Lab2\Task5\BISTABLE_CELL.srcs\sources_1\imports\new\BISTABLE_INVS.vhd:]
WARNING: [filemgmt 56-199] Attempt to get parsing info during refresh. "On-the-fly" syntax checking information may be incorrect. [C:\Users\ASUS\Desktop\Vivado_tasks\Lab2\Task5\BISTABLE_CELL.srcs\sources_1\new\BISTABLE_CELL.vhd:]
WARNING: [filemgmt 56-199] Attempt to get parsing info during refresh. "On-the-fly" syntax checking information may be incorrect. [C:\Users\ASUS\Desktop\Vivado_tasks\Lab2\Task5\BISTABLE_CELL.srcs\sources_1\imports\new\LUTN.vhd:]
WARNING: [filemgmt 56-199] Attempt to get parsing info during refresh. "On-the-fly" syntax checking information may be incorrect. [C:\Users\ASUS\Desktop\Vivado_tasks\Lab2\Task5\BISTABLE_CELL.srcs\sources_1\imports\new\INV_LUT1.vhd:]
WARNING: [filemgmt 56-199] Attempt to get parsing info during refresh. "On-the-fly" syntax checking information may be incorrect. [C:\Users\ASUS\Desktop\Vivado_tasks\Lab2\Task5\BISTABLE_CELL.srcs\sources_1\imports\new\BISTABLE_INVS.vhd:]
ERROR: [Common 17-180] Spawn failed: No error
ERROR: [Common 17-180] Spawn failed: No error
WARNING: [filemgmt 56-199] Attempt to get parsing info during refresh. "On-the-fly" syntax checking information may be incorrect. [C:\Users\ASUS\Desktop\Vivado_tasks\Lab2\Task5\BISTABLE_CELL.srcs\sources_1\new\BISTABLE_CELL.vhd:]
reset_run synth_1
INFO: [Project 1-1161] Replacing file C:/Users/ASUS/Desktop/Vivado_tasks/Lab2/Task5/BISTABLE_CELL.srcs/utils_1/imports/synth_1/BISTABLE_CELL.dcp with file C:/Users/ASUS/Desktop/Vivado_tasks/Lab2/Task5/BISTABLE_CELL.runs/synth_1/BISTABLE_CELL.dcp
WARNING: [Vivado 12-1017] Problems encountered:
1. Failed to delete one or more files in run directory C:/Users/ASUS/Desktop/Vivado_tasks/Lab2/Task5/BISTABLE_CELL.runs/synth_1

WARNING: [filemgmt 56-199] Attempt to get parsing info during refresh. "On-the-fly" syntax checking information may be incorrect. [C:\Users\ASUS\Desktop\Vivado_tasks\Lab2\Task5\BISTABLE_CELL.srcs\sources_1\new\BISTABLE_CELL.vhd:]
WARNING: [filemgmt 56-199] Attempt to get parsing info during refresh. "On-the-fly" syntax checking information may be incorrect. [C:\Users\ASUS\Desktop\Vivado_tasks\Lab2\Task5\BISTABLE_CELL.srcs\sources_1\imports\new\LUTN.vhd:]
WARNING: [filemgmt 56-199] Attempt to get parsing info during refresh. "On-the-fly" syntax checking information may be incorrect. [C:\Users\ASUS\Desktop\Vivado_tasks\Lab2\Task5\BISTABLE_CELL.srcs\sources_1\imports\new\INV_LUT1.vhd:]
WARNING: [filemgmt 56-199] Attempt to get parsing info during refresh. "On-the-fly" syntax checking information may be incorrect. [C:\Users\ASUS\Desktop\Vivado_tasks\Lab2\Task5\BISTABLE_CELL.srcs\sources_1\imports\new\BISTABLE_INVS.vhd:]
WARNING: [filemgmt 56-199] Attempt to get parsing info during refresh. "On-the-fly" syntax checking information may be incorrect. [C:\Users\ASUS\Desktop\Vivado_tasks\Lab2\Task5\BISTABLE_CELL.srcs\sources_1\new\BISTABLE_CELL.vhd:]
WARNING: [filemgmt 56-199] Attempt to get parsing info during refresh. "On-the-fly" syntax checking information may be incorrect. [C:\Users\ASUS\Desktop\Vivado_tasks\Lab2\Task5\BISTABLE_CELL.srcs\sources_1\imports\new\LUTN.vhd:]
WARNING: [filemgmt 56-199] Attempt to get parsing info during refresh. "On-the-fly" syntax checking information may be incorrect. [C:\Users\ASUS\Desktop\Vivado_tasks\Lab2\Task5\BISTABLE_CELL.srcs\sources_1\imports\new\INV_LUT1.vhd:]
WARNING: [filemgmt 56-199] Attempt to get parsing info during refresh. "On-the-fly" syntax checking information may be incorrect. [C:\Users\ASUS\Desktop\Vivado_tasks\Lab2\Task5\BISTABLE_CELL.srcs\sources_1\imports\new\BISTABLE_INVS.vhd:]
launch_runs synth_1 -jobs 12
[Sat Mar 21 16:16:33 2026] Launched synth_1...
Run output will be captured here: C:/Users/ASUS/Desktop/Vivado_tasks/Lab2/Task5/BISTABLE_CELL.runs/synth_1/runme.log
ERROR: [Common 17-180] Spawn failed: No error
ERROR: [Common 17-180] Spawn failed: No error
close_design
open_run synth_1 -name synth_1
Design is defaulting to impl run constrset: constrs_1
Design is defaulting to synth run part: xc7a35tcpg236-1
Netlist sorting complete. Time (s): cpu = 00:00:00 ; elapsed = 00:00:00.001 . Memory (MB): peak = 2613.133 ; gain = 0.000
INFO: [Project 1-479] Netlist was created with Vivado 2023.2
INFO: [Project 1-570] Preparing netlist for logic optimization
Parsing XDC File [C:/Users/ASUS/Desktop/Vivado_tasks/Lab2/Task5/BISTABLE_CELL.srcs/constrs_1/imports/new/Master-Basys3.xdc]
Finished Parsing XDC File [C:/Users/ASUS/Desktop/Vivado_tasks/Lab2/Task5/BISTABLE_CELL.srcs/constrs_1/imports/new/Master-Basys3.xdc]
INFO: [Opt 31-138] Pushed 0 inverter(s) to 0 load pin(s).
Netlist sorting complete. Time (s): cpu = 00:00:00 ; elapsed = 00:00:00 . Memory (MB): peak = 2613.133 ; gain = 0.000
INFO: [Project 1-111] Unisim Transformation Summary:
No Unisim elements were transformed.

WARNING: [filemgmt 56-199] Attempt to get parsing info during refresh. "On-the-fly" syntax checking information may be incorrect. [C:\Users\ASUS\Desktop\Vivado_tasks\Lab2\Task5\BISTABLE_CELL.srcs\sources_1\new\BISTABLE_CELL.vhd:]
WARNING: [filemgmt 56-199] Attempt to get parsing info during refresh. "On-the-fly" syntax checking information may be incorrect. [C:\Users\ASUS\Desktop\Vivado_tasks\Lab2\Task5\BISTABLE_CELL.srcs\sources_1\imports\new\LUTN.vhd:]
WARNING: [filemgmt 56-199] Attempt to get parsing info during refresh. "On-the-fly" syntax checking information may be incorrect. [C:\Users\ASUS\Desktop\Vivado_tasks\Lab2\Task5\BISTABLE_CELL.srcs\sources_1\imports\new\INV_LUT1.vhd:]
WARNING: [filemgmt 56-199] Attempt to get parsing info during refresh. "On-the-fly" syntax checking information may be incorrect. [C:\Users\ASUS\Desktop\Vivado_tasks\Lab2\Task5\BISTABLE_CELL.srcs\sources_1\imports\new\BISTABLE_INVS.vhd:]
WARNING: [filemgmt 56-199] Attempt to get parsing info during refresh. "On-the-fly" syntax checking information may be incorrect. [C:\Users\ASUS\Desktop\Vivado_tasks\Lab2\Task5\BISTABLE_CELL.srcs\sources_1\new\BISTABLE_CELL.vhd:]
WARNING: [filemgmt 56-199] Attempt to get parsing info during refresh. "On-the-fly" syntax checking information may be incorrect. [C:\Users\ASUS\Desktop\Vivado_tasks\Lab2\Task5\BISTABLE_CELL.srcs\sources_1\imports\new\LUTN.vhd:]
WARNING: [filemgmt 56-199] Attempt to get parsing info during refresh. "On-the-fly" syntax checking information may be incorrect. [C:\Users\ASUS\Desktop\Vivado_tasks\Lab2\Task5\BISTABLE_CELL.srcs\sources_1\imports\new\INV_LUT1.vhd:]
WARNING: [filemgmt 56-199] Attempt to get parsing info during refresh. "On-the-fly" syntax checking information may be incorrect. [C:\Users\ASUS\Desktop\Vivado_tasks\Lab2\Task5\BISTABLE_CELL.srcs\sources_1\imports\new\BISTABLE_INVS.vhd:]
ERROR: [Common 17-180] Spawn failed: No error
WARNING: [filemgmt 56-199] Attempt to get parsing info during refresh. "On-the-fly" syntax checking information may be incorrect. [C:\Users\ASUS\Desktop\Vivado_tasks\Lab2\Task5\BISTABLE_CELL.srcs\sources_1\new\BISTABLE_CELL.vhd:]
WARNING: [filemgmt 56-199] Attempt to get parsing info during refresh. "On-the-fly" syntax checking information may be incorrect. [C:\Users\ASUS\Desktop\Vivado_tasks\Lab2\Task5\BISTABLE_CELL.srcs\sources_1\imports\new\LUTN.vhd:]
WARNING: [filemgmt 56-199] Attempt to get parsing info during refresh. "On-the-fly" syntax checking information may be incorrect. [C:\Users\ASUS\Desktop\Vivado_tasks\Lab2\Task5\BISTABLE_CELL.srcs\sources_1\imports\new\INV_LUT1.vhd:]
WARNING: [filemgmt 56-199] Attempt to get parsing info during refresh. "On-the-fly" syntax checking information may be incorrect. [C:\Users\ASUS\Desktop\Vivado_tasks\Lab2\Task5\BISTABLE_CELL.srcs\sources_1\imports\new\BISTABLE_INVS.vhd:]
ERROR: [Common 17-180] Spawn failed: No error
WARNING: [filemgmt 56-199] Attempt to get parsing info during refresh. "On-the-fly" syntax checking information may be incorrect. [C:\Users\ASUS\Desktop\Vivado_tasks\Lab2\Task5\BISTABLE_CELL.srcs\sources_1\new\BISTABLE_CELL.vhd:]
WARNING: [filemgmt 56-199] Attempt to get parsing info during refresh. "On-the-fly" syntax checking information may be incorrect. [C:\Users\ASUS\Desktop\Vivado_tasks\Lab2\Task5\BISTABLE_CELL.srcs\sources_1\imports\new\LUTN.vhd:]
WARNING: [filemgmt 56-199] Attempt to get parsing info during refresh. "On-the-fly" syntax checking information may be incorrect. [C:\Users\ASUS\Desktop\Vivado_tasks\Lab2\Task5\BISTABLE_CELL.srcs\sources_1\imports\new\INV_LUT1.vhd:]
WARNING: [filemgmt 56-199] Attempt to get parsing info during refresh. "On-the-fly" syntax checking information may be incorrect. [C:\Users\ASUS\Desktop\Vivado_tasks\Lab2\Task5\BISTABLE_CELL.srcs\sources_1\imports\new\BISTABLE_INVS.vhd:]
WARNING: [filemgmt 56-199] Attempt to get parsing info during refresh. "On-the-fly" syntax checking information may be incorrect. [C:\Users\ASUS\Desktop\Vivado_tasks\Lab2\Task5\BISTABLE_CELL.srcs\sources_1\new\BISTABLE_CELL.vhd:]
WARNING: [filemgmt 56-199] Attempt to get parsing info during refresh. "On-the-fly" syntax checking information may be incorrect. [C:\Users\ASUS\Desktop\Vivado_tasks\Lab2\Task5\BISTABLE_CELL.srcs\sources_1\imports\new\LUTN.vhd:]
WARNING: [filemgmt 56-199] Attempt to get parsing info during refresh. "On-the-fly" syntax checking information may be incorrect. [C:\Users\ASUS\Desktop\Vivado_tasks\Lab2\Task5\BISTABLE_CELL.srcs\sources_1\imports\new\INV_LUT1.vhd:]
WARNING: [filemgmt 56-199] Attempt to get parsing info during refresh. "On-the-fly" syntax checking information may be incorrect. [C:\Users\ASUS\Desktop\Vivado_tasks\Lab2\Task5\BISTABLE_CELL.srcs\sources_1\imports\new\BISTABLE_INVS.vhd:]
ERROR: [Common 17-180] Spawn failed: No error
WARNING: [filemgmt 56-199] Attempt to get parsing info during refresh. "On-the-fly" syntax checking information may be incorrect. [C:\Users\ASUS\Desktop\Vivado_tasks\Lab2\Task5\BISTABLE_CELL.srcs\sources_1\new\BISTABLE_CELL.vhd:]
WARNING: [filemgmt 56-199] Attempt to get parsing info during refresh. "On-the-fly" syntax checking information may be incorrect. [C:\Users\ASUS\Desktop\Vivado_tasks\Lab2\Task5\BISTABLE_CELL.srcs\sources_1\imports\new\LUTN.vhd:]
WARNING: [filemgmt 56-199] Attempt to get parsing info during refresh. "On-the-fly" syntax checking information may be incorrect. [C:\Users\ASUS\Desktop\Vivado_tasks\Lab2\Task5\BISTABLE_CELL.srcs\sources_1\imports\new\INV_LUT1.vhd:]
WARNING: [filemgmt 56-199] Attempt to get parsing info during refresh. "On-the-fly" syntax checking information may be incorrect. [C:\Users\ASUS\Desktop\Vivado_tasks\Lab2\Task5\BISTABLE_CELL.srcs\sources_1\imports\new\BISTABLE_INVS.vhd:]
ERROR: [Common 17-180] Spawn failed: No error
reset_run synth_1
INFO: [Project 1-1161] Replacing file C:/Users/ASUS/Desktop/Vivado_tasks/Lab2/Task5/BISTABLE_CELL.srcs/utils_1/imports/synth_1/BISTABLE_CELL.dcp with file C:/Users/ASUS/Desktop/Vivado_tasks/Lab2/Task5/BISTABLE_CELL.runs/synth_1/BISTABLE_CELL.dcp
WARNING: [Vivado 12-1017] Problems encountered:
1. Failed to delete one or more files in run directory C:/Users/ASUS/Desktop/Vivado_tasks/Lab2/Task5/BISTABLE_CELL.runs/synth_1

WARNING: [filemgmt 56-199] Attempt to get parsing info during refresh. "On-the-fly" syntax checking information may be incorrect. [C:\Users\ASUS\Desktop\Vivado_tasks\Lab2\Task5\BISTABLE_CELL.srcs\sources_1\new\BISTABLE_CELL.vhd:]
WARNING: [filemgmt 56-199] Attempt to get parsing info during refresh. "On-the-fly" syntax checking information may be incorrect. [C:\Users\ASUS\Desktop\Vivado_tasks\Lab2\Task5\BISTABLE_CELL.srcs\sources_1\imports\new\LUTN.vhd:]
WARNING: [filemgmt 56-199] Attempt to get parsing info during refresh. "On-the-fly" syntax checking information may be incorrect. [C:\Users\ASUS\Desktop\Vivado_tasks\Lab2\Task5\BISTABLE_CELL.srcs\sources_1\imports\new\INV_LUT1.vhd:]
WARNING: [filemgmt 56-199] Attempt to get parsing info during refresh. "On-the-fly" syntax checking information may be incorrect. [C:\Users\ASUS\Desktop\Vivado_tasks\Lab2\Task5\BISTABLE_CELL.srcs\sources_1\imports\new\BISTABLE_INVS.vhd:]
WARNING: [filemgmt 56-199] Attempt to get parsing info during refresh. "On-the-fly" syntax checking information may be incorrect. [C:\Users\ASUS\Desktop\Vivado_tasks\Lab2\Task5\BISTABLE_CELL.srcs\sources_1\new\BISTABLE_CELL.vhd:]
WARNING: [filemgmt 56-199] Attempt to get parsing info during refresh. "On-the-fly" syntax checking information may be incorrect. [C:\Users\ASUS\Desktop\Vivado_tasks\Lab2\Task5\BISTABLE_CELL.srcs\sources_1\imports\new\LUTN.vhd:]
WARNING: [filemgmt 56-199] Attempt to get parsing info during refresh. "On-the-fly" syntax checking information may be incorrect. [C:\Users\ASUS\Desktop\Vivado_tasks\Lab2\Task5\BISTABLE_CELL.srcs\sources_1\imports\new\INV_LUT1.vhd:]
WARNING: [filemgmt 56-199] Attempt to get parsing info during refresh. "On-the-fly" syntax checking information may be incorrect. [C:\Users\ASUS\Desktop\Vivado_tasks\Lab2\Task5\BISTABLE_CELL.srcs\sources_1\imports\new\BISTABLE_INVS.vhd:]
launch_runs synth_1 -jobs 12
[Sat Mar 21 16:29:42 2026] Launched synth_1...
Run output will be captured here: C:/Users/ASUS/Desktop/Vivado_tasks/Lab2/Task5/BISTABLE_CELL.runs/synth_1/runme.log
ERROR: [Common 17-180] Spawn failed: No error
WARNING: [filemgmt 56-199] Attempt to get parsing info during refresh. "On-the-fly" syntax checking information may be incorrect. [C:\Users\ASUS\Desktop\Vivado_tasks\Lab2\Task5\BISTABLE_CELL.srcs\sources_1\new\BISTABLE_CELL.vhd:]
WARNING: [filemgmt 56-199] Attempt to get parsing info during refresh. "On-the-fly" syntax checking information may be incorrect. [C:\Users\ASUS\Desktop\Vivado_tasks\Lab2\Task5\BISTABLE_CELL.srcs\sources_1\imports\new\LUTN.vhd:]
WARNING: [filemgmt 56-199] Attempt to get parsing info during refresh. "On-the-fly" syntax checking information may be incorrect. [C:\Users\ASUS\Desktop\Vivado_tasks\Lab2\Task5\BISTABLE_CELL.srcs\sources_1\imports\new\INV_LUT1.vhd:]
WARNING: [filemgmt 56-199] Attempt to get parsing info during refresh. "On-the-fly" syntax checking information may be incorrect. [C:\Users\ASUS\Desktop\Vivado_tasks\Lab2\Task5\BISTABLE_CELL.srcs\sources_1\imports\new\BISTABLE_INVS.vhd:]
ERROR: [Common 17-180] Spawn failed: No error
close_design
open_run synth_1 -name synth_1
Design is defaulting to impl run constrset: constrs_1
Design is defaulting to synth run part: xc7a35tcpg236-1
Netlist sorting complete. Time (s): cpu = 00:00:00 ; elapsed = 00:00:00 . Memory (MB): peak = 2667.383 ; gain = 0.000
INFO: [Project 1-479] Netlist was created with Vivado 2023.2
INFO: [Project 1-570] Preparing netlist for logic optimization
Parsing XDC File [C:/Users/ASUS/Desktop/Vivado_tasks/Lab2/Task5/BISTABLE_CELL.srcs/constrs_1/imports/new/Master-Basys3.xdc]
Finished Parsing XDC File [C:/Users/ASUS/Desktop/Vivado_tasks/Lab2/Task5/BISTABLE_CELL.srcs/constrs_1/imports/new/Master-Basys3.xdc]
INFO: [Opt 31-138] Pushed 0 inverter(s) to 0 load pin(s).
Netlist sorting complete. Time (s): cpu = 00:00:00 ; elapsed = 00:00:00 . Memory (MB): peak = 2667.383 ; gain = 0.000
INFO: [Project 1-111] Unisim Transformation Summary:
No Unisim elements were transformed.

launch_runs impl_1 -jobs 12
INFO: [Timing 38-480] Writing timing data to binary archive.
Write ShapeDB Complete: Time (s): cpu = 00:00:00 ; elapsed = 00:00:00.003 . Memory (MB): peak = 2676.180 ; gain = 0.000
Wrote PlaceDB: Time (s): cpu = 00:00:00 ; elapsed = 00:00:00.002 . Memory (MB): peak = 2676.180 ; gain = 0.000
Wrote PulsedLatchDB: Time (s): cpu = 00:00:00 ; elapsed = 00:00:00 . Memory (MB): peak = 2676.180 ; gain = 0.000
Writing XDEF routing.
Writing XDEF routing logical nets.
Writing XDEF routing special nets.
Wrote RouteStorage: Time (s): cpu = 00:00:00 ; elapsed = 00:00:00.064 . Memory (MB): peak = 2676.180 ; gain = 0.000
Wrote Netlist Cache: Time (s): cpu = 00:00:00 ; elapsed = 00:00:00 . Memory (MB): peak = 2676.180 ; gain = 0.000
Wrote Device Cache: Time (s): cpu = 00:00:00 ; elapsed = 00:00:00.003 . Memory (MB): peak = 2676.180 ; gain = 0.000
Write Physdb Complete: Time (s): cpu = 00:00:00 ; elapsed = 00:00:00.077 . Memory (MB): peak = 2676.180 ; gain = 0.000
[Sat Mar 21 19:53:29 2026] Launched impl_1...
Run output will be captured here: C:/Users/ASUS/Desktop/Vivado_tasks/Lab2/Task5/BISTABLE_CELL.runs/impl_1/runme.log
close_design
open_run impl_1
Netlist sorting complete. Time (s): cpu = 00:00:00 ; elapsed = 00:00:00.001 . Memory (MB): peak = 2677.473 ; gain = 0.000
INFO: [Project 1-479] Netlist was created with Vivado 2023.2
INFO: [Project 1-570] Preparing netlist for logic optimization
Read ShapeDB Complete: Time (s): cpu = 00:00:00 ; elapsed = 00:00:00.002 . Memory (MB): peak = 2677.473 ; gain = 0.000
INFO: [Timing 38-478] Restoring timing data from binary archive.
INFO: [Timing 38-479] Binary timing data restore complete.
INFO: [Project 1-856] Restoring constraints from binary archive.
INFO: [Project 1-853] Binary constraint restore complete.
INFO: [Designutils 20-5722] Start Reading Physical Databases.
Reading placement.
Read Netlist Cache: Time (s): cpu = 00:00:00 ; elapsed = 00:00:00 . Memory (MB): peak = 2679.051 ; gain = 0.000
Reading placer database...
Read Device Cache: Time (s): cpu = 00:00:00 ; elapsed = 00:00:00.007 . Memory (MB): peak = 2679.051 ; gain = 0.000
Read PlaceDB: Time (s): cpu = 00:00:00 ; elapsed = 00:00:00.006 . Memory (MB): peak = 2679.051 ; gain = 0.000
Read PulsedLatchDB: Time (s): cpu = 00:00:00 ; elapsed = 00:00:00 . Memory (MB): peak = 2679.051 ; gain = 0.000
Reading routing.
Read RouteStorage: Time (s): cpu = 00:00:00 ; elapsed = 00:00:00.030 . Memory (MB): peak = 2679.051 ; gain = 0.000
Read Physdb Files: Time (s): cpu = 00:00:00 ; elapsed = 00:00:00.051 . Memory (MB): peak = 2679.051 ; gain = 0.000
Restored from archive | CPU: 0.000000 secs | Memory: 0.000000 MB |
Finished XDEF File Restore: Time (s): cpu = 00:00:00 ; elapsed = 00:00:00.051 . Memory (MB): peak = 2679.051 ; gain = 0.000
Netlist sorting complete. Time (s): cpu = 00:00:00 ; elapsed = 00:00:00 . Memory (MB): peak = 2679.051 ; gain = 0.000
INFO: [Project 1-111] Unisim Transformation Summary:
No Unisim elements were transformed.

WARNING: [Timing 38-313] There are no user specified timing constraints. Timing constraints are needed for proper timing analysis.
launch_runs impl_1 -to_step write_bitstream -jobs 12
[Sat Mar 21 19:55:48 2026] Launched impl_1...
Run output will be captured here: C:/Users/ASUS/Desktop/Vivado_tasks/Lab2/Task5/BISTABLE_CELL.runs/impl_1/runme.log
WARNING: [filemgmt 56-199] Attempt to get parsing info during refresh. "On-the-fly" syntax checking information may be incorrect. [C:\Users\ASUS\Desktop\Vivado_tasks\Lab2\Task5\BISTABLE_CELL.srcs\sources_1\imports\new\My_gates.vhd:]
WARNING: [filemgmt 56-199] Attempt to get parsing info during refresh. "On-the-fly" syntax checking information may be incorrect. [C:\Users\ASUS\Desktop\Vivado_tasks\Lab2\Task5\BISTABLE_CELL.srcs\sources_1\new\BISTABLE_CELL.vhd:]
WARNING: [filemgmt 56-199] Attempt to get parsing info during refresh. "On-the-fly" syntax checking information may be incorrect. [C:\Users\ASUS\Desktop\Vivado_tasks\Lab2\Task5\BISTABLE_CELL.srcs\sources_1\imports\new\LUTN.vhd:]
WARNING: [filemgmt 56-199] Attempt to get parsing info during refresh. "On-the-fly" syntax checking information may be incorrect. [C:\Users\ASUS\Desktop\Vivado_tasks\Lab2\Task5\BISTABLE_CELL.srcs\sources_1\imports\new\INV_LUT1.vhd:]
WARNING: [filemgmt 56-199] Attempt to get parsing info during refresh. "On-the-fly" syntax checking information may be incorrect. [C:\Users\ASUS\Desktop\Vivado_tasks\Lab2\Task5\BISTABLE_CELL.srcs\sources_1\imports\new\BISTABLE_INVS.vhd:]
WARNING: [filemgmt 56-199] Attempt to get parsing info during refresh. "On-the-fly" syntax checking information may be incorrect. [C:\Users\ASUS\Desktop\Vivado_tasks\Lab2\Task5\BISTABLE_CELL.srcs\sources_1\imports\new\My_gates.vhd:]
WARNING: [filemgmt 56-199] Attempt to get parsing info during refresh. "On-the-fly" syntax checking information may be incorrect. [C:\Users\ASUS\Desktop\Vivado_tasks\Lab2\Task5\BISTABLE_CELL.srcs\sources_1\new\BISTABLE_CELL.vhd:]
WARNING: [filemgmt 56-199] Attempt to get parsing info during refresh. "On-the-fly" syntax checking information may be incorrect. [C:\Users\ASUS\Desktop\Vivado_tasks\Lab2\Task5\BISTABLE_CELL.srcs\sources_1\imports\new\LUTN.vhd:]
WARNING: [filemgmt 56-199] Attempt to get parsing info during refresh. "On-the-fly" syntax checking information may be incorrect. [C:\Users\ASUS\Desktop\Vivado_tasks\Lab2\Task5\BISTABLE_CELL.srcs\sources_1\imports\new\INV_LUT1.vhd:]
WARNING: [filemgmt 56-199] Attempt to get parsing info during refresh. "On-the-fly" syntax checking information may be incorrect. [C:\Users\ASUS\Desktop\Vivado_tasks\Lab2\Task5\BISTABLE_CELL.srcs\sources_1\imports\new\BISTABLE_INVS.vhd:]
WARNING: [filemgmt 56-199] Attempt to get parsing info during refresh. "On-the-fly" syntax checking information may be incorrect. [C:\Users\ASUS\Desktop\Vivado_tasks\Lab2\Task5\BISTABLE_CELL.srcs\sources_1\imports\new\My_gates.vhd:]
WARNING: [filemgmt 56-199] Attempt to get parsing info during refresh. "On-the-fly" syntax checking information may be incorrect. [C:\Users\ASUS\Desktop\Vivado_tasks\Lab2\Task5\BISTABLE_CELL.srcs\sources_1\new\BISTABLE_CELL.vhd:]
WARNING: [filemgmt 56-199] Attempt to get parsing info during refresh. "On-the-fly" syntax checking information may be incorrect. [C:\Users\ASUS\Desktop\Vivado_tasks\Lab2\Task5\BISTABLE_CELL.srcs\sources_1\imports\new\LUTN.vhd:]
WARNING: [filemgmt 56-199] Attempt to get parsing info during refresh. "On-the-fly" syntax checking information may be incorrect. [C:\Users\ASUS\Desktop\Vivado_tasks\Lab2\Task5\BISTABLE_CELL.srcs\sources_1\imports\new\INV_LUT1.vhd:]
WARNING: [filemgmt 56-199] Attempt to get parsing info during refresh. "On-the-fly" syntax checking information may be incorrect. [C:\Users\ASUS\Desktop\Vivado_tasks\Lab2\Task5\BISTABLE_CELL.srcs\sources_1\imports\new\BISTABLE_INVS.vhd:]
WARNING: [filemgmt 56-199] Attempt to get parsing info during refresh. "On-the-fly" syntax checking information may be incorrect. [C:\Users\ASUS\Desktop\Vivado_tasks\Lab2\Task5\BISTABLE_CELL.srcs\sources_1\imports\new\My_gates.vhd:]
WARNING: [filemgmt 56-199] Attempt to get parsing info during refresh. "On-the-fly" syntax checking information may be incorrect. [C:\Users\ASUS\Desktop\Vivado_tasks\Lab2\Task5\BISTABLE_CELL.srcs\sources_1\new\BISTABLE_CELL.vhd:]
WARNING: [filemgmt 56-199] Attempt to get parsing info during refresh. "On-the-fly" syntax checking information may be incorrect. [C:\Users\ASUS\Desktop\Vivado_tasks\Lab2\Task5\BISTABLE_CELL.srcs\sources_1\imports\new\LUTN.vhd:]
WARNING: [filemgmt 56-199] Attempt to get parsing info during refresh. "On-the-fly" syntax checking information may be incorrect. [C:\Users\ASUS\Desktop\Vivado_tasks\Lab2\Task5\BISTABLE_CELL.srcs\sources_1\imports\new\INV_LUT1.vhd:]
WARNING: [filemgmt 56-199] Attempt to get parsing info during refresh. "On-the-fly" syntax checking information may be incorrect. [C:\Users\ASUS\Desktop\Vivado_tasks\Lab2\Task5\BISTABLE_CELL.srcs\sources_1\imports\new\BISTABLE_INVS.vhd:]
ERROR: [Common 17-180] Spawn failed: No error
WARNING: [filemgmt 56-199] Attempt to get parsing info during refresh. "On-the-fly" syntax checking information may be incorrect. [C:\Users\ASUS\Desktop\Vivado_tasks\Lab2\Task5\BISTABLE_CELL.srcs\sources_1\imports\new\My_gates.vhd:]
WARNING: [filemgmt 56-199] Attempt to get parsing info during refresh. "On-the-fly" syntax checking information may be incorrect. [C:\Users\ASUS\Desktop\Vivado_tasks\Lab2\Task5\BISTABLE_CELL.srcs\sources_1\new\BISTABLE_CELL.vhd:]
WARNING: [filemgmt 56-199] Attempt to get parsing info during refresh. "On-the-fly" syntax checking information may be incorrect. [C:\Users\ASUS\Desktop\Vivado_tasks\Lab2\Task5\BISTABLE_CELL.srcs\sources_1\imports\new\LUTN.vhd:]
WARNING: [filemgmt 56-199] Attempt to get parsing info during refresh. "On-the-fly" syntax checking information may be incorrect. [C:\Users\ASUS\Desktop\Vivado_tasks\Lab2\Task5\BISTABLE_CELL.srcs\sources_1\imports\new\INV_LUT1.vhd:]
WARNING: [filemgmt 56-199] Attempt to get parsing info during refresh. "On-the-fly" syntax checking information may be incorrect. [C:\Users\ASUS\Desktop\Vivado_tasks\Lab2\Task5\BISTABLE_CELL.srcs\sources_1\imports\new\BISTABLE_INVS.vhd:]
WARNING: [filemgmt 56-199] Attempt to get parsing info during refresh. "On-the-fly" syntax checking information may be incorrect. [C:\Users\ASUS\Desktop\Vivado_tasks\Lab2\Task5\BISTABLE_CELL.srcs\sources_1\imports\new\My_gates.vhd:]
WARNING: [filemgmt 56-199] Attempt to get parsing info during refresh. "On-the-fly" syntax checking information may be incorrect. [C:\Users\ASUS\Desktop\Vivado_tasks\Lab2\Task5\BISTABLE_CELL.srcs\sources_1\new\BISTABLE_CELL.vhd:]
WARNING: [filemgmt 56-199] Attempt to get parsing info during refresh. "On-the-fly" syntax checking information may be incorrect. [C:\Users\ASUS\Desktop\Vivado_tasks\Lab2\Task5\BISTABLE_CELL.srcs\sources_1\imports\new\LUTN.vhd:]
WARNING: [filemgmt 56-199] Attempt to get parsing info during refresh. "On-the-fly" syntax checking information may be incorrect. [C:\Users\ASUS\Desktop\Vivado_tasks\Lab2\Task5\BISTABLE_CELL.srcs\sources_1\imports\new\INV_LUT1.vhd:]
WARNING: [filemgmt 56-199] Attempt to get parsing info during refresh. "On-the-fly" syntax checking information may be incorrect. [C:\Users\ASUS\Desktop\Vivado_tasks\Lab2\Task5\BISTABLE_CELL.srcs\sources_1\imports\new\BISTABLE_INVS.vhd:]
WARNING: [filemgmt 56-199] Attempt to get parsing info during refresh. "On-the-fly" syntax checking information may be incorrect. [C:\Users\ASUS\Desktop\Vivado_tasks\Lab2\Task5\BISTABLE_CELL.srcs\sources_1\imports\new\My_gates.vhd:]
WARNING: [filemgmt 56-199] Attempt to get parsing info during refresh. "On-the-fly" syntax checking information may be incorrect. [C:\Users\ASUS\Desktop\Vivado_tasks\Lab2\Task5\BISTABLE_CELL.srcs\sources_1\new\BISTABLE_CELL.vhd:]
WARNING: [filemgmt 56-199] Attempt to get parsing info during refresh. "On-the-fly" syntax checking information may be incorrect. [C:\Users\ASUS\Desktop\Vivado_tasks\Lab2\Task5\BISTABLE_CELL.srcs\sources_1\imports\new\LUTN.vhd:]
WARNING: [filemgmt 56-199] Attempt to get parsing info during refresh. "On-the-fly" syntax checking information may be incorrect. [C:\Users\ASUS\Desktop\Vivado_tasks\Lab2\Task5\BISTABLE_CELL.srcs\sources_1\imports\new\INV_LUT1.vhd:]
WARNING: [filemgmt 56-199] Attempt to get parsing info during refresh. "On-the-fly" syntax checking information may be incorrect. [C:\Users\ASUS\Desktop\Vivado_tasks\Lab2\Task5\BISTABLE_CELL.srcs\sources_1\imports\new\BISTABLE_INVS.vhd:]
WARNING: [filemgmt 56-199] Attempt to get parsing info during refresh. "On-the-fly" syntax checking information may be incorrect. [C:\Users\ASUS\Desktop\Vivado_tasks\Lab2\Task5\BISTABLE_CELL.srcs\sources_1\imports\new\My_gates.vhd:]
WARNING: [filemgmt 56-199] Attempt to get parsing info during refresh. "On-the-fly" syntax checking information may be incorrect. [C:\Users\ASUS\Desktop\Vivado_tasks\Lab2\Task5\BISTABLE_CELL.srcs\sources_1\new\BISTABLE_CELL.vhd:]
WARNING: [filemgmt 56-199] Attempt to get parsing info during refresh. "On-the-fly" syntax checking information may be incorrect. [C:\Users\ASUS\Desktop\Vivado_tasks\Lab2\Task5\BISTABLE_CELL.srcs\sources_1\imports\new\LUTN.vhd:]
WARNING: [filemgmt 56-199] Attempt to get parsing info during refresh. "On-the-fly" syntax checking information may be incorrect. [C:\Users\ASUS\Desktop\Vivado_tasks\Lab2\Task5\BISTABLE_CELL.srcs\sources_1\imports\new\INV_LUT1.vhd:]
WARNING: [filemgmt 56-199] Attempt to get parsing info during refresh. "On-the-fly" syntax checking information may be incorrect. [C:\Users\ASUS\Desktop\Vivado_tasks\Lab2\Task5\BISTABLE_CELL.srcs\sources_1\imports\new\BISTABLE_INVS.vhd:]
reset_run synth_1
INFO: [Project 1-1161] Replacing file C:/Users/ASUS/Desktop/Vivado_tasks/Lab2/Task5/BISTABLE_CELL.srcs/utils_1/imports/synth_1/BISTABLE_CELL.dcp with file C:/Users/ASUS/Desktop/Vivado_tasks/Lab2/Task5/BISTABLE_CELL.runs/synth_1/BISTABLE_CELL.dcp
WARNING: [Vivado 12-1017] Problems encountered:
1. Failed to delete one or more files in run directory C:/Users/ASUS/Desktop/Vivado_tasks/Lab2/Task5/BISTABLE_CELL.runs/synth_1

launch_runs impl_1 -to_step write_bitstream -jobs 12
[Sat Mar 21 20:04:39 2026] Launched synth_1...
Run output will be captured here: C:/Users/ASUS/Desktop/Vivado_tasks/Lab2/Task5/BISTABLE_CELL.runs/synth_1/runme.log
[Sat Mar 21 20:04:39 2026] Launched impl_1...
Run output will be captured here: C:/Users/ASUS/Desktop/Vivado_tasks/Lab2/Task5/BISTABLE_CELL.runs/impl_1/runme.log
WARNING: [filemgmt 56-199] Attempt to get parsing info during refresh. "On-the-fly" syntax checking information may be incorrect. [C:\Users\ASUS\Desktop\Vivado_tasks\Lab2\Task5\BISTABLE_CELL.srcs\sources_1\imports\new\My_gates.vhd:]
WARNING: [filemgmt 56-199] Attempt to get parsing info during refresh. "On-the-fly" syntax checking information may be incorrect. [C:\Users\ASUS\Desktop\Vivado_tasks\Lab2\Task5\BISTABLE_CELL.srcs\sources_1\new\BISTABLE_CELL.vhd:]
WARNING: [filemgmt 56-199] Attempt to get parsing info during refresh. "On-the-fly" syntax checking information may be incorrect. [C:\Users\ASUS\Desktop\Vivado_tasks\Lab2\Task5\BISTABLE_CELL.srcs\sources_1\imports\new\LUTN.vhd:]
WARNING: [filemgmt 56-199] Attempt to get parsing info during refresh. "On-the-fly" syntax checking information may be incorrect. [C:\Users\ASUS\Desktop\Vivado_tasks\Lab2\Task5\BISTABLE_CELL.srcs\sources_1\imports\new\INV_LUT1.vhd:]
WARNING: [filemgmt 56-199] Attempt to get parsing info during refresh. "On-the-fly" syntax checking information may be incorrect. [C:\Users\ASUS\Desktop\Vivado_tasks\Lab2\Task5\BISTABLE_CELL.srcs\sources_1\imports\new\BISTABLE_INVS.vhd:]
WARNING: [filemgmt 56-199] Attempt to get parsing info during refresh. "On-the-fly" syntax checking information may be incorrect. [C:\Users\ASUS\Desktop\Vivado_tasks\Lab2\Task5\BISTABLE_CELL.srcs\sources_1\imports\new\My_gates.vhd:]
WARNING: [filemgmt 56-199] Attempt to get parsing info during refresh. "On-the-fly" syntax checking information may be incorrect. [C:\Users\ASUS\Desktop\Vivado_tasks\Lab2\Task5\BISTABLE_CELL.srcs\sources_1\new\BISTABLE_CELL.vhd:]
WARNING: [filemgmt 56-199] Attempt to get parsing info during refresh. "On-the-fly" syntax checking information may be incorrect. [C:\Users\ASUS\Desktop\Vivado_tasks\Lab2\Task5\BISTABLE_CELL.srcs\sources_1\imports\new\LUTN.vhd:]
WARNING: [filemgmt 56-199] Attempt to get parsing info during refresh. "On-the-fly" syntax checking information may be incorrect. [C:\Users\ASUS\Desktop\Vivado_tasks\Lab2\Task5\BISTABLE_CELL.srcs\sources_1\imports\new\INV_LUT1.vhd:]
WARNING: [filemgmt 56-199] Attempt to get parsing info during refresh. "On-the-fly" syntax checking information may be incorrect. [C:\Users\ASUS\Desktop\Vivado_tasks\Lab2\Task5\BISTABLE_CELL.srcs\sources_1\imports\new\BISTABLE_INVS.vhd:]
WARNING: [filemgmt 56-199] Attempt to get parsing info during refresh. "On-the-fly" syntax checking information may be incorrect. [C:\Users\ASUS\Desktop\Vivado_tasks\Lab2\Task5\BISTABLE_CELL.srcs\sources_1\imports\new\My_gates.vhd:]
WARNING: [filemgmt 56-199] Attempt to get parsing info during refresh. "On-the-fly" syntax checking information may be incorrect. [C:\Users\ASUS\Desktop\Vivado_tasks\Lab2\Task5\BISTABLE_CELL.srcs\sources_1\new\BISTABLE_CELL.vhd:]
WARNING: [filemgmt 56-199] Attempt to get parsing info during refresh. "On-the-fly" syntax checking information may be incorrect. [C:\Users\ASUS\Desktop\Vivado_tasks\Lab2\Task5\BISTABLE_CELL.srcs\sources_1\imports\new\LUTN.vhd:]
WARNING: [filemgmt 56-199] Attempt to get parsing info during refresh. "On-the-fly" syntax checking information may be incorrect. [C:\Users\ASUS\Desktop\Vivado_tasks\Lab2\Task5\BISTABLE_CELL.srcs\sources_1\imports\new\INV_LUT1.vhd:]
WARNING: [filemgmt 56-199] Attempt to get parsing info during refresh. "On-the-fly" syntax checking information may be incorrect. [C:\Users\ASUS\Desktop\Vivado_tasks\Lab2\Task5\BISTABLE_CELL.srcs\sources_1\imports\new\BISTABLE_INVS.vhd:]
WARNING: [filemgmt 56-199] Attempt to get parsing info during refresh. "On-the-fly" syntax checking information may be incorrect. [C:\Users\ASUS\Desktop\Vivado_tasks\Lab2\Task5\BISTABLE_CELL.srcs\sources_1\imports\new\My_gates.vhd:]
WARNING: [filemgmt 56-199] Attempt to get parsing info during refresh. "On-the-fly" syntax checking information may be incorrect. [C:\Users\ASUS\Desktop\Vivado_tasks\Lab2\Task5\BISTABLE_CELL.srcs\sources_1\new\BISTABLE_CELL.vhd:]
WARNING: [filemgmt 56-199] Attempt to get parsing info during refresh. "On-the-fly" syntax checking information may be incorrect. [C:\Users\ASUS\Desktop\Vivado_tasks\Lab2\Task5\BISTABLE_CELL.srcs\sources_1\imports\new\LUTN.vhd:]
WARNING: [filemgmt 56-199] Attempt to get parsing info during refresh. "On-the-fly" syntax checking information may be incorrect. [C:\Users\ASUS\Desktop\Vivado_tasks\Lab2\Task5\BISTABLE_CELL.srcs\sources_1\imports\new\INV_LUT1.vhd:]
WARNING: [filemgmt 56-199] Attempt to get parsing info during refresh. "On-the-fly" syntax checking information may be incorrect. [C:\Users\ASUS\Desktop\Vivado_tasks\Lab2\Task5\BISTABLE_CELL.srcs\sources_1\imports\new\BISTABLE_INVS.vhd:]
WARNING: [filemgmt 56-199] Attempt to get parsing info during refresh. "On-the-fly" syntax checking information may be incorrect. [C:\Users\ASUS\Desktop\Vivado_tasks\Lab2\Task5\BISTABLE_CELL.srcs\sources_1\imports\new\My_gates.vhd:]
WARNING: [filemgmt 56-199] Attempt to get parsing info during refresh. "On-the-fly" syntax checking information may be incorrect. [C:\Users\ASUS\Desktop\Vivado_tasks\Lab2\Task5\BISTABLE_CELL.srcs\sources_1\new\BISTABLE_CELL.vhd:]
WARNING: [filemgmt 56-199] Attempt to get parsing info during refresh. "On-the-fly" syntax checking information may be incorrect. [C:\Users\ASUS\Desktop\Vivado_tasks\Lab2\Task5\BISTABLE_CELL.srcs\sources_1\imports\new\LUTN.vhd:]
WARNING: [filemgmt 56-199] Attempt to get parsing info during refresh. "On-the-fly" syntax checking information may be incorrect. [C:\Users\ASUS\Desktop\Vivado_tasks\Lab2\Task5\BISTABLE_CELL.srcs\sources_1\imports\new\INV_LUT1.vhd:]
WARNING: [filemgmt 56-199] Attempt to get parsing info during refresh. "On-the-fly" syntax checking information may be incorrect. [C:\Users\ASUS\Desktop\Vivado_tasks\Lab2\Task5\BISTABLE_CELL.srcs\sources_1\imports\new\BISTABLE_INVS.vhd:]
WARNING: [filemgmt 56-199] Attempt to get parsing info during refresh. "On-the-fly" syntax checking information may be incorrect. [C:\Users\ASUS\Desktop\Vivado_tasks\Lab2\Task5\BISTABLE_CELL.srcs\sources_1\imports\new\My_gates.vhd:]
WARNING: [filemgmt 56-199] Attempt to get parsing info during refresh. "On-the-fly" syntax checking information may be incorrect. [C:\Users\ASUS\Desktop\Vivado_tasks\Lab2\Task5\BISTABLE_CELL.srcs\sources_1\new\BISTABLE_CELL.vhd:]
WARNING: [filemgmt 56-199] Attempt to get parsing info during refresh. "On-the-fly" syntax checking information may be incorrect. [C:\Users\ASUS\Desktop\Vivado_tasks\Lab2\Task5\BISTABLE_CELL.srcs\sources_1\imports\new\LUTN.vhd:]
WARNING: [filemgmt 56-199] Attempt to get parsing info during refresh. "On-the-fly" syntax checking information may be incorrect. [C:\Users\ASUS\Desktop\Vivado_tasks\Lab2\Task5\BISTABLE_CELL.srcs\sources_1\imports\new\INV_LUT1.vhd:]
WARNING: [filemgmt 56-199] Attempt to get parsing info during refresh. "On-the-fly" syntax checking information may be incorrect. [C:\Users\ASUS\Desktop\Vivado_tasks\Lab2\Task5\BISTABLE_CELL.srcs\sources_1\imports\new\BISTABLE_INVS.vhd:]
WARNING: [filemgmt 56-199] Attempt to get parsing info during refresh. "On-the-fly" syntax checking information may be incorrect. [C:\Users\ASUS\Desktop\Vivado_tasks\Lab2\Task5\BISTABLE_CELL.srcs\sources_1\imports\new\My_gates.vhd:]
WARNING: [filemgmt 56-199] Attempt to get parsing info during refresh. "On-the-fly" syntax checking information may be incorrect. [C:\Users\ASUS\Desktop\Vivado_tasks\Lab2\Task5\BISTABLE_CELL.srcs\sources_1\new\BISTABLE_CELL.vhd:]
WARNING: [filemgmt 56-199] Attempt to get parsing info during refresh. "On-the-fly" syntax checking information may be incorrect. [C:\Users\ASUS\Desktop\Vivado_tasks\Lab2\Task5\BISTABLE_CELL.srcs\sources_1\imports\new\LUTN.vhd:]
WARNING: [filemgmt 56-199] Attempt to get parsing info during refresh. "On-the-fly" syntax checking information may be incorrect. [C:\Users\ASUS\Desktop\Vivado_tasks\Lab2\Task5\BISTABLE_CELL.srcs\sources_1\imports\new\INV_LUT1.vhd:]
WARNING: [filemgmt 56-199] Attempt to get parsing info during refresh. "On-the-fly" syntax checking information may be incorrect. [C:\Users\ASUS\Desktop\Vivado_tasks\Lab2\Task5\BISTABLE_CELL.srcs\sources_1\imports\new\BISTABLE_INVS.vhd:]
ERROR: [Common 17-180] Spawn failed: No error
WARNING: [filemgmt 56-199] Attempt to get parsing info during refresh. "On-the-fly" syntax checking information may be incorrect. [C:\Users\ASUS\Desktop\Vivado_tasks\Lab2\Task5\BISTABLE_CELL.srcs\sources_1\imports\new\My_gates.vhd:]
WARNING: [filemgmt 56-199] Attempt to get parsing info during refresh. "On-the-fly" syntax checking information may be incorrect. [C:\Users\ASUS\Desktop\Vivado_tasks\Lab2\Task5\BISTABLE_CELL.srcs\sources_1\new\BISTABLE_CELL.vhd:]
WARNING: [filemgmt 56-199] Attempt to get parsing info during refresh. "On-the-fly" syntax checking information may be incorrect. [C:\Users\ASUS\Desktop\Vivado_tasks\Lab2\Task5\BISTABLE_CELL.srcs\sources_1\imports\new\LUTN.vhd:]
WARNING: [filemgmt 56-199] Attempt to get parsing info during refresh. "On-the-fly" syntax checking information may be incorrect. [C:\Users\ASUS\Desktop\Vivado_tasks\Lab2\Task5\BISTABLE_CELL.srcs\sources_1\imports\new\INV_LUT1.vhd:]
WARNING: [filemgmt 56-199] Attempt to get parsing info during refresh. "On-the-fly" syntax checking information may be incorrect. [C:\Users\ASUS\Desktop\Vivado_tasks\Lab2\Task5\BISTABLE_CELL.srcs\sources_1\imports\new\BISTABLE_INVS.vhd:]
ERROR: [Common 17-180] Spawn failed: No error
reset_run synth_1
INFO: [Project 1-1161] Replacing file C:/Users/ASUS/Desktop/Vivado_tasks/Lab2/Task5/BISTABLE_CELL.srcs/utils_1/imports/synth_1/BISTABLE_CELL.dcp with file C:/Users/ASUS/Desktop/Vivado_tasks/Lab2/Task5/BISTABLE_CELL.runs/synth_1/BISTABLE_CELL.dcp
WARNING: [Vivado 12-1017] Problems encountered:
1. Failed to delete one or more files in run directory C:/Users/ASUS/Desktop/Vivado_tasks/Lab2/Task5/BISTABLE_CELL.runs/synth_1

launch_runs impl_1 -to_step write_bitstream -jobs 12
WARNING: [filemgmt 56-199] Attempt to get parsing info during refresh. "On-the-fly" syntax checking information may be incorrect. [C:\Users\ASUS\Desktop\Vivado_tasks\Lab2\Task5\BISTABLE_CELL.srcs\sources_1\imports\new\My_gates.vhd:]
WARNING: [filemgmt 56-199] Attempt to get parsing info during refresh. "On-the-fly" syntax checking information may be incorrect. [C:\Users\ASUS\Desktop\Vivado_tasks\Lab2\Task5\BISTABLE_CELL.srcs\sources_1\new\BISTABLE_CELL.vhd:]
WARNING: [filemgmt 56-199] Attempt to get parsing info during refresh. "On-the-fly" syntax checking information may be incorrect. [C:\Users\ASUS\Desktop\Vivado_tasks\Lab2\Task5\BISTABLE_CELL.srcs\sources_1\imports\new\LUTN.vhd:]
WARNING: [filemgmt 56-199] Attempt to get parsing info during refresh. "On-the-fly" syntax checking information may be incorrect. [C:\Users\ASUS\Desktop\Vivado_tasks\Lab2\Task5\BISTABLE_CELL.srcs\sources_1\imports\new\INV_LUT1.vhd:]
WARNING: [filemgmt 56-199] Attempt to get parsing info during refresh. "On-the-fly" syntax checking information may be incorrect. [C:\Users\ASUS\Desktop\Vivado_tasks\Lab2\Task5\BISTABLE_CELL.srcs\sources_1\imports\new\BISTABLE_INVS.vhd:]
WARNING: [filemgmt 56-199] Attempt to get parsing info during refresh. "On-the-fly" syntax checking information may be incorrect. [C:\Users\ASUS\Desktop\Vivado_tasks\Lab2\Task5\BISTABLE_CELL.srcs\sources_1\imports\new\My_gates.vhd:]
WARNING: [filemgmt 56-199] Attempt to get parsing info during refresh. "On-the-fly" syntax checking information may be incorrect. [C:\Users\ASUS\Desktop\Vivado_tasks\Lab2\Task5\BISTABLE_CELL.srcs\sources_1\new\BISTABLE_CELL.vhd:]
WARNING: [filemgmt 56-199] Attempt to get parsing info during refresh. "On-the-fly" syntax checking information may be incorrect. [C:\Users\ASUS\Desktop\Vivado_tasks\Lab2\Task5\BISTABLE_CELL.srcs\sources_1\imports\new\LUTN.vhd:]
INFO: [Common 17-14] Message 'filemgmt 56-199' appears 100 times and further instances of the messages will be disabled. Use the Tcl command set_msg_config to change the current settings.
[Sat Mar 21 20:07:54 2026] Launched synth_1...
Run output will be captured here: C:/Users/ASUS/Desktop/Vivado_tasks/Lab2/Task5/BISTABLE_CELL.runs/synth_1/runme.log
[Sat Mar 21 20:07:54 2026] Launched impl_1...
Run output will be captured here: C:/Users/ASUS/Desktop/Vivado_tasks/Lab2/Task5/BISTABLE_CELL.runs/impl_1/runme.log
ERROR: [Common 17-180] Spawn failed: No error
ERROR: [Common 17-180] Spawn failed: No error
refresh_design
Netlist sorting complete. Time (s): cpu = 00:00:00 ; elapsed = 00:00:00 . Memory (MB): peak = 3210.570 ; gain = 0.000
INFO: [Project 1-479] Netlist was created with Vivado 2023.2
INFO: [Project 1-570] Preparing netlist for logic optimization
Read ShapeDB Complete: Time (s): cpu = 00:00:00 ; elapsed = 00:00:00.002 . Memory (MB): peak = 3210.570 ; gain = 0.000
INFO: [Timing 38-478] Restoring timing data from binary archive.
INFO: [Timing 38-479] Binary timing data restore complete.
INFO: [Project 1-856] Restoring constraints from binary archive.
INFO: [Project 1-853] Binary constraint restore complete.
INFO: [Designutils 20-5722] Start Reading Physical Databases.
Reading placement.
Read Netlist Cache: Time (s): cpu = 00:00:00 ; elapsed = 00:00:00 . Memory (MB): peak = 3210.570 ; gain = 0.000
Reading placer database...
Read Device Cache: Time (s): cpu = 00:00:00 ; elapsed = 00:00:00.006 . Memory (MB): peak = 3210.570 ; gain = 0.000
Read PlaceDB: Time (s): cpu = 00:00:00 ; elapsed = 00:00:00.001 . Memory (MB): peak = 3210.570 ; gain = 0.000
Read PulsedLatchDB: Time (s): cpu = 00:00:00 ; elapsed = 00:00:00 . Memory (MB): peak = 3210.570 ; gain = 0.000
Reading routing.
Read RouteStorage: Time (s): cpu = 00:00:00 ; elapsed = 00:00:00.006 . Memory (MB): peak = 3210.570 ; gain = 0.000
Read Physdb Files: Time (s): cpu = 00:00:00 ; elapsed = 00:00:00.018 . Memory (MB): peak = 3210.570 ; gain = 0.000
Restored from archive | CPU: 0.000000 secs | Memory: 0.000000 MB |
Finished XDEF File Restore: Time (s): cpu = 00:00:00 ; elapsed = 00:00:00.018 . Memory (MB): peak = 3210.570 ; gain = 0.000
WARNING: [Timing 38-313] There are no user specified timing constraints. Timing constraints are needed for proper timing analysis.
open_run synth_1 -name synth_1
Design is defaulting to impl run constrset: constrs_1
Design is defaulting to synth run part: xc7a35tcpg236-1
Netlist sorting complete. Time (s): cpu = 00:00:00 ; elapsed = 00:00:00.001 . Memory (MB): peak = 3210.570 ; gain = 0.000
INFO: [Project 1-479] Netlist was created with Vivado 2023.2
INFO: [Project 1-570] Preparing netlist for logic optimization
Parsing XDC File [C:/Users/ASUS/Desktop/Vivado_tasks/Lab2/Task5/BISTABLE_CELL.srcs/constrs_1/imports/new/Master-Basys3.xdc]
Finished Parsing XDC File [C:/Users/ASUS/Desktop/Vivado_tasks/Lab2/Task5/BISTABLE_CELL.srcs/constrs_1/imports/new/Master-Basys3.xdc]
INFO: [Opt 31-138] Pushed 0 inverter(s) to 0 load pin(s).
Netlist sorting complete. Time (s): cpu = 00:00:00 ; elapsed = 00:00:00 . Memory (MB): peak = 3210.570 ; gain = 0.000
INFO: [Project 1-111] Unisim Transformation Summary:
No Unisim elements were transformed.

synth_design -rtl -rtl_skip_mlo -name rtl_1
Command: synth_design -rtl -rtl_skip_mlo -name rtl_1
Starting synth_design
Using part: xc7a35tcpg236-1
Top: BISTABLE_CELL
INFO: [Synth 8-7079] Multithreading enabled for synth_design using a maximum of 2 processes.
INFO: [Synth 8-7078] Launching helper process for spawning children vivado processes
INFO: [Synth 8-7075] Helper process launched with PID 6700
---------------------------------------------------------------------------------
Starting RTL Elaboration : Time (s): cpu = 00:00:04 ; elapsed = 00:00:04 . Memory (MB): peak = 3287.844 ; gain = 77.273
---------------------------------------------------------------------------------
INFO: [Synth 8-638] synthesizing module 'BISTABLE_CELL' [C:/Users/ASUS/Desktop/Vivado_tasks/Lab2/Task5/BISTABLE_CELL.srcs/sources_1/new/BISTABLE_CELL.vhd:45]
INFO: [Synth 8-638] synthesizing module 'BISTABLE_INVS' [C:/Users/ASUS/Desktop/Vivado_tasks/Lab2/Task5/BISTABLE_CELL.srcs/sources_1/imports/new/BISTABLE_INVS.vhd:44]
INFO: [Synth 8-638] synthesizing module 'INV_LUT1' [C:/Users/ASUS/Desktop/Vivado_tasks/Lab2/Task5/BISTABLE_CELL.srcs/sources_1/imports/new/INV_LUT1.vhd:45]
INFO: [Synth 8-638] synthesizing module 'LUTN' [C:/Users/ASUS/Desktop/Vivado_tasks/Lab2/Task5/BISTABLE_CELL.srcs/sources_1/imports/new/LUTN.vhd:51]
INFO: [Synth 8-256] done synthesizing module 'LUTN' (0#1) [C:/Users/ASUS/Desktop/Vivado_tasks/Lab2/Task5/BISTABLE_CELL.srcs/sources_1/imports/new/LUTN.vhd:51]
INFO: [Synth 8-256] done synthesizing module 'INV_LUT1' (0#1) [C:/Users/ASUS/Desktop/Vivado_tasks/Lab2/Task5/BISTABLE_CELL.srcs/sources_1/imports/new/INV_LUT1.vhd:45]
INFO: [Synth 8-256] done synthesizing module 'BISTABLE_INVS' (0#1) [C:/Users/ASUS/Desktop/Vivado_tasks/Lab2/Task5/BISTABLE_CELL.srcs/sources_1/imports/new/BISTABLE_INVS.vhd:44]
INFO: [Synth 8-256] done synthesizing module 'BISTABLE_CELL' (0#1) [C:/Users/ASUS/Desktop/Vivado_tasks/Lab2/Task5/BISTABLE_CELL.srcs/sources_1/new/BISTABLE_CELL.vhd:45]
---------------------------------------------------------------------------------
Finished RTL Elaboration : Time (s): cpu = 00:00:05 ; elapsed = 00:00:05 . Memory (MB): peak = 3393.539 ; gain = 182.969
---------------------------------------------------------------------------------
---------------------------------------------------------------------------------
Start Handling Custom Attributes
---------------------------------------------------------------------------------
---------------------------------------------------------------------------------
Finished Handling Custom Attributes : Time (s): cpu = 00:00:05 ; elapsed = 00:00:05 . Memory (MB): peak = 3411.465 ; gain = 200.895
---------------------------------------------------------------------------------
---------------------------------------------------------------------------------
Finished RTL Optimization Phase 1 : Time (s): cpu = 00:00:05 ; elapsed = 00:00:05 . Memory (MB): peak = 3411.465 ; gain = 200.895
---------------------------------------------------------------------------------
Netlist sorting complete. Time (s): cpu = 00:00:00 ; elapsed = 00:00:00.001 . Memory (MB): peak = 3411.465 ; gain = 0.000
INFO: [Project 1-570] Preparing netlist for logic optimization

Processing XDC Constraints
Initializing timing engine
Parsing XDC File [C:/Users/ASUS/Desktop/Vivado_tasks/Lab2/Task5/BISTABLE_CELL.srcs/constrs_1/imports/new/Master-Basys3.xdc]
Finished Parsing XDC File [C:/Users/ASUS/Desktop/Vivado_tasks/Lab2/Task5/BISTABLE_CELL.srcs/constrs_1/imports/new/Master-Basys3.xdc]
Completed Processing XDC Constraints

Netlist sorting complete. Time (s): cpu = 00:00:00 ; elapsed = 00:00:00 . Memory (MB): peak = 3506.965 ; gain = 0.000
INFO: [Project 1-111] Unisim Transformation Summary:
No Unisim elements were transformed.

RTL Elaboration Complete:  : Time (s): cpu = 00:00:07 ; elapsed = 00:00:06 . Memory (MB): peak = 3528.176 ; gain = 317.605
13 Infos, 0 Warnings, 0 Critical Warnings and 0 Errors encountered.
synth_design completed successfully
synth_design: Time (s): cpu = 00:00:07 ; elapsed = 00:00:06 . Memory (MB): peak = 3528.176 ; gain = 317.605
exit
INFO: [Common 17-206] Exiting Vivado at Sat Mar 21 20:27:33 2026...
