
*** Running vivado
    with args -log universal_counter_module.vds -m64 -product Vivado -mode batch -messageDb vivado.pb -notrace -source universal_counter_module.tcl


Режим вывода команд на экран (ECHO) отключен.
Режим вывода команд на экран (ECHO) отключен.

****** Vivado v2023.2 (64-bit)
  **** SW Build 4029153 on Fri Oct 13 20:14:34 MDT 2023
  **** IP Build 4028589 on Sat Oct 14 00:45:43 MDT 2023
  **** SharedData Build 4025554 on Tue Oct 10 17:18:54 MDT 2023
    ** Copyright 1986-2022 Xilinx, Inc. All Rights Reserved.
    ** Copyright 2022-2023 Advanced Micro Devices, Inc. All Rights Reserved.

source universal_counter_module.tcl -notrace
create_project: Time (s): cpu = 00:00:13 ; elapsed = 00:00:14 . Memory (MB): peak = 474.973 ; gain = 179.527
Command: read_checkpoint -auto_incremental -incremental C:/Users/ASUS/Desktop/Vivado_tasks/Lab3/Task5/module/universal_counter.srcs/utils_1/imports/synth_1/universal_counter_module.dcp
INFO: [Vivado 12-5825] Read reference checkpoint from C:/Users/ASUS/Desktop/Vivado_tasks/Lab3/Task5/module/universal_counter.srcs/utils_1/imports/synth_1/universal_counter_module.dcp for incremental synthesis
INFO: [Vivado 12-7989] Please ensure there are no constraint changes
Command: synth_design -top universal_counter_module -part xc7a35tcpg236-1
Starting synth_design
Attempting to get a license for feature 'Synthesis' and/or device 'xc7a35t'
INFO: [Common 17-349] Got license for feature 'Synthesis' and/or device 'xc7a35t'
INFO: [Device 21-403] Loading part xc7a35tcpg236-1
INFO: [Designutils 20-5440] No compile time benefit to using incremental synthesis; A full resynthesis will be run
INFO: [Designutils 20-4379] Flow is switching to default flow due to incremental criteria not met. If you would like to alter this behaviour and have the flow terminate instead, please set the following parameter config_implementation {autoIncr.Synth.RejectBehavior Terminate}
INFO: [Synth 8-7079] Multithreading enabled for synth_design using a maximum of 2 processes.
INFO: [Synth 8-7078] Launching helper process for spawning children vivado processes
INFO: [Synth 8-7075] Helper process launched with PID 16388
---------------------------------------------------------------------------------
Starting RTL Elaboration : Time (s): cpu = 00:00:08 ; elapsed = 00:00:08 . Memory (MB): peak = 1313.410 ; gain = 441.969
---------------------------------------------------------------------------------
INFO: [Synth 8-638] synthesizing module 'universal_counter_module' [C:/Users/ASUS/Desktop/Vivado_tasks/Lab3/Task5/module/universal_counter.srcs/sources_1/new/universal_counter_module.vhd:47]
	Parameter K bound to: 50000000 - type: integer 
INFO: [Synth 8-3491] module 'freq_div_behav' declared at 'C:/Users/ASUS/Desktop/Vivado_tasks/Lab3/Task5/module/universal_counter.srcs/sources_1/imports/new/freq_div_behav.vhd:35' bound to instance 'freq_div_behav_elem' of component 'freq_div_behav' [C:/Users/ASUS/Desktop/Vivado_tasks/Lab3/Task5/module/universal_counter.srcs/sources_1/new/universal_counter_module.vhd:50]
INFO: [Synth 8-638] synthesizing module 'freq_div_behav' [C:/Users/ASUS/Desktop/Vivado_tasks/Lab3/Task5/module/universal_counter.srcs/sources_1/imports/new/freq_div_behav.vhd:46]
	Parameter K bound to: 50000000 - type: integer 
INFO: [Synth 8-256] done synthesizing module 'freq_div_behav' (0#1) [C:/Users/ASUS/Desktop/Vivado_tasks/Lab3/Task5/module/universal_counter.srcs/sources_1/imports/new/freq_div_behav.vhd:46]
	Parameter N bound to: 11 - type: integer 
INFO: [Synth 8-3491] module 'universal_counter' declared at 'C:/Users/ASUS/Desktop/Vivado_tasks/Lab3/Task5/module/universal_counter.srcs/sources_1/new/universal_counter.vhd:34' bound to instance 'universal_counter_elem' of component 'universal_counter' [C:/Users/ASUS/Desktop/Vivado_tasks/Lab3/Task5/module/universal_counter.srcs/sources_1/new/universal_counter_module.vhd:52]
INFO: [Synth 8-638] synthesizing module 'universal_counter' [C:/Users/ASUS/Desktop/Vivado_tasks/Lab3/Task5/module/universal_counter.srcs/sources_1/new/universal_counter.vhd:47]
	Parameter N bound to: 11 - type: integer 
INFO: [Synth 8-256] done synthesizing module 'universal_counter' (0#1) [C:/Users/ASUS/Desktop/Vivado_tasks/Lab3/Task5/module/universal_counter.srcs/sources_1/new/universal_counter.vhd:47]
INFO: [Synth 8-256] done synthesizing module 'universal_counter_module' (0#1) [C:/Users/ASUS/Desktop/Vivado_tasks/Lab3/Task5/module/universal_counter.srcs/sources_1/new/universal_counter_module.vhd:47]
---------------------------------------------------------------------------------
Finished RTL Elaboration : Time (s): cpu = 00:00:09 ; elapsed = 00:00:10 . Memory (MB): peak = 1421.008 ; gain = 549.566
---------------------------------------------------------------------------------
---------------------------------------------------------------------------------
Start Handling Custom Attributes
---------------------------------------------------------------------------------
---------------------------------------------------------------------------------
Finished Handling Custom Attributes : Time (s): cpu = 00:00:09 ; elapsed = 00:00:10 . Memory (MB): peak = 1421.008 ; gain = 549.566
---------------------------------------------------------------------------------
---------------------------------------------------------------------------------
Finished RTL Optimization Phase 1 : Time (s): cpu = 00:00:09 ; elapsed = 00:00:10 . Memory (MB): peak = 1421.008 ; gain = 549.566
---------------------------------------------------------------------------------
Netlist sorting complete. Time (s): cpu = 00:00:00 ; elapsed = 00:00:00.001 . Memory (MB): peak = 1421.008 ; gain = 0.000
INFO: [Project 1-570] Preparing netlist for logic optimization

Processing XDC Constraints
Initializing timing engine
Parsing XDC File [C:/Users/ASUS/Desktop/Vivado_tasks/Lab3/Task5/module/universal_counter.srcs/constrs_1/imports/new/Master-Basys3.xdc]
Finished Parsing XDC File [C:/Users/ASUS/Desktop/Vivado_tasks/Lab3/Task5/module/universal_counter.srcs/constrs_1/imports/new/Master-Basys3.xdc]
INFO: [Project 1-236] Implementation specific constraints were found while reading constraint file [C:/Users/ASUS/Desktop/Vivado_tasks/Lab3/Task5/module/universal_counter.srcs/constrs_1/imports/new/Master-Basys3.xdc]. These constraints will be ignored for synthesis but will be used in implementation. Impacted constraints are listed in the file [.Xil/universal_counter_module_propImpl.xdc].
Resolution: To avoid this warning, move constraints listed in [.Xil/universal_counter_module_propImpl.xdc] to another XDC file and exclude this new file from synthesis with the used_in_synthesis property (File Properties dialog in GUI) and re-run elaboration/synthesis.
Completed Processing XDC Constraints

Netlist sorting complete. Time (s): cpu = 00:00:00 ; elapsed = 00:00:00 . Memory (MB): peak = 1431.941 ; gain = 0.000
INFO: [Project 1-111] Unisim Transformation Summary:
No Unisim elements were transformed.

Системе не удается найти указанный путь.
Constraint Validation Runtime : Time (s): cpu = 00:00:00 ; elapsed = 00:00:00.002 . Memory (MB): peak = 1431.941 ; gain = 0.000
INFO: [Designutils 20-5440] No compile time benefit to using incremental synthesis; A full resynthesis will be run
INFO: [Designutils 20-4379] Flow is switching to default flow due to incremental criteria not met. If you would like to alter this behaviour and have the flow terminate instead, please set the following parameter config_implementation {autoIncr.Synth.RejectBehavior Terminate}
---------------------------------------------------------------------------------
Finished Constraint Validation : Time (s): cpu = 00:00:14 ; elapsed = 00:00:15 . Memory (MB): peak = 1431.941 ; gain = 560.500
---------------------------------------------------------------------------------
---------------------------------------------------------------------------------
Start Loading Part and Timing Information
---------------------------------------------------------------------------------
Loading part: xc7a35tcpg236-1
---------------------------------------------------------------------------------
Finished Loading Part and Timing Information : Time (s): cpu = 00:00:14 ; elapsed = 00:00:15 . Memory (MB): peak = 1431.941 ; gain = 560.500
---------------------------------------------------------------------------------
---------------------------------------------------------------------------------
Start Applying 'set_property' XDC Constraints
---------------------------------------------------------------------------------
---------------------------------------------------------------------------------
Finished applying 'set_property' XDC Constraints : Time (s): cpu = 00:00:14 ; elapsed = 00:00:15 . Memory (MB): peak = 1431.941 ; gain = 560.500
---------------------------------------------------------------------------------
---------------------------------------------------------------------------------
Finished RTL Optimization Phase 2 : Time (s): cpu = 00:00:14 ; elapsed = 00:00:16 . Memory (MB): peak = 1431.941 ; gain = 560.500
---------------------------------------------------------------------------------
---------------------------------------------------------------------------------
Start RTL Component Statistics 
---------------------------------------------------------------------------------
Detailed RTL Component Info : 
+---Adders : 
	   2 Input   25 Bit       Adders := 1     
	   2 Input   11 Bit       Adders := 1     
+---Registers : 
	               25 Bit    Registers := 1     
	               11 Bit    Registers := 1     
	                1 Bit    Registers := 1     
+---Muxes : 
	   2 Input   25 Bit        Muxes := 1     
	   2 Input   11 Bit        Muxes := 1     
	   4 Input   11 Bit        Muxes := 1     
	   4 Input    1 Bit        Muxes := 1     
---------------------------------------------------------------------------------
Finished RTL Component Statistics 
---------------------------------------------------------------------------------
---------------------------------------------------------------------------------
Start Part Resource Summary
---------------------------------------------------------------------------------
Part Resources:
DSPs: 90 (col length:60)
BRAMs: 100 (col length: RAMB18 60 RAMB36 30)
---------------------------------------------------------------------------------
Finished Part Resource Summary
---------------------------------------------------------------------------------
---------------------------------------------------------------------------------
Start Cross Boundary and Area Optimization
---------------------------------------------------------------------------------
WARNING: [Synth 8-7080] Parallel synthesis criteria is not met
---------------------------------------------------------------------------------
Finished Cross Boundary and Area Optimization : Time (s): cpu = 00:00:16 ; elapsed = 00:00:17 . Memory (MB): peak = 1431.941 ; gain = 560.500
---------------------------------------------------------------------------------
---------------------------------------------------------------------------------
Start Applying XDC Timing Constraints
---------------------------------------------------------------------------------
---------------------------------------------------------------------------------
Finished Applying XDC Timing Constraints : Time (s): cpu = 00:00:19 ; elapsed = 00:00:20 . Memory (MB): peak = 1431.941 ; gain = 560.500
---------------------------------------------------------------------------------
---------------------------------------------------------------------------------
Start Timing Optimization
---------------------------------------------------------------------------------
---------------------------------------------------------------------------------
Finished Timing Optimization : Time (s): cpu = 00:00:19 ; elapsed = 00:00:21 . Memory (MB): peak = 1431.941 ; gain = 560.500
---------------------------------------------------------------------------------
---------------------------------------------------------------------------------
Start Technology Mapping
---------------------------------------------------------------------------------
---------------------------------------------------------------------------------
Finished Technology Mapping : Time (s): cpu = 00:00:19 ; elapsed = 00:00:21 . Memory (MB): peak = 1431.941 ; gain = 560.500
---------------------------------------------------------------------------------
---------------------------------------------------------------------------------
Start IO Insertion
---------------------------------------------------------------------------------
---------------------------------------------------------------------------------
Start Flattening Before IO Insertion
---------------------------------------------------------------------------------
---------------------------------------------------------------------------------
Finished Flattening Before IO Insertion
---------------------------------------------------------------------------------
---------------------------------------------------------------------------------
Start Final Netlist Cleanup
---------------------------------------------------------------------------------
---------------------------------------------------------------------------------
Finished Final Netlist Cleanup
---------------------------------------------------------------------------------
---------------------------------------------------------------------------------
Finished IO Insertion : Time (s): cpu = 00:00:22 ; elapsed = 00:00:23 . Memory (MB): peak = 1436.098 ; gain = 564.656
---------------------------------------------------------------------------------
---------------------------------------------------------------------------------
Start Renaming Generated Instances
---------------------------------------------------------------------------------
---------------------------------------------------------------------------------
Finished Renaming Generated Instances : Time (s): cpu = 00:00:22 ; elapsed = 00:00:23 . Memory (MB): peak = 1436.098 ; gain = 564.656
---------------------------------------------------------------------------------
---------------------------------------------------------------------------------
Start Rebuilding User Hierarchy
---------------------------------------------------------------------------------
---------------------------------------------------------------------------------
Finished Rebuilding User Hierarchy : Time (s): cpu = 00:00:22 ; elapsed = 00:00:23 . Memory (MB): peak = 1436.098 ; gain = 564.656
---------------------------------------------------------------------------------
---------------------------------------------------------------------------------
Start Renaming Generated Ports
---------------------------------------------------------------------------------
---------------------------------------------------------------------------------
Finished Renaming Generated Ports : Time (s): cpu = 00:00:22 ; elapsed = 00:00:23 . Memory (MB): peak = 1436.098 ; gain = 564.656
---------------------------------------------------------------------------------
---------------------------------------------------------------------------------
Start Handling Custom Attributes
---------------------------------------------------------------------------------
---------------------------------------------------------------------------------
Finished Handling Custom Attributes : Time (s): cpu = 00:00:22 ; elapsed = 00:00:23 . Memory (MB): peak = 1436.098 ; gain = 564.656
---------------------------------------------------------------------------------
---------------------------------------------------------------------------------
Start Renaming Generated Nets
---------------------------------------------------------------------------------
---------------------------------------------------------------------------------
Finished Renaming Generated Nets : Time (s): cpu = 00:00:22 ; elapsed = 00:00:23 . Memory (MB): peak = 1436.098 ; gain = 564.656
---------------------------------------------------------------------------------
---------------------------------------------------------------------------------
Start Writing Synthesis Report
---------------------------------------------------------------------------------

Report BlackBoxes: 
+-+--------------+----------+
| |BlackBox name |Instances |
+-+--------------+----------+
+-+--------------+----------+

Report Cell Usage: 
+------+-------+------+
|      |Cell   |Count |
+------+-------+------+
|1     |BUFG   |     1|
|2     |CARRY4 |     6|
|3     |LUT1   |     1|
|4     |LUT3   |     2|
|5     |LUT4   |     9|
|6     |LUT5   |     7|
|7     |LUT6   |     8|
|8     |FDCE   |    11|
|9     |FDRE   |    26|
|10    |IBUF   |    17|
|11    |OBUF   |    11|
+------+-------+------+
---------------------------------------------------------------------------------
Finished Writing Synthesis Report : Time (s): cpu = 00:00:22 ; elapsed = 00:00:23 . Memory (MB): peak = 1436.098 ; gain = 564.656
---------------------------------------------------------------------------------
Synthesis finished with 0 errors, 0 critical warnings and 1 warnings.
Synthesis Optimization Runtime : Time (s): cpu = 00:00:12 ; elapsed = 00:00:22 . Memory (MB): peak = 1436.098 ; gain = 553.723
Synthesis Optimization Complete : Time (s): cpu = 00:00:22 ; elapsed = 00:00:23 . Memory (MB): peak = 1436.098 ; gain = 564.656
INFO: [Project 1-571] Translating synthesized netlist
Netlist sorting complete. Time (s): cpu = 00:00:00 ; elapsed = 00:00:00 . Memory (MB): peak = 1448.160 ; gain = 0.000
INFO: [Netlist 29-17] Analyzing 6 Unisim elements for replacement
INFO: [Netlist 29-28] Unisim Transformation completed in 0 CPU seconds
INFO: [Project 1-570] Preparing netlist for logic optimization
INFO: [Opt 31-138] Pushed 0 inverter(s) to 0 load pin(s).
Netlist sorting complete. Time (s): cpu = 00:00:00 ; elapsed = 00:00:00 . Memory (MB): peak = 1451.863 ; gain = 0.000
INFO: [Project 1-111] Unisim Transformation Summary:
No Unisim elements were transformed.

Системе не удается найти указанный путь.
Synth Design complete | Checksum: 7a7c8234
INFO: [Common 17-83] Releasing license: Synthesis
29 Infos, 1 Warnings, 0 Critical Warnings and 0 Errors encountered.
synth_design completed successfully
synth_design: Time (s): cpu = 00:00:33 ; elapsed = 00:00:38 . Memory (MB): peak = 1451.863 ; gain = 972.957
Write ShapeDB Complete: Time (s): cpu = 00:00:00 ; elapsed = 00:00:00.001 . Memory (MB): peak = 1451.863 ; gain = 0.000
INFO: [Common 17-1381] The checkpoint 'C:/Users/ASUS/Desktop/Vivado_tasks/Lab3/Task5/module/universal_counter.runs/synth_1/universal_counter_module.dcp' has been generated.
INFO: [runtcl-4] Executing : report_utilization -file universal_counter_module_utilization_synth.rpt -pb universal_counter_module_utilization_synth.pb
INFO: [Common 17-206] Exiting Vivado at Thu Apr 16 21:19:54 2026...
