
*** Running vivado
    with args -log CMP3.vds -m64 -product Vivado -mode batch -messageDb vivado.pb -notrace -source CMP3.tcl


Режим вывода команд на экран (ECHO) отключен.
Режим вывода команд на экран (ECHO) отключен.

****** Vivado v2023.2 (64-bit)
  **** SW Build 4029153 on Fri Oct 13 20:14:34 MDT 2023
  **** IP Build 4028589 on Sat Oct 14 00:45:43 MDT 2023
  **** SharedData Build 4025554 on Tue Oct 10 17:18:54 MDT 2023
    ** Copyright 1986-2022 Xilinx, Inc. All Rights Reserved.
    ** Copyright 2022-2023 Advanced Micro Devices, Inc. All Rights Reserved.

source CMP3.tcl -notrace
create_project: Time (s): cpu = 00:00:05 ; elapsed = 00:00:11 . Memory (MB): peak = 476.828 ; gain = 183.090
Command: read_checkpoint -auto_incremental -incremental C:/Users/ASUS/Desktop/Vivado_tasks/Lab2/Task4/module/Comparator.srcs/utils_1/imports/synth_1/CMP3.dcp
INFO: [Vivado 12-5825] Read reference checkpoint from C:/Users/ASUS/Desktop/Vivado_tasks/Lab2/Task4/module/Comparator.srcs/utils_1/imports/synth_1/CMP3.dcp for incremental synthesis
INFO: [Vivado 12-7989] Please ensure there are no constraint changes
Command: synth_design -top CMP3 -part xc7a35tcpg236-1
Starting synth_design
Attempting to get a license for feature 'Synthesis' and/or device 'xc7a35t'
INFO: [Common 17-349] Got license for feature 'Synthesis' and/or device 'xc7a35t'
INFO: [Device 21-403] Loading part xc7a35tcpg236-1
INFO: [Designutils 20-5440] No compile time benefit to using incremental synthesis; A full resynthesis will be run
INFO: [Designutils 20-4379] Flow is switching to default flow due to incremental criteria not met. If you would like to alter this behaviour and have the flow terminate instead, please set the following parameter config_implementation {autoIncr.Synth.RejectBehavior Terminate}
INFO: [Synth 8-7079] Multithreading enabled for synth_design using a maximum of 2 processes.
INFO: [Synth 8-7078] Launching helper process for spawning children vivado processes
INFO: [Synth 8-7075] Helper process launched with PID 30136
---------------------------------------------------------------------------------
Starting RTL Elaboration : Time (s): cpu = 00:00:04 ; elapsed = 00:00:04 . Memory (MB): peak = 1313.648 ; gain = 441.320
---------------------------------------------------------------------------------
INFO: [Synth 8-638] synthesizing module 'CMP3' [C:/Users/ASUS/Desktop/Vivado_tasks/Lab2/Task4/module/Comparator.srcs/sources_1/new/CMP3.vhd:45]
INFO: [Synth 8-638] synthesizing module 'CMPN' [C:/Users/ASUS/Desktop/Vivado_tasks/Lab2/Task4/module/Comparator.srcs/sources_1/imports/new/CMPN.vhd:48]
	Parameter N bound to: 3 - type: integer 
INFO: [Synth 8-638] synthesizing module 'CMP2' [C:/Users/ASUS/Desktop/Vivado_tasks/Lab2/Task4/module/Comparator.srcs/sources_1/imports/new/CMP2.vhd:46]
INFO: [Synth 8-638] synthesizing module 'delay_interconnection' [C:/Users/ASUS/Desktop/Vivado_tasks/Lab2/Task4/module/Comparator.srcs/sources_1/imports/new/delay_interconnection.vhd:49]
INFO: [Synth 8-256] done synthesizing module 'delay_interconnection' (0#1) [C:/Users/ASUS/Desktop/Vivado_tasks/Lab2/Task4/module/Comparator.srcs/sources_1/imports/new/delay_interconnection.vhd:49]
INFO: [Synth 8-638] synthesizing module 'my_delay_gateslib_INV' [C:/Users/ASUS/Desktop/Vivado_tasks/Lab2/Task4/module/Comparator.srcs/sources_1/imports/new/INV.vhd:48]
INFO: [Synth 8-256] done synthesizing module 'my_delay_gateslib_INV' (0#1) [C:/Users/ASUS/Desktop/Vivado_tasks/Lab2/Task4/module/Comparator.srcs/sources_1/imports/new/INV.vhd:48]
INFO: [Synth 8-638] synthesizing module 'ANDN' [C:/Users/ASUS/Desktop/Vivado_tasks/Lab2/Task4/module/Comparator.srcs/sources_1/imports/new/ANDN.vhd:49]
INFO: [Synth 8-638] synthesizing module 'MUX2AND' [C:/Users/ASUS/Desktop/Vivado_tasks/Lab2/Task4/module/Comparator.srcs/sources_1/imports/new/MUX2AND.vhd:48]
	Parameter delay bound to: 64'b0000000000000000000000000000000000000000100110001001011010000000 
INFO: [Synth 8-638] synthesizing module 'MUX2' [C:/Users/ASUS/Desktop/Vivado_tasks/Lab2/Task4/module/Comparator.srcs/sources_1/imports/new/MUX2.vhd:49]
	Parameter delay bound to: 64'b0000000000000000000000000000000000000000100110001001011010000000 
INFO: [Synth 8-256] done synthesizing module 'MUX2' (0#1) [C:/Users/ASUS/Desktop/Vivado_tasks/Lab2/Task4/module/Comparator.srcs/sources_1/imports/new/MUX2.vhd:49]
INFO: [Synth 8-256] done synthesizing module 'MUX2AND' (0#1) [C:/Users/ASUS/Desktop/Vivado_tasks/Lab2/Task4/module/Comparator.srcs/sources_1/imports/new/MUX2AND.vhd:48]
INFO: [Synth 8-256] done synthesizing module 'ANDN' (0#1) [C:/Users/ASUS/Desktop/Vivado_tasks/Lab2/Task4/module/Comparator.srcs/sources_1/imports/new/ANDN.vhd:49]
INFO: [Synth 8-638] synthesizing module 'ORN' [C:/Users/ASUS/Desktop/Vivado_tasks/Lab2/Task4/module/Comparator.srcs/sources_1/imports/new/ORN.vhd:49]
INFO: [Synth 8-638] synthesizing module 'MUX2OR' [C:/Users/ASUS/Desktop/Vivado_tasks/Lab2/Task4/module/Comparator.srcs/sources_1/imports/new/MUX2OR.vhd:49]
	Parameter delay bound to: 64'b0000000000000000000000000000000000000000100110001001011010000000 
INFO: [Synth 8-256] done synthesizing module 'MUX2OR' (0#1) [C:/Users/ASUS/Desktop/Vivado_tasks/Lab2/Task4/module/Comparator.srcs/sources_1/imports/new/MUX2OR.vhd:49]
INFO: [Synth 8-256] done synthesizing module 'ORN' (0#1) [C:/Users/ASUS/Desktop/Vivado_tasks/Lab2/Task4/module/Comparator.srcs/sources_1/imports/new/ORN.vhd:49]
INFO: [Synth 8-256] done synthesizing module 'CMP2' (0#1) [C:/Users/ASUS/Desktop/Vivado_tasks/Lab2/Task4/module/Comparator.srcs/sources_1/imports/new/CMP2.vhd:46]
INFO: [Synth 8-256] done synthesizing module 'CMPN' (0#1) [C:/Users/ASUS/Desktop/Vivado_tasks/Lab2/Task4/module/Comparator.srcs/sources_1/imports/new/CMPN.vhd:48]
INFO: [Synth 8-256] done synthesizing module 'CMP3' (0#1) [C:/Users/ASUS/Desktop/Vivado_tasks/Lab2/Task4/module/Comparator.srcs/sources_1/new/CMP3.vhd:45]
---------------------------------------------------------------------------------
Finished RTL Elaboration : Time (s): cpu = 00:00:05 ; elapsed = 00:00:05 . Memory (MB): peak = 1420.668 ; gain = 548.340
---------------------------------------------------------------------------------
---------------------------------------------------------------------------------
Start Handling Custom Attributes
---------------------------------------------------------------------------------
---------------------------------------------------------------------------------
Finished Handling Custom Attributes : Time (s): cpu = 00:00:05 ; elapsed = 00:00:06 . Memory (MB): peak = 1420.668 ; gain = 548.340
---------------------------------------------------------------------------------
---------------------------------------------------------------------------------
Finished RTL Optimization Phase 1 : Time (s): cpu = 00:00:05 ; elapsed = 00:00:06 . Memory (MB): peak = 1420.668 ; gain = 548.340
---------------------------------------------------------------------------------
Netlist sorting complete. Time (s): cpu = 00:00:00 ; elapsed = 00:00:00 . Memory (MB): peak = 1420.668 ; gain = 0.000
INFO: [Project 1-570] Preparing netlist for logic optimization

Processing XDC Constraints
Initializing timing engine
Parsing XDC File [C:/Users/ASUS/Desktop/Vivado_tasks/Lab2/Task4/module/Comparator.srcs/constrs_1/imports/new/Master-Basys3.xdc]
Finished Parsing XDC File [C:/Users/ASUS/Desktop/Vivado_tasks/Lab2/Task4/module/Comparator.srcs/constrs_1/imports/new/Master-Basys3.xdc]
INFO: [Project 1-236] Implementation specific constraints were found while reading constraint file [C:/Users/ASUS/Desktop/Vivado_tasks/Lab2/Task4/module/Comparator.srcs/constrs_1/imports/new/Master-Basys3.xdc]. These constraints will be ignored for synthesis but will be used in implementation. Impacted constraints are listed in the file [.Xil/CMP3_propImpl.xdc].
Resolution: To avoid this warning, move constraints listed in [.Xil/CMP3_propImpl.xdc] to another XDC file and exclude this new file from synthesis with the used_in_synthesis property (File Properties dialog in GUI) and re-run elaboration/synthesis.
Completed Processing XDC Constraints

Netlist sorting complete. Time (s): cpu = 00:00:00 ; elapsed = 00:00:00 . Memory (MB): peak = 1449.961 ; gain = 0.000
INFO: [Project 1-111] Unisim Transformation Summary:
No Unisim elements were transformed.

Системе не удается найти указанный путь.
Constraint Validation Runtime : Time (s): cpu = 00:00:00 ; elapsed = 00:00:00.002 . Memory (MB): peak = 1449.961 ; gain = 0.000
INFO: [Designutils 20-5440] No compile time benefit to using incremental synthesis; A full resynthesis will be run
INFO: [Designutils 20-4379] Flow is switching to default flow due to incremental criteria not met. If you would like to alter this behaviour and have the flow terminate instead, please set the following parameter config_implementation {autoIncr.Synth.RejectBehavior Terminate}
---------------------------------------------------------------------------------
Finished Constraint Validation : Time (s): cpu = 00:00:10 ; elapsed = 00:00:11 . Memory (MB): peak = 1449.961 ; gain = 577.633
---------------------------------------------------------------------------------
---------------------------------------------------------------------------------
Start Loading Part and Timing Information
---------------------------------------------------------------------------------
Loading part: xc7a35tcpg236-1
---------------------------------------------------------------------------------
Finished Loading Part and Timing Information : Time (s): cpu = 00:00:10 ; elapsed = 00:00:11 . Memory (MB): peak = 1449.961 ; gain = 577.633
---------------------------------------------------------------------------------
---------------------------------------------------------------------------------
Start Applying 'set_property' XDC Constraints
---------------------------------------------------------------------------------
---------------------------------------------------------------------------------
Finished applying 'set_property' XDC Constraints : Time (s): cpu = 00:00:10 ; elapsed = 00:00:11 . Memory (MB): peak = 1449.961 ; gain = 577.633
---------------------------------------------------------------------------------
---------------------------------------------------------------------------------
Finished RTL Optimization Phase 2 : Time (s): cpu = 00:00:10 ; elapsed = 00:00:11 . Memory (MB): peak = 1449.961 ; gain = 577.633
---------------------------------------------------------------------------------
INFO: [Synth 8-223] decloning instance 'CMP2:/X1_AND_X1_NX2' (delay_interconnection) to 'CMP2:/X1_AND_X1_X2'
INFO: [Synth 8-223] decloning instance 'CMP2:/NX2_AND_X1_NX2' (delay_interconnection) to 'CMP2:/NX2_AND_NX1_NX2'
INFO: [Synth 8-223] decloning instance 'CMP2:/NX1_AND_NX1_X2' (delay_interconnection) to 'CMP2:/NX1_AND_NX1_NX2'
INFO: [Synth 8-223] decloning instance 'CMP2:/X2_AND_NX1_X2' (delay_interconnection) to 'CMP2:/X2_AND_X1_X2'
---------------------------------------------------------------------------------
Start RTL Component Statistics 
---------------------------------------------------------------------------------
Detailed RTL Component Info : 
+---Muxes : 
	   2 Input    1 Bit        Muxes := 30    
---------------------------------------------------------------------------------
Finished RTL Component Statistics 
---------------------------------------------------------------------------------
---------------------------------------------------------------------------------
Start Part Resource Summary
---------------------------------------------------------------------------------
Part Resources:
DSPs: 90 (col length:60)
BRAMs: 100 (col length: RAMB18 60 RAMB36 30)
---------------------------------------------------------------------------------
Finished Part Resource Summary
---------------------------------------------------------------------------------
---------------------------------------------------------------------------------
Start Cross Boundary and Area Optimization
---------------------------------------------------------------------------------
WARNING: [Synth 8-7080] Parallel synthesis criteria is not met
---------------------------------------------------------------------------------
Finished Cross Boundary and Area Optimization : Time (s): cpu = 00:00:11 ; elapsed = 00:00:12 . Memory (MB): peak = 1449.961 ; gain = 577.633
---------------------------------------------------------------------------------
---------------------------------------------------------------------------------
Start Applying XDC Timing Constraints
---------------------------------------------------------------------------------
---------------------------------------------------------------------------------
Finished Applying XDC Timing Constraints : Time (s): cpu = 00:00:15 ; elapsed = 00:00:16 . Memory (MB): peak = 1449.961 ; gain = 577.633
---------------------------------------------------------------------------------
---------------------------------------------------------------------------------
Start Timing Optimization
---------------------------------------------------------------------------------
---------------------------------------------------------------------------------
Finished Timing Optimization : Time (s): cpu = 00:00:15 ; elapsed = 00:00:16 . Memory (MB): peak = 1449.961 ; gain = 577.633
---------------------------------------------------------------------------------
---------------------------------------------------------------------------------
Start Technology Mapping
---------------------------------------------------------------------------------
---------------------------------------------------------------------------------
Finished Technology Mapping : Time (s): cpu = 00:00:15 ; elapsed = 00:00:16 . Memory (MB): peak = 1449.961 ; gain = 577.633
---------------------------------------------------------------------------------
---------------------------------------------------------------------------------
Start IO Insertion
---------------------------------------------------------------------------------
---------------------------------------------------------------------------------
Start Flattening Before IO Insertion
---------------------------------------------------------------------------------
---------------------------------------------------------------------------------
Finished Flattening Before IO Insertion
---------------------------------------------------------------------------------
---------------------------------------------------------------------------------
Start Final Netlist Cleanup
---------------------------------------------------------------------------------
---------------------------------------------------------------------------------
Finished Final Netlist Cleanup
---------------------------------------------------------------------------------
---------------------------------------------------------------------------------
Finished IO Insertion : Time (s): cpu = 00:00:17 ; elapsed = 00:00:19 . Memory (MB): peak = 1449.961 ; gain = 577.633
---------------------------------------------------------------------------------
---------------------------------------------------------------------------------
Start Renaming Generated Instances
---------------------------------------------------------------------------------
---------------------------------------------------------------------------------
Finished Renaming Generated Instances : Time (s): cpu = 00:00:17 ; elapsed = 00:00:19 . Memory (MB): peak = 1449.961 ; gain = 577.633
---------------------------------------------------------------------------------
---------------------------------------------------------------------------------
Start Rebuilding User Hierarchy
---------------------------------------------------------------------------------
---------------------------------------------------------------------------------
Finished Rebuilding User Hierarchy : Time (s): cpu = 00:00:17 ; elapsed = 00:00:19 . Memory (MB): peak = 1449.961 ; gain = 577.633
---------------------------------------------------------------------------------
---------------------------------------------------------------------------------
Start Renaming Generated Ports
---------------------------------------------------------------------------------
---------------------------------------------------------------------------------
Finished Renaming Generated Ports : Time (s): cpu = 00:00:17 ; elapsed = 00:00:19 . Memory (MB): peak = 1449.961 ; gain = 577.633
---------------------------------------------------------------------------------
---------------------------------------------------------------------------------
Start Handling Custom Attributes
---------------------------------------------------------------------------------
---------------------------------------------------------------------------------
Finished Handling Custom Attributes : Time (s): cpu = 00:00:17 ; elapsed = 00:00:19 . Memory (MB): peak = 1449.961 ; gain = 577.633
---------------------------------------------------------------------------------
---------------------------------------------------------------------------------
Start Renaming Generated Nets
---------------------------------------------------------------------------------
---------------------------------------------------------------------------------
Finished Renaming Generated Nets : Time (s): cpu = 00:00:17 ; elapsed = 00:00:19 . Memory (MB): peak = 1449.961 ; gain = 577.633
---------------------------------------------------------------------------------
---------------------------------------------------------------------------------
Start Writing Synthesis Report
---------------------------------------------------------------------------------

Report BlackBoxes: 
+-+--------------+----------+
| |BlackBox name |Instances |
+-+--------------+----------+
+-+--------------+----------+

Report Cell Usage: 
+------+-----+------+
|      |Cell |Count |
+------+-----+------+
|1     |LUT6 |     3|
|2     |IBUF |     6|
|3     |OBUF |     3|
+------+-----+------+
---------------------------------------------------------------------------------
Finished Writing Synthesis Report : Time (s): cpu = 00:00:17 ; elapsed = 00:00:19 . Memory (MB): peak = 1449.961 ; gain = 577.633
---------------------------------------------------------------------------------
Synthesis finished with 0 errors, 0 critical warnings and 1 warnings.
Synthesis Optimization Runtime : Time (s): cpu = 00:00:12 ; elapsed = 00:00:18 . Memory (MB): peak = 1449.961 ; gain = 548.340
Synthesis Optimization Complete : Time (s): cpu = 00:00:18 ; elapsed = 00:00:19 . Memory (MB): peak = 1449.961 ; gain = 577.633
INFO: [Project 1-571] Translating synthesized netlist
Netlist sorting complete. Time (s): cpu = 00:00:00 ; elapsed = 00:00:00 . Memory (MB): peak = 1449.961 ; gain = 0.000
INFO: [Project 1-570] Preparing netlist for logic optimization
INFO: [Opt 31-138] Pushed 0 inverter(s) to 0 load pin(s).
Netlist sorting complete. Time (s): cpu = 00:00:00 ; elapsed = 00:00:00 . Memory (MB): peak = 1449.961 ; gain = 0.000
INFO: [Project 1-111] Unisim Transformation Summary:
No Unisim elements were transformed.

Системе не удается найти указанный путь.
Synth Design complete | Checksum: 9c77cffd
INFO: [Common 17-83] Releasing license: Synthesis
43 Infos, 1 Warnings, 0 Critical Warnings and 0 Errors encountered.
synth_design completed successfully
synth_design: Time (s): cpu = 00:00:20 ; elapsed = 00:00:38 . Memory (MB): peak = 1449.961 ; gain = 970.184
Write ShapeDB Complete: Time (s): cpu = 00:00:00 ; elapsed = 00:00:00 . Memory (MB): peak = 1449.961 ; gain = 0.000
INFO: [Common 17-1381] The checkpoint 'C:/Users/ASUS/Desktop/Vivado_tasks/Lab2/Task4/module/Comparator.runs/synth_1/CMP3.dcp' has been generated.
INFO: [runtcl-4] Executing : report_utilization -file CMP3_utilization_synth.rpt -pb CMP3_utilization_synth.pb
INFO: [Common 17-206] Exiting Vivado at Mon Mar  9 20:50:56 2026...
