#-----------------------------------------------------------
# Vivado v2023.2 (64-bit)
# SW Build 4029153 on Fri Oct 13 20:14:34 MDT 2023
# IP Build 4028589 on Sat Oct 14 00:45:43 MDT 2023
# SharedData Build 4025554 on Tue Oct 10 17:18:54 MDT 2023
# Start of session at: Fri Mar 20 15:51:46 2026
# Process ID: 8648
# Current directory: C:/Users/ASUS/Desktop/Vivado_tasks/Lab2/Task6
# Command line: vivado.exe -gui_launcher_event rodinguilauncherevent10644 C:\Users\ASUS\Desktop\Vivado_tasks\Lab2\Task6\DLATCH.xpr
# Log file: C:/Users/ASUS/Desktop/Vivado_tasks/Lab2/Task6/vivado.log
# Journal file: C:/Users/ASUS/Desktop/Vivado_tasks/Lab2/Task6\vivado.jou
# Running On: DESKTOP-66O4QSA, OS: Windows, CPU Frequency: 3110 MHz, CPU Physical cores: 12, Host memory: 16858 MB
#-----------------------------------------------------------
start_gui
open_project C:/Users/ASUS/Desktop/Vivado_tasks/Lab2/Task6/DLATCH.xpr
WARNING: [Board 49-26] cannot add Board Part xilinx.com:kcu105:part0:1.6 available at C:/Xilinx/Vivado/2023.2/data/xhub/boards/XilinxBoardStore/boards/Xilinx/kcu105/1.6/board.xml as part xcku040-ffva1156-2-e specified in board_part file is either invalid or not available
WARNING: [Board 49-26] cannot add Board Part xilinx.com:kcu105:part0:1.7 available at C:/Xilinx/Vivado/2023.2/data/xhub/boards/XilinxBoardStore/boards/Xilinx/kcu105/1.7/board.xml as part xcku040-ffva1156-2-e specified in board_part file is either invalid or not available
WARNING: [Board 49-26] cannot add Board Part xilinx.com:kcu116:part0:1.4 available at C:/Xilinx/Vivado/2023.2/data/xhub/boards/XilinxBoardStore/boards/Xilinx/kcu116/1.4/board.xml as part xcku5p-ffvb676-2-e specified in board_part file is either invalid or not available
WARNING: [Board 49-26] cannot add Board Part xilinx.com:kcu116:part0:1.5 available at C:/Xilinx/Vivado/2023.2/data/xhub/boards/XilinxBoardStore/boards/Xilinx/kcu116/1.5/board.xml as part xcku5p-ffvb676-2-e specified in board_part file is either invalid or not available
WARNING: [Board 49-26] cannot add Board Part xilinx.com:kcu1500:part0:1.2 available at C:/Xilinx/Vivado/2023.2/data/xhub/boards/XilinxBoardStore/boards/Xilinx/kcu1500/1.2/board.xml as part xcku115-flvb2104-2-e specified in board_part file is either invalid or not available
WARNING: [Board 49-26] cannot add Board Part xilinx.com:vck190:part0:2.2 available at C:/Xilinx/Vivado/2023.2/data/xhub/boards/XilinxBoardStore/boards/Xilinx/vck190/production/2.2/board.xml as part xcvc1902-vsva2197-2mp-e-s specified in board_part file is either invalid or not available
WARNING: [Board 49-26] cannot add Board Part xilinx.com:vck190:part0:3.0 available at C:/Xilinx/Vivado/2023.2/data/xhub/boards/XilinxBoardStore/boards/Xilinx/vck190/production/3.0/board.xml as part xcvc1902-vsva2197-2mp-e-s specified in board_part file is either invalid or not available
WARNING: [Board 49-26] cannot add Board Part xilinx.com:vck190:part0:3.1 available at C:/Xilinx/Vivado/2023.2/data/xhub/boards/XilinxBoardStore/boards/Xilinx/vck190/production/3.1/board.xml as part xcvc1902-vsva2197-2mp-e-s specified in board_part file is either invalid or not available
WARNING: [Board 49-26] cannot add Board Part xilinx.com:vck190:part0:3.2 available at C:/Xilinx/Vivado/2023.2/data/xhub/boards/XilinxBoardStore/boards/Xilinx/vck190/production/3.2/board.xml as part xcvc1902-vsva2197-2mp-e-s specified in board_part file is either invalid or not available
WARNING: [Board 49-26] cannot add Board Part xilinx.com:vck190_newl:part0:1.0 available at C:/Xilinx/Vivado/2023.2/data/xhub/boards/XilinxBoardStore/boards/Xilinx/vck190_newl/production/1.0/board.xml as part xcvc1902-vsva2197-2mp-e-s specified in board_part file is either invalid or not available
WARNING: [Board 49-26] cannot add Board Part xilinx.com:vck190_newl:part0:1.1 available at C:/Xilinx/Vivado/2023.2/data/xhub/boards/XilinxBoardStore/boards/Xilinx/vck190_newl/production/1.1/board.xml as part xcvc1902-vsva2197-2mp-e-s specified in board_part file is either invalid or not available
WARNING: [Board 49-26] cannot add Board Part xilinx.com:vcu108:part0:1.6 available at C:/Xilinx/Vivado/2023.2/data/xhub/boards/XilinxBoardStore/boards/Xilinx/vcu108/1.6/board.xml as part xcvu095-ffva2104-2-e specified in board_part file is either invalid or not available
WARNING: [Board 49-26] cannot add Board Part xilinx.com:vcu108:part0:1.7 available at C:/Xilinx/Vivado/2023.2/data/xhub/boards/XilinxBoardStore/boards/Xilinx/vcu108/1.7/board.xml as part xcvu095-ffva2104-2-e specified in board_part file is either invalid or not available
WARNING: [Board 49-26] cannot add Board Part xilinx.com:vcu110:part0:1.4 available at C:/Xilinx/Vivado/2023.2/data/xhub/boards/XilinxBoardStore/boards/Xilinx/vcu110/1.4/board.xml as part xcvu190-flgc2104-2-e specified in board_part file is either invalid or not available
WARNING: [Board 49-26] cannot add Board Part xilinx.com:vcu118:part0:2.0 available at C:/Xilinx/Vivado/2023.2/data/xhub/boards/XilinxBoardStore/boards/Xilinx/vcu118/2.0/board.xml as part xcvu9p-flga2104-2l-e specified in board_part file is either invalid or not available
WARNING: [Board 49-26] cannot add Board Part xilinx.com:vcu118:part0:2.3 available at C:/Xilinx/Vivado/2023.2/data/xhub/boards/XilinxBoardStore/boards/Xilinx/vcu118/2.3/board.xml as part xcvu9p-flga2104-2l-e specified in board_part file is either invalid or not available
WARNING: [Board 49-26] cannot add Board Part xilinx.com:vcu118:part0:2.4 available at C:/Xilinx/Vivado/2023.2/data/xhub/boards/XilinxBoardStore/boards/Xilinx/vcu118/2.4/board.xml as part xcvu9p-flga2104-2l-e specified in board_part file is either invalid or not available
WARNING: [Board 49-26] cannot add Board Part xilinx.com:vcu128:part0:1.0 available at C:/Xilinx/Vivado/2023.2/data/xhub/boards/XilinxBoardStore/boards/Xilinx/vcu128/production/1.0/board.xml as part xcvu37p-fsvh2892-2l-e specified in board_part file is either invalid or not available
WARNING: [Board 49-26] cannot add Board Part xilinx.com:vcu129:part0:1.0 available at C:/Xilinx/Vivado/2023.2/data/xhub/boards/XilinxBoardStore/boards/Xilinx/vcu129/production/1.0/board.xml as part xcvu29p-fsga2577-2l-e specified in board_part file is either invalid or not available
WARNING: [Board 49-26] cannot add Board Part xilinx.com:vcu1525:part0:1.3 available at C:/Xilinx/Vivado/2023.2/data/xhub/boards/XilinxBoardStore/boards/Xilinx/vcu1525/1.3/board.xml as part xcvu9p-fsgd2104-2l-e specified in board_part file is either invalid or not available
WARNING: [Board 49-26] cannot add Board Part xilinx.com:vek280:part0:1.0 available at C:/Xilinx/Vivado/2023.2/data/xhub/boards/XilinxBoardStore/boards/Xilinx/vek280/production/1.0/board.xml as part xcve2802-vsvh1760-2mp-e-s specified in board_part file is either invalid or not available
WARNING: [Board 49-26] cannot add Board Part xilinx.com:vek280_es:part0:1.0 available at C:/Xilinx/Vivado/2023.2/data/xhub/boards/XilinxBoardStore/boards/Xilinx/vek280/es/rev_a/1.0/board.xml as part xcve2802-vsvh1760-2lp-e-s-es1 specified in board_part file is either invalid or not available
WARNING: [Board 49-26] cannot add Board Part xilinx.com:vek280_es:part0:1.1 available at C:/Xilinx/Vivado/2023.2/data/xhub/boards/XilinxBoardStore/boards/Xilinx/vek280/es/rev_a/1.1/board.xml as part xcve2802-vsvh1760-2lp-e-s-es1 specified in board_part file is either invalid or not available
WARNING: [Board 49-26] cannot add Board Part xilinx.com:vek280_es_revb:part0:1.0 available at C:/Xilinx/Vivado/2023.2/data/xhub/boards/XilinxBoardStore/boards/Xilinx/vek280/es/rev_b/1.0/board.xml as part xcve2802-vsvh1760-2mp-e-s-es1 specified in board_part file is either invalid or not available
WARNING: [Board 49-26] cannot add Board Part xilinx.com:vek280_es_revb:part0:1.1 available at C:/Xilinx/Vivado/2023.2/data/xhub/boards/XilinxBoardStore/boards/Xilinx/vek280/es/rev_b/1.1/board.xml as part xcve2802-vsvh1760-2mp-e-s-es1 specified in board_part file is either invalid or not available
WARNING: [Board 49-26] cannot add Board Part xilinx.com:vermeo_t1_mpsoc:part0:1.0 available at C:/Xilinx/Vivado/2023.2/data/xhub/boards/XilinxBoardStore/boards/Xilinx/vermeo_t1_mpsoc/1.0/board.xml as part xczu19eg-ffvd1760-2l-e specified in board_part file is either invalid or not available
WARNING: [Board 49-26] cannot add Board Part xilinx.com:vermeo_t1_rfsoc:part0:1.0 available at C:/Xilinx/Vivado/2023.2/data/xhub/boards/XilinxBoardStore/boards/Xilinx/vermeo_t1_rfsoc/1.0/board.xml as part xczu21dr-ffvd1156-2l-e specified in board_part file is either invalid or not available
WARNING: [Board 49-26] cannot add Board Part xilinx.com:vhk158:part0:1.0 available at C:/Xilinx/Vivado/2023.2/data/xhub/boards/XilinxBoardStore/boards/Xilinx/vhk158/production/1.0/board.xml as part xcvh1582-vsva3697-2mp-e-s specified in board_part file is either invalid or not available
WARNING: [Board 49-26] cannot add Board Part xilinx.com:vhk158:part0:1.1 available at C:/Xilinx/Vivado/2023.2/data/xhub/boards/XilinxBoardStore/boards/Xilinx/vhk158/production/1.1/board.xml as part xcvh1582-vsva3697-2mp-e-s specified in board_part file is either invalid or not available
WARNING: [Board 49-26] cannot add Board Part xilinx.com:vhk158_es:part0:1.0 available at C:/Xilinx/Vivado/2023.2/data/xhub/boards/XilinxBoardStore/boards/Xilinx/vhk158/es/1.0/board.xml as part xcvh1582-vsva3697-2mp-e-s-es1 specified in board_part file is either invalid or not available
WARNING: [Board 49-26] cannot add Board Part xilinx.com:vhk158_es:part0:1.1 available at C:/Xilinx/Vivado/2023.2/data/xhub/boards/XilinxBoardStore/boards/Xilinx/vhk158/es/1.1/board.xml as part xcvh1582-vsva3697-2mp-e-s-es1 specified in board_part file is either invalid or not available
WARNING: [Board 49-26] cannot add Board Part xilinx.com:vmk180:part0:2.2 available at C:/Xilinx/Vivado/2023.2/data/xhub/boards/XilinxBoardStore/boards/Xilinx/vmk180/production/2.2/board.xml as part xcvm1802-vsva2197-2mp-e-s specified in board_part file is either invalid or not available
WARNING: [Board 49-26] cannot add Board Part xilinx.com:vmk180:part0:3.0 available at C:/Xilinx/Vivado/2023.2/data/xhub/boards/XilinxBoardStore/boards/Xilinx/vmk180/production/3.0/board.xml as part xcvm1802-vsva2197-2mp-e-s specified in board_part file is either invalid or not available
WARNING: [Board 49-26] cannot add Board Part xilinx.com:vmk180:part0:3.1 available at C:/Xilinx/Vivado/2023.2/data/xhub/boards/XilinxBoardStore/boards/Xilinx/vmk180/production/3.1/board.xml as part xcvm1802-vsva2197-2mp-e-s specified in board_part file is either invalid or not available
WARNING: [Board 49-26] cannot add Board Part xilinx.com:vmk180:part0:3.2 available at C:/Xilinx/Vivado/2023.2/data/xhub/boards/XilinxBoardStore/boards/Xilinx/vmk180/production/3.2/board.xml as part xcvm1802-vsva2197-2mp-e-s specified in board_part file is either invalid or not available
WARNING: [Board 49-26] cannot add Board Part xilinx.com:vmk180_newl:part0:1.0 available at C:/Xilinx/Vivado/2023.2/data/xhub/boards/XilinxBoardStore/boards/Xilinx/vmk180_newl/production/1.0/board.xml as part xcvm1802-vsva2197-2mp-e-s specified in board_part file is either invalid or not available
WARNING: [Board 49-26] cannot add Board Part xilinx.com:vmk180_newl:part0:1.1 available at C:/Xilinx/Vivado/2023.2/data/xhub/boards/XilinxBoardStore/boards/Xilinx/vmk180_newl/production/1.1/board.xml as part xcvm1802-vsva2197-2mp-e-s specified in board_part file is either invalid or not available
WARNING: [Board 49-26] cannot add Board Part xilinx.com:vpk120:part0:1.0 available at C:/Xilinx/Vivado/2023.2/data/xhub/boards/XilinxBoardStore/boards/Xilinx/vpk120/production/1.0/board.xml as part xcvp1202-vsva2785-2mp-e-s specified in board_part file is either invalid or not available
WARNING: [Board 49-26] cannot add Board Part xilinx.com:vpk120:part0:1.1 available at C:/Xilinx/Vivado/2023.2/data/xhub/boards/XilinxBoardStore/boards/Xilinx/vpk120/production/1.1/board.xml as part xcvp1202-vsva2785-2mp-e-s specified in board_part file is either invalid or not available
WARNING: [Board 49-26] cannot add Board Part xilinx.com:vpk120:part0:1.2 available at C:/Xilinx/Vivado/2023.2/data/xhub/boards/XilinxBoardStore/boards/Xilinx/vpk120/production/1.2/board.xml as part xcvp1202-vsva2785-2mp-e-s specified in board_part file is either invalid or not available
WARNING: [Board 49-26] cannot add Board Part xilinx.com:vpk180:part0:1.0 available at C:/Xilinx/Vivado/2023.2/data/xhub/boards/XilinxBoardStore/boards/Xilinx/vpk180/production/1.0/board.xml as part xcvp1802-lsvc4072-2mp-e-s specified in board_part file is either invalid or not available
WARNING: [Board 49-26] cannot add Board Part xilinx.com:vpk180:part0:1.1 available at C:/Xilinx/Vivado/2023.2/data/xhub/boards/XilinxBoardStore/boards/Xilinx/vpk180/production/1.1/board.xml as part xcvp1802-lsvc4072-2mp-e-s specified in board_part file is either invalid or not available
WARNING: [Board 49-26] cannot add Board Part xilinx.com:zc702:part0:1.4 available at C:/Xilinx/Vivado/2023.2/data/xhub/boards/XilinxBoardStore/boards/Xilinx/zc702/1.4/board.xml as part xc7z020clg484-1 specified in board_part file is either invalid or not available
WARNING: [Board 49-26] cannot add Board Part xilinx.com:zc706:part0:1.4 available at C:/Xilinx/Vivado/2023.2/data/xhub/boards/XilinxBoardStore/boards/Xilinx/zc706/1.4/board.xml as part xc7z045ffg900-2 specified in board_part file is either invalid or not available
WARNING: [Board 49-26] cannot add Board Part xilinx.com:zcu102:part0:3.3 available at C:/Xilinx/Vivado/2023.2/data/xhub/boards/XilinxBoardStore/boards/Xilinx/zcu102/3.3/board.xml as part xczu9eg-ffvb1156-2-e specified in board_part file is either invalid or not available
WARNING: [Board 49-26] cannot add Board Part xilinx.com:zcu102:part0:3.4 available at C:/Xilinx/Vivado/2023.2/data/xhub/boards/XilinxBoardStore/boards/Xilinx/zcu102/3.4/board.xml as part xczu9eg-ffvb1156-2-e specified in board_part file is either invalid or not available
WARNING: [Board 49-26] cannot add Board Part xilinx.com:zcu104:part0:1.1 available at C:/Xilinx/Vivado/2023.2/data/xhub/boards/XilinxBoardStore/boards/Xilinx/zcu104/1.1/board.xml as part xczu7ev-ffvc1156-2-e specified in board_part file is either invalid or not available
WARNING: [Board 49-26] cannot add Board Part xilinx.com:zcu106:part0:2.4 available at C:/Xilinx/Vivado/2023.2/data/xhub/boards/XilinxBoardStore/boards/Xilinx/zcu106/2.4/board.xml as part xczu7ev-ffvc1156-2-e specified in board_part file is either invalid or not available
WARNING: [Board 49-26] cannot add Board Part xilinx.com:zcu106:part0:2.5 available at C:/Xilinx/Vivado/2023.2/data/xhub/boards/XilinxBoardStore/boards/Xilinx/zcu106/2.5/board.xml as part xczu7ev-ffvc1156-2-e specified in board_part file is either invalid or not available
WARNING: [Board 49-26] cannot add Board Part xilinx.com:zcu106:part0:2.6 available at C:/Xilinx/Vivado/2023.2/data/xhub/boards/XilinxBoardStore/boards/Xilinx/zcu106/2.6/board.xml as part xczu7ev-ffvc1156-2-e specified in board_part file is either invalid or not available
WARNING: [Board 49-26] cannot add Board Part xilinx.com:zcu111:part0:1.2 available at C:/Xilinx/Vivado/2023.2/data/xhub/boards/XilinxBoardStore/boards/Xilinx/zcu111/1.2/board.xml as part xczu28dr-ffvg1517-2-e specified in board_part file is either invalid or not available
WARNING: [Board 49-26] cannot add Board Part xilinx.com:zcu111:part0:1.3 available at C:/Xilinx/Vivado/2023.2/data/xhub/boards/XilinxBoardStore/boards/Xilinx/zcu111/1.3/board.xml as part xczu28dr-ffvg1517-2-e specified in board_part file is either invalid or not available
WARNING: [Board 49-26] cannot add Board Part xilinx.com:zcu111:part0:1.4 available at C:/Xilinx/Vivado/2023.2/data/xhub/boards/XilinxBoardStore/boards/Xilinx/zcu111/1.4/board.xml as part xczu28dr-ffvg1517-2-e specified in board_part file is either invalid or not available
WARNING: [Board 49-26] cannot add Board Part xilinx.com:zcu1275:part0:1.0 available at C:/Xilinx/Vivado/2023.2/data/xhub/boards/XilinxBoardStore/boards/Xilinx/zcu1275/1.0/board.xml as part xczu29dr-ffvf1760-2-e specified in board_part file is either invalid or not available
WARNING: [Board 49-26] cannot add Board Part xilinx.com:zcu1285:part0:1.0 available at C:/Xilinx/Vivado/2023.2/data/xhub/boards/XilinxBoardStore/boards/Xilinx/zcu1285/1.0/board.xml as part xczu39dr-ffvf1760-2-i specified in board_part file is either invalid or not available
WARNING: [Board 49-26] cannot add Board Part xilinx.com:zcu208:part0:2.0 available at C:/Xilinx/Vivado/2023.2/data/xhub/boards/XilinxBoardStore/boards/Xilinx/zcu208/production/2.0/board.xml as part xczu48dr-fsvg1517-2-e specified in board_part file is either invalid or not available
WARNING: [Board 49-26] cannot add Board Part xilinx.com:zcu208ld:part0:2.0 available at C:/Xilinx/Vivado/2023.2/data/xhub/boards/XilinxBoardStore/boards/Xilinx/zcu208ld/production/2.0/board.xml as part xczu58dr-fsvg1517-2-i specified in board_part file is either invalid or not available
WARNING: [Board 49-26] cannot add Board Part xilinx.com:zcu216:part0:2.0 available at C:/Xilinx/Vivado/2023.2/data/xhub/boards/XilinxBoardStore/boards/Xilinx/zcu216/production/2.0/board.xml as part xczu49dr-ffvf1760-2-e specified in board_part file is either invalid or not available
WARNING: [Board 49-26] cannot add Board Part xilinx.com:zcu216ld:part0:2.0 available at C:/Xilinx/Vivado/2023.2/data/xhub/boards/XilinxBoardStore/boards/Xilinx/zcu216ld/production/2.0/board.xml as part xczu59dr-ffvf1760-2-i specified in board_part file is either invalid or not available
WARNING: [Board 49-26] cannot add Board Part xilinx.com:zcu670:part0:2.0 available at C:/Xilinx/Vivado/2023.2/data/xhub/boards/XilinxBoardStore/boards/Xilinx/zcu670/2.0/board.xml as part xczu67dr-fsve1156-2-i specified in board_part file is either invalid or not available
WARNING: [Board 49-26] cannot add Board Part xilinx.com:zcu670ld:part0:1.0 available at C:/Xilinx/Vivado/2023.2/data/xhub/boards/XilinxBoardStore/boards/Xilinx/zcu670ld/1.0/board.xml as part xczu57dr-fsve1156-2-i specified in board_part file is either invalid or not available
INFO: [filemgmt 56-3] Default IP Output Path : Could not find the directory 'C:/Users/ASUS/Desktop/Vivado_tasks/Lab2/Task6/DLATCH.gen/sources_1'.
Scanning sources...
Finished scanning sources
INFO: [IP_Flow 19-234] Refreshing IP repositories
INFO: [IP_Flow 19-1704] No user IP repositories specified
INFO: [IP_Flow 19-2313] Loaded Vivado IP repository 'C:/Xilinx/Vivado/2023.2/data/ip'.
open_project: Time (s): cpu = 00:00:18 ; elapsed = 00:00:09 . Memory (MB): peak = 1500.246 ; gain = 254.762
update_compile_order -fileset sources_1
open_hw_manager
connect_hw_server -allow_non_jtag
INFO: [Labtools 27-2285] Connecting to hw_server url TCP:localhost:3121
INFO: [Labtools 27-3415] Connecting to cs_server url TCP:localhost:0
INFO: [Labtools 27-3417] Launching cs_server...
INFO: [Labtools 27-2221] Launch Output:
Éź”©¼ óļó«żĀ ¬«¼ĀŁż ŁĀ Ē¬ÓĀŁ (ECHO) «Ō¬½ŅńźŁ.
Éź”©¼ óļó«żĀ ¬«¼ĀŁż ŁĀ Ē¬ÓĀŁ (ECHO) «Ō¬½ŅńźŁ.


******** Xilinx cs_server v2023.2.0
  ****** Build date   : Oct 10 2023-07:01:56
    **** Build number : 2023.2.1696910516
      ** Copyright 2017-2022 Xilinx, Inc. All Rights Reserved.
      ** Copyright 2022-2026 Advanced Micro Devices, Inc. All Rights Reserved.



open_hw_target
INFO: [Labtoolstcl 44-466] Opening hw_target localhost:3121/xilinx_tcf/Digilent/210183BB74CCA
set_property PROGRAM.FILE {C:/Users/ASUS/Desktop/Vivado_tasks/Lab2/Task6/DLATCH.runs/impl_1/SYNTHES_DLATCH.bit} [get_hw_devices xc7a35t_0]
current_hw_device [get_hw_devices xc7a35t_0]
refresh_hw_device -update_hw_probes false [lindex [get_hw_devices xc7a35t_0] 0]
INFO: [Labtools 27-1434] Device xc7a35t (JTAG device index = 0) is programmed with a design that has no supported debug core(s) in it.
set_property PROBES.FILE {} [get_hw_devices xc7a35t_0]
set_property FULL_PROBES.FILE {} [get_hw_devices xc7a35t_0]
set_property PROGRAM.FILE {C:/Users/ASUS/Desktop/Vivado_tasks/Lab2/Task6/DLATCH.runs/impl_1/SYNTHES_DLATCH.bit} [get_hw_devices xc7a35t_0]
program_hw_devices [get_hw_devices xc7a35t_0]
INFO: [Labtools 27-3164] End of startup status: HIGH
refresh_hw_device [lindex [get_hw_devices xc7a35t_0] 0]
INFO: [Labtools 27-1434] Device xc7a35t (JTAG device index = 0) is programmed with a design that has no supported debug core(s) in it.
set_property PROBES.FILE {} [get_hw_devices xc7a35t_0]
set_property FULL_PROBES.FILE {} [get_hw_devices xc7a35t_0]
set_property PROGRAM.FILE {C:/Users/ASUS/Desktop/Vivado_tasks/Lab2/Task6/DLATCH.runs/impl_1/SYNTHES_DLATCH.bit} [get_hw_devices xc7a35t_0]
program_hw_devices [get_hw_devices xc7a35t_0]
INFO: [Labtools 27-3164] End of startup status: HIGH
refresh_hw_device [lindex [get_hw_devices xc7a35t_0] 0]
INFO: [Labtools 27-1434] Device xc7a35t (JTAG device index = 0) is programmed with a design that has no supported debug core(s) in it.
set_property PROBES.FILE {} [get_hw_devices xc7a35t_0]
set_property FULL_PROBES.FILE {} [get_hw_devices xc7a35t_0]
set_property PROGRAM.FILE {C:/Users/ASUS/Desktop/Vivado_tasks/Lab2/Task6/DLATCH.runs/impl_1/SYNTHES_DLATCH.bit} [get_hw_devices xc7a35t_0]
program_hw_devices [get_hw_devices xc7a35t_0]
INFO: [Labtools 27-3164] End of startup status: HIGH
refresh_hw_device [lindex [get_hw_devices xc7a35t_0] 0]
INFO: [Labtools 27-1434] Device xc7a35t (JTAG device index = 0) is programmed with a design that has no supported debug core(s) in it.
set_property PROBES.FILE {} [get_hw_devices xc7a35t_0]
set_property FULL_PROBES.FILE {} [get_hw_devices xc7a35t_0]
set_property PROGRAM.FILE {C:/Users/ASUS/Desktop/Vivado_tasks/Lab2/Task6/DLATCH.runs/impl_1/SYNTHES_DLATCH.bit} [get_hw_devices xc7a35t_0]
program_hw_devices [get_hw_devices xc7a35t_0]
INFO: [Labtools 27-3164] End of startup status: HIGH
refresh_hw_device [lindex [get_hw_devices xc7a35t_0] 0]
INFO: [Labtools 27-1434] Device xc7a35t (JTAG device index = 0) is programmed with a design that has no supported debug core(s) in it.
close_hw_manager
reset_run synth_1
INFO: [Project 1-1161] Replacing file C:/Users/ASUS/Desktop/Vivado_tasks/Lab2/Task6/DLATCH.srcs/utils_1/imports/synth_1/BISTABLE_CELL.dcp with file C:/Users/ASUS/Desktop/Vivado_tasks/Lab2/Task6/DLATCH.runs/synth_1/SYNTHES_DLATCH.dcp
WARNING: [filemgmt 56-199] Attempt to get parsing info during refresh. "On-the-fly" syntax checking information may be incorrect. [C:\Users\ASUS\Desktop\Vivado_tasks\Lab2\Task6\DLATCH.srcs\sources_1\imports\new\SYNTHES_DLATCH.vhd:]
WARNING: [filemgmt 56-199] Attempt to get parsing info during refresh. "On-the-fly" syntax checking information may be incorrect. [C:\Users\ASUS\Desktop\Vivado_tasks\Lab2\Task6\DLATCH.srcs\sources_1\imports\new\DLATCH.vhd:]
WARNING: [filemgmt 56-199] Attempt to get parsing info during refresh. "On-the-fly" syntax checking information may be incorrect. [C:\Users\ASUS\Desktop\Vivado_tasks\Lab2\Task6\DLATCH.srcs\sources_1\imports\new\RSLATCH.vhd:]
WARNING: [filemgmt 56-199] Attempt to get parsing info during refresh. "On-the-fly" syntax checking information may be incorrect. [C:\Users\ASUS\Desktop\Vivado_tasks\Lab2\Task6\DLATCH.srcs\sources_1\imports\new\SYNTHES_DLATCH.vhd:]
WARNING: [filemgmt 56-199] Attempt to get parsing info during refresh. "On-the-fly" syntax checking information may be incorrect. [C:\Users\ASUS\Desktop\Vivado_tasks\Lab2\Task6\DLATCH.srcs\sources_1\imports\new\DLATCH.vhd:]
WARNING: [filemgmt 56-199] Attempt to get parsing info during refresh. "On-the-fly" syntax checking information may be incorrect. [C:\Users\ASUS\Desktop\Vivado_tasks\Lab2\Task6\DLATCH.srcs\sources_1\imports\new\RSLATCH.vhd:]
WARNING: [filemgmt 56-199] Attempt to get parsing info during refresh. "On-the-fly" syntax checking information may be incorrect. [C:\Users\ASUS\Desktop\Vivado_tasks\Lab2\Task6\DLATCH.srcs\sources_1\imports\new\SYNTHES_DLATCH.vhd:]
WARNING: [filemgmt 56-199] Attempt to get parsing info during refresh. "On-the-fly" syntax checking information may be incorrect. [C:\Users\ASUS\Desktop\Vivado_tasks\Lab2\Task6\DLATCH.srcs\sources_1\imports\new\DLATCH.vhd:]
WARNING: [filemgmt 56-199] Attempt to get parsing info during refresh. "On-the-fly" syntax checking information may be incorrect. [C:\Users\ASUS\Desktop\Vivado_tasks\Lab2\Task6\DLATCH.srcs\sources_1\imports\new\RSLATCH.vhd:]
ERROR: [Common 17-180] Spawn failed: No error
WARNING: [filemgmt 56-199] Attempt to get parsing info during refresh. "On-the-fly" syntax checking information may be incorrect. [C:\Users\ASUS\Desktop\Vivado_tasks\Lab2\Task6\DLATCH.srcs\sources_1\imports\new\SYNTHES_DLATCH.vhd:]
WARNING: [filemgmt 56-199] Attempt to get parsing info during refresh. "On-the-fly" syntax checking information may be incorrect. [C:\Users\ASUS\Desktop\Vivado_tasks\Lab2\Task6\DLATCH.srcs\sources_1\imports\new\DLATCH.vhd:]
WARNING: [filemgmt 56-199] Attempt to get parsing info during refresh. "On-the-fly" syntax checking information may be incorrect. [C:\Users\ASUS\Desktop\Vivado_tasks\Lab2\Task6\DLATCH.srcs\sources_1\imports\new\RSLATCH.vhd:]
launch_runs synth_1 -jobs 12
[Fri Mar 20 16:04:54 2026] Launched synth_1...
Run output will be captured here: C:/Users/ASUS/Desktop/Vivado_tasks/Lab2/Task6/DLATCH.runs/synth_1/runme.log
ERROR: [Common 17-180] Spawn failed: No error
ERROR: [Common 17-180] Spawn failed: No error
launch_runs impl_1 -jobs 12
[Fri Mar 20 16:05:47 2026] Launched impl_1...
Run output will be captured here: C:/Users/ASUS/Desktop/Vivado_tasks/Lab2/Task6/DLATCH.runs/impl_1/runme.log
launch_runs impl_1 -to_step write_bitstream -jobs 12
[Fri Mar 20 16:06:56 2026] Launched impl_1...
Run output will be captured here: C:/Users/ASUS/Desktop/Vivado_tasks/Lab2/Task6/DLATCH.runs/impl_1/runme.log
open_hw_manager
connect_hw_server -allow_non_jtag
INFO: [Labtools 27-2285] Connecting to hw_server url TCP:localhost:3121
INFO: [Labtools 27-3415] Connecting to cs_server url TCP:localhost:0
INFO: [Labtools 27-3417] Launching cs_server...
INFO: [Labtools 27-2221] Launch Output:
Éź”©¼ óļó«żĀ ¬«¼ĀŁż ŁĀ Ē¬ÓĀŁ (ECHO) «Ō¬½ŅńźŁ.
Éź”©¼ óļó«żĀ ¬«¼ĀŁż ŁĀ Ē¬ÓĀŁ (ECHO) «Ō¬½ŅńźŁ.


******** Xilinx cs_server v2023.2.0
  ****** Build date   : Oct 10 2023-07:01:56
    **** Build number : 2023.2.1696910516
      ** Copyright 2017-2022 Xilinx, Inc. All Rights Reserved.
      ** Copyright 2022-2026 Advanced Micro Devices, Inc. All Rights Reserved.



open_hw_target
INFO: [Labtoolstcl 44-466] Opening hw_target localhost:3121/xilinx_tcf/Digilent/210183BB74CCA
set_property PROGRAM.FILE {C:/Users/ASUS/Desktop/Vivado_tasks/Lab2/Task6/DLATCH.runs/impl_1/SYNTHES_DLATCH.bit} [get_hw_devices xc7a35t_0]
current_hw_device [get_hw_devices xc7a35t_0]
refresh_hw_device -update_hw_probes false [lindex [get_hw_devices xc7a35t_0] 0]
INFO: [Labtools 27-1434] Device xc7a35t (JTAG device index = 0) is programmed with a design that has no supported debug core(s) in it.
set_property PROBES.FILE {} [get_hw_devices xc7a35t_0]
set_property FULL_PROBES.FILE {} [get_hw_devices xc7a35t_0]
set_property PROGRAM.FILE {C:/Users/ASUS/Desktop/Vivado_tasks/Lab2/Task6/DLATCH.runs/impl_1/SYNTHES_DLATCH.bit} [get_hw_devices xc7a35t_0]
program_hw_devices [get_hw_devices xc7a35t_0]
INFO: [Labtools 27-3164] End of startup status: HIGH
refresh_hw_device [lindex [get_hw_devices xc7a35t_0] 0]
INFO: [Labtools 27-1434] Device xc7a35t (JTAG device index = 0) is programmed with a design that has no supported debug core(s) in it.
WARNING: [filemgmt 56-199] Attempt to get parsing info during refresh. "On-the-fly" syntax checking information may be incorrect. [C:\Users\ASUS\Desktop\Vivado_tasks\Lab2\Task6\DLATCH.srcs\sources_1\imports\new\SYNTHES_DLATCH.vhd:]
WARNING: [filemgmt 56-199] Attempt to get parsing info during refresh. "On-the-fly" syntax checking information may be incorrect. [C:\Users\ASUS\Desktop\Vivado_tasks\Lab2\Task6\DLATCH.srcs\sources_1\imports\new\DLATCH.vhd:]
WARNING: [filemgmt 56-199] Attempt to get parsing info during refresh. "On-the-fly" syntax checking information may be incorrect. [C:\Users\ASUS\Desktop\Vivado_tasks\Lab2\Task6\DLATCH.srcs\sources_1\imports\new\RSLATCH.vhd:]
WARNING: [filemgmt 56-199] Attempt to get parsing info during refresh. "On-the-fly" syntax checking information may be incorrect. [C:\Users\ASUS\Desktop\Vivado_tasks\Lab2\Task6\DLATCH.srcs\sources_1\imports\new\SYNTHES_DLATCH.vhd:]
WARNING: [filemgmt 56-199] Attempt to get parsing info during refresh. "On-the-fly" syntax checking information may be incorrect. [C:\Users\ASUS\Desktop\Vivado_tasks\Lab2\Task6\DLATCH.srcs\sources_1\imports\new\DLATCH.vhd:]
close_hw_manager
WARNING: [filemgmt 56-199] Attempt to get parsing info during refresh. "On-the-fly" syntax checking information may be incorrect. [C:\Users\ASUS\Desktop\Vivado_tasks\Lab2\Task6\DLATCH.srcs\sources_1\imports\new\SYNTHES_DLATCH.vhd:]
WARNING: [filemgmt 56-199] Attempt to get parsing info during refresh. "On-the-fly" syntax checking information may be incorrect. [C:\Users\ASUS\Desktop\Vivado_tasks\Lab2\Task6\DLATCH.srcs\sources_1\imports\new\DLATCH.vhd:]
WARNING: [filemgmt 56-199] Attempt to get parsing info during refresh. "On-the-fly" syntax checking information may be incorrect. [C:\Users\ASUS\Desktop\Vivado_tasks\Lab2\Task6\DLATCH.srcs\sources_1\imports\new\My_gates.vhd:]
WARNING: [filemgmt 56-199] Attempt to get parsing info during refresh. "On-the-fly" syntax checking information may be incorrect. [C:\Users\ASUS\Desktop\Vivado_tasks\Lab2\Task6\DLATCH.srcs\sources_1\imports\new\RSLATCH.vhd:]
WARNING: [filemgmt 56-199] Attempt to get parsing info during refresh. "On-the-fly" syntax checking information may be incorrect. [C:\Users\ASUS\Desktop\Vivado_tasks\Lab2\Task6\DLATCH.srcs\sources_1\imports\new\SYNTHES_DLATCH.vhd:]
WARNING: [filemgmt 56-199] Attempt to get parsing info during refresh. "On-the-fly" syntax checking information may be incorrect. [C:\Users\ASUS\Desktop\Vivado_tasks\Lab2\Task6\DLATCH.srcs\sources_1\imports\new\DLATCH.vhd:]
WARNING: [filemgmt 56-199] Attempt to get parsing info during refresh. "On-the-fly" syntax checking information may be incorrect. [C:\Users\ASUS\Desktop\Vivado_tasks\Lab2\Task6\DLATCH.srcs\sources_1\imports\new\My_gates.vhd:]
WARNING: [filemgmt 56-199] Attempt to get parsing info during refresh. "On-the-fly" syntax checking information may be incorrect. [C:\Users\ASUS\Desktop\Vivado_tasks\Lab2\Task6\DLATCH.srcs\sources_1\imports\new\RSLATCH.vhd:]
ERROR: [Common 17-180] Spawn failed: No error
WARNING: [filemgmt 56-199] Attempt to get parsing info during refresh. "On-the-fly" syntax checking information may be incorrect. [C:\Users\ASUS\Desktop\Vivado_tasks\Lab2\Task6\DLATCH.srcs\sources_1\imports\new\SYNTHES_DLATCH.vhd:]
WARNING: [filemgmt 56-199] Attempt to get parsing info during refresh. "On-the-fly" syntax checking information may be incorrect. [C:\Users\ASUS\Desktop\Vivado_tasks\Lab2\Task6\DLATCH.srcs\sources_1\imports\new\DLATCH.vhd:]
WARNING: [filemgmt 56-199] Attempt to get parsing info during refresh. "On-the-fly" syntax checking information may be incorrect. [C:\Users\ASUS\Desktop\Vivado_tasks\Lab2\Task6\DLATCH.srcs\sources_1\imports\new\My_gates.vhd:]
WARNING: [filemgmt 56-199] Attempt to get parsing info during refresh. "On-the-fly" syntax checking information may be incorrect. [C:\Users\ASUS\Desktop\Vivado_tasks\Lab2\Task6\DLATCH.srcs\sources_1\imports\new\RSLATCH.vhd:]
ERROR: [Common 17-180] Spawn failed: No error
WARNING: [filemgmt 56-199] Attempt to get parsing info during refresh. "On-the-fly" syntax checking information may be incorrect. [C:\Users\ASUS\Desktop\Vivado_tasks\Lab2\Task6\DLATCH.srcs\sources_1\imports\new\SYNTHES_DLATCH.vhd:]
WARNING: [filemgmt 56-199] Attempt to get parsing info during refresh. "On-the-fly" syntax checking information may be incorrect. [C:\Users\ASUS\Desktop\Vivado_tasks\Lab2\Task6\DLATCH.srcs\sources_1\imports\new\DLATCH.vhd:]
WARNING: [filemgmt 56-199] Attempt to get parsing info during refresh. "On-the-fly" syntax checking information may be incorrect. [C:\Users\ASUS\Desktop\Vivado_tasks\Lab2\Task6\DLATCH.srcs\sources_1\imports\new\My_gates.vhd:]
WARNING: [filemgmt 56-199] Attempt to get parsing info during refresh. "On-the-fly" syntax checking information may be incorrect. [C:\Users\ASUS\Desktop\Vivado_tasks\Lab2\Task6\DLATCH.srcs\sources_1\imports\new\RSLATCH.vhd:]
WARNING: [filemgmt 56-199] Attempt to get parsing info during refresh. "On-the-fly" syntax checking information may be incorrect. [C:\Users\ASUS\Desktop\Vivado_tasks\Lab2\Task6\DLATCH.srcs\sources_1\imports\new\SYNTHES_DLATCH.vhd:]
WARNING: [filemgmt 56-199] Attempt to get parsing info during refresh. "On-the-fly" syntax checking information may be incorrect. [C:\Users\ASUS\Desktop\Vivado_tasks\Lab2\Task6\DLATCH.srcs\sources_1\imports\new\DLATCH.vhd:]
WARNING: [filemgmt 56-199] Attempt to get parsing info during refresh. "On-the-fly" syntax checking information may be incorrect. [C:\Users\ASUS\Desktop\Vivado_tasks\Lab2\Task6\DLATCH.srcs\sources_1\imports\new\My_gates.vhd:]
WARNING: [filemgmt 56-199] Attempt to get parsing info during refresh. "On-the-fly" syntax checking information may be incorrect. [C:\Users\ASUS\Desktop\Vivado_tasks\Lab2\Task6\DLATCH.srcs\sources_1\imports\new\RSLATCH.vhd:]
WARNING: [filemgmt 56-199] Attempt to get parsing info during refresh. "On-the-fly" syntax checking information may be incorrect. [C:\Users\ASUS\Desktop\Vivado_tasks\Lab2\Task6\DLATCH.srcs\sources_1\imports\new\SYNTHES_DLATCH.vhd:]
WARNING: [filemgmt 56-199] Attempt to get parsing info during refresh. "On-the-fly" syntax checking information may be incorrect. [C:\Users\ASUS\Desktop\Vivado_tasks\Lab2\Task6\DLATCH.srcs\sources_1\imports\new\DLATCH.vhd:]
WARNING: [filemgmt 56-199] Attempt to get parsing info during refresh. "On-the-fly" syntax checking information may be incorrect. [C:\Users\ASUS\Desktop\Vivado_tasks\Lab2\Task6\DLATCH.srcs\sources_1\imports\new\My_gates.vhd:]
WARNING: [filemgmt 56-199] Attempt to get parsing info during refresh. "On-the-fly" syntax checking information may be incorrect. [C:\Users\ASUS\Desktop\Vivado_tasks\Lab2\Task6\DLATCH.srcs\sources_1\imports\new\RSLATCH.vhd:]
ERROR: [Common 17-180] Spawn failed: No error
WARNING: [filemgmt 56-199] Attempt to get parsing info during refresh. "On-the-fly" syntax checking information may be incorrect. [C:\Users\ASUS\Desktop\Vivado_tasks\Lab2\Task6\DLATCH.srcs\sources_1\imports\new\SYNTHES_DLATCH.vhd:]
WARNING: [filemgmt 56-199] Attempt to get parsing info during refresh. "On-the-fly" syntax checking information may be incorrect. [C:\Users\ASUS\Desktop\Vivado_tasks\Lab2\Task6\DLATCH.srcs\sources_1\imports\new\DLATCH.vhd:]
WARNING: [filemgmt 56-199] Attempt to get parsing info during refresh. "On-the-fly" syntax checking information may be incorrect. [C:\Users\ASUS\Desktop\Vivado_tasks\Lab2\Task6\DLATCH.srcs\sources_1\imports\new\My_gates.vhd:]
WARNING: [filemgmt 56-199] Attempt to get parsing info during refresh. "On-the-fly" syntax checking information may be incorrect. [C:\Users\ASUS\Desktop\Vivado_tasks\Lab2\Task6\DLATCH.srcs\sources_1\imports\new\RSLATCH.vhd:]
WARNING: [filemgmt 56-199] Attempt to get parsing info during refresh. "On-the-fly" syntax checking information may be incorrect. [C:\Users\ASUS\Desktop\Vivado_tasks\Lab2\Task6\DLATCH.srcs\sources_1\imports\new\SYNTHES_DLATCH.vhd:]
WARNING: [filemgmt 56-199] Attempt to get parsing info during refresh. "On-the-fly" syntax checking information may be incorrect. [C:\Users\ASUS\Desktop\Vivado_tasks\Lab2\Task6\DLATCH.srcs\sources_1\imports\new\DLATCH.vhd:]
WARNING: [filemgmt 56-199] Attempt to get parsing info during refresh. "On-the-fly" syntax checking information may be incorrect. [C:\Users\ASUS\Desktop\Vivado_tasks\Lab2\Task6\DLATCH.srcs\sources_1\imports\new\My_gates.vhd:]
WARNING: [filemgmt 56-199] Attempt to get parsing info during refresh. "On-the-fly" syntax checking information may be incorrect. [C:\Users\ASUS\Desktop\Vivado_tasks\Lab2\Task6\DLATCH.srcs\sources_1\imports\new\RSLATCH.vhd:]
ERROR: [Common 17-180] Spawn failed: No error
WARNING: [filemgmt 56-199] Attempt to get parsing info during refresh. "On-the-fly" syntax checking information may be incorrect. [C:\Users\ASUS\Desktop\Vivado_tasks\Lab2\Task6\DLATCH.srcs\sources_1\imports\new\SYNTHES_DLATCH.vhd:]
WARNING: [filemgmt 56-199] Attempt to get parsing info during refresh. "On-the-fly" syntax checking information may be incorrect. [C:\Users\ASUS\Desktop\Vivado_tasks\Lab2\Task6\DLATCH.srcs\sources_1\imports\new\DLATCH.vhd:]
WARNING: [filemgmt 56-199] Attempt to get parsing info during refresh. "On-the-fly" syntax checking information may be incorrect. [C:\Users\ASUS\Desktop\Vivado_tasks\Lab2\Task6\DLATCH.srcs\sources_1\imports\new\My_gates.vhd:]
WARNING: [filemgmt 56-199] Attempt to get parsing info during refresh. "On-the-fly" syntax checking information may be incorrect. [C:\Users\ASUS\Desktop\Vivado_tasks\Lab2\Task6\DLATCH.srcs\sources_1\imports\new\RSLATCH.vhd:]
ERROR: [Common 17-180] Spawn failed: No error
WARNING: [filemgmt 56-199] Attempt to get parsing info during refresh. "On-the-fly" syntax checking information may be incorrect. [C:\Users\ASUS\Desktop\Vivado_tasks\Lab2\Task6\DLATCH.srcs\sources_1\imports\new\SYNTHES_DLATCH.vhd:]
WARNING: [filemgmt 56-199] Attempt to get parsing info during refresh. "On-the-fly" syntax checking information may be incorrect. [C:\Users\ASUS\Desktop\Vivado_tasks\Lab2\Task6\DLATCH.srcs\sources_1\imports\new\DLATCH.vhd:]
WARNING: [filemgmt 56-199] Attempt to get parsing info during refresh. "On-the-fly" syntax checking information may be incorrect. [C:\Users\ASUS\Desktop\Vivado_tasks\Lab2\Task6\DLATCH.srcs\sources_1\imports\new\My_gates.vhd:]
WARNING: [filemgmt 56-199] Attempt to get parsing info during refresh. "On-the-fly" syntax checking information may be incorrect. [C:\Users\ASUS\Desktop\Vivado_tasks\Lab2\Task6\DLATCH.srcs\sources_1\imports\new\RSLATCH.vhd:]
WARNING: [filemgmt 56-199] Attempt to get parsing info during refresh. "On-the-fly" syntax checking information may be incorrect. [C:\Users\ASUS\Desktop\Vivado_tasks\Lab2\Task6\DLATCH.srcs\sources_1\imports\new\SYNTHES_DLATCH.vhd:]
WARNING: [filemgmt 56-199] Attempt to get parsing info during refresh. "On-the-fly" syntax checking information may be incorrect. [C:\Users\ASUS\Desktop\Vivado_tasks\Lab2\Task6\DLATCH.srcs\sources_1\imports\new\DLATCH.vhd:]
WARNING: [filemgmt 56-199] Attempt to get parsing info during refresh. "On-the-fly" syntax checking information may be incorrect. [C:\Users\ASUS\Desktop\Vivado_tasks\Lab2\Task6\DLATCH.srcs\sources_1\imports\new\My_gates.vhd:]
WARNING: [filemgmt 56-199] Attempt to get parsing info during refresh. "On-the-fly" syntax checking information may be incorrect. [C:\Users\ASUS\Desktop\Vivado_tasks\Lab2\Task6\DLATCH.srcs\sources_1\imports\new\RSLATCH.vhd:]
ERROR: [Common 17-180] Spawn failed: No error
WARNING: [filemgmt 56-199] Attempt to get parsing info during refresh. "On-the-fly" syntax checking information may be incorrect. [C:\Users\ASUS\Desktop\Vivado_tasks\Lab2\Task6\DLATCH.srcs\sources_1\imports\new\SYNTHES_DLATCH.vhd:]
WARNING: [filemgmt 56-199] Attempt to get parsing info during refresh. "On-the-fly" syntax checking information may be incorrect. [C:\Users\ASUS\Desktop\Vivado_tasks\Lab2\Task6\DLATCH.srcs\sources_1\imports\new\DLATCH.vhd:]
WARNING: [filemgmt 56-199] Attempt to get parsing info during refresh. "On-the-fly" syntax checking information may be incorrect. [C:\Users\ASUS\Desktop\Vivado_tasks\Lab2\Task6\DLATCH.srcs\sources_1\imports\new\My_gates.vhd:]
WARNING: [filemgmt 56-199] Attempt to get parsing info during refresh. "On-the-fly" syntax checking information may be incorrect. [C:\Users\ASUS\Desktop\Vivado_tasks\Lab2\Task6\DLATCH.srcs\sources_1\imports\new\RSLATCH.vhd:]
ERROR: [Common 17-180] Spawn failed: No error
reset_run synth_1
INFO: [Project 1-1161] Replacing file C:/Users/ASUS/Desktop/Vivado_tasks/Lab2/Task6/DLATCH.srcs/utils_1/imports/synth_1/BISTABLE_CELL.dcp with file C:/Users/ASUS/Desktop/Vivado_tasks/Lab2/Task6/DLATCH.runs/synth_1/SYNTHES_DLATCH.dcp
launch_runs synth_1 -jobs 12
[Fri Mar 20 16:21:47 2026] Launched synth_1...
Run output will be captured here: C:/Users/ASUS/Desktop/Vivado_tasks/Lab2/Task6/DLATCH.runs/synth_1/runme.log
WARNING: [filemgmt 56-199] Attempt to get parsing info during refresh. "On-the-fly" syntax checking information may be incorrect. [C:\Users\ASUS\Desktop\Vivado_tasks\Lab2\Task6\DLATCH.srcs\sources_1\imports\new\SYNTHES_DLATCH.vhd:]
WARNING: [filemgmt 56-199] Attempt to get parsing info during refresh. "On-the-fly" syntax checking information may be incorrect. [C:\Users\ASUS\Desktop\Vivado_tasks\Lab2\Task6\DLATCH.srcs\sources_1\imports\new\DLATCH.vhd:]
WARNING: [filemgmt 56-199] Attempt to get parsing info during refresh. "On-the-fly" syntax checking information may be incorrect. [C:\Users\ASUS\Desktop\Vivado_tasks\Lab2\Task6\DLATCH.srcs\sources_1\imports\new\My_gates.vhd:]
WARNING: [filemgmt 56-199] Attempt to get parsing info during refresh. "On-the-fly" syntax checking information may be incorrect. [C:\Users\ASUS\Desktop\Vivado_tasks\Lab2\Task6\DLATCH.srcs\sources_1\imports\new\RSLATCH.vhd:]
WARNING: [filemgmt 56-199] Attempt to get parsing info during refresh. "On-the-fly" syntax checking information may be incorrect. [C:\Users\ASUS\Desktop\Vivado_tasks\Lab2\Task6\DLATCH.srcs\sources_1\imports\new\SYNTHES_DLATCH.vhd:]
WARNING: [filemgmt 56-199] Attempt to get parsing info during refresh. "On-the-fly" syntax checking information may be incorrect. [C:\Users\ASUS\Desktop\Vivado_tasks\Lab2\Task6\DLATCH.srcs\sources_1\imports\new\DLATCH.vhd:]
WARNING: [filemgmt 56-199] Attempt to get parsing info during refresh. "On-the-fly" syntax checking information may be incorrect. [C:\Users\ASUS\Desktop\Vivado_tasks\Lab2\Task6\DLATCH.srcs\sources_1\imports\new\My_gates.vhd:]
WARNING: [filemgmt 56-199] Attempt to get parsing info during refresh. "On-the-fly" syntax checking information may be incorrect. [C:\Users\ASUS\Desktop\Vivado_tasks\Lab2\Task6\DLATCH.srcs\sources_1\imports\new\RSLATCH.vhd:]
ERROR: [Common 17-180] Spawn failed: No error
WARNING: [filemgmt 56-199] Attempt to get parsing info during refresh. "On-the-fly" syntax checking information may be incorrect. [C:\Users\ASUS\Desktop\Vivado_tasks\Lab2\Task6\DLATCH.srcs\sources_1\imports\new\SYNTHES_DLATCH.vhd:]
WARNING: [filemgmt 56-199] Attempt to get parsing info during refresh. "On-the-fly" syntax checking information may be incorrect. [C:\Users\ASUS\Desktop\Vivado_tasks\Lab2\Task6\DLATCH.srcs\sources_1\imports\new\DLATCH.vhd:]
WARNING: [filemgmt 56-199] Attempt to get parsing info during refresh. "On-the-fly" syntax checking information may be incorrect. [C:\Users\ASUS\Desktop\Vivado_tasks\Lab2\Task6\DLATCH.srcs\sources_1\imports\new\My_gates.vhd:]
WARNING: [filemgmt 56-199] Attempt to get parsing info during refresh. "On-the-fly" syntax checking information may be incorrect. [C:\Users\ASUS\Desktop\Vivado_tasks\Lab2\Task6\DLATCH.srcs\sources_1\imports\new\RSLATCH.vhd:]
ERROR: [Common 17-180] Spawn failed: No error
launch_runs impl_1 -jobs 12
[Fri Mar 20 16:23:23 2026] Launched impl_1...
Run output will be captured here: C:/Users/ASUS/Desktop/Vivado_tasks/Lab2/Task6/DLATCH.runs/impl_1/runme.log
launch_runs impl_1 -to_step write_bitstream -jobs 12
[Fri Mar 20 16:24:19 2026] Launched impl_1...
Run output will be captured here: C:/Users/ASUS/Desktop/Vivado_tasks/Lab2/Task6/DLATCH.runs/impl_1/runme.log
open_hw_manager
connect_hw_server -allow_non_jtag
INFO: [Labtools 27-2285] Connecting to hw_server url TCP:localhost:3121
INFO: [Labtools 27-3415] Connecting to cs_server url TCP:localhost:0
INFO: [Labtools 27-3417] Launching cs_server...
INFO: [Labtools 27-2221] Launch Output:
Éź”©¼ óļó«żĀ ¬«¼ĀŁż ŁĀ Ē¬ÓĀŁ (ECHO) «Ō¬½ŅńźŁ.
Éź”©¼ óļó«żĀ ¬«¼ĀŁż ŁĀ Ē¬ÓĀŁ (ECHO) «Ō¬½ŅńźŁ.


******** Xilinx cs_server v2023.2.0
  ****** Build date   : Oct 10 2023-07:01:56
    **** Build number : 2023.2.1696910516
      ** Copyright 2017-2022 Xilinx, Inc. All Rights Reserved.
      ** Copyright 2022-2026 Advanced Micro Devices, Inc. All Rights Reserved.



open_hw_target
INFO: [Labtoolstcl 44-466] Opening hw_target localhost:3121/xilinx_tcf/Digilent/210183BB74CCA
set_property PROGRAM.FILE {C:/Users/ASUS/Desktop/Vivado_tasks/Lab2/Task6/DLATCH.runs/impl_1/SYNTHES_DLATCH.bit} [get_hw_devices xc7a35t_0]
current_hw_device [get_hw_devices xc7a35t_0]
refresh_hw_device -update_hw_probes false [lindex [get_hw_devices xc7a35t_0] 0]
INFO: [Labtools 27-1434] Device xc7a35t (JTAG device index = 0) is programmed with a design that has no supported debug core(s) in it.
set_property PROBES.FILE {} [get_hw_devices xc7a35t_0]
set_property FULL_PROBES.FILE {} [get_hw_devices xc7a35t_0]
set_property PROGRAM.FILE {C:/Users/ASUS/Desktop/Vivado_tasks/Lab2/Task6/DLATCH.runs/impl_1/SYNTHES_DLATCH.bit} [get_hw_devices xc7a35t_0]
program_hw_devices [get_hw_devices xc7a35t_0]
INFO: [Labtools 27-3164] End of startup status: HIGH
refresh_hw_device [lindex [get_hw_devices xc7a35t_0] 0]
INFO: [Labtools 27-1434] Device xc7a35t (JTAG device index = 0) is programmed with a design that has no supported debug core(s) in it.
WARNING: [filemgmt 56-199] Attempt to get parsing info during refresh. "On-the-fly" syntax checking information may be incorrect. [C:\Users\ASUS\Desktop\Vivado_tasks\Lab2\Task6\DLATCH.srcs\sources_1\imports\new\SYNTHES_DLATCH.vhd:]
WARNING: [filemgmt 56-199] Attempt to get parsing info during refresh. "On-the-fly" syntax checking information may be incorrect. [C:\Users\ASUS\Desktop\Vivado_tasks\Lab2\Task6\DLATCH.srcs\sources_1\imports\new\DLATCH.vhd:]
WARNING: [filemgmt 56-199] Attempt to get parsing info during refresh. "On-the-fly" syntax checking information may be incorrect. [C:\Users\ASUS\Desktop\Vivado_tasks\Lab2\Task6\DLATCH.srcs\sources_1\imports\new\My_gates.vhd:]
WARNING: [filemgmt 56-199] Attempt to get parsing info during refresh. "On-the-fly" syntax checking information may be incorrect. [C:\Users\ASUS\Desktop\Vivado_tasks\Lab2\Task6\DLATCH.srcs\sources_1\imports\new\RSLATCH.vhd:]
WARNING: [filemgmt 56-199] Attempt to get parsing info during refresh. "On-the-fly" syntax checking information may be incorrect. [C:\Users\ASUS\Desktop\Vivado_tasks\Lab2\Task6\DLATCH.srcs\sources_1\imports\new\SYNTHES_DLATCH.vhd:]
WARNING: [filemgmt 56-199] Attempt to get parsing info during refresh. "On-the-fly" syntax checking information may be incorrect. [C:\Users\ASUS\Desktop\Vivado_tasks\Lab2\Task6\DLATCH.srcs\sources_1\imports\new\DLATCH.vhd:]
WARNING: [filemgmt 56-199] Attempt to get parsing info during refresh. "On-the-fly" syntax checking information may be incorrect. [C:\Users\ASUS\Desktop\Vivado_tasks\Lab2\Task6\DLATCH.srcs\sources_1\imports\new\My_gates.vhd:]
WARNING: [filemgmt 56-199] Attempt to get parsing info during refresh. "On-the-fly" syntax checking information may be incorrect. [C:\Users\ASUS\Desktop\Vivado_tasks\Lab2\Task6\DLATCH.srcs\sources_1\imports\new\RSLATCH.vhd:]
WARNING: [filemgmt 56-199] Attempt to get parsing info during refresh. "On-the-fly" syntax checking information may be incorrect. [C:\Users\ASUS\Desktop\Vivado_tasks\Lab2\Task6\DLATCH.srcs\sources_1\imports\new\SYNTHES_DLATCH.vhd:]
WARNING: [filemgmt 56-199] Attempt to get parsing info during refresh. "On-the-fly" syntax checking information may be incorrect. [C:\Users\ASUS\Desktop\Vivado_tasks\Lab2\Task6\DLATCH.srcs\sources_1\imports\new\DLATCH.vhd:]
WARNING: [filemgmt 56-199] Attempt to get parsing info during refresh. "On-the-fly" syntax checking information may be incorrect. [C:\Users\ASUS\Desktop\Vivado_tasks\Lab2\Task6\DLATCH.srcs\sources_1\imports\new\My_gates.vhd:]
WARNING: [filemgmt 56-199] Attempt to get parsing info during refresh. "On-the-fly" syntax checking information may be incorrect. [C:\Users\ASUS\Desktop\Vivado_tasks\Lab2\Task6\DLATCH.srcs\sources_1\imports\new\RSLATCH.vhd:]
WARNING: [filemgmt 56-199] Attempt to get parsing info during refresh. "On-the-fly" syntax checking information may be incorrect. [C:\Users\ASUS\Desktop\Vivado_tasks\Lab2\Task6\DLATCH.srcs\sources_1\imports\new\SYNTHES_DLATCH.vhd:]
WARNING: [filemgmt 56-199] Attempt to get parsing info during refresh. "On-the-fly" syntax checking information may be incorrect. [C:\Users\ASUS\Desktop\Vivado_tasks\Lab2\Task6\DLATCH.srcs\sources_1\imports\new\DLATCH.vhd:]
WARNING: [filemgmt 56-199] Attempt to get parsing info during refresh. "On-the-fly" syntax checking information may be incorrect. [C:\Users\ASUS\Desktop\Vivado_tasks\Lab2\Task6\DLATCH.srcs\sources_1\imports\new\My_gates.vhd:]
WARNING: [filemgmt 56-199] Attempt to get parsing info during refresh. "On-the-fly" syntax checking information may be incorrect. [C:\Users\ASUS\Desktop\Vivado_tasks\Lab2\Task6\DLATCH.srcs\sources_1\imports\new\RSLATCH.vhd:]
WARNING: [filemgmt 56-199] Attempt to get parsing info during refresh. "On-the-fly" syntax checking information may be incorrect. [C:\Users\ASUS\Desktop\Vivado_tasks\Lab2\Task6\DLATCH.srcs\sources_1\imports\new\SYNTHES_DLATCH.vhd:]
WARNING: [filemgmt 56-199] Attempt to get parsing info during refresh. "On-the-fly" syntax checking information may be incorrect. [C:\Users\ASUS\Desktop\Vivado_tasks\Lab2\Task6\DLATCH.srcs\sources_1\imports\new\DLATCH.vhd:]
WARNING: [filemgmt 56-199] Attempt to get parsing info during refresh. "On-the-fly" syntax checking information may be incorrect. [C:\Users\ASUS\Desktop\Vivado_tasks\Lab2\Task6\DLATCH.srcs\sources_1\imports\new\My_gates.vhd:]
WARNING: [filemgmt 56-199] Attempt to get parsing info during refresh. "On-the-fly" syntax checking information may be incorrect. [C:\Users\ASUS\Desktop\Vivado_tasks\Lab2\Task6\DLATCH.srcs\sources_1\imports\new\RSLATCH.vhd:]
ERROR: [Common 17-180] Spawn failed: No error
WARNING: [filemgmt 56-199] Attempt to get parsing info during refresh. "On-the-fly" syntax checking information may be incorrect. [C:\Users\ASUS\Desktop\Vivado_tasks\Lab2\Task6\DLATCH.srcs\sources_1\imports\new\SYNTHES_DLATCH.vhd:]
WARNING: [filemgmt 56-199] Attempt to get parsing info during refresh. "On-the-fly" syntax checking information may be incorrect. [C:\Users\ASUS\Desktop\Vivado_tasks\Lab2\Task6\DLATCH.srcs\sources_1\imports\new\DLATCH.vhd:]
WARNING: [filemgmt 56-199] Attempt to get parsing info during refresh. "On-the-fly" syntax checking information may be incorrect. [C:\Users\ASUS\Desktop\Vivado_tasks\Lab2\Task6\DLATCH.srcs\sources_1\imports\new\My_gates.vhd:]
WARNING: [filemgmt 56-199] Attempt to get parsing info during refresh. "On-the-fly" syntax checking information may be incorrect. [C:\Users\ASUS\Desktop\Vivado_tasks\Lab2\Task6\DLATCH.srcs\sources_1\imports\new\RSLATCH.vhd:]
ERROR: [Common 17-180] Spawn failed: No error
WARNING: [filemgmt 56-199] Attempt to get parsing info during refresh. "On-the-fly" syntax checking information may be incorrect. [C:\Users\ASUS\Desktop\Vivado_tasks\Lab2\Task6\DLATCH.srcs\sources_1\imports\new\SYNTHES_DLATCH.vhd:]
WARNING: [filemgmt 56-199] Attempt to get parsing info during refresh. "On-the-fly" syntax checking information may be incorrect. [C:\Users\ASUS\Desktop\Vivado_tasks\Lab2\Task6\DLATCH.srcs\sources_1\imports\new\DLATCH.vhd:]
WARNING: [filemgmt 56-199] Attempt to get parsing info during refresh. "On-the-fly" syntax checking information may be incorrect. [C:\Users\ASUS\Desktop\Vivado_tasks\Lab2\Task6\DLATCH.srcs\sources_1\imports\new\My_gates.vhd:]
WARNING: [filemgmt 56-199] Attempt to get parsing info during refresh. "On-the-fly" syntax checking information may be incorrect. [C:\Users\ASUS\Desktop\Vivado_tasks\Lab2\Task6\DLATCH.srcs\sources_1\imports\new\RSLATCH.vhd:]
WARNING: [filemgmt 56-199] Attempt to get parsing info during refresh. "On-the-fly" syntax checking information may be incorrect. [C:\Users\ASUS\Desktop\Vivado_tasks\Lab2\Task6\DLATCH.srcs\sources_1\imports\new\SYNTHES_DLATCH.vhd:]
WARNING: [filemgmt 56-199] Attempt to get parsing info during refresh. "On-the-fly" syntax checking information may be incorrect. [C:\Users\ASUS\Desktop\Vivado_tasks\Lab2\Task6\DLATCH.srcs\sources_1\imports\new\DLATCH.vhd:]
WARNING: [filemgmt 56-199] Attempt to get parsing info during refresh. "On-the-fly" syntax checking information may be incorrect. [C:\Users\ASUS\Desktop\Vivado_tasks\Lab2\Task6\DLATCH.srcs\sources_1\imports\new\My_gates.vhd:]
WARNING: [filemgmt 56-199] Attempt to get parsing info during refresh. "On-the-fly" syntax checking information may be incorrect. [C:\Users\ASUS\Desktop\Vivado_tasks\Lab2\Task6\DLATCH.srcs\sources_1\imports\new\RSLATCH.vhd:]
ERROR: [Common 17-180] Spawn failed: No error
WARNING: [filemgmt 56-199] Attempt to get parsing info during refresh. "On-the-fly" syntax checking information may be incorrect. [C:\Users\ASUS\Desktop\Vivado_tasks\Lab2\Task6\DLATCH.srcs\sources_1\imports\new\SYNTHES_DLATCH.vhd:]
WARNING: [filemgmt 56-199] Attempt to get parsing info during refresh. "On-the-fly" syntax checking information may be incorrect. [C:\Users\ASUS\Desktop\Vivado_tasks\Lab2\Task6\DLATCH.srcs\sources_1\imports\new\DLATCH.vhd:]
WARNING: [filemgmt 56-199] Attempt to get parsing info during refresh. "On-the-fly" syntax checking information may be incorrect. [C:\Users\ASUS\Desktop\Vivado_tasks\Lab2\Task6\DLATCH.srcs\sources_1\imports\new\My_gates.vhd:]
WARNING: [filemgmt 56-199] Attempt to get parsing info during refresh. "On-the-fly" syntax checking information may be incorrect. [C:\Users\ASUS\Desktop\Vivado_tasks\Lab2\Task6\DLATCH.srcs\sources_1\imports\new\RSLATCH.vhd:]
ERROR: [Common 17-180] Spawn failed: No error
open_run synth_1 -name synth_1
Design is defaulting to impl run constrset: constrs_1
Design is defaulting to synth run part: xc7a35tcpg236-1
INFO: [Device 21-403] Loading part xc7a35tcpg236-1
Netlist sorting complete. Time (s): cpu = 00:00:00 ; elapsed = 00:00:00 . Memory (MB): peak = 1992.496 ; gain = 0.000
INFO: [Project 1-479] Netlist was created with Vivado 2023.2
INFO: [Project 1-570] Preparing netlist for logic optimization
Parsing XDC File [C:/Users/ASUS/Desktop/Vivado_tasks/Lab2/Task6/DLATCH.srcs/constrs_1/imports/new/Master-Basys3.xdc]
Finished Parsing XDC File [C:/Users/ASUS/Desktop/Vivado_tasks/Lab2/Task6/DLATCH.srcs/constrs_1/imports/new/Master-Basys3.xdc]
INFO: [Opt 31-138] Pushed 0 inverter(s) to 0 load pin(s).
Netlist sorting complete. Time (s): cpu = 00:00:00 ; elapsed = 00:00:00 . Memory (MB): peak = 2080.504 ; gain = 0.000
INFO: [Project 1-111] Unisim Transformation Summary:
No Unisim elements were transformed.

open_run: Time (s): cpu = 00:00:16 ; elapsed = 00:00:11 . Memory (MB): peak = 2247.180 ; gain = 608.766
set_property PROBES.FILE {} [get_hw_devices xc7a35t_0]
set_property FULL_PROBES.FILE {} [get_hw_devices xc7a35t_0]
set_property PROGRAM.FILE {C:/Users/ASUS/Desktop/Vivado_tasks/Lab2/Task6/DLATCH.runs/impl_1/SYNTHES_DLATCH.bit} [get_hw_devices xc7a35t_0]
program_hw_devices [get_hw_devices xc7a35t_0]
INFO: [Labtools 27-3164] End of startup status: HIGH
refresh_hw_device [lindex [get_hw_devices xc7a35t_0] 0]
INFO: [Labtools 27-1434] Device xc7a35t (JTAG device index = 0) is programmed with a design that has no supported debug core(s) in it.
synth_design -rtl -rtl_skip_mlo -name rtl_1
Command: synth_design -rtl -rtl_skip_mlo -name rtl_1
Starting synth_design
Using part: xc7a35tcpg236-1
Top: SYNTHES_DLATCH
INFO: [Synth 8-7079] Multithreading enabled for synth_design using a maximum of 2 processes.
INFO: [Synth 8-7078] Launching helper process for spawning children vivado processes
INFO: [Synth 8-7075] Helper process launched with PID 8236
---------------------------------------------------------------------------------
Starting RTL Elaboration : Time (s): cpu = 00:00:07 ; elapsed = 00:00:06 . Memory (MB): peak = 3082.117 ; gain = 354.520
---------------------------------------------------------------------------------
INFO: [Synth 8-638] synthesizing module 'SYNTHES_DLATCH' [C:/Users/ASUS/Desktop/Vivado_tasks/Lab2/Task6/DLATCH.srcs/sources_1/imports/new/SYNTHES_DLATCH.vhd:45]
INFO: [Synth 8-638] synthesizing module 'DLATCH' [C:/Users/ASUS/Desktop/Vivado_tasks/Lab2/Task6/DLATCH.srcs/sources_1/imports/new/DLATCH.vhd:45]
INFO: [Synth 8-638] synthesizing module 'INV_LUT1' [C:/Users/ASUS/Desktop/Vivado_tasks/Lab2/Task6/DLATCH.srcs/sources_1/imports/new/INV_LUT1.vhd:45]
INFO: [Synth 8-638] synthesizing module 'LUTN' [C:/Users/ASUS/Desktop/Vivado_tasks/Lab2/Task6/DLATCH.srcs/sources_1/imports/new/LUTN.vhd:50]
INFO: [Synth 8-256] done synthesizing module 'LUTN' (0#1) [C:/Users/ASUS/Desktop/Vivado_tasks/Lab2/Task6/DLATCH.srcs/sources_1/imports/new/LUTN.vhd:50]
INFO: [Synth 8-256] done synthesizing module 'INV_LUT1' (0#1) [C:/Users/ASUS/Desktop/Vivado_tasks/Lab2/Task6/DLATCH.srcs/sources_1/imports/new/INV_LUT1.vhd:45]
INFO: [Synth 8-638] synthesizing module 'ANDN' [C:/Users/ASUS/Desktop/Vivado_tasks/Lab2/Task6/DLATCH.srcs/sources_1/imports/new/ANDN.vhd:46]
INFO: [Synth 8-638] synthesizing module 'MUX2AND' [C:/Users/ASUS/Desktop/Vivado_tasks/Lab2/Task6/DLATCH.srcs/sources_1/imports/new/MUX2AND.vhd:45]
INFO: [Synth 8-638] synthesizing module 'MUX2' [C:/Users/ASUS/Desktop/Vivado_tasks/Lab2/Task6/DLATCH.srcs/sources_1/imports/new/MUX2.vhd:46]
INFO: [Synth 8-256] done synthesizing module 'MUX2' (0#1) [C:/Users/ASUS/Desktop/Vivado_tasks/Lab2/Task6/DLATCH.srcs/sources_1/imports/new/MUX2.vhd:46]
INFO: [Synth 8-256] done synthesizing module 'MUX2AND' (0#1) [C:/Users/ASUS/Desktop/Vivado_tasks/Lab2/Task6/DLATCH.srcs/sources_1/imports/new/MUX2AND.vhd:45]
INFO: [Synth 8-256] done synthesizing module 'ANDN' (0#1) [C:/Users/ASUS/Desktop/Vivado_tasks/Lab2/Task6/DLATCH.srcs/sources_1/imports/new/ANDN.vhd:46]
INFO: [Synth 8-638] synthesizing module 'RSLATCH' [C:/Users/ASUS/Desktop/Vivado_tasks/Lab2/Task6/DLATCH.srcs/sources_1/imports/new/RSLATCH.vhd:45]
INFO: [Synth 8-638] synthesizing module 'ORN' [C:/Users/ASUS/Desktop/Vivado_tasks/Lab2/Task6/DLATCH.srcs/sources_1/imports/new/ORN.vhd:46]
INFO: [Synth 8-638] synthesizing module 'MUX2OR' [C:/Users/ASUS/Desktop/Vivado_tasks/Lab2/Task6/DLATCH.srcs/sources_1/imports/new/MUX2OR.vhd:47]
INFO: [Synth 8-256] done synthesizing module 'MUX2OR' (0#1) [C:/Users/ASUS/Desktop/Vivado_tasks/Lab2/Task6/DLATCH.srcs/sources_1/imports/new/MUX2OR.vhd:47]
INFO: [Synth 8-256] done synthesizing module 'ORN' (0#1) [C:/Users/ASUS/Desktop/Vivado_tasks/Lab2/Task6/DLATCH.srcs/sources_1/imports/new/ORN.vhd:46]
INFO: [Synth 8-256] done synthesizing module 'RSLATCH' (0#1) [C:/Users/ASUS/Desktop/Vivado_tasks/Lab2/Task6/DLATCH.srcs/sources_1/imports/new/RSLATCH.vhd:45]
INFO: [Synth 8-256] done synthesizing module 'DLATCH' (0#1) [C:/Users/ASUS/Desktop/Vivado_tasks/Lab2/Task6/DLATCH.srcs/sources_1/imports/new/DLATCH.vhd:45]
INFO: [Synth 8-256] done synthesizing module 'SYNTHES_DLATCH' (0#1) [C:/Users/ASUS/Desktop/Vivado_tasks/Lab2/Task6/DLATCH.srcs/sources_1/imports/new/SYNTHES_DLATCH.vhd:45]
---------------------------------------------------------------------------------
Finished RTL Elaboration : Time (s): cpu = 00:00:10 ; elapsed = 00:00:08 . Memory (MB): peak = 3193.199 ; gain = 465.602
---------------------------------------------------------------------------------
---------------------------------------------------------------------------------
Start Handling Custom Attributes
---------------------------------------------------------------------------------
---------------------------------------------------------------------------------
Finished Handling Custom Attributes : Time (s): cpu = 00:00:10 ; elapsed = 00:00:09 . Memory (MB): peak = 3193.199 ; gain = 465.602
---------------------------------------------------------------------------------
---------------------------------------------------------------------------------
Finished RTL Optimization Phase 1 : Time (s): cpu = 00:00:10 ; elapsed = 00:00:09 . Memory (MB): peak = 3193.199 ; gain = 465.602
---------------------------------------------------------------------------------
Netlist sorting complete. Time (s): cpu = 00:00:00 ; elapsed = 00:00:00.001 . Memory (MB): peak = 3193.199 ; gain = 0.000
INFO: [Project 1-570] Preparing netlist for logic optimization

Processing XDC Constraints
Initializing timing engine
Parsing XDC File [C:/Users/ASUS/Desktop/Vivado_tasks/Lab2/Task6/DLATCH.srcs/constrs_1/imports/new/Master-Basys3.xdc]
WARNING: [Vivado 12-507] No nets matched 'LED_OBUF[0]_inst_i_2_n_0'. [C:/Users/ASUS/Desktop/Vivado_tasks/Lab2/Task6/DLATCH.srcs/constrs_1/imports/new/Master-Basys3.xdc:161]
CRITICAL WARNING: [Common 17-55] 'set_property' expects at least one object. [C:/Users/ASUS/Desktop/Vivado_tasks/Lab2/Task6/DLATCH.srcs/constrs_1/imports/new/Master-Basys3.xdc:161]
Resolution: If [get_<value>] was used to populate the object, check to make sure this command returns at least one valid object.
Finished Parsing XDC File [C:/Users/ASUS/Desktop/Vivado_tasks/Lab2/Task6/DLATCH.srcs/constrs_1/imports/new/Master-Basys3.xdc]
Completed Processing XDC Constraints

Netlist sorting complete. Time (s): cpu = 00:00:00 ; elapsed = 00:00:00 . Memory (MB): peak = 3193.199 ; gain = 0.000
INFO: [Project 1-111] Unisim Transformation Summary:
No Unisim elements were transformed.

RTL Elaboration Complete:  : Time (s): cpu = 00:00:14 ; elapsed = 00:00:11 . Memory (MB): peak = 3265.984 ; gain = 538.387
25 Infos, 1 Warnings, 1 Critical Warnings and 0 Errors encountered.
synth_design completed successfully
synth_design: Time (s): cpu = 00:00:14 ; elapsed = 00:00:11 . Memory (MB): peak = 3265.984 ; gain = 538.387
ERROR: [Labtoolstcl 44-513] HW Target shutdown. Closing target: localhost:3121/xilinx_tcf/Digilent/210183BB74CCA
exit
INFO: [Common 17-206] Exiting Vivado at Fri Mar 20 18:33:41 2026...
