ssrcscan startsssrcscan exits with return value 0
VHDL std libs ===========
INFO: VHDL library search path for library "std" is now "C:/Xilinx/Vivado/2023.2/data/precomp_hsv/vhdl/std_2008" (VHDL-1505)
INFO: VHDL library search path for library "synopsys" is now "Csrcscan starts
srcscan exits with return value 0
ys_2008" (VHDL-1505)
INFO: VHDL library search path for library "ieee" is now "C:/Xilinx/Vivado/2023.2/data/precomp_hsv/vhdl/ieee_2008" (VHDL-1505)
INFO: VHDL library search path for library "unimacro" is now "C:/Xilinx/Vivado/2023.2/data/precomp_hsv/vhdl/unimacro_2008" (VHDL-1505)
INFO: VHDL library search path for library "unisim" is now "C:/Xilinx/Vivado/2023.2/data/precomp_hsv/vhdl/unisim_2008" (VHDL-1505)
INFO: VHDL library search path for library "vl" is now "C:/Xilinx/Vivado/2023.2/data/precomp_hsv/vhdl/vl_2008" (VHDL-1505)
INFO: VHDL library search path for library "xpm" is now "C:/Xilinx/Vivado/2023.2/data/precomp_hsv/vhdl/xpm_2008" (VHDL-1505)
-- Analyzing VHDL file "C:/Users/ASUS/AppData/Local/Temp/VivadoEditorAssist8028817557698770964.tmp" into library my_gateslib (VHDL-9003)
C:/Users/ASUS/AppData/Local/Temp/VivadoEditorAssist8028817557698770964.tmp(26): ERROR: 'my_components' is not compiled in library 'my_gateslib' (VHDL-1240)
INFO: analyzing entity 'MUX2OR' (VHDL-1012)
INFO: analyzing architecture 'Behavioral' of entity 'mux2or' (VHDL-9006)
C:/Users/ASUS/AppData/Local/Temp/VivadoEditorAssist8028817557698770964.tmp(52): ERROR: 'mux2' is not compiled in library 'my_gateslib' (VHDL-1240)
-- Analyzing VHDL file "C:/Users/ASUS/AppData/Local/Temp/VivadoEditorAssist15369554568035422786.tmp" into library my_gateslib (VHDL-9003)
C:/Users/ASUS/AppData/Local/Temp/VivadoEditorAssist15369554568035422786.tmp(26): ERROR: 'my_components' is not compiled in library 'my_gateslib' (VHDL-1240)
INFO: analyzing entity 'ORN' (VHDL-1012)
INFO: analyzing architecture 'Behavioral' of entity 'orn' (VHDL-9006)
-- Analyzing VHDL file "C:/Users/ASUS/AppData/Local/Temp/VivadoEditorAssist9344632365697969270.tmp" into library my_gateslib (VHDL-9003)
INFO: analyzing entity 'delay_interconnection' (VHDL-1012)
INFO: analyzing architecture 'Behavioral' of entity 'delay_interconnection' (VHDL-9006)
-- Analyzing VHDL file "C:/Users/ASUS/Desktop/Vivado_tasks/Lab2/Task3/delay_testbench_transform_from7421_to_grey.srcs/sources_1/imports/Task1/transform_from7421_to_grey.srcs/sources_1/new/code_transformer.vhd" into library xil_defaultlib (VHDL-9003)
C:/Users/ASUS/Desktop/Vivado_tasks/Lab2/Task3/delay_testbench_transform_from7421_to_grey.srcs/sources_1/imports/Task1/transform_from7421_to_grey.srcs/sources_1/new/code_transformer.vhd(26): ERROR: 'my_components' is not compiled in library 'my_gateslib' (VHDL-1240)
INFO: analyzing entity 'code_transformer' (VHDL-1012)
INFO: analyzing architecture 'Behavioral' of entity 'code_transformer' (VHDL-9006)
C:/Users/ASUS/Desktop/Vivado_tasks/Lab2/Task3/delay_testbench_transform_from7421_to_grey.srcs/sources_1/imports/Task1/transform_from7421_to_grey.srcs/sources_1/new/code_transformer.vhd(54): ERROR: 'inv' is not compiled in library 'my_gateslib' (VHDL-1240)
C:/Users/ASUS/Desktop/Vivado_tasks/Lab2/Task3/delay_testbench_transform_from7421_to_grey.srcs/sources_1/imports/Task1/transform_from7421_to_grey.srcs/sources_1/new/code_transformer.vhd(57): ERROR: 'andn' is not compiled in library 'my_gateslib' (VHDL-1240)
C:/Users/ASUS/Desktop/Vivado_tasks/Lab2/Task3/delay_testbench_transform_from7421_to_grey.srcs/sources_1/imports/Task1/transform_from7421_to_grey.srcs/sources_1/new/code_transformer.vhd(65): ERROR: 'andn' is not compiled in library 'my_gateslib' (VHDL-1240)
C:/Users/ASUS/Desktop/Vivado_tasks/Lab2/Task3/delay_testbench_transform_from7421_to_grey.srcs/sources_1/imports/Task1/transform_from7421_to_grey.srcs/sources_1/new/code_transformer.vhd(89): ERROR: 'andn' is not compiled in library 'my_gateslib' (VHDL-1240)
C:/Users/ASUS/Desktop/Vivado_tasks/Lab2/Task3/delay_testbench_transform_from7421_to_grey.srcs/sources_1/imports/Task1/transform_from7421_to_grey.srcs/sources_1/new/code_transformer.vhd(111): ERROR: 'andn' is not compiled in library 'my_gateslib' (VHDL-1240)
C:/Users/ASUS/Desktop/Vivado_tasks/Lab2/Task3/delay_testbench_transform_from7421_to_grey.srcs/sources_1/imports/Task1/transform_from7421_to_grey.srcs/sources_1/new/code_transformer.vhd(118): ERROR: 'andn' is not compiled in library 'my_gateslib' (VHDL-1240)
C:/Users/ASUS/Desktop/Vivado_tasks/Lab2/Task3/delay_testbench_transform_from7421_to_grey.srcs/sources_1/imports/Task1/transform_from7421_to_grey.srcs/sources_1/new/code_transformer.vhd(125): ERROR: 'andn' is not compiled in library 'my_gateslib' (VHDL-1240)
C:/Users/ASUS/Desktop/Vivado_tasks/Lab2/Task3/delay_testbench_transform_from7421_to_grey.srcs/sources_1/imports/Task1/transform_from7421_to_grey.srcs/sources_1/new/code_transformer.vhd(155): ERROR: 'andn' is not compiled in library 'my_gateslib' (VHDL-1240)
C:/Users/ASUS/Desktop/Vivado_tasks/Lab2/Task3/delay_testbench_transform_from7421_to_grey.srcs/sources_1/imports/Task1/transform_from7421_to_grey.srcs/sources_1/new/code_transformer.vhd(162): ERROR: 'andn' is not compiled in library 'my_gateslib' (VHDL-1240)
-- Analyzing VHDL file "C:/Users/ASUS/Desktop/Vivado_tasks/Lab2/Task3/delay_testbench_transform_from7421_to_grey.srcs/sources_1/imports/new/testbench_code_transformer.vhd" into library xil_defaultlib (VHDL-9003)
INFO: analyzing entity 'testbench_code_transformer' (VHDL-1012)
INFO: analyzing architecture 'Behavioral' of entity 'testbench_code_transformer' (VHDL-9006)
-- Analyzing VHDL file "C:/Users/ASUS/AppData/Local/Temp/VivadoEditorAssist11951499220143994498.tmp" into library my_delay_gateslib (VHDL-9003)
C:/Users/ASUS/AppData/Local/Temp/VivadoEditorAssist11951499220143994498.tmp(26): ERROR: 'my_components' is not compiled in library 'my_gateslib' (VHDL-1240)
INFO: analyzing entity 'INV' (VHDL-1012)
INFO: analyzing architecture 'Behavioral' of entity 'inv' (VHDL-9006)
-- Analyzing VHDL file "C:/Users/ASUS/AppData/Local/Temp/VivadoEditorAssist5939247337502585394.tmp" into library my_delay_gateslib (VHDL-9003)
C:/Users/ASUS/AppData/Local/Temp/VivadoEditorAssist5939247337502585394.tmp(26): ERROR: 'my_components' is not compiled in library 'my_gateslib' (VHDL-1240)
INFO: analyzing entity 'ANDN' (VHDL-1012)
INFO: analyzing architecture 'Behavioral' of entity 'andn' (VHDL-9006)
C:/Users/ASUS/AppData/Local/Temp/VivadoEditorAssist5939247337502585394.tmp(54): ERROR: 'mux2and' is not compiled in library 'my_gateslib' (VHDL-1240)
-- Analyzing VHDL file "C:/Users/ASUS/AppData/Local/Temp/VivadoEditorAssist9138170521139766101.tmp" into library my_delay_gateslib (VHDL-9003)
C:/Users/ASUS/AppData/Local/Temp/VivadoEditorAssist9138170521139766101.tmp(26): ERROR: 'my_components' is not compiled in library 'my_gateslib' (VHDL-1240)
INFO: analyzing entity 'MUX2AND' (VHDL-1012)
INFO: analyzing architecture 'Behavioral' of entity 'mux2and' (VHDL-9006)
C:/Users/ASUS/AppData/Local/Temp/VivadoEditorAssist9138170521139766101.tmp(51): ERROR: 'mux2' is not compiled in library 'my_gateslib' (VHDL-1240)
-- Analyzing VHDL file "C:/Users/ASUS/AppData/Local/Temp/VivadoEditorAssist15171788705846999843.tmp" into library my_delay_gateslib (VHDL-9003)
C:/Users/ASUS/AppData/Local/Temp/VivadoEditorAssist15171788705846999843.tmp(26): ERROR: 'my_components' is not compiled in library 'my_gateslib' (VHDL-1240)
INFO: analyzing entity 'MUX2' (VHDL-1012)
INFO: analyzing architecture 'Behavioral' of entity 'mux2' (VHDL-9006)
-- Analyzing VHDL file "C:/Users/ASUS/AppData/Local/Temp/VivadoEditorAssist3211959447068783145.tmp" into library my_delay_gateslib (VHDL-9003)
INFO: analyzing package 'MY_COMPONENTS'

srcscan exits with return value 0
