Copyright 1986-2022 Xilinx, Inc. All Rights Reserved. Copyright 2022-2023 Advanced Micro Devices, Inc. All Rights Reserved.
------------------------------------------------------------------------------------------------------------------------------------------------------------------------------------------------------------------------------------------------------------
| Tool Version : Vivado v.2023.2 (win64) Build 4029153 Fri Oct 13 20:14:34 MDT 2023
| Date         : Fri Apr 17 17:41:59 2026
| Host         : DESKTOP-66O4QSA running 64-bit major release  (build 9200)
| Command      : report_timing_summary -max_paths 10 -report_unconstrained -file freq_div_behav_module_timing_summary_routed.rpt -pb freq_div_behav_module_timing_summary_routed.pb -rpx freq_div_behav_module_timing_summary_routed.rpx -warn_on_violation
| Design       : freq_div_behav_module
| Device       : 7a35t-cpg236
| Speed File   : -1  PRODUCTION 1.23 2018-06-13
| Design State : Routed
------------------------------------------------------------------------------------------------------------------------------------------------------------------------------------------------------------------------------------------------------------

Timing Summary Report

------------------------------------------------------------------------------------------------
| Timer Settings
| --------------
------------------------------------------------------------------------------------------------

  Enable Multi Corner Analysis               :  Yes
  Enable Pessimism Removal                   :  Yes
  Pessimism Removal Resolution               :  Nearest Common Node
  Enable Input Delay Default Clock           :  No
  Enable Preset / Clear Arcs                 :  No
  Disable Flight Delays                      :  No
  Ignore I/O Paths                           :  No
  Timing Early Launch at Borrowing Latches   :  No
  Borrow Time for Max Delay Exceptions       :  Yes
  Merge Timing Exceptions                    :  Yes
  Inter-SLR Compensation                     :  Conservative

  Corner  Analyze    Analyze    
  Name    Max Paths  Min Paths  
  ------  ---------  ---------  
  Slow    Yes        Yes        
  Fast    Yes        Yes        


------------------------------------------------------------------------------------------------
| Report Methodology
| ------------------
------------------------------------------------------------------------------------------------

Rule       Severity  Description                    Violations  
---------  --------  -----------------------------  ----------  
TIMING-18  Warning   Missing input or output delay  3           

Note: This report is based on the most recent report_methodology run and may not be up-to-date. Run report_methodology on the current design for the latest report.



check_timing report

Table of Contents
-----------------
1. checking no_clock (0)
2. checking constant_clock (0)
3. checking pulse_width_clock (0)
4. checking unconstrained_internal_endpoints (0)
5. checking no_input_delay (2)
6. checking no_output_delay (1)
7. checking multiple_clock (0)
8. checking generated_clocks (0)
9. checking loops (0)
10. checking partial_input_delay (0)
11. checking partial_output_delay (0)
12. checking latch_loops (0)

1. checking no_clock (0)
------------------------
 There are 0 register/latch pins with no clock.


2. checking constant_clock (0)
------------------------------
 There are 0 register/latch pins with constant_clock.


3. checking pulse_width_clock (0)
---------------------------------
 There are 0 register/latch pins which need pulse_width check


4. checking unconstrained_internal_endpoints (0)
------------------------------------------------
 There are 0 pins that are not constrained for maximum delay.

 There are 0 pins that are not constrained for maximum delay due to constant clock.


5. checking no_input_delay (2)
------------------------------
 There are 2 input ports with no input delay specified. (HIGH)

 There are 0 input ports with no input delay but user has a false path constraint.


6. checking no_output_delay (1)
-------------------------------
 There is 1 port with no output delay specified. (HIGH)

 There are 0 ports with no output delay but user has a false path constraint

 There are 0 ports with no output delay but with a timing clock defined on it or propagating through it


7. checking multiple_clock (0)
------------------------------
 There are 0 register/latch pins with multiple clocks.


8. checking generated_clocks (0)
--------------------------------
 There are 0 generated clocks that are not connected to a clock source.


9. checking loops (0)
---------------------
 There are 0 combinational loops in the design.


10. checking partial_input_delay (0)
------------------------------------
 There are 0 input ports with partial input delay specified.


11. checking partial_output_delay (0)
-------------------------------------
 There are 0 ports with partial output delay specified.


12. checking latch_loops (0)
----------------------------
 There are 0 combinational latch loops in the design through latch input



------------------------------------------------------------------------------------------------
| Design Timing Summary
| ---------------------
------------------------------------------------------------------------------------------------

    WNS(ns)      TNS(ns)  TNS Failing Endpoints  TNS Total Endpoints      WHS(ns)      THS(ns)  THS Failing Endpoints  THS Total Endpoints     WPWS(ns)     TPWS(ns)  TPWS Failing Endpoints  TPWS Total Endpoints  
    -------      -------  ---------------------  -------------------      -------      -------  ---------------------  -------------------     --------     --------  ----------------------  --------------------  
      8.115        0.000                      0                    4        0.238        0.000                      0                    4        4.500        0.000                       0                     5  


All user specified timing constraints are met.


------------------------------------------------------------------------------------------------
| Clock Summary
| -------------
------------------------------------------------------------------------------------------------

Clock        Waveform(ns)       Period(ns)      Frequency(MHz)
-----        ------------       ----------      --------------
sys_clk_pin  {0.000 5.000}      10.000          100.000         


------------------------------------------------------------------------------------------------
| Intra Clock Table
| -----------------
------------------------------------------------------------------------------------------------

Clock             WNS(ns)      TNS(ns)  TNS Failing Endpoints  TNS Total Endpoints      WHS(ns)      THS(ns)  THS Failing Endpoints  THS Total Endpoints     WPWS(ns)     TPWS(ns)  TPWS Failing Endpoints  TPWS Total Endpoints  
-----             -------      -------  ---------------------  -------------------      -------      -------  ---------------------  -------------------     --------     --------  ----------------------  --------------------  
sys_clk_pin         8.115        0.000                      0                    4        0.238        0.000                      0                    4        4.500        0.000                       0                     5  


------------------------------------------------------------------------------------------------
| Inter Clock Table
| -----------------
------------------------------------------------------------------------------------------------

From Clock    To Clock          WNS(ns)      TNS(ns)  TNS Failing Endpoints  TNS Total Endpoints      WHS(ns)      THS(ns)  THS Failing Endpoints  THS Total Endpoints  
----------    --------          -------      -------  ---------------------  -------------------      -------      -------  ---------------------  -------------------  


------------------------------------------------------------------------------------------------
| Other Path Groups Table
| -----------------------
------------------------------------------------------------------------------------------------

Path Group    From Clock    To Clock          WNS(ns)      TNS(ns)  TNS Failing Endpoints  TNS Total Endpoints      WHS(ns)      THS(ns)  THS Failing Endpoints  THS Total Endpoints  
----------    ----------    --------          -------      -------  ---------------------  -------------------      -------      -------  ---------------------  -------------------  


------------------------------------------------------------------------------------------------
| User Ignored Path Table
| -----------------------
------------------------------------------------------------------------------------------------

Path Group    From Clock    To Clock    
----------    ----------    --------    


------------------------------------------------------------------------------------------------
| Unconstrained Path Table
| ------------------------
------------------------------------------------------------------------------------------------

Path Group    From Clock    To Clock    
----------    ----------    --------    
(none)        sys_clk_pin                 
(none)                      sys_clk_pin   


------------------------------------------------------------------------------------------------
| Timing Details
| --------------
------------------------------------------------------------------------------------------------


---------------------------------------------------------------------------------------------------
From Clock:  sys_clk_pin
  To Clock:  sys_clk_pin

Setup :            0  Failing Endpoints,  Worst Slack        8.115ns,  Total Violation        0.000ns
Hold  :            0  Failing Endpoints,  Worst Slack        0.238ns,  Total Violation        0.000ns
PW    :            0  Failing Endpoints,  Worst Slack        4.500ns,  Total Violation        0.000ns
---------------------------------------------------------------------------------------------------


Max Delay Paths
--------------------------------------------------------------------------------------
Slack (MET) :             8.115ns  (required time - arrival time)
  Source:                 freq_div_behav_elem/counter_reg[2]/C
                            (rising edge-triggered cell FDRE clocked by sys_clk_pin  {rise@0.000ns fall@5.000ns period=10.000ns})
  Destination:            freq_div_behav_elem/counter_reg[0]/D
                            (rising edge-triggered cell FDRE clocked by sys_clk_pin  {rise@0.000ns fall@5.000ns period=10.000ns})
  Path Group:             sys_clk_pin
  Path Type:              Setup (Max at Slow Process Corner)
  Requirement:            10.000ns  (sys_clk_pin rise@10.000ns - sys_clk_pin rise@0.000ns)
  Data Path Delay:        1.878ns  (logic 0.718ns (38.226%)  route 1.160ns (61.774%))
  Logic Levels:           1  (LUT5=1)
  Clock Path Skew:        0.000ns (DCD - SCD + CPR)
    Destination Clock Delay (DCD):    4.857ns = ( 14.857 - 10.000 ) 
    Source Clock Delay      (SCD):    5.156ns
    Clock Pessimism Removal (CPR):    0.299ns
  Clock Uncertainty:      0.035ns  ((TSJ^2 + TIJ^2)^1/2 + DJ) / 2 + PE
    Total System Jitter     (TSJ):    0.071ns
    Total Input Jitter      (TIJ):    0.000ns
    Discrete Jitter          (DJ):    0.000ns
    Phase Error              (PE):    0.000ns

    Location             Delay type                Incr(ns)  Path(ns)    Netlist Resource(s)
  -------------------------------------------------------------------    -------------------
                         (clock sys_clk_pin rise edge)
                                                      0.000     0.000 r  
    W5                                                0.000     0.000 r  CLK (IN)
                         net (fo=0)                   0.000     0.000    CLK
    W5                   IBUF (Prop_ibuf_I_O)         1.458     1.458 r  CLK_IBUF_inst/O
                         net (fo=1, routed)           1.967     3.425    CLK_IBUF
    BUFGCTRL_X0Y0        BUFG (Prop_bufg_I_O)         0.096     3.521 r  CLK_IBUF_BUFG_inst/O
                         net (fo=4, routed)           1.635     5.156    freq_div_behav_elem/CLK_IBUF_BUFG
    SLICE_X0Y11          FDRE                                         r  freq_div_behav_elem/counter_reg[2]/C
  -------------------------------------------------------------------    -------------------
    SLICE_X0Y11          FDRE (Prop_fdre_C_Q)         0.419     5.575 f  freq_div_behav_elem/counter_reg[2]/Q
                         net (fo=3, routed)           1.160     6.736    freq_div_behav_elem/counter_reg_n_0_[2]
    SLICE_X0Y11          LUT5 (Prop_lut5_I2_O)        0.299     7.035 r  freq_div_behav_elem/counter[0]_i_1/O
                         net (fo=1, routed)           0.000     7.035    freq_div_behav_elem/counter[0]_i_1_n_0
    SLICE_X0Y11          FDRE                                         r  freq_div_behav_elem/counter_reg[0]/D
  -------------------------------------------------------------------    -------------------

                         (clock sys_clk_pin rise edge)
                                                     10.000    10.000 r  
    W5                                                0.000    10.000 r  CLK (IN)
                         net (fo=0)                   0.000    10.000    CLK
    W5                   IBUF (Prop_ibuf_I_O)         1.388    11.388 r  CLK_IBUF_inst/O
                         net (fo=1, routed)           1.862    13.250    CLK_IBUF
    BUFGCTRL_X0Y0        BUFG (Prop_bufg_I_O)         0.091    13.341 r  CLK_IBUF_BUFG_inst/O
                         net (fo=4, routed)           1.516    14.857    freq_div_behav_elem/CLK_IBUF_BUFG
    SLICE_X0Y11          FDRE                                         r  freq_div_behav_elem/counter_reg[0]/C
                         clock pessimism              0.299    15.156    
                         clock uncertainty           -0.035    15.121    
    SLICE_X0Y11          FDRE (Setup_fdre_C_D)        0.029    15.150    freq_div_behav_elem/counter_reg[0]
  -------------------------------------------------------------------
                         required time                         15.150    
                         arrival time                          -7.035    
  -------------------------------------------------------------------
                         slack                                  8.115    

Slack (MET) :             8.133ns  (required time - arrival time)
  Source:                 freq_div_behav_elem/counter_reg[2]/C
                            (rising edge-triggered cell FDRE clocked by sys_clk_pin  {rise@0.000ns fall@5.000ns period=10.000ns})
  Destination:            freq_div_behav_elem/counter_reg[2]/D
                            (rising edge-triggered cell FDRE clocked by sys_clk_pin  {rise@0.000ns fall@5.000ns period=10.000ns})
  Path Group:             sys_clk_pin
  Path Type:              Setup (Max at Slow Process Corner)
  Requirement:            10.000ns  (sys_clk_pin rise@10.000ns - sys_clk_pin rise@0.000ns)
  Data Path Delay:        1.906ns  (logic 0.746ns (39.134%)  route 1.160ns (60.866%))
  Logic Levels:           1  (LUT5=1)
  Clock Path Skew:        0.000ns (DCD - SCD + CPR)
    Destination Clock Delay (DCD):    4.857ns = ( 14.857 - 10.000 ) 
    Source Clock Delay      (SCD):    5.156ns
    Clock Pessimism Removal (CPR):    0.299ns
  Clock Uncertainty:      0.035ns  ((TSJ^2 + TIJ^2)^1/2 + DJ) / 2 + PE
    Total System Jitter     (TSJ):    0.071ns
    Total Input Jitter      (TIJ):    0.000ns
    Discrete Jitter          (DJ):    0.000ns
    Phase Error              (PE):    0.000ns

    Location             Delay type                Incr(ns)  Path(ns)    Netlist Resource(s)
  -------------------------------------------------------------------    -------------------
                         (clock sys_clk_pin rise edge)
                                                      0.000     0.000 r  
    W5                                                0.000     0.000 r  CLK (IN)
                         net (fo=0)                   0.000     0.000    CLK
    W5                   IBUF (Prop_ibuf_I_O)         1.458     1.458 r  CLK_IBUF_inst/O
                         net (fo=1, routed)           1.967     3.425    CLK_IBUF
    BUFGCTRL_X0Y0        BUFG (Prop_bufg_I_O)         0.096     3.521 r  CLK_IBUF_BUFG_inst/O
                         net (fo=4, routed)           1.635     5.156    freq_div_behav_elem/CLK_IBUF_BUFG
    SLICE_X0Y11          FDRE                                         r  freq_div_behav_elem/counter_reg[2]/C
  -------------------------------------------------------------------    -------------------
    SLICE_X0Y11          FDRE (Prop_fdre_C_Q)         0.419     5.575 r  freq_div_behav_elem/counter_reg[2]/Q
                         net (fo=3, routed)           1.160     6.736    freq_div_behav_elem/counter_reg_n_0_[2]
    SLICE_X0Y11          LUT5 (Prop_lut5_I0_O)        0.327     7.063 r  freq_div_behav_elem/counter[2]_i_1/O
                         net (fo=1, routed)           0.000     7.063    freq_div_behav_elem/counter[2]_i_1_n_0
    SLICE_X0Y11          FDRE                                         r  freq_div_behav_elem/counter_reg[2]/D
  -------------------------------------------------------------------    -------------------

                         (clock sys_clk_pin rise edge)
                                                     10.000    10.000 r  
    W5                                                0.000    10.000 r  CLK (IN)
                         net (fo=0)                   0.000    10.000    CLK
    W5                   IBUF (Prop_ibuf_I_O)         1.388    11.388 r  CLK_IBUF_inst/O
                         net (fo=1, routed)           1.862    13.250    CLK_IBUF
    BUFGCTRL_X0Y0        BUFG (Prop_bufg_I_O)         0.091    13.341 r  CLK_IBUF_BUFG_inst/O
                         net (fo=4, routed)           1.516    14.857    freq_div_behav_elem/CLK_IBUF_BUFG
    SLICE_X0Y11          FDRE                                         r  freq_div_behav_elem/counter_reg[2]/C
                         clock pessimism              0.299    15.156    
                         clock uncertainty           -0.035    15.121    
    SLICE_X0Y11          FDRE (Setup_fdre_C_D)        0.075    15.196    freq_div_behav_elem/counter_reg[2]
  -------------------------------------------------------------------
                         required time                         15.196    
                         arrival time                          -7.063    
  -------------------------------------------------------------------
                         slack                                  8.133    

Slack (MET) :             8.700ns  (required time - arrival time)
  Source:                 freq_div_behav_elem/counter_reg[1]/C
                            (rising edge-triggered cell FDRE clocked by sys_clk_pin  {rise@0.000ns fall@5.000ns period=10.000ns})
  Destination:            freq_div_behav_elem/output_reg/D
                            (rising edge-triggered cell FDRE clocked by sys_clk_pin  {rise@0.000ns fall@5.000ns period=10.000ns})
  Path Group:             sys_clk_pin
  Path Type:              Setup (Max at Slow Process Corner)
  Requirement:            10.000ns  (sys_clk_pin rise@10.000ns - sys_clk_pin rise@0.000ns)
  Data Path Delay:        1.295ns  (logic 0.580ns (44.779%)  route 0.715ns (55.221%))
  Logic Levels:           1  (LUT6=1)
  Clock Path Skew:        0.000ns (DCD - SCD + CPR)
    Destination Clock Delay (DCD):    4.857ns = ( 14.857 - 10.000 ) 
    Source Clock Delay      (SCD):    5.156ns
    Clock Pessimism Removal (CPR):    0.299ns
  Clock Uncertainty:      0.035ns  ((TSJ^2 + TIJ^2)^1/2 + DJ) / 2 + PE
    Total System Jitter     (TSJ):    0.071ns
    Total Input Jitter      (TIJ):    0.000ns
    Discrete Jitter          (DJ):    0.000ns
    Phase Error              (PE):    0.000ns

    Location             Delay type                Incr(ns)  Path(ns)    Netlist Resource(s)
  -------------------------------------------------------------------    -------------------
                         (clock sys_clk_pin rise edge)
                                                      0.000     0.000 r  
    W5                                                0.000     0.000 r  CLK (IN)
                         net (fo=0)                   0.000     0.000    CLK
    W5                   IBUF (Prop_ibuf_I_O)         1.458     1.458 r  CLK_IBUF_inst/O
                         net (fo=1, routed)           1.967     3.425    CLK_IBUF
    BUFGCTRL_X0Y0        BUFG (Prop_bufg_I_O)         0.096     3.521 r  CLK_IBUF_BUFG_inst/O
                         net (fo=4, routed)           1.635     5.156    freq_div_behav_elem/CLK_IBUF_BUFG
    SLICE_X0Y11          FDRE                                         r  freq_div_behav_elem/counter_reg[1]/C
  -------------------------------------------------------------------    -------------------
    SLICE_X0Y11          FDRE (Prop_fdre_C_Q)         0.456     5.612 r  freq_div_behav_elem/counter_reg[1]/Q
                         net (fo=4, routed)           0.715     6.328    freq_div_behav_elem/counter_reg_n_0_[1]
    SLICE_X0Y11          LUT6 (Prop_lut6_I2_O)        0.124     6.452 r  freq_div_behav_elem/output_i_1/O
                         net (fo=1, routed)           0.000     6.452    freq_div_behav_elem/output_i_1_n_0
    SLICE_X0Y11          FDRE                                         r  freq_div_behav_elem/output_reg/D
  -------------------------------------------------------------------    -------------------

                         (clock sys_clk_pin rise edge)
                                                     10.000    10.000 r  
    W5                                                0.000    10.000 r  CLK (IN)
                         net (fo=0)                   0.000    10.000    CLK
    W5                   IBUF (Prop_ibuf_I_O)         1.388    11.388 r  CLK_IBUF_inst/O
                         net (fo=1, routed)           1.862    13.250    CLK_IBUF
    BUFGCTRL_X0Y0        BUFG (Prop_bufg_I_O)         0.091    13.341 r  CLK_IBUF_BUFG_inst/O
                         net (fo=4, routed)           1.516    14.857    freq_div_behav_elem/CLK_IBUF_BUFG
    SLICE_X0Y11          FDRE                                         r  freq_div_behav_elem/output_reg/C
                         clock pessimism              0.299    15.156    
                         clock uncertainty           -0.035    15.121    
    SLICE_X0Y11          FDRE (Setup_fdre_C_D)        0.031    15.152    freq_div_behav_elem/output_reg
  -------------------------------------------------------------------
                         required time                         15.152    
                         arrival time                          -6.452    
  -------------------------------------------------------------------
                         slack                                  8.700    

Slack (MET) :             8.733ns  (required time - arrival time)
  Source:                 freq_div_behav_elem/counter_reg[1]/C
                            (rising edge-triggered cell FDRE clocked by sys_clk_pin  {rise@0.000ns fall@5.000ns period=10.000ns})
  Destination:            freq_div_behav_elem/counter_reg[1]/D
                            (rising edge-triggered cell FDRE clocked by sys_clk_pin  {rise@0.000ns fall@5.000ns period=10.000ns})
  Path Group:             sys_clk_pin
  Path Type:              Setup (Max at Slow Process Corner)
  Requirement:            10.000ns  (sys_clk_pin rise@10.000ns - sys_clk_pin rise@0.000ns)
  Data Path Delay:        1.263ns  (logic 0.580ns (45.936%)  route 0.683ns (54.064%))
  Logic Levels:           1  (LUT4=1)
  Clock Path Skew:        0.000ns (DCD - SCD + CPR)
    Destination Clock Delay (DCD):    4.857ns = ( 14.857 - 10.000 ) 
    Source Clock Delay      (SCD):    5.156ns
    Clock Pessimism Removal (CPR):    0.299ns
  Clock Uncertainty:      0.035ns  ((TSJ^2 + TIJ^2)^1/2 + DJ) / 2 + PE
    Total System Jitter     (TSJ):    0.071ns
    Total Input Jitter      (TIJ):    0.000ns
    Discrete Jitter          (DJ):    0.000ns
    Phase Error              (PE):    0.000ns

    Location             Delay type                Incr(ns)  Path(ns)    Netlist Resource(s)
  -------------------------------------------------------------------    -------------------
                         (clock sys_clk_pin rise edge)
                                                      0.000     0.000 r  
    W5                                                0.000     0.000 r  CLK (IN)
                         net (fo=0)                   0.000     0.000    CLK
    W5                   IBUF (Prop_ibuf_I_O)         1.458     1.458 r  CLK_IBUF_inst/O
                         net (fo=1, routed)           1.967     3.425    CLK_IBUF
    BUFGCTRL_X0Y0        BUFG (Prop_bufg_I_O)         0.096     3.521 r  CLK_IBUF_BUFG_inst/O
                         net (fo=4, routed)           1.635     5.156    freq_div_behav_elem/CLK_IBUF_BUFG
    SLICE_X0Y11          FDRE                                         r  freq_div_behav_elem/counter_reg[1]/C
  -------------------------------------------------------------------    -------------------
    SLICE_X0Y11          FDRE (Prop_fdre_C_Q)         0.456     5.612 r  freq_div_behav_elem/counter_reg[1]/Q
                         net (fo=4, routed)           0.683     6.295    freq_div_behav_elem/counter_reg_n_0_[1]
    SLICE_X0Y11          LUT4 (Prop_lut4_I0_O)        0.124     6.419 r  freq_div_behav_elem/counter[1]_i_1/O
                         net (fo=1, routed)           0.000     6.419    freq_div_behav_elem/counter[1]_i_1_n_0
    SLICE_X0Y11          FDRE                                         r  freq_div_behav_elem/counter_reg[1]/D
  -------------------------------------------------------------------    -------------------

                         (clock sys_clk_pin rise edge)
                                                     10.000    10.000 r  
    W5                                                0.000    10.000 r  CLK (IN)
                         net (fo=0)                   0.000    10.000    CLK
    W5                   IBUF (Prop_ibuf_I_O)         1.388    11.388 r  CLK_IBUF_inst/O
                         net (fo=1, routed)           1.862    13.250    CLK_IBUF
    BUFGCTRL_X0Y0        BUFG (Prop_bufg_I_O)         0.091    13.341 r  CLK_IBUF_BUFG_inst/O
                         net (fo=4, routed)           1.516    14.857    freq_div_behav_elem/CLK_IBUF_BUFG
    SLICE_X0Y11          FDRE                                         r  freq_div_behav_elem/counter_reg[1]/C
                         clock pessimism              0.299    15.156    
                         clock uncertainty           -0.035    15.121    
    SLICE_X0Y11          FDRE (Setup_fdre_C_D)        0.031    15.152    freq_div_behav_elem/counter_reg[1]
  -------------------------------------------------------------------
                         required time                         15.152    
                         arrival time                          -6.419    
  -------------------------------------------------------------------
                         slack                                  8.733    





Min Delay Paths
--------------------------------------------------------------------------------------
Slack (MET) :             0.238ns  (arrival time - required time)
  Source:                 freq_div_behav_elem/counter_reg[0]/C
                            (rising edge-triggered cell FDRE clocked by sys_clk_pin  {rise@0.000ns fall@5.000ns period=10.000ns})
  Destination:            freq_div_behav_elem/output_reg/D
                            (rising edge-triggered cell FDRE clocked by sys_clk_pin  {rise@0.000ns fall@5.000ns period=10.000ns})
  Path Group:             sys_clk_pin
  Path Type:              Hold (Min at Fast Process Corner)
  Requirement:            0.000ns  (sys_clk_pin rise@0.000ns - sys_clk_pin rise@0.000ns)
  Data Path Delay:        0.330ns  (logic 0.186ns (56.290%)  route 0.144ns (43.709%))
  Logic Levels:           1  (LUT6=1)
  Clock Path Skew:        0.000ns (DCD - SCD - CPR)
    Destination Clock Delay (DCD):    1.991ns
    Source Clock Delay      (SCD):    1.476ns
    Clock Pessimism Removal (CPR):    0.515ns

    Location             Delay type                Incr(ns)  Path(ns)    Netlist Resource(s)
  -------------------------------------------------------------------    -------------------
                         (clock sys_clk_pin rise edge)
                                                      0.000     0.000 r  
    W5                                                0.000     0.000 r  CLK (IN)
                         net (fo=0)                   0.000     0.000    CLK
    W5                   IBUF (Prop_ibuf_I_O)         0.226     0.226 r  CLK_IBUF_inst/O
                         net (fo=1, routed)           0.631     0.858    CLK_IBUF
    BUFGCTRL_X0Y0        BUFG (Prop_bufg_I_O)         0.026     0.884 r  CLK_IBUF_BUFG_inst/O
                         net (fo=4, routed)           0.593     1.476    freq_div_behav_elem/CLK_IBUF_BUFG
    SLICE_X0Y11          FDRE                                         r  freq_div_behav_elem/counter_reg[0]/C
  -------------------------------------------------------------------    -------------------
    SLICE_X0Y11          FDRE (Prop_fdre_C_Q)         0.141     1.617 r  freq_div_behav_elem/counter_reg[0]/Q
                         net (fo=4, routed)           0.144     1.762    freq_div_behav_elem/counter_reg_n_0_[0]
    SLICE_X0Y11          LUT6 (Prop_lut6_I4_O)        0.045     1.807 r  freq_div_behav_elem/output_i_1/O
                         net (fo=1, routed)           0.000     1.807    freq_div_behav_elem/output_i_1_n_0
    SLICE_X0Y11          FDRE                                         r  freq_div_behav_elem/output_reg/D
  -------------------------------------------------------------------    -------------------

                         (clock sys_clk_pin rise edge)
                                                      0.000     0.000 r  
    W5                                                0.000     0.000 r  CLK (IN)
                         net (fo=0)                   0.000     0.000    CLK
    W5                   IBUF (Prop_ibuf_I_O)         0.414     0.414 r  CLK_IBUF_inst/O
                         net (fo=1, routed)           0.685     1.099    CLK_IBUF
    BUFGCTRL_X0Y0        BUFG (Prop_bufg_I_O)         0.029     1.128 r  CLK_IBUF_BUFG_inst/O
                         net (fo=4, routed)           0.864     1.991    freq_div_behav_elem/CLK_IBUF_BUFG
    SLICE_X0Y11          FDRE                                         r  freq_div_behav_elem/output_reg/C
                         clock pessimism             -0.515     1.476    
    SLICE_X0Y11          FDRE (Hold_fdre_C_D)         0.092     1.568    freq_div_behav_elem/output_reg
  -------------------------------------------------------------------
                         required time                         -1.568    
                         arrival time                           1.807    
  -------------------------------------------------------------------
                         slack                                  0.238    

Slack (MET) :             0.267ns  (arrival time - required time)
  Source:                 freq_div_behav_elem/counter_reg[0]/C
                            (rising edge-triggered cell FDRE clocked by sys_clk_pin  {rise@0.000ns fall@5.000ns period=10.000ns})
  Destination:            freq_div_behav_elem/counter_reg[1]/D
                            (rising edge-triggered cell FDRE clocked by sys_clk_pin  {rise@0.000ns fall@5.000ns period=10.000ns})
  Path Group:             sys_clk_pin
  Path Type:              Hold (Min at Fast Process Corner)
  Requirement:            0.000ns  (sys_clk_pin rise@0.000ns - sys_clk_pin rise@0.000ns)
  Data Path Delay:        0.359ns  (logic 0.186ns (51.872%)  route 0.173ns (48.128%))
  Logic Levels:           1  (LUT4=1)
  Clock Path Skew:        0.000ns (DCD - SCD - CPR)
    Destination Clock Delay (DCD):    1.991ns
    Source Clock Delay      (SCD):    1.476ns
    Clock Pessimism Removal (CPR):    0.515ns

    Location             Delay type                Incr(ns)  Path(ns)    Netlist Resource(s)
  -------------------------------------------------------------------    -------------------
                         (clock sys_clk_pin rise edge)
                                                      0.000     0.000 r  
    W5                                                0.000     0.000 r  CLK (IN)
                         net (fo=0)                   0.000     0.000    CLK
    W5                   IBUF (Prop_ibuf_I_O)         0.226     0.226 r  CLK_IBUF_inst/O
                         net (fo=1, routed)           0.631     0.858    CLK_IBUF
    BUFGCTRL_X0Y0        BUFG (Prop_bufg_I_O)         0.026     0.884 r  CLK_IBUF_BUFG_inst/O
                         net (fo=4, routed)           0.593     1.476    freq_div_behav_elem/CLK_IBUF_BUFG
    SLICE_X0Y11          FDRE                                         r  freq_div_behav_elem/counter_reg[0]/C
  -------------------------------------------------------------------    -------------------
    SLICE_X0Y11          FDRE (Prop_fdre_C_Q)         0.141     1.617 r  freq_div_behav_elem/counter_reg[0]/Q
                         net (fo=4, routed)           0.173     1.790    freq_div_behav_elem/counter_reg_n_0_[0]
    SLICE_X0Y11          LUT4 (Prop_lut4_I2_O)        0.045     1.835 r  freq_div_behav_elem/counter[1]_i_1/O
                         net (fo=1, routed)           0.000     1.835    freq_div_behav_elem/counter[1]_i_1_n_0
    SLICE_X0Y11          FDRE                                         r  freq_div_behav_elem/counter_reg[1]/D
  -------------------------------------------------------------------    -------------------

                         (clock sys_clk_pin rise edge)
                                                      0.000     0.000 r  
    W5                                                0.000     0.000 r  CLK (IN)
                         net (fo=0)                   0.000     0.000    CLK
    W5                   IBUF (Prop_ibuf_I_O)         0.414     0.414 r  CLK_IBUF_inst/O
                         net (fo=1, routed)           0.685     1.099    CLK_IBUF
    BUFGCTRL_X0Y0        BUFG (Prop_bufg_I_O)         0.029     1.128 r  CLK_IBUF_BUFG_inst/O
                         net (fo=4, routed)           0.864     1.991    freq_div_behav_elem/CLK_IBUF_BUFG
    SLICE_X0Y11          FDRE                                         r  freq_div_behav_elem/counter_reg[1]/C
                         clock pessimism             -0.515     1.476    
    SLICE_X0Y11          FDRE (Hold_fdre_C_D)         0.092     1.568    freq_div_behav_elem/counter_reg[1]
  -------------------------------------------------------------------
                         required time                         -1.568    
                         arrival time                           1.835    
  -------------------------------------------------------------------
                         slack                                  0.267    

Slack (MET) :             0.321ns  (arrival time - required time)
  Source:                 freq_div_behav_elem/counter_reg[1]/C
                            (rising edge-triggered cell FDRE clocked by sys_clk_pin  {rise@0.000ns fall@5.000ns period=10.000ns})
  Destination:            freq_div_behav_elem/counter_reg[2]/D
                            (rising edge-triggered cell FDRE clocked by sys_clk_pin  {rise@0.000ns fall@5.000ns period=10.000ns})
  Path Group:             sys_clk_pin
  Path Type:              Hold (Min at Fast Process Corner)
  Requirement:            0.000ns  (sys_clk_pin rise@0.000ns - sys_clk_pin rise@0.000ns)
  Data Path Delay:        0.428ns  (logic 0.185ns (43.231%)  route 0.243ns (56.769%))
  Logic Levels:           1  (LUT5=1)
  Clock Path Skew:        0.000ns (DCD - SCD - CPR)
    Destination Clock Delay (DCD):    1.991ns
    Source Clock Delay      (SCD):    1.476ns
    Clock Pessimism Removal (CPR):    0.515ns

    Location             Delay type                Incr(ns)  Path(ns)    Netlist Resource(s)
  -------------------------------------------------------------------    -------------------
                         (clock sys_clk_pin rise edge)
                                                      0.000     0.000 r  
    W5                                                0.000     0.000 r  CLK (IN)
                         net (fo=0)                   0.000     0.000    CLK
    W5                   IBUF (Prop_ibuf_I_O)         0.226     0.226 r  CLK_IBUF_inst/O
                         net (fo=1, routed)           0.631     0.858    CLK_IBUF
    BUFGCTRL_X0Y0        BUFG (Prop_bufg_I_O)         0.026     0.884 r  CLK_IBUF_BUFG_inst/O
                         net (fo=4, routed)           0.593     1.476    freq_div_behav_elem/CLK_IBUF_BUFG
    SLICE_X0Y11          FDRE                                         r  freq_div_behav_elem/counter_reg[1]/C
  -------------------------------------------------------------------    -------------------
    SLICE_X0Y11          FDRE (Prop_fdre_C_Q)         0.141     1.617 r  freq_div_behav_elem/counter_reg[1]/Q
                         net (fo=4, routed)           0.243     1.860    freq_div_behav_elem/counter_reg_n_0_[1]
    SLICE_X0Y11          LUT5 (Prop_lut5_I3_O)        0.044     1.904 r  freq_div_behav_elem/counter[2]_i_1/O
                         net (fo=1, routed)           0.000     1.904    freq_div_behav_elem/counter[2]_i_1_n_0
    SLICE_X0Y11          FDRE                                         r  freq_div_behav_elem/counter_reg[2]/D
  -------------------------------------------------------------------    -------------------

                         (clock sys_clk_pin rise edge)
                                                      0.000     0.000 r  
    W5                                                0.000     0.000 r  CLK (IN)
                         net (fo=0)                   0.000     0.000    CLK
    W5                   IBUF (Prop_ibuf_I_O)         0.414     0.414 r  CLK_IBUF_inst/O
                         net (fo=1, routed)           0.685     1.099    CLK_IBUF
    BUFGCTRL_X0Y0        BUFG (Prop_bufg_I_O)         0.029     1.128 r  CLK_IBUF_BUFG_inst/O
                         net (fo=4, routed)           0.864     1.991    freq_div_behav_elem/CLK_IBUF_BUFG
    SLICE_X0Y11          FDRE                                         r  freq_div_behav_elem/counter_reg[2]/C
                         clock pessimism             -0.515     1.476    
    SLICE_X0Y11          FDRE (Hold_fdre_C_D)         0.107     1.583    freq_div_behav_elem/counter_reg[2]
  -------------------------------------------------------------------
                         required time                         -1.583    
                         arrival time                           1.904    
  -------------------------------------------------------------------
                         slack                                  0.321    

Slack (MET) :             0.338ns  (arrival time - required time)
  Source:                 freq_div_behav_elem/counter_reg[1]/C
                            (rising edge-triggered cell FDRE clocked by sys_clk_pin  {rise@0.000ns fall@5.000ns period=10.000ns})
  Destination:            freq_div_behav_elem/counter_reg[0]/D
                            (rising edge-triggered cell FDRE clocked by sys_clk_pin  {rise@0.000ns fall@5.000ns period=10.000ns})
  Path Group:             sys_clk_pin
  Path Type:              Hold (Min at Fast Process Corner)
  Requirement:            0.000ns  (sys_clk_pin rise@0.000ns - sys_clk_pin rise@0.000ns)
  Data Path Delay:        0.429ns  (logic 0.186ns (43.364%)  route 0.243ns (56.636%))
  Logic Levels:           1  (LUT5=1)
  Clock Path Skew:        0.000ns (DCD - SCD - CPR)
    Destination Clock Delay (DCD):    1.991ns
    Source Clock Delay      (SCD):    1.476ns
    Clock Pessimism Removal (CPR):    0.515ns

    Location             Delay type                Incr(ns)  Path(ns)    Netlist Resource(s)
  -------------------------------------------------------------------    -------------------
                         (clock sys_clk_pin rise edge)
                                                      0.000     0.000 r  
    W5                                                0.000     0.000 r  CLK (IN)
                         net (fo=0)                   0.000     0.000    CLK
    W5                   IBUF (Prop_ibuf_I_O)         0.226     0.226 r  CLK_IBUF_inst/O
                         net (fo=1, routed)           0.631     0.858    CLK_IBUF
    BUFGCTRL_X0Y0        BUFG (Prop_bufg_I_O)         0.026     0.884 r  CLK_IBUF_BUFG_inst/O
                         net (fo=4, routed)           0.593     1.476    freq_div_behav_elem/CLK_IBUF_BUFG
    SLICE_X0Y11          FDRE                                         r  freq_div_behav_elem/counter_reg[1]/C
  -------------------------------------------------------------------    -------------------
    SLICE_X0Y11          FDRE (Prop_fdre_C_Q)         0.141     1.617 r  freq_div_behav_elem/counter_reg[1]/Q
                         net (fo=4, routed)           0.243     1.860    freq_div_behav_elem/counter_reg_n_0_[1]
    SLICE_X0Y11          LUT5 (Prop_lut5_I3_O)        0.045     1.905 r  freq_div_behav_elem/counter[0]_i_1/O
                         net (fo=1, routed)           0.000     1.905    freq_div_behav_elem/counter[0]_i_1_n_0
    SLICE_X0Y11          FDRE                                         r  freq_div_behav_elem/counter_reg[0]/D
  -------------------------------------------------------------------    -------------------

                         (clock sys_clk_pin rise edge)
                                                      0.000     0.000 r  
    W5                                                0.000     0.000 r  CLK (IN)
                         net (fo=0)                   0.000     0.000    CLK
    W5                   IBUF (Prop_ibuf_I_O)         0.414     0.414 r  CLK_IBUF_inst/O
                         net (fo=1, routed)           0.685     1.099    CLK_IBUF
    BUFGCTRL_X0Y0        BUFG (Prop_bufg_I_O)         0.029     1.128 r  CLK_IBUF_BUFG_inst/O
                         net (fo=4, routed)           0.864     1.991    freq_div_behav_elem/CLK_IBUF_BUFG
    SLICE_X0Y11          FDRE                                         r  freq_div_behav_elem/counter_reg[0]/C
                         clock pessimism             -0.515     1.476    
    SLICE_X0Y11          FDRE (Hold_fdre_C_D)         0.091     1.567    freq_div_behav_elem/counter_reg[0]
  -------------------------------------------------------------------
                         required time                         -1.567    
                         arrival time                           1.905    
  -------------------------------------------------------------------
                         slack                                  0.338    





Pulse Width Checks
--------------------------------------------------------------------------------------
Clock Name:         sys_clk_pin
Waveform(ns):       { 0.000 5.000 }
Period(ns):         10.000
Sources:            { CLK }

Check Type        Corner  Lib Pin  Reference Pin  Required(ns)  Actual(ns)  Slack(ns)  Location       Pin
Min Period        n/a     BUFG/I   n/a            2.155         10.000      7.845      BUFGCTRL_X0Y0  CLK_IBUF_BUFG_inst/I
Min Period        n/a     FDRE/C   n/a            1.000         10.000      9.000      SLICE_X0Y11    freq_div_behav_elem/counter_reg[0]/C
Min Period        n/a     FDRE/C   n/a            1.000         10.000      9.000      SLICE_X0Y11    freq_div_behav_elem/counter_reg[1]/C
Min Period        n/a     FDRE/C   n/a            1.000         10.000      9.000      SLICE_X0Y11    freq_div_behav_elem/counter_reg[2]/C
Min Period        n/a     FDRE/C   n/a            1.000         10.000      9.000      SLICE_X0Y11    freq_div_behav_elem/output_reg/C
Low Pulse Width   Slow    FDRE/C   n/a            0.500         5.000       4.500      SLICE_X0Y11    freq_div_behav_elem/counter_reg[0]/C
Low Pulse Width   Fast    FDRE/C   n/a            0.500         5.000       4.500      SLICE_X0Y11    freq_div_behav_elem/counter_reg[0]/C
Low Pulse Width   Slow    FDRE/C   n/a            0.500         5.000       4.500      SLICE_X0Y11    freq_div_behav_elem/counter_reg[1]/C
Low Pulse Width   Fast    FDRE/C   n/a            0.500         5.000       4.500      SLICE_X0Y11    freq_div_behav_elem/counter_reg[1]/C
Low Pulse Width   Slow    FDRE/C   n/a            0.500         5.000       4.500      SLICE_X0Y11    freq_div_behav_elem/counter_reg[2]/C
Low Pulse Width   Fast    FDRE/C   n/a            0.500         5.000       4.500      SLICE_X0Y11    freq_div_behav_elem/counter_reg[2]/C
Low Pulse Width   Slow    FDRE/C   n/a            0.500         5.000       4.500      SLICE_X0Y11    freq_div_behav_elem/output_reg/C
Low Pulse Width   Fast    FDRE/C   n/a            0.500         5.000       4.500      SLICE_X0Y11    freq_div_behav_elem/output_reg/C
High Pulse Width  Slow    FDRE/C   n/a            0.500         5.000       4.500      SLICE_X0Y11    freq_div_behav_elem/counter_reg[0]/C
High Pulse Width  Fast    FDRE/C   n/a            0.500         5.000       4.500      SLICE_X0Y11    freq_div_behav_elem/counter_reg[0]/C
High Pulse Width  Slow    FDRE/C   n/a            0.500         5.000       4.500      SLICE_X0Y11    freq_div_behav_elem/counter_reg[1]/C
High Pulse Width  Fast    FDRE/C   n/a            0.500         5.000       4.500      SLICE_X0Y11    freq_div_behav_elem/counter_reg[1]/C
High Pulse Width  Slow    FDRE/C   n/a            0.500         5.000       4.500      SLICE_X0Y11    freq_div_behav_elem/counter_reg[2]/C
High Pulse Width  Fast    FDRE/C   n/a            0.500         5.000       4.500      SLICE_X0Y11    freq_div_behav_elem/counter_reg[2]/C
High Pulse Width  Slow    FDRE/C   n/a            0.500         5.000       4.500      SLICE_X0Y11    freq_div_behav_elem/output_reg/C
High Pulse Width  Fast    FDRE/C   n/a            0.500         5.000       4.500      SLICE_X0Y11    freq_div_behav_elem/output_reg/C



--------------------------------------------------------------------------------------
Path Group:  (none)
From Clock:  sys_clk_pin
  To Clock:  

Max Delay             1 Endpoint
Min Delay             1 Endpoint
--------------------------------------------------------------------------------------


Max Delay Paths
--------------------------------------------------------------------------------------
Slack:                    inf
  Source:                 freq_div_behav_elem/output_reg/C
                            (rising edge-triggered cell FDRE clocked by sys_clk_pin  {rise@0.000ns fall@5.000ns period=10.000ns})
  Destination:            Q
                            (output port)
  Path Group:             (none)
  Path Type:              Max at Slow Process Corner
  Data Path Delay:        5.887ns  (logic 3.961ns (67.276%)  route 1.927ns (32.724%))
  Logic Levels:           1  (OBUF=1)
  Clock Uncertainty:      0.025ns  ((TSJ^2 + TIJ^2)^1/2 + DJ) / 2 + PE
    Total System Jitter     (TSJ):    0.050ns
    Total Input Jitter      (TIJ):    0.000ns
    Discrete Jitter          (DJ):    0.000ns
    Phase Error              (PE):    0.000ns

    Location             Delay type                Incr(ns)  Path(ns)    Netlist Resource(s)
  -------------------------------------------------------------------    -------------------
                         (clock sys_clk_pin rise edge)
                                                      0.000     0.000 r  
    W5                                                0.000     0.000 r  CLK (IN)
                         net (fo=0)                   0.000     0.000    CLK
    W5                   IBUF (Prop_ibuf_I_O)         1.458     1.458 r  CLK_IBUF_inst/O
                         net (fo=1, routed)           1.967     3.425    CLK_IBUF
    BUFGCTRL_X0Y0        BUFG (Prop_bufg_I_O)         0.096     3.521 r  CLK_IBUF_BUFG_inst/O
                         net (fo=4, routed)           1.635     5.156    freq_div_behav_elem/CLK_IBUF_BUFG
    SLICE_X0Y11          FDRE                                         r  freq_div_behav_elem/output_reg/C
  -------------------------------------------------------------------    -------------------
    SLICE_X0Y11          FDRE (Prop_fdre_C_Q)         0.456     5.612 r  freq_div_behav_elem/output_reg/Q
                         net (fo=2, routed)           1.927     7.539    Q_OBUF
    U16                  OBUF (Prop_obuf_I_O)         3.505    11.044 r  Q_OBUF_inst/O
                         net (fo=0)                   0.000    11.044    Q
    U16                                                               r  Q (OUT)
  -------------------------------------------------------------------    -------------------





Min Delay Paths
--------------------------------------------------------------------------------------
Slack:                    inf
  Source:                 freq_div_behav_elem/output_reg/C
                            (rising edge-triggered cell FDRE clocked by sys_clk_pin  {rise@0.000ns fall@5.000ns period=10.000ns})
  Destination:            Q
                            (output port)
  Path Group:             (none)
  Path Type:              Min at Fast Process Corner
  Data Path Delay:        1.798ns  (logic 1.347ns (74.891%)  route 0.452ns (25.109%))
  Logic Levels:           1  (OBUF=1)
  Clock Uncertainty:      0.025ns  ((TSJ^2 + TIJ^2)^1/2 + DJ) / 2 + PE
    Total System Jitter     (TSJ):    0.050ns
    Total Input Jitter      (TIJ):    0.000ns
    Discrete Jitter          (DJ):    0.000ns
    Phase Error              (PE):    0.000ns

    Location             Delay type                Incr(ns)  Path(ns)    Netlist Resource(s)
  -------------------------------------------------------------------    -------------------
                         (clock sys_clk_pin rise edge)
                                                      0.000     0.000 r  
    W5                                                0.000     0.000 r  CLK (IN)
                         net (fo=0)                   0.000     0.000    CLK
    W5                   IBUF (Prop_ibuf_I_O)         0.226     0.226 r  CLK_IBUF_inst/O
                         net (fo=1, routed)           0.631     0.858    CLK_IBUF
    BUFGCTRL_X0Y0        BUFG (Prop_bufg_I_O)         0.026     0.884 r  CLK_IBUF_BUFG_inst/O
                         net (fo=4, routed)           0.593     1.476    freq_div_behav_elem/CLK_IBUF_BUFG
    SLICE_X0Y11          FDRE                                         r  freq_div_behav_elem/output_reg/C
  -------------------------------------------------------------------    -------------------
    SLICE_X0Y11          FDRE (Prop_fdre_C_Q)         0.141     1.617 r  freq_div_behav_elem/output_reg/Q
                         net (fo=2, routed)           0.452     2.069    Q_OBUF
    U16                  OBUF (Prop_obuf_I_O)         1.206     3.275 r  Q_OBUF_inst/O
                         net (fo=0)                   0.000     3.275    Q
    U16                                                               r  Q (OUT)
  -------------------------------------------------------------------    -------------------





--------------------------------------------------------------------------------------
Path Group:  (none)
From Clock:  
  To Clock:  sys_clk_pin

Max Delay             4 Endpoints
Min Delay             4 Endpoints
--------------------------------------------------------------------------------------


Max Delay Paths
--------------------------------------------------------------------------------------
Slack:                    inf
  Source:                 RST
                            (input port)
  Destination:            freq_div_behav_elem/counter_reg[2]/D
                            (rising edge-triggered cell FDRE clocked by sys_clk_pin  {rise@0.000ns fall@5.000ns period=10.000ns})
  Path Group:             (none)
  Path Type:              Setup (Max at Slow Process Corner)
  Data Path Delay:        2.965ns  (logic 1.611ns (54.349%)  route 1.353ns (45.651%))
  Logic Levels:           2  (IBUF=1 LUT5=1)
  Clock Path Skew:        4.857ns (DCD - SCD + CPR)
    Destination Clock Delay (DCD):    4.857ns
    Source Clock Delay      (SCD):    0.000ns
    Clock Pessimism Removal (CPR):    0.000ns
  Clock Uncertainty:      0.025ns  ((TSJ^2 + TIJ^2)^1/2 + DJ) / 2 + PE
    Total System Jitter     (TSJ):    0.050ns
    Total Input Jitter      (TIJ):    0.000ns
    Discrete Jitter          (DJ):    0.000ns
    Phase Error              (PE):    0.000ns

    Location             Delay type                Incr(ns)  Path(ns)    Netlist Resource(s)
  -------------------------------------------------------------------    -------------------
    V16                                               0.000     0.000 f  RST (IN)
                         net (fo=0)                   0.000     0.000    RST
    V16                  IBUF (Prop_ibuf_I_O)         1.461     1.461 f  RST_IBUF_inst/O
                         net (fo=4, routed)           1.353     2.815    freq_div_behav_elem/RST_IBUF
    SLICE_X0Y11          LUT5 (Prop_lut5_I4_O)        0.150     2.965 r  freq_div_behav_elem/counter[2]_i_1/O
                         net (fo=1, routed)           0.000     2.965    freq_div_behav_elem/counter[2]_i_1_n_0
    SLICE_X0Y11          FDRE                                         r  freq_div_behav_elem/counter_reg[2]/D
  -------------------------------------------------------------------    -------------------

                         (clock sys_clk_pin rise edge)
                                                      0.000     0.000 r  
    W5                                                0.000     0.000 r  CLK (IN)
                         net (fo=0)                   0.000     0.000    CLK
    W5                   IBUF (Prop_ibuf_I_O)         1.388     1.388 r  CLK_IBUF_inst/O
                         net (fo=1, routed)           1.862     3.250    CLK_IBUF
    BUFGCTRL_X0Y0        BUFG (Prop_bufg_I_O)         0.091     3.341 r  CLK_IBUF_BUFG_inst/O
                         net (fo=4, routed)           1.516     4.857    freq_div_behav_elem/CLK_IBUF_BUFG
    SLICE_X0Y11          FDRE                                         r  freq_div_behav_elem/counter_reg[2]/C

Slack:                    inf
  Source:                 RST
                            (input port)
  Destination:            freq_div_behav_elem/output_reg/D
                            (rising edge-triggered cell FDRE clocked by sys_clk_pin  {rise@0.000ns fall@5.000ns period=10.000ns})
  Path Group:             (none)
  Path Type:              Setup (Max at Slow Process Corner)
  Data Path Delay:        2.964ns  (logic 1.585ns (53.489%)  route 1.378ns (46.511%))
  Logic Levels:           2  (IBUF=1 LUT6=1)
  Clock Path Skew:        4.857ns (DCD - SCD + CPR)
    Destination Clock Delay (DCD):    4.857ns
    Source Clock Delay      (SCD):    0.000ns
    Clock Pessimism Removal (CPR):    0.000ns
  Clock Uncertainty:      0.025ns  ((TSJ^2 + TIJ^2)^1/2 + DJ) / 2 + PE
    Total System Jitter     (TSJ):    0.050ns
    Total Input Jitter      (TIJ):    0.000ns
    Discrete Jitter          (DJ):    0.000ns
    Phase Error              (PE):    0.000ns

    Location             Delay type                Incr(ns)  Path(ns)    Netlist Resource(s)
  -------------------------------------------------------------------    -------------------
    V16                                               0.000     0.000 f  RST (IN)
                         net (fo=0)                   0.000     0.000    RST
    V16                  IBUF (Prop_ibuf_I_O)         1.461     1.461 f  RST_IBUF_inst/O
                         net (fo=4, routed)           1.378     2.840    freq_div_behav_elem/RST_IBUF
    SLICE_X0Y11          LUT6 (Prop_lut6_I5_O)        0.124     2.964 r  freq_div_behav_elem/output_i_1/O
                         net (fo=1, routed)           0.000     2.964    freq_div_behav_elem/output_i_1_n_0
    SLICE_X0Y11          FDRE                                         r  freq_div_behav_elem/output_reg/D
  -------------------------------------------------------------------    -------------------

                         (clock sys_clk_pin rise edge)
                                                      0.000     0.000 r  
    W5                                                0.000     0.000 r  CLK (IN)
                         net (fo=0)                   0.000     0.000    CLK
    W5                   IBUF (Prop_ibuf_I_O)         1.388     1.388 r  CLK_IBUF_inst/O
                         net (fo=1, routed)           1.862     3.250    CLK_IBUF
    BUFGCTRL_X0Y0        BUFG (Prop_bufg_I_O)         0.091     3.341 r  CLK_IBUF_BUFG_inst/O
                         net (fo=4, routed)           1.516     4.857    freq_div_behav_elem/CLK_IBUF_BUFG
    SLICE_X0Y11          FDRE                                         r  freq_div_behav_elem/output_reg/C

Slack:                    inf
  Source:                 RST
                            (input port)
  Destination:            freq_div_behav_elem/counter_reg[0]/D
                            (rising edge-triggered cell FDRE clocked by sys_clk_pin  {rise@0.000ns fall@5.000ns period=10.000ns})
  Path Group:             (none)
  Path Type:              Setup (Max at Slow Process Corner)
  Data Path Delay:        2.939ns  (logic 1.585ns (53.945%)  route 1.353ns (46.055%))
  Logic Levels:           2  (IBUF=1 LUT5=1)
  Clock Path Skew:        4.857ns (DCD - SCD + CPR)
    Destination Clock Delay (DCD):    4.857ns
    Source Clock Delay      (SCD):    0.000ns
    Clock Pessimism Removal (CPR):    0.000ns
  Clock Uncertainty:      0.025ns  ((TSJ^2 + TIJ^2)^1/2 + DJ) / 2 + PE
    Total System Jitter     (TSJ):    0.050ns
    Total Input Jitter      (TIJ):    0.000ns
    Discrete Jitter          (DJ):    0.000ns
    Phase Error              (PE):    0.000ns

    Location             Delay type                Incr(ns)  Path(ns)    Netlist Resource(s)
  -------------------------------------------------------------------    -------------------
    V16                                               0.000     0.000 f  RST (IN)
                         net (fo=0)                   0.000     0.000    RST
    V16                  IBUF (Prop_ibuf_I_O)         1.461     1.461 f  RST_IBUF_inst/O
                         net (fo=4, routed)           1.353     2.815    freq_div_behav_elem/RST_IBUF
    SLICE_X0Y11          LUT5 (Prop_lut5_I4_O)        0.124     2.939 r  freq_div_behav_elem/counter[0]_i_1/O
                         net (fo=1, routed)           0.000     2.939    freq_div_behav_elem/counter[0]_i_1_n_0
    SLICE_X0Y11          FDRE                                         r  freq_div_behav_elem/counter_reg[0]/D
  -------------------------------------------------------------------    -------------------

                         (clock sys_clk_pin rise edge)
                                                      0.000     0.000 r  
    W5                                                0.000     0.000 r  CLK (IN)
                         net (fo=0)                   0.000     0.000    CLK
    W5                   IBUF (Prop_ibuf_I_O)         1.388     1.388 r  CLK_IBUF_inst/O
                         net (fo=1, routed)           1.862     3.250    CLK_IBUF
    BUFGCTRL_X0Y0        BUFG (Prop_bufg_I_O)         0.091     3.341 r  CLK_IBUF_BUFG_inst/O
                         net (fo=4, routed)           1.516     4.857    freq_div_behav_elem/CLK_IBUF_BUFG
    SLICE_X0Y11          FDRE                                         r  freq_div_behav_elem/counter_reg[0]/C

Slack:                    inf
  Source:                 RST
                            (input port)
  Destination:            freq_div_behav_elem/counter_reg[1]/D
                            (rising edge-triggered cell FDRE clocked by sys_clk_pin  {rise@0.000ns fall@5.000ns period=10.000ns})
  Path Group:             (none)
  Path Type:              Setup (Max at Slow Process Corner)
  Data Path Delay:        2.452ns  (logic 1.585ns (64.645%)  route 0.867ns (35.355%))
  Logic Levels:           2  (IBUF=1 LUT4=1)
  Clock Path Skew:        4.857ns (DCD - SCD + CPR)
    Destination Clock Delay (DCD):    4.857ns
    Source Clock Delay      (SCD):    0.000ns
    Clock Pessimism Removal (CPR):    0.000ns
  Clock Uncertainty:      0.025ns  ((TSJ^2 + TIJ^2)^1/2 + DJ) / 2 + PE
    Total System Jitter     (TSJ):    0.050ns
    Total Input Jitter      (TIJ):    0.000ns
    Discrete Jitter          (DJ):    0.000ns
    Phase Error              (PE):    0.000ns

    Location             Delay type                Incr(ns)  Path(ns)    Netlist Resource(s)
  -------------------------------------------------------------------    -------------------
    V16                                               0.000     0.000 f  RST (IN)
                         net (fo=0)                   0.000     0.000    RST
    V16                  IBUF (Prop_ibuf_I_O)         1.461     1.461 f  RST_IBUF_inst/O
                         net (fo=4, routed)           0.867     2.328    freq_div_behav_elem/RST_IBUF
    SLICE_X0Y11          LUT4 (Prop_lut4_I3_O)        0.124     2.452 r  freq_div_behav_elem/counter[1]_i_1/O
                         net (fo=1, routed)           0.000     2.452    freq_div_behav_elem/counter[1]_i_1_n_0
    SLICE_X0Y11          FDRE                                         r  freq_div_behav_elem/counter_reg[1]/D
  -------------------------------------------------------------------    -------------------

                         (clock sys_clk_pin rise edge)
                                                      0.000     0.000 r  
    W5                                                0.000     0.000 r  CLK (IN)
                         net (fo=0)                   0.000     0.000    CLK
    W5                   IBUF (Prop_ibuf_I_O)         1.388     1.388 r  CLK_IBUF_inst/O
                         net (fo=1, routed)           1.862     3.250    CLK_IBUF
    BUFGCTRL_X0Y0        BUFG (Prop_bufg_I_O)         0.091     3.341 r  CLK_IBUF_BUFG_inst/O
                         net (fo=4, routed)           1.516     4.857    freq_div_behav_elem/CLK_IBUF_BUFG
    SLICE_X0Y11          FDRE                                         r  freq_div_behav_elem/counter_reg[1]/C





Min Delay Paths
--------------------------------------------------------------------------------------
Slack:                    inf
  Source:                 EN
                            (input port)
  Destination:            freq_div_behav_elem/counter_reg[0]/D
                            (rising edge-triggered cell FDRE clocked by sys_clk_pin  {rise@0.000ns fall@5.000ns period=10.000ns})
  Path Group:             (none)
  Path Type:              Hold (Min at Fast Process Corner)
  Data Path Delay:        0.626ns  (logic 0.266ns (42.484%)  route 0.360ns (57.516%))
  Logic Levels:           2  (IBUF=1 LUT5=1)
  Clock Path Skew:        1.991ns (DCD - SCD - CPR)
    Destination Clock Delay (DCD):    1.991ns
    Source Clock Delay      (SCD):    0.000ns
    Clock Pessimism Removal (CPR):    -0.000ns

    Location             Delay type                Incr(ns)  Path(ns)    Netlist Resource(s)
  -------------------------------------------------------------------    -------------------
    V17                                               0.000     0.000 r  EN (IN)
                         net (fo=0)                   0.000     0.000    EN
    V17                  IBUF (Prop_ibuf_I_O)         0.221     0.221 r  EN_IBUF_inst/O
                         net (fo=4, routed)           0.360     0.581    freq_div_behav_elem/EN_IBUF
    SLICE_X0Y11          LUT5 (Prop_lut5_I1_O)        0.045     0.626 r  freq_div_behav_elem/counter[0]_i_1/O
                         net (fo=1, routed)           0.000     0.626    freq_div_behav_elem/counter[0]_i_1_n_0
    SLICE_X0Y11          FDRE                                         r  freq_div_behav_elem/counter_reg[0]/D
  -------------------------------------------------------------------    -------------------

                         (clock sys_clk_pin rise edge)
                                                      0.000     0.000 r  
    W5                                                0.000     0.000 r  CLK (IN)
                         net (fo=0)                   0.000     0.000    CLK
    W5                   IBUF (Prop_ibuf_I_O)         0.414     0.414 r  CLK_IBUF_inst/O
                         net (fo=1, routed)           0.685     1.099    CLK_IBUF
    BUFGCTRL_X0Y0        BUFG (Prop_bufg_I_O)         0.029     1.128 r  CLK_IBUF_BUFG_inst/O
                         net (fo=4, routed)           0.864     1.991    freq_div_behav_elem/CLK_IBUF_BUFG
    SLICE_X0Y11          FDRE                                         r  freq_div_behav_elem/counter_reg[0]/C

Slack:                    inf
  Source:                 EN
                            (input port)
  Destination:            freq_div_behav_elem/counter_reg[1]/D
                            (rising edge-triggered cell FDRE clocked by sys_clk_pin  {rise@0.000ns fall@5.000ns period=10.000ns})
  Path Group:             (none)
  Path Type:              Hold (Min at Fast Process Corner)
  Data Path Delay:        0.627ns  (logic 0.266ns (42.416%)  route 0.361ns (57.584%))
  Logic Levels:           2  (IBUF=1 LUT4=1)
  Clock Path Skew:        1.991ns (DCD - SCD - CPR)
    Destination Clock Delay (DCD):    1.991ns
    Source Clock Delay      (SCD):    0.000ns
    Clock Pessimism Removal (CPR):    -0.000ns

    Location             Delay type                Incr(ns)  Path(ns)    Netlist Resource(s)
  -------------------------------------------------------------------    -------------------
    V17                                               0.000     0.000 r  EN (IN)
                         net (fo=0)                   0.000     0.000    EN
    V17                  IBUF (Prop_ibuf_I_O)         0.221     0.221 r  EN_IBUF_inst/O
                         net (fo=4, routed)           0.361     0.582    freq_div_behav_elem/EN_IBUF
    SLICE_X0Y11          LUT4 (Prop_lut4_I1_O)        0.045     0.627 r  freq_div_behav_elem/counter[1]_i_1/O
                         net (fo=1, routed)           0.000     0.627    freq_div_behav_elem/counter[1]_i_1_n_0
    SLICE_X0Y11          FDRE                                         r  freq_div_behav_elem/counter_reg[1]/D
  -------------------------------------------------------------------    -------------------

                         (clock sys_clk_pin rise edge)
                                                      0.000     0.000 r  
    W5                                                0.000     0.000 r  CLK (IN)
                         net (fo=0)                   0.000     0.000    CLK
    W5                   IBUF (Prop_ibuf_I_O)         0.414     0.414 r  CLK_IBUF_inst/O
                         net (fo=1, routed)           0.685     1.099    CLK_IBUF
    BUFGCTRL_X0Y0        BUFG (Prop_bufg_I_O)         0.029     1.128 r  CLK_IBUF_BUFG_inst/O
                         net (fo=4, routed)           0.864     1.991    freq_div_behav_elem/CLK_IBUF_BUFG
    SLICE_X0Y11          FDRE                                         r  freq_div_behav_elem/counter_reg[1]/C

Slack:                    inf
  Source:                 EN
                            (input port)
  Destination:            freq_div_behav_elem/counter_reg[2]/D
                            (rising edge-triggered cell FDRE clocked by sys_clk_pin  {rise@0.000ns fall@5.000ns period=10.000ns})
  Path Group:             (none)
  Path Type:              Hold (Min at Fast Process Corner)
  Data Path Delay:        0.629ns  (logic 0.269ns (42.758%)  route 0.360ns (57.242%))
  Logic Levels:           2  (IBUF=1 LUT5=1)
  Clock Path Skew:        1.991ns (DCD - SCD - CPR)
    Destination Clock Delay (DCD):    1.991ns
    Source Clock Delay      (SCD):    0.000ns
    Clock Pessimism Removal (CPR):    -0.000ns

    Location             Delay type                Incr(ns)  Path(ns)    Netlist Resource(s)
  -------------------------------------------------------------------    -------------------
    V17                                               0.000     0.000 r  EN (IN)
                         net (fo=0)                   0.000     0.000    EN
    V17                  IBUF (Prop_ibuf_I_O)         0.221     0.221 r  EN_IBUF_inst/O
                         net (fo=4, routed)           0.360     0.581    freq_div_behav_elem/EN_IBUF
    SLICE_X0Y11          LUT5 (Prop_lut5_I1_O)        0.048     0.629 r  freq_div_behav_elem/counter[2]_i_1/O
                         net (fo=1, routed)           0.000     0.629    freq_div_behav_elem/counter[2]_i_1_n_0
    SLICE_X0Y11          FDRE                                         r  freq_div_behav_elem/counter_reg[2]/D
  -------------------------------------------------------------------    -------------------

                         (clock sys_clk_pin rise edge)
                                                      0.000     0.000 r  
    W5                                                0.000     0.000 r  CLK (IN)
                         net (fo=0)                   0.000     0.000    CLK
    W5                   IBUF (Prop_ibuf_I_O)         0.414     0.414 r  CLK_IBUF_inst/O
                         net (fo=1, routed)           0.685     1.099    CLK_IBUF
    BUFGCTRL_X0Y0        BUFG (Prop_bufg_I_O)         0.029     1.128 r  CLK_IBUF_BUFG_inst/O
                         net (fo=4, routed)           0.864     1.991    freq_div_behav_elem/CLK_IBUF_BUFG
    SLICE_X0Y11          FDRE                                         r  freq_div_behav_elem/counter_reg[2]/C

Slack:                    inf
  Source:                 EN
                            (input port)
  Destination:            freq_div_behav_elem/output_reg/D
                            (rising edge-triggered cell FDRE clocked by sys_clk_pin  {rise@0.000ns fall@5.000ns period=10.000ns})
  Path Group:             (none)
  Path Type:              Hold (Min at Fast Process Corner)
  Data Path Delay:        0.755ns  (logic 0.266ns (35.228%)  route 0.489ns (64.772%))
  Logic Levels:           2  (IBUF=1 LUT6=1)
  Clock Path Skew:        1.991ns (DCD - SCD - CPR)
    Destination Clock Delay (DCD):    1.991ns
    Source Clock Delay      (SCD):    0.000ns
    Clock Pessimism Removal (CPR):    -0.000ns

    Location             Delay type                Incr(ns)  Path(ns)    Netlist Resource(s)
  -------------------------------------------------------------------    -------------------
    V17                                               0.000     0.000 r  EN (IN)
                         net (fo=0)                   0.000     0.000    EN
    V17                  IBUF (Prop_ibuf_I_O)         0.221     0.221 r  EN_IBUF_inst/O
                         net (fo=4, routed)           0.489     0.710    freq_div_behav_elem/EN_IBUF
    SLICE_X0Y11          LUT6 (Prop_lut6_I1_O)        0.045     0.755 r  freq_div_behav_elem/output_i_1/O
                         net (fo=1, routed)           0.000     0.755    freq_div_behav_elem/output_i_1_n_0
    SLICE_X0Y11          FDRE                                         r  freq_div_behav_elem/output_reg/D
  -------------------------------------------------------------------    -------------------

                         (clock sys_clk_pin rise edge)
                                                      0.000     0.000 r  
    W5                                                0.000     0.000 r  CLK (IN)
                         net (fo=0)                   0.000     0.000    CLK
    W5                   IBUF (Prop_ibuf_I_O)         0.414     0.414 r  CLK_IBUF_inst/O
                         net (fo=1, routed)           0.685     1.099    CLK_IBUF
    BUFGCTRL_X0Y0        BUFG (Prop_bufg_I_O)         0.029     1.128 r  CLK_IBUF_BUFG_inst/O
                         net (fo=4, routed)           0.864     1.991    freq_div_behav_elem/CLK_IBUF_BUFG
    SLICE_X0Y11          FDRE                                         r  freq_div_behav_elem/output_reg/C





