
*** Running vivado
    with args -log transform_to_berger_from_7421bcd.vds -m64 -product Vivado -mode batch -messageDb vivado.pb -notrace -source transform_to_berger_from_7421bcd.tcl


Режим вывода команд на экран (ECHO) отключен.
Режим вывода команд на экран (ECHO) отключен.

****** Vivado v2023.2 (64-bit)
  **** SW Build 4029153 on Fri Oct 13 20:14:34 MDT 2023
  **** IP Build 4028589 on Sat Oct 14 00:45:43 MDT 2023
  **** SharedData Build 4025554 on Tue Oct 10 17:18:54 MDT 2023
    ** Copyright 1986-2022 Xilinx, Inc. All Rights Reserved.
    ** Copyright 2022-2023 Advanced Micro Devices, Inc. All Rights Reserved.

source transform_to_berger_from_7421bcd.tcl -notrace
create_project: Time (s): cpu = 00:00:05 ; elapsed = 00:00:05 . Memory (MB): peak = 474.422 ; gain = 178.871
Command: read_checkpoint -auto_incremental -incremental C:/Users/ASUS/Desktop/Vivado_tasks/Lab1/Task6/transformer_to_berger_code.srcs/utils_1/imports/synth_1/transform_to_berger_from_7421bcd.dcp
INFO: [Vivado 12-5825] Read reference checkpoint from C:/Users/ASUS/Desktop/Vivado_tasks/Lab1/Task6/transformer_to_berger_code.srcs/utils_1/imports/synth_1/transform_to_berger_from_7421bcd.dcp for incremental synthesis
INFO: [Vivado 12-7989] Please ensure there are no constraint changes
Command: synth_design -top transform_to_berger_from_7421bcd -part xc7a35tcpg236-1
Starting synth_design
Attempting to get a license for feature 'Synthesis' and/or device 'xc7a35t'
INFO: [Common 17-349] Got license for feature 'Synthesis' and/or device 'xc7a35t'
INFO: [Device 21-403] Loading part xc7a35tcpg236-1
INFO: [Designutils 20-5440] No compile time benefit to using incremental synthesis; A full resynthesis will be run
INFO: [Designutils 20-4379] Flow is switching to default flow due to incremental criteria not met. If you would like to alter this behaviour and have the flow terminate instead, please set the following parameter config_implementation {autoIncr.Synth.RejectBehavior Terminate}
INFO: [Synth 8-7079] Multithreading enabled for synth_design using a maximum of 2 processes.
INFO: [Synth 8-7078] Launching helper process for spawning children vivado processes
INFO: [Synth 8-7075] Helper process launched with PID 18824
---------------------------------------------------------------------------------
Starting RTL Elaboration : Time (s): cpu = 00:00:15 ; elapsed = 00:00:18 . Memory (MB): peak = 1314.156 ; gain = 442.668
---------------------------------------------------------------------------------
INFO: [Synth 8-638] synthesizing module 'transform_to_berger_from_7421bcd' [C:/Users/ASUS/Desktop/Vivado_tasks/Lab1/Task6/transformer_to_berger_code.srcs/sources_1/new/transform_to_berger_from_7421bcd.vhd:43]
INFO: [Synth 8-256] done synthesizing module 'transform_to_berger_from_7421bcd' (0#1) [C:/Users/ASUS/Desktop/Vivado_tasks/Lab1/Task6/transformer_to_berger_code.srcs/sources_1/new/transform_to_berger_from_7421bcd.vhd:43]
WARNING: [Synth 8-3917] design transform_to_berger_from_7421bcd has port LED[15] driven by constant 0
WARNING: [Synth 8-3917] design transform_to_berger_from_7421bcd has port LED[14] driven by constant 0
WARNING: [Synth 8-3917] design transform_to_berger_from_7421bcd has port LED[13] driven by constant 0
WARNING: [Synth 8-3917] design transform_to_berger_from_7421bcd has port LED[12] driven by constant 0
WARNING: [Synth 8-3917] design transform_to_berger_from_7421bcd has port LED[11] driven by constant 0
WARNING: [Synth 8-3917] design transform_to_berger_from_7421bcd has port LED[10] driven by constant 0
WARNING: [Synth 8-3917] design transform_to_berger_from_7421bcd has port LED[9] driven by constant 0
WARNING: [Synth 8-3917] design transform_to_berger_from_7421bcd has port LED[8] driven by constant 0
WARNING: [Synth 8-3917] design transform_to_berger_from_7421bcd has port LED[7] driven by constant 0
WARNING: [Synth 8-3917] design transform_to_berger_from_7421bcd has port LED[6] driven by constant 0
WARNING: [Synth 8-3917] design transform_to_berger_from_7421bcd has port LED[5] driven by constant 0
---------------------------------------------------------------------------------
Finished RTL Elaboration : Time (s): cpu = 00:00:20 ; elapsed = 00:00:24 . Memory (MB): peak = 1421.047 ; gain = 549.559
---------------------------------------------------------------------------------
---------------------------------------------------------------------------------
Start Handling Custom Attributes
---------------------------------------------------------------------------------
---------------------------------------------------------------------------------
Finished Handling Custom Attributes : Time (s): cpu = 00:00:20 ; elapsed = 00:00:24 . Memory (MB): peak = 1421.047 ; gain = 549.559
---------------------------------------------------------------------------------
---------------------------------------------------------------------------------
Finished RTL Optimization Phase 1 : Time (s): cpu = 00:00:20 ; elapsed = 00:00:24 . Memory (MB): peak = 1421.047 ; gain = 549.559
---------------------------------------------------------------------------------
Netlist sorting complete. Time (s): cpu = 00:00:00 ; elapsed = 00:00:00.003 . Memory (MB): peak = 1421.047 ; gain = 0.000
INFO: [Project 1-570] Preparing netlist for logic optimization

Processing XDC Constraints
Initializing timing engine
Parsing XDC File [C:/Users/ASUS/Desktop/Vivado_tasks/Lab1/Task6/transformer_to_berger_code.srcs/constrs_1/new/Master-Basys3-without-clk.xdc]
Finished Parsing XDC File [C:/Users/ASUS/Desktop/Vivado_tasks/Lab1/Task6/transformer_to_berger_code.srcs/constrs_1/new/Master-Basys3-without-clk.xdc]
INFO: [Project 1-236] Implementation specific constraints were found while reading constraint file [C:/Users/ASUS/Desktop/Vivado_tasks/Lab1/Task6/transformer_to_berger_code.srcs/constrs_1/new/Master-Basys3-without-clk.xdc]. These constraints will be ignored for synthesis but will be used in implementation. Impacted constraints are listed in the file [.Xil/transform_to_berger_from_7421bcd_propImpl.xdc].
Resolution: To avoid this warning, move constraints listed in [.Xil/transform_to_berger_from_7421bcd_propImpl.xdc] to another XDC file and exclude this new file from synthesis with the used_in_synthesis property (File Properties dialog in GUI) and re-run elaboration/synthesis.
Completed Processing XDC Constraints

Netlist sorting complete. Time (s): cpu = 00:00:00 ; elapsed = 00:00:00.001 . Memory (MB): peak = 1503.680 ; gain = 0.000
INFO: [Project 1-111] Unisim Transformation Summary:
No Unisim elements were transformed.

Системе не удается найти указанный путь.
Constraint Validation Runtime : Time (s): cpu = 00:00:00 ; elapsed = 00:00:00.007 . Memory (MB): peak = 1503.680 ; gain = 0.000
INFO: [Designutils 20-5440] No compile time benefit to using incremental synthesis; A full resynthesis will be run
INFO: [Designutils 20-4379] Flow is switching to default flow due to incremental criteria not met. If you would like to alter this behaviour and have the flow terminate instead, please set the following parameter config_implementation {autoIncr.Synth.RejectBehavior Terminate}
---------------------------------------------------------------------------------
Finished Constraint Validation : Time (s): cpu = 00:00:42 ; elapsed = 00:00:48 . Memory (MB): peak = 1503.680 ; gain = 632.191
---------------------------------------------------------------------------------
---------------------------------------------------------------------------------
Start Loading Part and Timing Information
---------------------------------------------------------------------------------
Loading part: xc7a35tcpg236-1
---------------------------------------------------------------------------------
Finished Loading Part and Timing Information : Time (s): cpu = 00:00:42 ; elapsed = 00:00:48 . Memory (MB): peak = 1503.680 ; gain = 632.191
---------------------------------------------------------------------------------
---------------------------------------------------------------------------------
Start Applying 'set_property' XDC Constraints
---------------------------------------------------------------------------------
---------------------------------------------------------------------------------
Finished applying 'set_property' XDC Constraints : Time (s): cpu = 00:00:42 ; elapsed = 00:00:48 . Memory (MB): peak = 1503.680 ; gain = 632.191
---------------------------------------------------------------------------------
---------------------------------------------------------------------------------
Finished RTL Optimization Phase 2 : Time (s): cpu = 00:00:43 ; elapsed = 00:00:49 . Memory (MB): peak = 1503.680 ; gain = 632.191
---------------------------------------------------------------------------------
---------------------------------------------------------------------------------
Start RTL Component Statistics 
---------------------------------------------------------------------------------
Detailed RTL Component Info : 
+---Adders : 
	   2 Input    5 Bit       Adders := 1     
	   9 Input    4 Bit       Adders := 1     
	   5 Input    3 Bit       Adders := 1     
	   2 Input    2 Bit       Adders := 1     
	   3 Input    2 Bit       Adders := 1     
+---Muxes : 
	   2 Input    2 Bit        Muxes := 1     
	   2 Input    1 Bit        Muxes := 12    
---------------------------------------------------------------------------------
Finished RTL Component Statistics 
---------------------------------------------------------------------------------
---------------------------------------------------------------------------------
Start Part Resource Summary
---------------------------------------------------------------------------------
Part Resources:
DSPs: 90 (col length:60)
BRAMs: 100 (col length: RAMB18 60 RAMB36 30)
---------------------------------------------------------------------------------
Finished Part Resource Summary
---------------------------------------------------------------------------------
---------------------------------------------------------------------------------
Start Cross Boundary and Area Optimization
---------------------------------------------------------------------------------
WARNING: [Synth 8-7080] Parallel synthesis criteria is not met
WARNING: [Synth 8-3917] design transform_to_berger_from_7421bcd has port LED[15] driven by constant 0
WARNING: [Synth 8-3917] design transform_to_berger_from_7421bcd has port LED[14] driven by constant 0
WARNING: [Synth 8-3917] design transform_to_berger_from_7421bcd has port LED[13] driven by constant 0
WARNING: [Synth 8-3917] design transform_to_berger_from_7421bcd has port LED[12] driven by constant 0
WARNING: [Synth 8-3917] design transform_to_berger_from_7421bcd has port LED[11] driven by constant 0
WARNING: [Synth 8-3917] design transform_to_berger_from_7421bcd has port LED[10] driven by constant 0
WARNING: [Synth 8-3917] design transform_to_berger_from_7421bcd has port LED[9] driven by constant 0
WARNING: [Synth 8-3917] design transform_to_berger_from_7421bcd has port LED[8] driven by constant 0
WARNING: [Synth 8-3917] design transform_to_berger_from_7421bcd has port LED[7] driven by constant 0
WARNING: [Synth 8-3917] design transform_to_berger_from_7421bcd has port LED[6] driven by constant 0
WARNING: [Synth 8-3917] design transform_to_berger_from_7421bcd has port LED[5] driven by constant 0
---------------------------------------------------------------------------------
Finished Cross Boundary and Area Optimization : Time (s): cpu = 00:00:48 ; elapsed = 00:00:55 . Memory (MB): peak = 1503.680 ; gain = 632.191
---------------------------------------------------------------------------------
---------------------------------------------------------------------------------
Start Applying XDC Timing Constraints
---------------------------------------------------------------------------------
---------------------------------------------------------------------------------
Finished Applying XDC Timing Constraints : Time (s): cpu = 00:01:02 ; elapsed = 00:01:11 . Memory (MB): peak = 1503.680 ; gain = 632.191
---------------------------------------------------------------------------------
---------------------------------------------------------------------------------
Start Timing Optimization
---------------------------------------------------------------------------------
---------------------------------------------------------------------------------
Finished Timing Optimization : Time (s): cpu = 00:01:02 ; elapsed = 00:01:11 . Memory (MB): peak = 1503.680 ; gain = 632.191
---------------------------------------------------------------------------------
---------------------------------------------------------------------------------
Start Technology Mapping
---------------------------------------------------------------------------------
---------------------------------------------------------------------------------
Finished Technology Mapping : Time (s): cpu = 00:01:02 ; elapsed = 00:01:11 . Memory (MB): peak = 1503.680 ; gain = 632.191
---------------------------------------------------------------------------------
---------------------------------------------------------------------------------
Start IO Insertion
---------------------------------------------------------------------------------
---------------------------------------------------------------------------------
Start Flattening Before IO Insertion
---------------------------------------------------------------------------------
---------------------------------------------------------------------------------
Finished Flattening Before IO Insertion
---------------------------------------------------------------------------------
---------------------------------------------------------------------------------
Start Final Netlist Cleanup
---------------------------------------------------------------------------------
---------------------------------------------------------------------------------
Finished Final Netlist Cleanup
---------------------------------------------------------------------------------
---------------------------------------------------------------------------------
Finished IO Insertion : Time (s): cpu = 00:01:14 ; elapsed = 00:01:24 . Memory (MB): peak = 1503.680 ; gain = 632.191
---------------------------------------------------------------------------------
---------------------------------------------------------------------------------
Start Renaming Generated Instances
---------------------------------------------------------------------------------
---------------------------------------------------------------------------------
Finished Renaming Generated Instances : Time (s): cpu = 00:01:14 ; elapsed = 00:01:24 . Memory (MB): peak = 1503.680 ; gain = 632.191
---------------------------------------------------------------------------------
---------------------------------------------------------------------------------
Start Rebuilding User Hierarchy
---------------------------------------------------------------------------------
---------------------------------------------------------------------------------
Finished Rebuilding User Hierarchy : Time (s): cpu = 00:01:14 ; elapsed = 00:01:24 . Memory (MB): peak = 1503.680 ; gain = 632.191
---------------------------------------------------------------------------------
---------------------------------------------------------------------------------
Start Renaming Generated Ports
---------------------------------------------------------------------------------
---------------------------------------------------------------------------------
Finished Renaming Generated Ports : Time (s): cpu = 00:01:14 ; elapsed = 00:01:24 . Memory (MB): peak = 1503.680 ; gain = 632.191
---------------------------------------------------------------------------------
---------------------------------------------------------------------------------
Start Handling Custom Attributes
---------------------------------------------------------------------------------
---------------------------------------------------------------------------------
Finished Handling Custom Attributes : Time (s): cpu = 00:01:14 ; elapsed = 00:01:24 . Memory (MB): peak = 1503.680 ; gain = 632.191
---------------------------------------------------------------------------------
---------------------------------------------------------------------------------
Start Renaming Generated Nets
---------------------------------------------------------------------------------
---------------------------------------------------------------------------------
Finished Renaming Generated Nets : Time (s): cpu = 00:01:14 ; elapsed = 00:01:24 . Memory (MB): peak = 1503.680 ; gain = 632.191
---------------------------------------------------------------------------------
---------------------------------------------------------------------------------
Start Writing Synthesis Report
---------------------------------------------------------------------------------

Report BlackBoxes: 
+-+--------------+----------+
| |BlackBox name |Instances |
+-+--------------+----------+
+-+--------------+----------+

Report Cell Usage: 
+------+-----+------+
|      |Cell |Count |
+------+-----+------+
|1     |LUT3 |     4|
|2     |LUT4 |     2|
|3     |LUT5 |     5|
|4     |LUT6 |     9|
|5     |IBUF |    16|
|6     |OBUF |    16|
+------+-----+------+
---------------------------------------------------------------------------------
Finished Writing Synthesis Report : Time (s): cpu = 00:01:14 ; elapsed = 00:01:24 . Memory (MB): peak = 1503.680 ; gain = 632.191
---------------------------------------------------------------------------------
Synthesis finished with 0 errors, 0 critical warnings and 12 warnings.
Synthesis Optimization Runtime : Time (s): cpu = 00:00:50 ; elapsed = 00:01:19 . Memory (MB): peak = 1503.680 ; gain = 549.559
Synthesis Optimization Complete : Time (s): cpu = 00:01:14 ; elapsed = 00:01:24 . Memory (MB): peak = 1503.680 ; gain = 632.191
INFO: [Project 1-571] Translating synthesized netlist
Netlist sorting complete. Time (s): cpu = 00:00:00 ; elapsed = 00:00:00.001 . Memory (MB): peak = 1503.680 ; gain = 0.000
INFO: [Project 1-570] Preparing netlist for logic optimization
INFO: [Opt 31-138] Pushed 0 inverter(s) to 0 load pin(s).
Netlist sorting complete. Time (s): cpu = 00:00:00 ; elapsed = 00:00:00 . Memory (MB): peak = 1503.680 ; gain = 0.000
INFO: [Project 1-111] Unisim Transformation Summary:
No Unisim elements were transformed.

Системе не удается найти указанный путь.
Synth Design complete | Checksum: 5b925ac4
INFO: [Common 17-83] Releasing license: Synthesis
21 Infos, 23 Warnings, 0 Critical Warnings and 0 Errors encountered.
synth_design completed successfully
synth_design: Time (s): cpu = 00:01:24 ; elapsed = 00:02:01 . Memory (MB): peak = 1503.680 ; gain = 1025.273
Write ShapeDB Complete: Time (s): cpu = 00:00:00 ; elapsed = 00:00:00.006 . Memory (MB): peak = 1503.680 ; gain = 0.000
INFO: [Common 17-1381] The checkpoint 'C:/Users/ASUS/Desktop/Vivado_tasks/Lab1/Task6/transformer_to_berger_code.runs/synth_1/transform_to_berger_from_7421bcd.dcp' has been generated.
INFO: [runtcl-4] Executing : report_utilization -file transform_to_berger_from_7421bcd_utilization_synth.rpt -pb transform_to_berger_from_7421bcd_utilization_synth.pb
INFO: [Common 17-206] Exiting Vivado at Sun Feb 22 00:34:49 2026...
