Copyright 1986-2022 Xilinx, Inc. All Rights Reserved. Copyright 2022-2023 Advanced Micro Devices, Inc. All Rights Reserved.
------------------------------------------------------------------------------------------------------------------------------------------------------------------------------------------------------------------------------------------------
| Tool Version : Vivado v.2023.2 (win64) Build 4029153 Fri Oct 13 20:14:34 MDT 2023
| Date         : Tue Feb 10 17:29:53 2026
| Host         : DESKTOP-66O4QSA running 64-bit major release  (build 9200)
| Command      : report_timing_summary -max_paths 10 -report_unconstrained -file Switch_led_commut_timing_summary_routed.rpt -pb Switch_led_commut_timing_summary_routed.pb -rpx Switch_led_commut_timing_summary_routed.rpx -warn_on_violation
| Design       : Switch_led_commut
| Device       : 7a35t-cpg236
| Speed File   : -1  PRODUCTION 1.23 2018-06-13
| Design State : Routed
------------------------------------------------------------------------------------------------------------------------------------------------------------------------------------------------------------------------------------------------

Timing Summary Report

------------------------------------------------------------------------------------------------
| Timer Settings
| --------------
------------------------------------------------------------------------------------------------

  Enable Multi Corner Analysis               :  Yes
  Enable Pessimism Removal                   :  Yes
  Pessimism Removal Resolution               :  Nearest Common Node
  Enable Input Delay Default Clock           :  No
  Enable Preset / Clear Arcs                 :  No
  Disable Flight Delays                      :  No
  Ignore I/O Paths                           :  No
  Timing Early Launch at Borrowing Latches   :  No
  Borrow Time for Max Delay Exceptions       :  Yes
  Merge Timing Exceptions                    :  Yes
  Inter-SLR Compensation                     :  Conservative

  Corner  Analyze    Analyze    
  Name    Max Paths  Min Paths  
  ------  ---------  ---------  
  Slow    Yes        Yes        
  Fast    Yes        Yes        


------------------------------------------------------------------------------------------------
| Report Methodology
| ------------------
------------------------------------------------------------------------------------------------

No report available as report_methodology has not been run prior. Run report_methodology on the current design for the summary of methodology violations.



check_timing report

Table of Contents
-----------------
1. checking no_clock (0)
2. checking constant_clock (0)
3. checking pulse_width_clock (0)
4. checking unconstrained_internal_endpoints (0)
5. checking no_input_delay (0)
6. checking no_output_delay (0)
7. checking multiple_clock (0)
8. checking generated_clocks (0)
9. checking loops (0)
10. checking partial_input_delay (0)
11. checking partial_output_delay (0)
12. checking latch_loops (0)

1. checking no_clock (0)
------------------------
 There are 0 register/latch pins with no clock.


2. checking constant_clock (0)
------------------------------
 There are 0 register/latch pins with constant_clock.


3. checking pulse_width_clock (0)
---------------------------------
 There are 0 register/latch pins which need pulse_width check


4. checking unconstrained_internal_endpoints (0)
------------------------------------------------
 There are 0 pins that are not constrained for maximum delay.

 There are 0 pins that are not constrained for maximum delay due to constant clock.


5. checking no_input_delay (0)
------------------------------
 There are 0 input ports with no input delay specified.

 There are 0 input ports with no input delay but user has a false path constraint.


6. checking no_output_delay (0)
-------------------------------
 There are 0 ports with no output delay specified.

 There are 0 ports with no output delay but user has a false path constraint

 There are 0 ports with no output delay but with a timing clock defined on it or propagating through it


7. checking multiple_clock (0)
------------------------------
 There are 0 register/latch pins with multiple clocks.


8. checking generated_clocks (0)
--------------------------------
 There are 0 generated clocks that are not connected to a clock source.


9. checking loops (0)
---------------------
 There are 0 combinational loops in the design.


10. checking partial_input_delay (0)
------------------------------------
 There are 0 input ports with partial input delay specified.


11. checking partial_output_delay (0)
-------------------------------------
 There are 0 ports with partial output delay specified.


12. checking latch_loops (0)
----------------------------
 There are 0 combinational latch loops in the design through latch input



------------------------------------------------------------------------------------------------
| Design Timing Summary
| ---------------------
------------------------------------------------------------------------------------------------

    WNS(ns)      TNS(ns)  TNS Failing Endpoints  TNS Total Endpoints      WHS(ns)      THS(ns)  THS Failing Endpoints  THS Total Endpoints     WPWS(ns)     TPWS(ns)  TPWS Failing Endpoints  TPWS Total Endpoints  
    -------      -------  ---------------------  -------------------      -------      -------  ---------------------  -------------------     --------     --------  ----------------------  --------------------  
        inf        0.000                      0                   16          inf        0.000                      0                   16           NA           NA                      NA                    NA  


There are no user specified timing constraints.


------------------------------------------------------------------------------------------------
| Clock Summary
| -------------
------------------------------------------------------------------------------------------------


------------------------------------------------------------------------------------------------
| Intra Clock Table
| -----------------
------------------------------------------------------------------------------------------------

Clock             WNS(ns)      TNS(ns)  TNS Failing Endpoints  TNS Total Endpoints      WHS(ns)      THS(ns)  THS Failing Endpoints  THS Total Endpoints     WPWS(ns)     TPWS(ns)  TPWS Failing Endpoints  TPWS Total Endpoints  
-----             -------      -------  ---------------------  -------------------      -------      -------  ---------------------  -------------------     --------     --------  ----------------------  --------------------  


------------------------------------------------------------------------------------------------
| Inter Clock Table
| -----------------
------------------------------------------------------------------------------------------------

From Clock    To Clock          WNS(ns)      TNS(ns)  TNS Failing Endpoints  TNS Total Endpoints      WHS(ns)      THS(ns)  THS Failing Endpoints  THS Total Endpoints  
----------    --------          -------      -------  ---------------------  -------------------      -------      -------  ---------------------  -------------------  


------------------------------------------------------------------------------------------------
| Other Path Groups Table
| -----------------------
------------------------------------------------------------------------------------------------

Path Group    From Clock    To Clock          WNS(ns)      TNS(ns)  TNS Failing Endpoints  TNS Total Endpoints      WHS(ns)      THS(ns)  THS Failing Endpoints  THS Total Endpoints  
----------    ----------    --------          -------      -------  ---------------------  -------------------      -------      -------  ---------------------  -------------------  


------------------------------------------------------------------------------------------------
| User Ignored Path Table
| -----------------------
------------------------------------------------------------------------------------------------

Path Group    From Clock    To Clock    
----------    ----------    --------    


------------------------------------------------------------------------------------------------
| Unconstrained Path Table
| ------------------------
------------------------------------------------------------------------------------------------

Path Group    From Clock    To Clock    
----------    ----------    --------    
(none)                                    


------------------------------------------------------------------------------------------------
| Timing Details
| --------------
------------------------------------------------------------------------------------------------


--------------------------------------------------------------------------------------
Path Group:  (none)
From Clock:  
  To Clock:  

Max Delay            16 Endpoints
Min Delay            16 Endpoints
--------------------------------------------------------------------------------------


Max Delay Paths
--------------------------------------------------------------------------------------
Slack:                    inf
  Source:                 SW[8]
                            (input port)
  Destination:            LED[8]
                            (output port)
  Path Group:             (none)
  Path Type:              Max at Slow Process Corner
  Data Path Delay:        9.265ns  (logic 4.959ns (53.521%)  route 4.306ns (46.479%))
  Logic Levels:           2  (IBUF=1 OBUF=1)

    Location             Delay type                Incr(ns)  Path(ns)    Netlist Resource(s)
  -------------------------------------------------------------------    -------------------
    V2                                                0.000     0.000 r  SW[8] (IN)
                         net (fo=0)                   0.000     0.000    SW[8]
    V2                   IBUF (Prop_ibuf_I_O)         1.454     1.454 r  SW_IBUF[8]_inst/O
                         net (fo=1, routed)           4.306     5.761    LED_OBUF[8]
    V13                  OBUF (Prop_obuf_I_O)         3.504     9.265 r  LED_OBUF[8]_inst/O
                         net (fo=0)                   0.000     9.265    LED[8]
    V13                                                               r  LED[8] (OUT)
  -------------------------------------------------------------------    -------------------

Slack:                    inf
  Source:                 SW[12]
                            (input port)
  Destination:            LED[12]
                            (output port)
  Path Group:             (none)
  Path Type:              Max at Slow Process Corner
  Data Path Delay:        8.082ns  (logic 4.987ns (61.703%)  route 3.095ns (38.297%))
  Logic Levels:           2  (IBUF=1 OBUF=1)

    Location             Delay type                Incr(ns)  Path(ns)    Netlist Resource(s)
  -------------------------------------------------------------------    -------------------
    W2                                                0.000     0.000 r  SW[12] (IN)
                         net (fo=0)                   0.000     0.000    SW[12]
    W2                   IBUF (Prop_ibuf_I_O)         1.469     1.469 r  SW_IBUF[12]_inst/O
                         net (fo=1, routed)           3.095     4.564    LED_OBUF[12]
    P3                   OBUF (Prop_obuf_I_O)         3.518     8.082 r  LED_OBUF[12]_inst/O
                         net (fo=0)                   0.000     8.082    LED[12]
    P3                                                                r  LED[12] (OUT)
  -------------------------------------------------------------------    -------------------

Slack:                    inf
  Source:                 SW[15]
                            (input port)
  Destination:            LED[15]
                            (output port)
  Path Group:             (none)
  Path Type:              Max at Slow Process Corner
  Data Path Delay:        8.029ns  (logic 4.978ns (61.996%)  route 3.051ns (38.004%))
  Logic Levels:           2  (IBUF=1 OBUF=1)

    Location             Delay type                Incr(ns)  Path(ns)    Netlist Resource(s)
  -------------------------------------------------------------------    -------------------
    R2                                                0.000     0.000 r  SW[15] (IN)
                         net (fo=0)                   0.000     0.000    SW[15]
    R2                   IBUF (Prop_ibuf_I_O)         1.456     1.456 r  SW_IBUF[15]_inst/O
                         net (fo=1, routed)           3.051     4.507    LED_OBUF[15]
    L1                   OBUF (Prop_obuf_I_O)         3.521     8.029 r  LED_OBUF[15]_inst/O
                         net (fo=0)                   0.000     8.029    LED[15]
    L1                                                                r  LED[15] (OUT)
  -------------------------------------------------------------------    -------------------

Slack:                    inf
  Source:                 SW[1]
                            (input port)
  Destination:            LED[1]
                            (output port)
  Path Group:             (none)
  Path Type:              Max at Slow Process Corner
  Data Path Delay:        7.931ns  (logic 4.991ns (62.932%)  route 2.940ns (37.068%))
  Logic Levels:           2  (IBUF=1 OBUF=1)

    Location             Delay type                Incr(ns)  Path(ns)    Netlist Resource(s)
  -------------------------------------------------------------------    -------------------
    V16                                               0.000     0.000 r  SW[1] (IN)
                         net (fo=0)                   0.000     0.000    SW[1]
    V16                  IBUF (Prop_ibuf_I_O)         1.461     1.461 r  SW_IBUF[1]_inst/O
                         net (fo=1, routed)           2.940     4.401    LED_OBUF[1]
    E19                  OBUF (Prop_obuf_I_O)         3.530     7.931 r  LED_OBUF[1]_inst/O
                         net (fo=0)                   0.000     7.931    LED[1]
    E19                                                               r  LED[1] (OUT)
  -------------------------------------------------------------------    -------------------

Slack:                    inf
  Source:                 SW[13]
                            (input port)
  Destination:            LED[13]
                            (output port)
  Path Group:             (none)
  Path Type:              Max at Slow Process Corner
  Data Path Delay:        7.809ns  (logic 4.960ns (63.518%)  route 2.849ns (36.482%))
  Logic Levels:           2  (IBUF=1 OBUF=1)

    Location             Delay type                Incr(ns)  Path(ns)    Netlist Resource(s)
  -------------------------------------------------------------------    -------------------
    U1                                                0.000     0.000 r  SW[13] (IN)
                         net (fo=0)                   0.000     0.000    SW[13]
    U1                   IBUF (Prop_ibuf_I_O)         1.453     1.453 r  SW_IBUF[13]_inst/O
                         net (fo=1, routed)           2.849     4.302    LED_OBUF[13]
    N3                   OBUF (Prop_obuf_I_O)         3.507     7.809 r  LED_OBUF[13]_inst/O
                         net (fo=0)                   0.000     7.809    LED[13]
    N3                                                                r  LED[13] (OUT)
  -------------------------------------------------------------------    -------------------

Slack:                    inf
  Source:                 SW[14]
                            (input port)
  Destination:            LED[14]
                            (output port)
  Path Group:             (none)
  Path Type:              Max at Slow Process Corner
  Data Path Delay:        7.354ns  (logic 4.971ns (67.594%)  route 2.383ns (32.406%))
  Logic Levels:           2  (IBUF=1 OBUF=1)

    Location             Delay type                Incr(ns)  Path(ns)    Netlist Resource(s)
  -------------------------------------------------------------------    -------------------
    T1                                                0.000     0.000 r  SW[14] (IN)
                         net (fo=0)                   0.000     0.000    SW[14]
    T1                   IBUF (Prop_ibuf_I_O)         1.455     1.455 r  SW_IBUF[14]_inst/O
                         net (fo=1, routed)           2.383     3.838    LED_OBUF[14]
    P1                   OBUF (Prop_obuf_I_O)         3.515     7.354 r  LED_OBUF[14]_inst/O
                         net (fo=0)                   0.000     7.354    LED[14]
    P1                                                                r  LED[14] (OUT)
  -------------------------------------------------------------------    -------------------

Slack:                    inf
  Source:                 SW[11]
                            (input port)
  Destination:            LED[11]
                            (output port)
  Path Group:             (none)
  Path Type:              Max at Slow Process Corner
  Data Path Delay:        7.311ns  (logic 4.968ns (67.946%)  route 2.343ns (32.054%))
  Logic Levels:           2  (IBUF=1 OBUF=1)

    Location             Delay type                Incr(ns)  Path(ns)    Netlist Resource(s)
  -------------------------------------------------------------------    -------------------
    R3                                                0.000     0.000 r  SW[11] (IN)
                         net (fo=0)                   0.000     0.000    SW[11]
    R3                   IBUF (Prop_ibuf_I_O)         1.464     1.464 r  SW_IBUF[11]_inst/O
                         net (fo=1, routed)           2.343     3.807    LED_OBUF[11]
    U3                   OBUF (Prop_obuf_I_O)         3.504     7.311 r  LED_OBUF[11]_inst/O
                         net (fo=0)                   0.000     7.311    LED[11]
    U3                                                                r  LED[11] (OUT)
  -------------------------------------------------------------------    -------------------

Slack:                    inf
  Source:                 SW[10]
                            (input port)
  Destination:            LED[10]
                            (output port)
  Path Group:             (none)
  Path Type:              Max at Slow Process Corner
  Data Path Delay:        7.172ns  (logic 4.983ns (69.478%)  route 2.189ns (30.522%))
  Logic Levels:           2  (IBUF=1 OBUF=1)

    Location             Delay type                Incr(ns)  Path(ns)    Netlist Resource(s)
  -------------------------------------------------------------------    -------------------
    T2                                                0.000     0.000 r  SW[10] (IN)
                         net (fo=0)                   0.000     0.000    SW[10]
    T2                   IBUF (Prop_ibuf_I_O)         1.458     1.458 r  SW_IBUF[10]_inst/O
                         net (fo=1, routed)           2.189     3.647    LED_OBUF[10]
    W3                   OBUF (Prop_obuf_I_O)         3.525     7.172 r  LED_OBUF[10]_inst/O
                         net (fo=0)                   0.000     7.172    LED[10]
    W3                                                                r  LED[10] (OUT)
  -------------------------------------------------------------------    -------------------

Slack:                    inf
  Source:                 SW[4]
                            (input port)
  Destination:            LED[4]
                            (output port)
  Path Group:             (none)
  Path Type:              Max at Slow Process Corner
  Data Path Delay:        7.143ns  (logic 4.959ns (69.428%)  route 2.184ns (30.572%))
  Logic Levels:           2  (IBUF=1 OBUF=1)

    Location             Delay type                Incr(ns)  Path(ns)    Netlist Resource(s)
  -------------------------------------------------------------------    -------------------
    W15                                               0.000     0.000 r  SW[4] (IN)
                         net (fo=0)                   0.000     0.000    SW[4]
    W15                  IBUF (Prop_ibuf_I_O)         1.451     1.451 r  SW_IBUF[4]_inst/O
                         net (fo=1, routed)           2.184     3.635    LED_OBUF[4]
    W18                  OBUF (Prop_obuf_I_O)         3.509     7.143 r  LED_OBUF[4]_inst/O
                         net (fo=0)                   0.000     7.143    LED[4]
    W18                                                               r  LED[4] (OUT)
  -------------------------------------------------------------------    -------------------

Slack:                    inf
  Source:                 SW[2]
                            (input port)
  Destination:            LED[2]
                            (output port)
  Path Group:             (none)
  Path Type:              Max at Slow Process Corner
  Data Path Delay:        7.143ns  (logic 4.965ns (69.506%)  route 2.178ns (30.494%))
  Logic Levels:           2  (IBUF=1 OBUF=1)

    Location             Delay type                Incr(ns)  Path(ns)    Netlist Resource(s)
  -------------------------------------------------------------------    -------------------
    W16                                               0.000     0.000 r  SW[2] (IN)
                         net (fo=0)                   0.000     0.000    SW[2]
    W16                  IBUF (Prop_ibuf_I_O)         1.464     1.464 r  SW_IBUF[2]_inst/O
                         net (fo=1, routed)           2.178     3.642    LED_OBUF[2]
    U19                  OBUF (Prop_obuf_I_O)         3.501     7.143 r  LED_OBUF[2]_inst/O
                         net (fo=0)                   0.000     7.143    LED[2]
    U19                                                               r  LED[2] (OUT)
  -------------------------------------------------------------------    -------------------





Min Delay Paths
--------------------------------------------------------------------------------------
Slack:                    inf
  Source:                 SW[6]
                            (input port)
  Destination:            LED[6]
                            (output port)
  Path Group:             (none)
  Path Type:              Min at Fast Process Corner
  Data Path Delay:        1.875ns  (logic 1.425ns (75.992%)  route 0.450ns (24.008%))
  Logic Levels:           2  (IBUF=1 OBUF=1)

    Location             Delay type                Incr(ns)  Path(ns)    Netlist Resource(s)
  -------------------------------------------------------------------    -------------------
    W14                                               0.000     0.000 r  SW[6] (IN)
                         net (fo=0)                   0.000     0.000    SW[6]
    W14                  IBUF (Prop_ibuf_I_O)         0.218     0.218 r  SW_IBUF[6]_inst/O
                         net (fo=1, routed)           0.450     0.668    LED_OBUF[6]
    U14                  OBUF (Prop_obuf_I_O)         1.207     1.875 r  LED_OBUF[6]_inst/O
                         net (fo=0)                   0.000     1.875    LED[6]
    U14                                                               r  LED[6] (OUT)
  -------------------------------------------------------------------    -------------------

Slack:                    inf
  Source:                 SW[5]
                            (input port)
  Destination:            LED[5]
                            (output port)
  Path Group:             (none)
  Path Type:              Min at Fast Process Corner
  Data Path Delay:        1.877ns  (logic 1.450ns (77.233%)  route 0.427ns (22.767%))
  Logic Levels:           2  (IBUF=1 OBUF=1)

    Location             Delay type                Incr(ns)  Path(ns)    Netlist Resource(s)
  -------------------------------------------------------------------    -------------------
    V15                                               0.000     0.000 r  SW[5] (IN)
                         net (fo=0)                   0.000     0.000    SW[5]
    V15                  IBUF (Prop_ibuf_I_O)         0.234     0.234 r  SW_IBUF[5]_inst/O
                         net (fo=1, routed)           0.427     0.661    LED_OBUF[5]
    U15                  OBUF (Prop_obuf_I_O)         1.216     1.877 r  LED_OBUF[5]_inst/O
                         net (fo=0)                   0.000     1.877    LED[5]
    U15                                                               r  LED[5] (OUT)
  -------------------------------------------------------------------    -------------------

Slack:                    inf
  Source:                 SW[9]
                            (input port)
  Destination:            LED[9]
                            (output port)
  Path Group:             (none)
  Path Type:              Min at Fast Process Corner
  Data Path Delay:        1.878ns  (logic 1.430ns (76.130%)  route 0.448ns (23.870%))
  Logic Levels:           2  (IBUF=1 OBUF=1)

    Location             Delay type                Incr(ns)  Path(ns)    Netlist Resource(s)
  -------------------------------------------------------------------    -------------------
    T3                                                0.000     0.000 r  SW[9] (IN)
                         net (fo=0)                   0.000     0.000    SW[9]
    T3                   IBUF (Prop_ibuf_I_O)         0.220     0.220 r  SW_IBUF[9]_inst/O
                         net (fo=1, routed)           0.448     0.669    LED_OBUF[9]
    V3                   OBUF (Prop_obuf_I_O)         1.209     1.878 r  LED_OBUF[9]_inst/O
                         net (fo=0)                   0.000     1.878    LED[9]
    V3                                                                r  LED[9] (OUT)
  -------------------------------------------------------------------    -------------------

Slack:                    inf
  Source:                 SW[7]
                            (input port)
  Destination:            LED[7]
                            (output port)
  Path Group:             (none)
  Path Type:              Min at Fast Process Corner
  Data Path Delay:        1.878ns  (logic 1.429ns (76.078%)  route 0.449ns (23.922%))
  Logic Levels:           2  (IBUF=1 OBUF=1)

    Location             Delay type                Incr(ns)  Path(ns)    Netlist Resource(s)
  -------------------------------------------------------------------    -------------------
    W13                                               0.000     0.000 r  SW[7] (IN)
                         net (fo=0)                   0.000     0.000    SW[7]
    W13                  IBUF (Prop_ibuf_I_O)         0.227     0.227 r  SW_IBUF[7]_inst/O
                         net (fo=1, routed)           0.449     0.676    LED_OBUF[7]
    V14                  OBUF (Prop_obuf_I_O)         1.202     1.878 r  LED_OBUF[7]_inst/O
                         net (fo=0)                   0.000     1.878    LED[7]
    V14                                                               r  LED[7] (OUT)
  -------------------------------------------------------------------    -------------------

Slack:                    inf
  Source:                 SW[0]
                            (input port)
  Destination:            LED[0]
                            (output port)
  Path Group:             (none)
  Path Type:              Min at Fast Process Corner
  Data Path Delay:        1.880ns  (logic 1.427ns (75.914%)  route 0.453ns (24.086%))
  Logic Levels:           2  (IBUF=1 OBUF=1)

    Location             Delay type                Incr(ns)  Path(ns)    Netlist Resource(s)
  -------------------------------------------------------------------    -------------------
    V17                                               0.000     0.000 r  SW[0] (IN)
                         net (fo=0)                   0.000     0.000    SW[0]
    V17                  IBUF (Prop_ibuf_I_O)         0.221     0.221 r  SW_IBUF[0]_inst/O
                         net (fo=1, routed)           0.453     0.674    LED_OBUF[0]
    U16                  OBUF (Prop_obuf_I_O)         1.206     1.880 r  LED_OBUF[0]_inst/O
                         net (fo=0)                   0.000     1.880    LED[0]
    U16                                                               r  LED[0] (OUT)
  -------------------------------------------------------------------    -------------------

Slack:                    inf
  Source:                 SW[3]
                            (input port)
  Destination:            LED[3]
                            (output port)
  Path Group:             (none)
  Path Type:              Min at Fast Process Corner
  Data Path Delay:        1.897ns  (logic 1.427ns (75.215%)  route 0.470ns (24.785%))
  Logic Levels:           2  (IBUF=1 OBUF=1)

    Location             Delay type                Incr(ns)  Path(ns)    Netlist Resource(s)
  -------------------------------------------------------------------    -------------------
    W17                                               0.000     0.000 r  SW[3] (IN)
                         net (fo=0)                   0.000     0.000    SW[3]
    W17                  IBUF (Prop_ibuf_I_O)         0.217     0.217 r  SW_IBUF[3]_inst/O
                         net (fo=1, routed)           0.470     0.687    LED_OBUF[3]
    V19                  OBUF (Prop_obuf_I_O)         1.210     1.897 r  LED_OBUF[3]_inst/O
                         net (fo=0)                   0.000     1.897    LED[3]
    V19                                                               r  LED[3] (OUT)
  -------------------------------------------------------------------    -------------------

Slack:                    inf
  Source:                 SW[2]
                            (input port)
  Destination:            LED[2]
                            (output port)
  Path Group:             (none)
  Path Type:              Min at Fast Process Corner
  Data Path Delay:        1.904ns  (logic 1.434ns (75.308%)  route 0.470ns (24.692%))
  Logic Levels:           2  (IBUF=1 OBUF=1)

    Location             Delay type                Incr(ns)  Path(ns)    Netlist Resource(s)
  -------------------------------------------------------------------    -------------------
    W16                                               0.000     0.000 r  SW[2] (IN)
                         net (fo=0)                   0.000     0.000    SW[2]
    W16                  IBUF (Prop_ibuf_I_O)         0.232     0.232 r  SW_IBUF[2]_inst/O
                         net (fo=1, routed)           0.470     0.702    LED_OBUF[2]
    U19                  OBUF (Prop_obuf_I_O)         1.202     1.904 r  LED_OBUF[2]_inst/O
                         net (fo=0)                   0.000     1.904    LED[2]
    U19                                                               r  LED[2] (OUT)
  -------------------------------------------------------------------    -------------------

Slack:                    inf
  Source:                 SW[4]
                            (input port)
  Destination:            LED[4]
                            (output port)
  Path Group:             (none)
  Path Type:              Min at Fast Process Corner
  Data Path Delay:        1.907ns  (logic 1.429ns (74.898%)  route 0.479ns (25.102%))
  Logic Levels:           2  (IBUF=1 OBUF=1)

    Location             Delay type                Incr(ns)  Path(ns)    Netlist Resource(s)
  -------------------------------------------------------------------    -------------------
    W15                                               0.000     0.000 r  SW[4] (IN)
                         net (fo=0)                   0.000     0.000    SW[4]
    W15                  IBUF (Prop_ibuf_I_O)         0.219     0.219 r  SW_IBUF[4]_inst/O
                         net (fo=1, routed)           0.479     0.698    LED_OBUF[4]
    W18                  OBUF (Prop_obuf_I_O)         1.210     1.907 r  LED_OBUF[4]_inst/O
                         net (fo=0)                   0.000     1.907    LED[4]
    W18                                                               r  LED[4] (OUT)
  -------------------------------------------------------------------    -------------------

Slack:                    inf
  Source:                 SW[10]
                            (input port)
  Destination:            LED[10]
                            (output port)
  Path Group:             (none)
  Path Type:              Min at Fast Process Corner
  Data Path Delay:        1.927ns  (logic 1.452ns (75.348%)  route 0.475ns (24.652%))
  Logic Levels:           2  (IBUF=1 OBUF=1)

    Location             Delay type                Incr(ns)  Path(ns)    Netlist Resource(s)
  -------------------------------------------------------------------    -------------------
    T2                                                0.000     0.000 r  SW[10] (IN)
                         net (fo=0)                   0.000     0.000    SW[10]
    T2                   IBUF (Prop_ibuf_I_O)         0.226     0.226 r  SW_IBUF[10]_inst/O
                         net (fo=1, routed)           0.475     0.701    LED_OBUF[10]
    W3                   OBUF (Prop_obuf_I_O)         1.226     1.927 r  LED_OBUF[10]_inst/O
                         net (fo=0)                   0.000     1.927    LED[10]
    W3                                                                r  LED[10] (OUT)
  -------------------------------------------------------------------    -------------------

Slack:                    inf
  Source:                 SW[11]
                            (input port)
  Destination:            LED[11]
                            (output port)
  Path Group:             (none)
  Path Type:              Min at Fast Process Corner
  Data Path Delay:        1.977ns  (logic 1.437ns (72.664%)  route 0.540ns (27.336%))
  Logic Levels:           2  (IBUF=1 OBUF=1)

    Location             Delay type                Incr(ns)  Path(ns)    Netlist Resource(s)
  -------------------------------------------------------------------    -------------------
    R3                                                0.000     0.000 r  SW[11] (IN)
                         net (fo=0)                   0.000     0.000    SW[11]
    R3                   IBUF (Prop_ibuf_I_O)         0.232     0.232 r  SW_IBUF[11]_inst/O
                         net (fo=1, routed)           0.540     0.772    LED_OBUF[11]
    U3                   OBUF (Prop_obuf_I_O)         1.205     1.977 r  LED_OBUF[11]_inst/O
                         net (fo=0)                   0.000     1.977    LED[11]
    U3                                                                r  LED[11] (OUT)
  -------------------------------------------------------------------    -------------------





