ssrcscan starts=srcscan exits with return value 0
VHDL std libs ===========
INFO: VHDL library search path for library "std" is now "C:/Xilinx/Vivado/2023.2/data/precomp_hsv/vhdl/std" (VHDL-1505)
INFO: VHDL library search path for library "synopsys" is now "C:/Xilinx/Vivado/2023.2/data/precomp_hsv/vhdl/synopsys" (VHDL-1505)
INFO: VHDL library search path for library "ieee" is now "C:/Xilinx/Vivado/2023.2/data/precomp_hsv/vhdl/ieee" (VHDL-1505)
INFO: VHDL library search path for library "unimacro" is now "C:/Xilinx/Vivado/2023.2/data/precomp_hsv/vhdl/unimacro" (VHDL-1505)
INFO: VHDL library search path for library "unisim" is now "C:/Xilinx/Vivado/2023.2/data/precomp_hsv/vhdl/unisim" (VHDL-1505)
INFO: VHDL library search path for library "vl" is now "C:/Xilinx/Vivado/2023.2/data/precomp_hsv/vhdl/vl" (VHDL-1505)
INFO: VHDL library search path for library "xpm" is now "C:/Xilinx/Vivado/2023.2/data/precomp_hsv/vhdl/xpm" (VHDL-1505)
-- Analyzing VHDL file "C:/Users/ASUS/AppData/Local/Temp/VivadoEditorAssist11756306959908702841.tmp" into library my_gateslib (VHDL-9003)
INFO: analyzing package 'MY_COMPONENTS'

-- Analyzing VHDL file "C:/Users/ASUS/Desktop/Vivado_tasks/Lab2/Task6/BISTABLE_TRIGGER.srcs/sources_1/imports/new/MUX2.vhd" into library my_gateslib (VHDL-9003)
INFO: analyzing entity 'MUX2' (VHDL-1012)
INFO: analyzing architecture 'Behavioral' of entity 'mux2' (VHDL-9006)
-- Analyzing VHDL file "C:/Users/ASUS/Desktop/Vivado_tasks/Lab2/Task6/BISTABLE_TRIGGER.srcs/sources_1/imports/new/MUX2AND.vhd" into library my_gateslib (VHDL-9003)
INFO: analyzing entity 'MUX2AND' (VHDL-1012)
INFO: analyzing architecture 'Behavioral' of entity 'mux2and' (VHDL-9006)
-- Analyzing VHDL file "C:/Users/ASUS/Desktop/Vivado_tasks/Lab2/Task6/BISTABLE_TRIGGER.srcs/sources_1/imports/new/ANDN.vhd" into library my_gateslib (VHDL-9003)
INFO: analyzing entity 'ANDN' (VHDL-1012)
INFO: analyzing architecture 'Behavioral' of entity 'andn' (VHDL-9006)
-- Analyzing VHDL file "C:/Users/ASUS/Desktop/Vivado_tasks/Lab2/Task6/BISTABLE_TRIGGER.srcs/sources_1/imports/new/LUTN.vhd" into library my_gateslib (VHDL-9003)
INFO: analyzing entity 'LUTN' (VHDL-1012)
INFO: analyzing architecture 'Behavioral' of entity 'lutn' (VHDL-9006)
-- Analyzing VHDL file "C:/Users/ASUS/Desktop/Vivado_tasks/Lab2/Task6/BISTABLE_TRIGGER.srcs/sources_1/imports/new/INV_LUT1.vhd" into library my_gateslib (VHDL-9003)
INFO: analyzing entity 'INV_LUT1' (VHDL-1012)
INFO: analyzing architecture 'Behavioral' of entity 'inv_lut1' (VHDL-9006)
-- Analyzing VHDL file "C:/Users/ASUS/Desktop/Vivado_tasks/Lab2/Task6/BISTABLE_TRIGGER.srcs/sources_1/imports/new/MUX2OR.vhd" into library my_gateslib (VHDL-9003)
INFO: analyzing entity 'MUX2OR' (VHDL-1012)
INFO: analyzing architecture 'Behavioral' of entity 'mux2or' (VHDL-9006)
-- Analyzing VHDL file "C:/Users/ASUS/Desktop/Vivado_tasks/Lab2/Task6/BISTABLE_TRIGGER.srcs/sources_1/imports/new/ORN.vhd" into library my_gateslib (VHDL-9003)
INFO: analyzing entity 'ORN' (VHDL-1012)
INFO: analyzing architecture 'Behavioral' of entity 'orn' (VHDL-9006)
-- Analyzing VHDL file "C:/Users/ASUS/AppData/Local/Temp/VivadoEditorAssist13497262802156206600.tmp" into library my_gateslib (VHDL-9003)
INFO: analyzing entity 'BISTABLE_CELL' (VHDL-1012)
INFO: analyzing architecture 'Behavioral' of entity 'bistable_cell' (VHDL-9006)
-- Analyzing VHDL file "C:/Users/ASUS/AppData/Local/Temp/VivadoEditorAssist8106042067816539857.tmp" into library my_gateslib (VHDL-9003)
INFO: analyzing entity 'SYNTHES_BISTABLE_CELL' (VHDL-1012)
C:/Users/ASUS/AppData/Local/Temp/VivadoEditorAssist8106042067816539857.tmp(40): INFO: The direction of input port <led> is not explicitly declared. This is valid but affects code readability (VHDL-9018)
INFO: analyzing architecture 'Behavioral' of entity 'synthes_bistable_cell' (VHDL-9006)
C:/Users/ASUS/AppData/Local/Temp/VivadoEditorAssist8106042067816539857.tmp(48): WARNING: formal port 'q' of mode 'out' cannot be associated with actual port 'led' of mode 'in' (VHDL-1336)
C:/Users/ASUS/AppData/Local/Temp/VivadoEditorAssist8106042067816539857.tmp(48): ERROR: 'led' with mode 'in' cannot be updated (VHDL-1358)
srcscan exits with return value 0
